5.8853 	WARNING 	User requested fullscreen with size [800 600], but screen is actually [2560, 1440]. Using actual size
8.2461 	WARNING 	Couldn't measure a consistent frame rate.
  - Is your graphics card set to sync to vertical blank?
  - Are you running other processes on your computer?

8.2464 	EXP 	Created window1 = Window(allowGUI=False, allowStencil=False, args=UNKNOWN, autoLog=True, bitsMode=UNKNOWN, blendMode='avg', color=array([0., 0., 0.]), colorSpace='rgb', fullscr=<method-wrapper '__getattribute__' of attributeSetter object at 0x135f8fd30>, gamma=None, gammaErrorPolicy='raise', kwargs=UNKNOWN, lms=UNKNOWN, monitor=<psychopy.monitors.calibTools.Monitor object at 0x135ddac88>, multiSample=False, name='window1', numSamples=2, pos=[0.0, 0.0], screen=0, size=array([2560, 1440]), stereo=False, units='deg', useFBO=True, useRetina=False, viewOri=0.0, viewPos=None, viewScale=None, waitBlanking=True, winType='pyglet')
8.2464 	EXP 	window1: recordFrameIntervals = False
8.4143 	EXP 	window1: recordFrameIntervals = True
8.4628 	WARNING 	t of last frame was 21.18ms (=1/47)
8.4959 	WARNING 	t of last frame was 20.55ms (=1/48)
8.5626 	WARNING 	t of last frame was 20.32ms (=1/49)
8.6128 	WARNING 	t of last frame was 20.63ms (=1/48)
8.6629 	WARNING 	Multiple dropped frames have occurred - I'll stop bothering you about them!
9.4805 	EXP 	window1: recordFrameIntervals = True
10.0044 	EXP 	Created instrText = TextStim(__class__=<class 'psychopy.visual.text.TextStim'>, alignHoriz='center', alignVert='center', antialias=True, autoLog=True, bold=False, color='white', colorSpace='named', contrast=1.0, depth=0.0, flipHoriz=False, flipVert=False, font='Arial', fontFiles=[], height=1, italic=False, languageStyle='LTR', name='instrText', opacity=1.0, ori=0, pos=array([0., 0.]), rgb=array([255., 255., 255.]), text=str(...), units='deg', win=Window(...), wrapWidth=15.0)
10.0145 	EXP 	Created fixation = GratingStim(__class__=<class 'psychopy.visual.grating.GratingStim'>, autoDraw=False, autoLog=True, blendmode='avg', color='black', colorSpace='named', contrast=1.0, depth=-1.0, interpolate=True, mask='gauss', maskParams=None, name='fixation', opacity=1.0, ori=0.0, phase=array([0., 0.]), pos=array([0., 0.]), rgbPedestal=array([0., 0., 0.]), sf=array([1., 1.]), size=array([1., 1.]), tex=None, texRes=128, units='deg', win=Window(...))
10.0167 	EXP 	Created grating = GratingStim(__class__=<class 'psychopy.visual.grating.GratingStim'>, autoDraw=False, autoLog=True, blendmode='avg', color='white', colorSpace='named', contrast=1.0, depth=-2.0, interpolate=True, mask='gauss', maskParams=None, name='grating', opacity=1.0, ori=1.0, phase=array([0., 0.]), pos=array([0., 0.]), rgbPedestal=array([0., 0., 0.]), sf=array([1., 1.]), size=array([1., 1.]), tex='sin', texRes=128, units='deg', win=Window(...))
10.0280 	EXP 	Created fd_instructions = TextStim(__class__=<class 'psychopy.visual.text.TextStim'>, alignHoriz='center', alignVert='center', antialias=True, autoLog=True, bold=False, color='white', colorSpace='named', contrast=1.0, depth=-1.0, flipHoriz=False, flipVert=False, font='Arial', fontFiles=[], height=1, italic=False, languageStyle='LTR', name='fd_instructions', opacity=1.0, ori=0, pos=array([0., 0.]), rgb=array([255., 255., 255.]), text='default text', units='deg', win=Window(...), wrapWidth=15.0)
10.0944 	EXP 	Created text = TextStim(__class__=<class 'psychopy.visual.text.TextStim'>, alignHoriz='center', alignVert='center', antialias=True, autoLog=True, bold=False, color='white', colorSpace='named', contrast=1.0, depth=0.0, flipHoriz=False, flipVert=False, font='Arial', fontFiles=[], height=1, italic=False, languageStyle='LTR', name='text', opacity=1.0, ori=0, pos=array([0., 0.]), rgb=array([255., 255., 255.]), text=str(...), units='deg', win=Window(...), wrapWidth=15.0)
10.1039 	EXP 	Created fixation = GratingStim(__class__=<class 'psychopy.visual.grating.GratingStim'>, autoDraw=False, autoLog=True, blendmode='avg', color='black', colorSpace='named', contrast=1.0, depth=-1.0, interpolate=True, mask='gauss', maskParams=None, name='fixation', opacity=1.0, ori=0.0, phase=array([0., 0.]), pos=array([0., 0.]), rgbPedestal=array([0., 0., 0.]), sf=array([1., 1.]), size=array([1., 1.]), tex=None, texRes=128, units='deg', win=Window(...))
10.1078 	EXP 	Created grating = GratingStim(__class__=<class 'psychopy.visual.grating.GratingStim'>, autoDraw=False, autoLog=True, blendmode='avg', color='white', colorSpace='named', contrast=1.0, depth=-2.0, interpolate=True, mask='gauss', maskParams=None, name='grating', opacity=1.0, ori=1.0, phase=array([0., 0.]), pos=array([0., 0.]), rgbPedestal=array([0., 0., 0.]), sf=array([1., 1.]), size=array([1., 1.]), tex='sin', texRes=128, units='deg', win=Window(...))
10.1285 	EXP 	Created thanksMsg = TextStim(__class__=<class 'psychopy.visual.text.TextStim'>, alignHoriz='center', alignVert='center', antialias=True, autoLog=True, bold=False, color=array([1., 1., 1.]), colorSpace='rgb', contrast=1.0, depth=0.0, flipHoriz=False, flipVert=False, font='Arial', fontFiles=[], height=1, italic=False, languageStyle='LTR', name='thanksMsg', opacity=1.0, ori=0, pos=array([0., 0.]), rgb=array([1., 1., 1.]), text=str(...), units='deg', win=Window(...), wrapWidth=15.0)
10.1768 	EXP 	instrText: autoDraw = True
12.1373 	DATA 	Keypress: space
12.1450 	EXP 	instrText: autoDraw = False
12.1450 	EXP 	grating: color = '[1. 1. 1.] (rgb)'
12.1450 	EXP 	grating: size = array([3.5, 3.5])
12.1450 	EXP 	grating: ori = 90.0
12.1450 	EXP 	grating: sf = array([12., 12.])
12.2789 	EXP 	fixation: autoDraw = True
12.8787 	EXP 	fixation: autoDraw = False
13.1289 	EXP 	grating: phase = 0.5
13.1289 	EXP 	grating: color = -0.043289512002957053
13.1625 	EXP 	grating: phase = 0.5
13.1625 	EXP 	grating: color = 0.023828037999919616
13.1957 	EXP 	grating: phase = 0.0
13.1957 	EXP 	grating: color = 0.09041876399714965
13.2296 	EXP 	grating: phase = 0.0
13.2296 	EXP 	grating: color = 0.15706471999874339
13.2624 	EXP 	grating: phase = 0.0
13.2624 	EXP 	grating: color = 0.22404551599902334
13.2958 	EXP 	grating: phase = 0.5
13.2958 	EXP 	grating: color = 0.29047380600241013
13.3292 	EXP 	grating: phase = 0.5
13.3292 	EXP 	grating: color = 0.35716050199698657
13.3632 	EXP 	grating: phase = 0.5
13.3632 	EXP 	grating: color = 0.4241333879981539
13.3958 	EXP 	grating: phase = 0.5
13.3958 	EXP 	grating: color = 0.4909348319997662
13.4293 	EXP 	grating: phase = 0.0
13.4293 	EXP 	grating: color = 0.5588643040027819
13.4626 	EXP 	grating: phase = 0.0
13.4626 	EXP 	grating: color = 0.624949140001263
13.4964 	EXP 	grating: phase = 0.0
13.4964 	EXP 	grating: color = 0.6909932659982587
13.5293 	EXP 	grating: phase = 0.0
13.5293 	EXP 	grating: color = 0.7577301920027821
13.5627 	EXP 	grating: phase = 0.5
13.5627 	EXP 	grating: color = 0.8241443779988913
13.5961 	EXP 	grating: phase = 0.5
13.5961 	EXP 	grating: color = 0.8909877319965744
13.6294 	EXP 	grating: phase = 0.5
13.6294 	EXP 	grating: color = 0.9578334120014915
13.6628 	EXP 	grating: phase = 0.5
13.6628 	EXP 	grating: color = 1
13.6962 	EXP 	grating: phase = 0.0
13.6962 	EXP 	grating: color = 1
13.7295 	EXP 	grating: phase = 0.0
13.7295 	EXP 	grating: color = 1
13.7629 	EXP 	grating: phase = 0.0
13.7629 	EXP 	grating: color = 1
13.7962 	EXP 	grating: phase = 0.5
13.7962 	EXP 	grating: color = 1
13.8296 	EXP 	grating: phase = 0.5
13.8296 	EXP 	grating: color = 1
13.8634 	EXP 	grating: phase = 0.5
13.8634 	EXP 	grating: color = 1
13.8964 	EXP 	grating: phase = 0.5
13.8964 	EXP 	grating: color = 1
13.9297 	EXP 	grating: phase = 0.0
13.9297 	EXP 	grating: color = 1
13.9630 	EXP 	grating: phase = 0.0
13.9630 	EXP 	grating: color = 1
13.9966 	EXP 	grating: phase = 0.0
13.9966 	EXP 	grating: color = 1
14.0297 	EXP 	grating: phase = 0.0
14.0297 	EXP 	grating: color = 1
14.0630 	EXP 	grating: phase = 0.5
14.0630 	EXP 	grating: color = 1
14.0969 	EXP 	grating: phase = 0.5
14.0969 	EXP 	grating: color = 1
14.1302 	EXP 	grating: phase = 0.5
14.1302 	EXP 	grating: color = 1
14.1632 	EXP 	grating: phase = 0.5
14.1632 	EXP 	grating: color = 1
14.1966 	EXP 	grating: phase = 0.0
14.1966 	EXP 	grating: color = 1
14.2299 	EXP 	grating: phase = 0.0
14.2299 	EXP 	grating: color = 1
14.2634 	EXP 	grating: phase = 0.0
14.2634 	EXP 	grating: color = 1
14.2966 	EXP 	grating: phase = 0.5
14.2966 	EXP 	grating: color = 1
14.3300 	EXP 	grating: phase = 0.5
14.3300 	EXP 	grating: color = 1
14.3635 	EXP 	grating: phase = 0.5
14.3635 	EXP 	grating: color = 1
14.3967 	EXP 	grating: phase = 0.5
14.3967 	EXP 	grating: color = 1
14.4300 	EXP 	grating: phase = 0.0
14.4300 	EXP 	grating: color = 1
14.4634 	EXP 	grating: phase = 0.0
14.4634 	EXP 	grating: color = 1
14.4972 	EXP 	grating: phase = 0.0
14.4972 	EXP 	grating: color = 1
14.5305 	EXP 	grating: phase = 0.0
14.5305 	EXP 	grating: color = 1
14.5634 	EXP 	grating: phase = 0.5
14.5634 	EXP 	grating: color = 1
14.5969 	EXP 	grating: phase = 0.5
14.5969 	EXP 	grating: color = 1
14.6308 	EXP 	grating: phase = 0.5
14.6308 	EXP 	grating: color = 1
14.6638 	EXP 	grating: phase = 0.5
14.6638 	EXP 	grating: color = 0.973856671997055
14.6972 	EXP 	grating: phase = 0.0
14.6972 	EXP 	grating: color = 0.9071386319992598
14.7303 	EXP 	grating: phase = 0.0
14.7303 	EXP 	grating: color = 0.8404818979979609
14.7637 	EXP 	grating: phase = 0.0
14.7637 	EXP 	grating: color = 0.7736155640013749
14.7969 	EXP 	grating: phase = 0.5
14.7969 	EXP 	grating: color = 0.7070551700016949
14.8305 	EXP 	grating: phase = 0.5
14.8305 	EXP 	grating: color = 0.6402284580035484
14.8638 	EXP 	grating: phase = 0.5
14.8638 	EXP 	grating: color = 0.5734993980004219
14.8971 	EXP 	grating: phase = 0.5
14.8971 	EXP 	grating: color = 0.506567771997652
14.9306 	EXP 	grating: phase = 0.0
14.9306 	EXP 	grating: color = 0.43998397800169187
14.9639 	EXP 	grating: phase = 0.0
14.9639 	EXP 	grating: color = 0.3732271379994927
14.9971 	EXP 	grating: phase = 0.0
14.9971 	EXP 	grating: color = 0.30652114000258734
15.0307 	EXP 	grating: phase = 0.0
15.0307 	EXP 	grating: color = 0.23893045199656626
15.0640 	EXP 	grating: phase = 0.5
15.0640 	EXP 	grating: color = 0.1730479620018741
15.0709 	DATA 	Keypress: right
15.0813 	EXP 	fixation: autoDraw = False
15.0813 	EXP 	grating: autoDraw = False
15.0813 	EXP 	fd_instructions: text = 'Correct!'
15.0813 	EXP 	fd_instructions: autoDraw = True
17.0823 	EXP 	fd_instructions: autoDraw = False
17.0823 	EXP 	grating: color = '[1. 1. 1.] (rgb)'
17.0823 	EXP 	grating: size = array([3.5, 3.5])
17.0823 	EXP 	grating: ori = 0.0
17.0823 	EXP 	grating: sf = array([12., 12.])
17.2159 	EXP 	fixation: autoDraw = True
17.8163 	EXP 	fixation: autoDraw = False
18.0666 	EXP 	grating: phase = 0.5
18.0666 	EXP 	grating: color = -0.03279201000259491
18.0999 	EXP 	grating: phase = 0.5
18.0999 	EXP 	grating: color = 0.03365636600210564
18.1333 	EXP 	grating: phase = 0.5
18.1333 	EXP 	grating: color = 0.10032794000289869
18.1670 	EXP 	grating: phase = 0.5
18.1670 	EXP 	grating: color = 0.16693858199869283
18.2002 	EXP 	grating: phase = 0.0
18.2002 	EXP 	grating: color = 0.23355178799829446
18.2337 	EXP 	grating: phase = 0.0
18.2337 	EXP 	grating: color = 0.30020204200263834
18.2670 	EXP 	grating: phase = 0.0
18.2670 	EXP 	grating: color = 0.36726927800191334
18.3002 	EXP 	grating: phase = 0.5
18.3002 	EXP 	grating: color = 0.433697927997855
18.3333 	EXP 	grating: phase = 0.5
18.3333 	EXP 	grating: color = 0.5006857519983896
18.3671 	EXP 	grating: phase = 0.5
18.3671 	EXP 	grating: color = 0.5672206899980665
18.4006 	EXP 	grating: phase = 0.5
18.4006 	EXP 	grating: color = 0.6346273300005123
18.4335 	EXP 	grating: phase = 0.0
18.4335 	EXP 	grating: color = 0.7015306160028558
18.4668 	EXP 	grating: phase = 0.0
18.4668 	EXP 	grating: color = 0.7674522079978487
18.5006 	EXP 	grating: phase = 0.0
18.5006 	EXP 	grating: color = 0.8348212700002478
18.5336 	EXP 	grating: phase = 0.0
18.5336 	EXP 	grating: color = 0.9007788379967678
18.5674 	EXP 	grating: phase = 0.5
18.5674 	EXP 	grating: color = 0.9674813739984529
18.6002 	EXP 	grating: phase = 0.5
18.6002 	EXP 	grating: color = 1
18.6340 	EXP 	grating: phase = 0.5
18.6340 	EXP 	grating: color = 1
18.6672 	EXP 	grating: phase = 0.5
18.6672 	EXP 	grating: color = 1
18.7004 	EXP 	grating: phase = 0.0
18.7004 	EXP 	grating: color = 1
18.7338 	EXP 	grating: phase = 0.0
18.7338 	EXP 	grating: color = 1
18.7671 	EXP 	grating: phase = 0.0
18.7671 	EXP 	grating: color = 1
18.8009 	EXP 	grating: phase = 0.5
18.8009 	EXP 	grating: color = 1
18.8342 	EXP 	grating: phase = 0.5
18.8342 	EXP 	grating: color = 1
18.8672 	EXP 	grating: phase = 0.5
18.8672 	EXP 	grating: color = 1
18.9007 	EXP 	grating: phase = 0.5
18.9007 	EXP 	grating: color = 1
18.9338 	EXP 	grating: phase = 0.0
18.9338 	EXP 	grating: color = 1
18.9671 	EXP 	grating: phase = 0.0
18.9671 	EXP 	grating: color = 1
19.0009 	EXP 	grating: phase = 0.0
19.0009 	EXP 	grating: color = 1
19.0338 	EXP 	grating: phase = 0.0
19.0338 	EXP 	grating: color = 1
19.0674 	EXP 	grating: phase = 0.5
19.0674 	EXP 	grating: color = 1
19.1006 	EXP 	grating: phase = 0.5
19.1006 	EXP 	grating: color = 1
19.1340 	EXP 	grating: phase = 0.5
19.1340 	EXP 	grating: color = 1
19.1676 	EXP 	grating: phase = 0.5
19.1676 	EXP 	grating: color = 1
19.2012 	EXP 	grating: phase = 0.0
19.2012 	EXP 	grating: color = 1
19.2341 	EXP 	grating: phase = 0.0
19.2341 	EXP 	grating: color = 1
19.2675 	EXP 	grating: phase = 0.0
19.2675 	EXP 	grating: color = 1
19.3009 	EXP 	grating: phase = 0.5
19.3009 	EXP 	grating: color = 1
19.3346 	EXP 	grating: phase = 0.5
19.3346 	EXP 	grating: color = 1
19.3675 	EXP 	grating: phase = 0.5
19.3675 	EXP 	grating: color = 1
19.4009 	EXP 	grating: phase = 0.5
19.4009 	EXP 	grating: color = 1
19.4344 	EXP 	grating: phase = 0.0
19.4344 	EXP 	grating: color = 1
19.4677 	EXP 	grating: phase = 0.0
19.4677 	EXP 	grating: color = 1
19.5009 	EXP 	grating: phase = 0.0
19.5009 	EXP 	grating: color = 1
19.5345 	EXP 	grating: phase = 0.0
19.5345 	EXP 	grating: color = 1
19.5678 	EXP 	grating: phase = 0.5
19.5678 	EXP 	grating: color = 1
19.6010 	EXP 	grating: phase = 0.5
19.6010 	EXP 	grating: color = 0.9639925680021406
19.6344 	EXP 	grating: phase = 0.5
19.6344 	EXP 	grating: color = 0.8975039959987043
19.6678 	EXP 	grating: phase = 0.5
19.6678 	EXP 	grating: color = 0.8306600200012326
19.7016 	EXP 	grating: phase = 0.0
19.7016 	EXP 	grating: color = 0.7639575419962057
19.7345 	EXP 	grating: phase = 0.0
19.7345 	EXP 	grating: color = 0.6972256040025968
19.7679 	EXP 	grating: phase = 0.0
19.7679 	EXP 	grating: color = 0.6304622480020043
19.8013 	EXP 	grating: phase = 0.5
19.8013 	EXP 	grating: color = 0.5627210120001109
19.8352 	EXP 	grating: phase = 0.5
19.8352 	EXP 	grating: color = 0.49711966599716106
19.8680 	EXP 	grating: phase = 0.5
19.8680 	EXP 	grating: color = 0.43025879799824907
19.9015 	EXP 	grating: phase = 0.5
19.9015 	EXP 	grating: color = 0.3636159419984324
19.9349 	EXP 	grating: phase = 0.0
19.9349 	EXP 	grating: color = 0.29626969999662833
19.9684 	EXP 	grating: phase = 0.0
19.9684 	EXP 	grating: color = 0.22943068799941102
20.0016 	EXP 	grating: phase = 0.0
20.0016 	EXP 	grating: color = 0.1627503039999283
20.0349 	EXP 	grating: phase = 0.0
20.0349 	EXP 	grating: color = 0.09561054799996782
20.0681 	EXP 	grating: phase = 0.5
20.0681 	EXP 	grating: color = 0.029705152002861723
20.1017 	EXP 	grating: phase = 0.5
20.1017 	EXP 	grating: color = 0
20.1201 	DATA 	Keypress: up
20.1348 	EXP 	grating: phase = 0.5
20.1348 	EXP 	grating: color = 0
20.1516 	EXP 	fixation: autoDraw = False
20.1516 	EXP 	grating: autoDraw = False
20.1516 	EXP 	fd_instructions: text = 'Correct!'
20.1516 	EXP 	fd_instructions: autoDraw = True
22.1532 	EXP 	fd_instructions: autoDraw = False
22.1532 	EXP 	grating: color = '[0.98823145 0.98823145 0.98823145] (rgb)'
22.1532 	EXP 	grating: size = array([3.5, 3.5])
22.1532 	EXP 	grating: ori = 0.0
22.1532 	EXP 	grating: sf = array([12., 12.])
22.2866 	EXP 	fixation: autoDraw = True
22.8872 	EXP 	fixation: autoDraw = False
23.1378 	EXP 	grating: phase = 0.5
23.1378 	EXP 	grating: color = -0.03288084797139422
23.1711 	EXP 	grating: phase = 0.0
23.1711 	EXP 	grating: color = 0.032823287437104935
23.2044 	EXP 	grating: phase = 0.0
23.2044 	EXP 	grating: color = 0.09917669288366597
23.2375 	EXP 	grating: phase = 0.0
23.2375 	EXP 	grating: color = 0.1648381169257205
23.2707 	EXP 	grating: phase = 0.0
23.2707 	EXP 	grating: color = 0.23125230256384682
23.3043 	EXP 	grating: phase = 0.5
23.3043 	EXP 	grating: color = 0.2968635659567503
23.3376 	EXP 	grating: phase = 0.5
23.3376 	EXP 	grating: color = 0.3629211897734876
23.3710 	EXP 	grating: phase = 0.5
23.3710 	EXP 	grating: color = 0.42862579360323505
23.4046 	EXP 	grating: phase = 0.5
23.4046 	EXP 	grating: color = 0.49501775984130003
23.4374 	EXP 	grating: phase = 0.0
23.4374 	EXP 	grating: color = 0.561211530330542
23.4710 	EXP 	grating: phase = 0.0
23.4710 	EXP 	grating: color = 0.6260930579301525
23.5044 	EXP 	grating: phase = 0.0
23.5044 	EXP 	grating: color = 0.6924340867620803
23.5378 	EXP 	grating: phase = 0.0
23.5378 	EXP 	grating: color = 0.7583785185535843
23.5716 	EXP 	grating: phase = 0.5
23.5716 	EXP 	grating: color = 0.8243508639257875
23.6045 	EXP 	grating: phase = 0.5
23.6045 	EXP 	grating: color = 0.8901097868889899
23.6378 	EXP 	grating: phase = 0.5
23.6378 	EXP 	grating: color = 0.9566346228209716
23.6711 	EXP 	grating: phase = 0.0
23.6711 	EXP 	grating: color = 0.9882314517821313
23.7046 	EXP 	grating: phase = 0.0
23.7046 	EXP 	grating: color = 0.9882314517821313
23.7380 	EXP 	grating: phase = 0.0
23.7380 	EXP 	grating: color = 0.9882314517821313
23.7712 	EXP 	grating: phase = 0.0
23.7712 	EXP 	grating: color = 0.9882314517821313
23.8046 	EXP 	grating: phase = 0.5
23.8046 	EXP 	grating: color = 0.9882314517821313
23.8378 	EXP 	grating: phase = 0.5
23.8378 	EXP 	grating: color = 0.9882314517821313
23.8715 	EXP 	grating: phase = 0.5
23.8715 	EXP 	grating: color = 0.9882314517821313
23.9047 	EXP 	grating: phase = 0.5
23.9047 	EXP 	grating: color = 0.9882314517821313
23.9386 	EXP 	grating: phase = 0.0
23.9386 	EXP 	grating: color = 0.9882314517821313
23.9718 	EXP 	grating: phase = 0.0
23.9718 	EXP 	grating: color = 0.9882314517821313
24.0049 	EXP 	grating: phase = 0.0
24.0049 	EXP 	grating: color = 0.9882314517821313
24.0383 	EXP 	grating: phase = 0.0
24.0383 	EXP 	grating: color = 0.9882314517821313
24.0716 	EXP 	grating: phase = 0.5
24.0716 	EXP 	grating: color = 0.9882314517821313
24.1049 	EXP 	grating: phase = 0.5
24.1049 	EXP 	grating: color = 0.9882314517821313
24.1383 	EXP 	grating: phase = 0.5
24.1383 	EXP 	grating: color = 0.9882314517821313
24.1715 	EXP 	grating: phase = 0.0
24.1715 	EXP 	grating: color = 0.9882314517821313
24.2050 	EXP 	grating: phase = 0.0
24.2050 	EXP 	grating: color = 0.9882314517821313
24.2386 	EXP 	grating: phase = 0.0
24.2386 	EXP 	grating: color = 0.9882314517821313
24.2716 	EXP 	grating: phase = 0.0
24.2716 	EXP 	grating: color = 0.9882314517821313
24.3051 	EXP 	grating: phase = 0.5
24.3051 	EXP 	grating: color = 0.9882314517821313
24.3384 	EXP 	grating: phase = 0.5
24.3384 	EXP 	grating: color = 0.9882314517821313
24.3718 	EXP 	grating: phase = 0.5
24.3718 	EXP 	grating: color = 0.9882314517821313
24.4052 	EXP 	grating: phase = 0.5
24.4052 	EXP 	grating: color = 0.9882314517821313
24.4384 	EXP 	grating: phase = 0.0
24.4384 	EXP 	grating: color = 0.9882314517821313
24.4718 	EXP 	grating: phase = 0.0
24.4718 	EXP 	grating: color = 0.9882314517821313
24.5052 	EXP 	grating: phase = 0.0
24.5052 	EXP 	grating: color = 0.9882314517821313
24.5386 	EXP 	grating: phase = 0.0
24.5386 	EXP 	grating: color = 0.9882314517821313
24.5719 	EXP 	grating: phase = 0.5
24.5719 	EXP 	grating: color = 0.9882314517821313
24.6053 	EXP 	grating: phase = 0.5
24.6053 	EXP 	grating: color = 0.9882314517821313
24.6385 	EXP 	grating: phase = 0.5
24.6385 	EXP 	grating: color = 0.9882314517821313
24.6720 	EXP 	grating: phase = 0.0
24.6720 	EXP 	grating: color = 0.9522506265027162
24.7055 	EXP 	grating: phase = 0.0
24.7055 	EXP 	grating: color = 0.886746803633096
24.7388 	EXP 	grating: phase = 0.0
24.7388 	EXP 	grating: color = 0.8207958040574111
24.7412 	DATA 	Keypress: up
24.7554 	EXP 	fixation: autoDraw = False
24.7554 	EXP 	grating: autoDraw = False
24.7554 	EXP 	fd_instructions: text = 'Correct!'
24.7554 	EXP 	fd_instructions: autoDraw = True
26.7571 	EXP 	fd_instructions: autoDraw = False
26.7571 	EXP 	grating: color = '[0.97474204 0.97474204 0.97474204] (rgb)'
26.7571 	EXP 	grating: size = array([3.5, 3.5])
26.7571 	EXP 	grating: ori = 90.0
26.7571 	EXP 	grating: sf = array([12., 12.])
26.8906 	EXP 	fixation: autoDraw = True
27.4910 	EXP 	fixation: autoDraw = False
27.7415 	EXP 	grating: phase = 0.0
27.7415 	EXP 	grating: color = -0.032348697724666316
27.7748 	EXP 	grating: phase = 0.0
27.7748 	EXP 	grating: color = 0.0325339376964323
27.8080 	EXP 	grating: phase = 0.5
27.8080 	EXP 	grating: color = 0.09753695571838324
27.8416 	EXP 	grating: phase = 0.5
27.8416 	EXP 	grating: color = 0.16326221469309546
27.8747 	EXP 	grating: phase = 0.5
27.8747 	EXP 	grating: color = 0.22748697527819306
27.9083 	EXP 	grating: phase = 0.5
27.9083 	EXP 	grating: color = 0.29269737551014574
27.9414 	EXP 	grating: phase = 0.0
27.9414 	EXP 	grating: color = 0.3575942967554996
27.9749 	EXP 	grating: phase = 0.0
27.9749 	EXP 	grating: color = 0.4224463896178712
28.0081 	EXP 	grating: phase = 0.0
28.0081 	EXP 	grating: color = 0.4878885854557924
28.0416 	EXP 	grating: phase = 0.0
28.0416 	EXP 	grating: color = 0.5525186106394654
28.0749 	EXP 	grating: phase = 0.5
28.0749 	EXP 	grating: color = 0.6179236629556005
28.1083 	EXP 	grating: phase = 0.5
28.1083 	EXP 	grating: color = 0.6826963377369307
28.1415 	EXP 	grating: phase = 0.5
28.1415 	EXP 	grating: color = 0.7477021415678736
28.1749 	EXP 	grating: phase = 0.0
28.1749 	EXP 	grating: color = 0.8127039996422225
28.2084 	EXP 	grating: phase = 0.0
28.2084 	EXP 	grating: color = 0.8784608090668871
28.2417 	EXP 	grating: phase = 0.0
28.2417 	EXP 	grating: color = 0.9434189792023558
28.2751 	EXP 	grating: phase = 0.0
28.2751 	EXP 	grating: color = 0.9747420377651584
28.3086 	EXP 	grating: phase = 0.5
28.3086 	EXP 	grating: color = 0.9747420377651584
28.3418 	EXP 	grating: phase = 0.5
28.3418 	EXP 	grating: color = 0.9747420377651584
28.3751 	EXP 	grating: phase = 0.5
28.3751 	EXP 	grating: color = 0.9747420377651584
28.4085 	EXP 	grating: phase = 0.5
28.4085 	EXP 	grating: color = 0.9747420377651584
28.4419 	EXP 	grating: phase = 0.0
28.4419 	EXP 	grating: color = 0.9747420377651584
28.4753 	EXP 	grating: phase = 0.0
28.4753 	EXP 	grating: color = 0.9747420377651584
28.5087 	EXP 	grating: phase = 0.0
28.5087 	EXP 	grating: color = 0.9747420377651584
28.5419 	EXP 	grating: phase = 0.0
28.5419 	EXP 	grating: color = 0.9747420377651584
28.5753 	EXP 	grating: phase = 0.5
28.5753 	EXP 	grating: color = 0.9747420377651584
28.6087 	EXP 	grating: phase = 0.5
28.6087 	EXP 	grating: color = 0.9747420377651584
28.6422 	EXP 	grating: phase = 0.5
28.6422 	EXP 	grating: color = 0.9747420377651584
28.6754 	EXP 	grating: phase = 0.0
28.6754 	EXP 	grating: color = 0.9747420377651584
28.7088 	EXP 	grating: phase = 0.0
28.7088 	EXP 	grating: color = 0.9747420377651584
28.7423 	EXP 	grating: phase = 0.0
28.7423 	EXP 	grating: color = 0.9747420377651584
28.7757 	EXP 	grating: phase = 0.0
28.7757 	EXP 	grating: color = 0.9747420377651584
28.8088 	EXP 	grating: phase = 0.5
28.8088 	EXP 	grating: color = 0.9747420377651584
28.8423 	EXP 	grating: phase = 0.5
28.8423 	EXP 	grating: color = 0.9747420377651584
28.8756 	EXP 	grating: phase = 0.5
28.8756 	EXP 	grating: color = 0.9747420377651584
28.9089 	EXP 	grating: phase = 0.5
28.9089 	EXP 	grating: color = 0.9747420377651584
28.9423 	EXP 	grating: phase = 0.0
28.9423 	EXP 	grating: color = 0.9747420377651584
28.9756 	EXP 	grating: phase = 0.0
28.9756 	EXP 	grating: color = 0.9747420377651584
29.0087 	EXP 	grating: phase = 0.0
29.0087 	EXP 	grating: color = 0.9747420377651584
29.0424 	EXP 	grating: phase = 0.0
29.0424 	EXP 	grating: color = 0.9747420377651584
29.0760 	EXP 	grating: phase = 0.5
29.0760 	EXP 	grating: color = 0.9747420377651584
29.1090 	EXP 	grating: phase = 0.5
29.1090 	EXP 	grating: color = 0.9747420377651584
29.1423 	EXP 	grating: phase = 0.5
29.1423 	EXP 	grating: color = 0.9747420377651584
29.1757 	EXP 	grating: phase = 0.0
29.1757 	EXP 	grating: color = 0.9747420377651584
29.2093 	EXP 	grating: phase = 0.0
29.2093 	EXP 	grating: color = 0.9747420377651584
29.2424 	EXP 	grating: phase = 0.0
29.2424 	EXP 	grating: color = 0.9747420377651584
29.2758 	EXP 	grating: phase = 0.0
29.2758 	EXP 	grating: color = 0.9392292435631984
29.3094 	EXP 	grating: phase = 0.5
29.3094 	EXP 	grating: color = 0.8747686870341074
29.3428 	EXP 	grating: phase = 0.5
29.3428 	EXP 	grating: color = 0.8094576466296302
29.3761 	EXP 	grating: phase = 0.5
29.3761 	EXP 	grating: color = 0.7444519032382602
29.4094 	EXP 	grating: phase = 0.5
29.4094 	EXP 	grating: color = 0.6794569229419162
29.4426 	EXP 	grating: phase = 0.0
29.4426 	EXP 	grating: color = 0.6144784645212589
29.4761 	EXP 	grating: phase = 0.0
29.4761 	EXP 	grating: color = 0.5495215030637728
29.5096 	EXP 	grating: phase = 0.0
29.5096 	EXP 	grating: color = 0.4840330615625447
29.5427 	EXP 	grating: phase = 0.0
29.5427 	EXP 	grating: color = 0.41963143209219916
29.5764 	EXP 	grating: phase = 0.5
29.5764 	EXP 	grating: color = 0.3542978303086368
29.6096 	EXP 	grating: phase = 0.5
29.6096 	EXP 	grating: color = 0.289207196629353
29.6429 	EXP 	grating: phase = 0.5
29.6429 	EXP 	grating: color = 0.22394977874301755
29.6763 	EXP 	grating: phase = 0.0
29.6763 	EXP 	grating: color = 0.15918796843945163
29.7097 	EXP 	grating: phase = 0.0
29.7097 	EXP 	grating: color = 0.09420224819205526
29.7429 	EXP 	grating: phase = 0.0
29.7429 	EXP 	grating: color = 0.029261496696102354
29.7764 	EXP 	grating: phase = 0.0
29.7764 	EXP 	grating: color = 0
29.8099 	EXP 	grating: phase = 0.5
29.8099 	EXP 	grating: color = 0
29.8433 	EXP 	grating: phase = 0.5
29.8433 	EXP 	grating: color = 0
29.8765 	EXP 	grating: phase = 0.5
29.8765 	EXP 	grating: color = 0
29.9099 	EXP 	grating: phase = 0.5
29.9099 	EXP 	grating: color = 0
29.9430 	EXP 	grating: phase = 0.0
29.9430 	EXP 	grating: color = 0
29.9765 	EXP 	grating: phase = 0.0
29.9765 	EXP 	grating: color = 0
30.0099 	EXP 	grating: phase = 0.0
30.0099 	EXP 	grating: color = 0
30.0434 	EXP 	grating: phase = 0.0
30.0434 	EXP 	grating: color = 0
30.0765 	EXP 	grating: phase = 0.5
30.0765 	EXP 	grating: color = 0
30.0954 	DATA 	Keypress: right
30.1096 	EXP 	grating: phase = 0.5
30.1096 	EXP 	grating: color = 0
30.1268 	EXP 	fixation: autoDraw = False
30.1268 	EXP 	grating: autoDraw = False
30.1268 	EXP 	fd_instructions: text = 'Correct!'
30.1268 	EXP 	fd_instructions: autoDraw = True
32.1282 	EXP 	fd_instructions: autoDraw = False
32.1282 	EXP 	grating: color = '[0.96161665 0.96161665 0.96161665] (rgb)'
32.1282 	EXP 	grating: size = array([3.5, 3.5])
32.1282 	EXP 	grating: ori = 90.0
32.1282 	EXP 	grating: sf = array([12., 12.])
32.2619 	EXP 	fixation: autoDraw = True
32.8623 	EXP 	fixation: autoDraw = False
33.1127 	EXP 	grating: phase = 0.5
33.1127 	EXP 	grating: color = -0.03184955105930045
33.1458 	EXP 	grating: phase = 0.5
33.1458 	EXP 	grating: color = 0.032438293152322474
33.1793 	EXP 	grating: phase = 0.0
33.1793 	EXP 	grating: color = 0.09632199104681298
33.2126 	EXP 	grating: phase = 0.0
33.2126 	EXP 	grating: color = 0.1603678194279383
33.2459 	EXP 	grating: phase = 0.0
33.2459 	EXP 	grating: color = 0.22461184084570543
33.2792 	EXP 	grating: phase = 0.0
33.2792 	EXP 	grating: color = 0.2885008680148866
33.3126 	EXP 	grating: phase = 0.5
33.3126 	EXP 	grating: color = 0.3522283301272884
33.3462 	EXP 	grating: phase = 0.5
33.3462 	EXP 	grating: color = 0.4171446504418188
33.3795 	EXP 	grating: phase = 0.5
33.3795 	EXP 	grating: color = 0.48146524346992514
33.4128 	EXP 	grating: phase = 0.5
33.4128 	EXP 	grating: color = 0.54581017694003
33.4463 	EXP 	grating: phase = 0.0
33.4463 	EXP 	grating: color = 0.6097200731194715
33.4794 	EXP 	grating: phase = 0.0
33.4794 	EXP 	grating: color = 0.6734461889653152
33.5129 	EXP 	grating: phase = 0.0
33.5129 	EXP 	grating: color = 0.7383231714640724
33.5462 	EXP 	grating: phase = 0.5
33.5462 	EXP 	grating: color = 0.8016472430829065
33.5798 	EXP 	grating: phase = 0.5
33.5798 	EXP 	grating: color = 0.8663708727333974
33.6129 	EXP 	grating: phase = 0.5
33.6129 	EXP 	grating: color = 0.9306573514445835
33.6463 	EXP 	grating: phase = 0.5
33.6463 	EXP 	grating: color = 0.9616166455106905
33.6797 	EXP 	grating: phase = 0.0
33.6797 	EXP 	grating: color = 0.9616166455106905
33.7128 	EXP 	grating: phase = 0.0
33.7128 	EXP 	grating: color = 0.9616166455106905
33.7464 	EXP 	grating: phase = 0.0
33.7464 	EXP 	grating: color = 0.9616166455106905
33.7799 	EXP 	grating: phase = 0.0
33.7799 	EXP 	grating: color = 0.9616166455106905
33.8130 	EXP 	grating: phase = 0.5
33.8130 	EXP 	grating: color = 0.9616166455106905
33.8465 	EXP 	grating: phase = 0.5
33.8465 	EXP 	grating: color = 0.9616166455106905
33.8797 	EXP 	grating: phase = 0.5
33.8797 	EXP 	grating: color = 0.9616166455106905
33.9132 	EXP 	grating: phase = 0.5
33.9132 	EXP 	grating: color = 0.9616166455106905
33.9463 	EXP 	grating: phase = 0.0
33.9463 	EXP 	grating: color = 0.9616166455106905
33.9799 	EXP 	grating: phase = 0.0
33.9799 	EXP 	grating: color = 0.9616166455106905
34.0136 	EXP 	grating: phase = 0.0
34.0136 	EXP 	grating: color = 0.9616166455106905
34.0465 	EXP 	grating: phase = 0.5
34.0465 	EXP 	grating: color = 0.9616166455106905
34.0798 	EXP 	grating: phase = 0.5
34.0798 	EXP 	grating: color = 0.9616166455106905
34.1134 	EXP 	grating: phase = 0.5
34.1134 	EXP 	grating: color = 0.9616166455106905
34.1467 	EXP 	grating: phase = 0.5
34.1467 	EXP 	grating: color = 0.9616166455106905
34.1800 	EXP 	grating: phase = 0.0
34.1800 	EXP 	grating: color = 0.9616166455106905
34.2134 	EXP 	grating: phase = 0.0
34.2134 	EXP 	grating: color = 0.9616166455106905
34.2467 	EXP 	grating: phase = 0.0
34.2467 	EXP 	grating: color = 0.9616166455106905
34.2799 	EXP 	grating: phase = 0.0
34.2799 	EXP 	grating: color = 0.9616166455106905
34.3136 	EXP 	grating: phase = 0.5
34.3136 	EXP 	grating: color = 0.9616166455106905
34.3471 	EXP 	grating: phase = 0.5
34.3471 	EXP 	grating: color = 0.9616166455106905
34.3799 	EXP 	grating: phase = 0.5
34.3799 	EXP 	grating: color = 0.9616166455106905
34.4135 	EXP 	grating: phase = 0.5
34.4135 	EXP 	grating: color = 0.9616166455106905
34.4470 	EXP 	grating: phase = 0.0
34.4470 	EXP 	grating: color = 0.9616166455106905
34.4804 	EXP 	grating: phase = 0.0
34.4804 	EXP 	grating: color = 0.9616166455106905
34.5139 	EXP 	grating: phase = 0.0
34.5139 	EXP 	grating: color = 0.9616166455106905
34.5467 	EXP 	grating: phase = 0.5
34.5467 	EXP 	grating: color = 0.9616166455106905
34.5805 	EXP 	grating: phase = 0.5
34.5805 	EXP 	grating: color = 0.9616166455106905
34.6137 	EXP 	grating: phase = 0.5
34.6137 	EXP 	grating: color = 0.9616166455106905
34.6470 	EXP 	grating: phase = 0.5
34.6470 	EXP 	grating: color = 0.9276199987315662
34.6804 	EXP 	grating: phase = 0.0
34.6804 	EXP 	grating: color = 0.8634201520617472
34.7138 	EXP 	grating: phase = 0.0
34.7138 	EXP 	grating: color = 0.7988876918077288
34.7469 	EXP 	grating: phase = 0.0
34.7469 	EXP 	grating: color = 0.7343567720621529
34.7805 	EXP 	grating: phase = 0.0
34.7805 	EXP 	grating: color = 0.6698847744118702
34.8138 	EXP 	grating: phase = 0.5
34.8138 	EXP 	grating: color = 0.6061113354861163
34.8473 	EXP 	grating: phase = 0.5
34.8473 	EXP 	grating: color = 0.5422680447242952
34.8807 	EXP 	grating: phase = 0.5
34.8807 	EXP 	grating: color = 0.47764808696733885
34.9141 	EXP 	grating: phase = 0.5
34.9141 	EXP 	grating: color = 0.41362541816321524
34.9474 	EXP 	grating: phase = 0.0
34.9474 	EXP 	grating: color = 0.34956965243669097
34.9810 	EXP 	grating: phase = 0.0
34.9810 	EXP 	grating: color = 0.28522235338841756
35.0142 	EXP 	grating: phase = 0.0
35.0142 	EXP 	grating: color = 0.22135936102671358
35.0475 	EXP 	grating: phase = 0.5
35.0475 	EXP 	grating: color = 0.15706723761642094
35.0808 	EXP 	grating: phase = 0.5
35.0808 	EXP 	grating: color = 0.09266512449770006
35.1141 	EXP 	grating: phase = 0.5
35.1141 	EXP 	grating: color = 0.028475609436308075
35.1475 	EXP 	grating: phase = 0.5
35.1475 	EXP 	grating: color = 0
35.1811 	EXP 	grating: phase = 0.0
35.1811 	EXP 	grating: color = 0
35.2143 	EXP 	grating: phase = 0.0
35.2143 	EXP 	grating: color = 0
35.2477 	EXP 	grating: phase = 0.0
35.2477 	EXP 	grating: color = 0
35.2810 	EXP 	grating: phase = 0.0
35.2810 	EXP 	grating: color = 0
35.3142 	EXP 	grating: phase = 0.5
35.3142 	EXP 	grating: color = 0
35.3476 	EXP 	grating: phase = 0.5
35.3476 	EXP 	grating: color = 0
35.3498 	DATA 	Keypress: right
35.3645 	EXP 	fixation: autoDraw = False
35.3645 	EXP 	grating: autoDraw = False
35.3645 	EXP 	fd_instructions: text = 'Correct!'
35.3645 	EXP 	fd_instructions: autoDraw = True
37.3661 	EXP 	fd_instructions: autoDraw = False
37.3661 	EXP 	text: autoDraw = True
40.0045 	EXP 	Imported stairDefinitions.xlsx as conditions, 1 conditions, 14 params
40.0083 	DATA 	Keypress: space
40.0184 	EXP 	text: autoDraw = False
40.0184 	EXP 	grating: color = '[0.5 0.5 0.5] (rgb)'
40.0184 	EXP 	grating: size = array([3.5, 3.5])
40.0184 	EXP 	grating: ori = 90.0
40.0184 	EXP 	grating: sf = array([12., 12.])
40.1518 	EXP 	fixation: autoDraw = True
40.7523 	EXP 	fixation: autoDraw = False
41.0023 	EXP 	grating: phase = 0.86403032770461
41.0023 	EXP 	grating: color = -0.020436476999748265
41.0360 	EXP 	grating: phase = 0.7402064721781946
41.0360 	EXP 	grating: color = 0.012949087002198212
41.0692 	EXP 	grating: phase = 0.5847731392980285
41.0692 	EXP 	grating: color = 0.04618729900175822
41.1027 	EXP 	grating: phase = 0.4037083500072362
41.1027 	EXP 	grating: color = 0.07945475300221005
41.1359 	EXP 	grating: phase = 0.2035233765551484
41.1359 	EXP 	grating: color = 0.11297777700019651
41.1693 	EXP 	grating: phase = -0.004075595707253086
41.1693 	EXP 	grating: color = 0.146243619001325
41.2027 	EXP 	grating: phase = -0.212802848163369
41.2027 	EXP 	grating: color = 0.17972477900184458
41.2360 	EXP 	grating: phase = -0.41089851540947026
41.2360 	EXP 	grating: color = 0.21298738599944045
41.2694 	EXP 	grating: phase = -0.5913628892881941
41.2694 	EXP 	grating: color = 0.24630127899945364
41.3028 	EXP 	grating: phase = -0.7460440042260723
41.3028 	EXP 	grating: color = 0.27962013900105376
41.3361 	EXP 	grating: phase = -0.8689473691895253
41.3361 	EXP 	grating: color = 0.31324954999945476
41.3695 	EXP 	grating: phase = -0.9520538467978709
41.3695 	EXP 	grating: color = 0.3461531600005401
41.4028 	EXP 	grating: phase = -0.9950677639772665
41.4028 	EXP 	grating: color = 0.37980997300110175
41.4359 	EXP 	grating: phase = -0.9939967265434643
41.4359 	EXP 	grating: color = 0.4130541170015931
41.4698 	EXP 	grating: phase = -0.9491418763709069
41.4698 	EXP 	grating: color = 0.4465739660008694
41.5030 	EXP 	grating: phase = -0.8632795666629965
41.5030 	EXP 	grating: color = 0.47979929500070284
41.5363 	EXP 	grating: phase = -0.7385826964331521
41.5363 	EXP 	grating: color = 0.5
41.5695 	EXP 	grating: phase = -0.5817720040783142
41.5695 	EXP 	grating: color = 0.5
41.6026 	EXP 	grating: phase = -0.4008399462687534
41.6026 	EXP 	grating: color = 0.5
41.6363 	EXP 	grating: phase = -0.20362875979985637
41.6363 	EXP 	grating: color = 0.5
41.6697 	EXP 	grating: phase = 0.006323198493125918
41.6697 	EXP 	grating: color = 0.5
41.7030 	EXP 	grating: phase = 0.21326255770018313
41.7030 	EXP 	grating: color = 0.5
41.7364 	EXP 	grating: phase = 0.4109491468889688
41.7364 	EXP 	grating: color = 0.5
41.7696 	EXP 	grating: phase = 0.5939102889743952
41.7696 	EXP 	grating: color = 0.5
41.8031 	EXP 	grating: phase = 0.7481384906216946
41.8031 	EXP 	grating: color = 0.5
41.8365 	EXP 	grating: phase = 0.8705180627118914
41.8365 	EXP 	grating: color = 0.5
41.8699 	EXP 	grating: phase = 0.9534728722658375
41.8699 	EXP 	grating: color = 0.5
41.9033 	EXP 	grating: phase = 0.995354613444091
41.9033 	EXP 	grating: color = 0.5
41.9364 	EXP 	grating: phase = 0.9934966073898354
41.9364 	EXP 	grating: color = 0.5
41.9700 	EXP 	grating: phase = 0.948539693608307
41.9700 	EXP 	grating: color = 0.5
42.0034 	EXP 	grating: phase = 0.8618278500476101
42.0034 	EXP 	grating: color = 0.5
42.0368 	EXP 	grating: phase = 0.7369973316981075
42.0368 	EXP 	grating: color = 0.5
42.0701 	EXP 	grating: phase = 0.5800455857230081
42.0701 	EXP 	grating: color = 0.5
42.1035 	EXP 	grating: phase = 0.3978137443676288
42.1035 	EXP 	grating: color = 0.5
42.1369 	EXP 	grating: phase = 0.19818934718781278
42.1369 	EXP 	grating: color = 0.5
42.1701 	EXP 	grating: phase = -0.009860608372003473
42.1701 	EXP 	grating: color = 0.5
42.2036 	EXP 	grating: phase = -0.21752021166462998
42.2036 	EXP 	grating: color = 0.5
42.2370 	EXP 	grating: phase = -0.41623329846362983
42.2370 	EXP 	grating: color = 0.5
42.2703 	EXP 	grating: phase = -0.5960646997373131
42.2703 	EXP 	grating: color = 0.5
42.3033 	EXP 	grating: phase = -0.7505231599463077
42.3033 	EXP 	grating: color = 0.5
42.3370 	EXP 	grating: phase = -0.8712292842888528
42.3370 	EXP 	grating: color = 0.5
42.3704 	EXP 	grating: phase = -0.9544027924315412
42.3704 	EXP 	grating: color = 0.5
42.4038 	EXP 	grating: phase = -0.995600087636264
42.4038 	EXP 	grating: color = 0.5
42.4372 	EXP 	grating: phase = -0.9932644969373464
42.4372 	EXP 	grating: color = 0.5
42.4705 	EXP 	grating: phase = -0.9474182423121589
42.4705 	EXP 	grating: color = 0.5
42.5038 	EXP 	grating: phase = -0.8600676486020472
42.5038 	EXP 	grating: color = 0.5
42.5369 	EXP 	grating: phase = -0.7349601994795394
42.5369 	EXP 	grating: color = 0.4858048919995781
42.5706 	EXP 	grating: phase = -0.5783821266557128
42.5706 	EXP 	grating: color = 0.45256350499766995
42.6040 	EXP 	grating: phase = -0.3954695566218032
42.6040 	EXP 	grating: color = 0.419113298998127
42.6371 	EXP 	grating: phase = -0.19564399988036166
42.6371 	EXP 	grating: color = 0.38574424699982046
42.6706 	EXP 	grating: phase = 0.013458515897484317
42.6706 	EXP 	grating: color = 0.3522628690006968
42.7041 	EXP 	grating: phase = 0.22015321356372095
42.7041 	EXP 	grating: color = 0.3190760239995143
42.7374 	EXP 	grating: phase = 0.41881888373327797
42.7374 	EXP 	grating: color = 0.285626663997391
42.7707 	EXP 	grating: phase = 0.5983482302168848
42.7707 	EXP 	grating: color = 0.25231510999947204
42.8041 	EXP 	grating: phase = 0.7520153123056694
42.8041 	EXP 	grating: color = 0.21894365399930393
42.8375 	EXP 	grating: phase = 0.8726611837149159
42.8375 	EXP 	grating: color = 0.18560092199913925
42.8708 	EXP 	grating: phase = 0.9552587578313486
42.8708 	EXP 	grating: color = 0.152192773999559
42.9042 	EXP 	grating: phase = 0.9958836442980018
42.9042 	EXP 	grating: color = 0.11884958799782908
42.9372 	EXP 	grating: phase = 0.9929222039515018
42.9372 	EXP 	grating: color = 0.08545813299861038
42.9709 	EXP 	grating: phase = 0.9466236755613634
42.9709 	EXP 	grating: color = 0.05216987699895981
43.0043 	EXP 	grating: phase = 0.8588701046556
43.0043 	EXP 	grating: color = 0.018820246998075163
43.0376 	EXP 	grating: phase = 0.7334773755841362
43.0376 	EXP 	grating: color = 0
43.0710 	EXP 	grating: phase = 0.5756887388990358
43.0710 	EXP 	grating: color = 0
43.1044 	EXP 	grating: phase = 0.39304203330085824
43.1044 	EXP 	grating: color = 0
43.1377 	EXP 	grating: phase = 0.19301541356106292
43.1377 	EXP 	grating: color = 0
43.1707 	EXP 	grating: phase = -0.015171833857033003
43.1707 	EXP 	grating: color = 0
43.2045 	EXP 	grating: phase = -0.2219722625292033
43.2045 	EXP 	grating: color = 0
43.2378 	EXP 	grating: phase = -0.42036420048019274
43.2378 	EXP 	grating: color = 0
43.2712 	EXP 	grating: phase = -0.6004102263926016
43.2712 	EXP 	grating: color = 0
43.3045 	EXP 	grating: phase = -0.7539045562707349
43.3045 	EXP 	grating: color = 0
43.3374 	EXP 	grating: phase = -0.8741418253292899
43.3374 	EXP 	grating: color = 0
43.3712 	EXP 	grating: phase = -0.9556606918817968
43.3712 	EXP 	grating: color = 0
43.4047 	EXP 	grating: phase = -0.996101884788663
43.4047 	EXP 	grating: color = 0
43.4380 	EXP 	grating: phase = -0.992612318584438
43.4380 	EXP 	grating: color = 0
43.4713 	EXP 	grating: phase = -0.9456878171469661
43.4713 	EXP 	grating: color = 0
43.5047 	EXP 	grating: phase = -0.8572014721803733
43.5047 	EXP 	grating: color = 0
43.5381 	EXP 	grating: phase = -0.7313345873223037
43.5381 	EXP 	grating: color = 0
43.5565 	DATA 	Keypress: right
43.5711 	EXP 	grating: phase = -0.5738182674582746
43.5711 	EXP 	grating: color = 0
43.5881 	EXP 	fixation: autoDraw = False
43.5881 	EXP 	grating: autoDraw = False
43.5881 	EXP 	grating: color = '[0.49393288 0.49393288 0.49393288] (rgb)'
43.5881 	EXP 	grating: size = array([3.5, 3.5])
43.5881 	EXP 	grating: ori = 90.0
43.5881 	EXP 	grating: sf = array([12., 12.])
43.7214 	EXP 	fixation: autoDraw = True
44.3222 	EXP 	fixation: autoDraw = False
44.5719 	EXP 	grating: phase = -0.5694605054283727
44.5719 	EXP 	grating: color = -0.016555881430096592
44.6057 	EXP 	grating: phase = -0.38614615093244276
44.6057 	EXP 	grating: color = 0.016358382365269077
44.6390 	EXP 	grating: phase = -0.1855459059372126
44.6390 	EXP 	grating: color = 0.04935521889779687
44.6720 	EXP 	grating: phase = 0.02340734539722439
44.6720 	EXP 	grating: color = 0.08237826350954983
44.7057 	EXP 	grating: phase = 0.22948682903296086
44.7057 	EXP 	grating: color = 0.1151055262913149
44.7387 	EXP 	grating: phase = 0.42834607032080096
44.7387 	EXP 	grating: color = 0.1482948731645055
44.7724 	EXP 	grating: phase = 0.6065330012781639
44.7724 	EXP 	grating: color = 0.1811610190061825
44.8059 	EXP 	grating: phase = 0.7588647591399476
44.8059 	EXP 	grating: color = 0.21415690027228498
44.8391 	EXP 	grating: phase = 0.8766431715248721
44.8391 	EXP 	grating: color = 0.2467451347780586
44.8724 	EXP 	grating: phase = 0.9580575416367811
44.8724 	EXP 	grating: color = 0.2799677223475085
44.9053 	EXP 	grating: phase = 0.9967174570680267
44.9053 	EXP 	grating: color = 0.31292374422023134
44.9391 	EXP 	grating: phase = 0.9919097136587448
44.9391 	EXP 	grating: color = 0.3456785625284545
44.9725 	EXP 	grating: phase = 0.9433361182743457
44.9725 	EXP 	grating: color = 0.3788472689342936
45.0060 	EXP 	grating: phase = 0.8535281111506721
45.0060 	EXP 	grating: color = 0.4118352541897274
45.0388 	EXP 	grating: phase = 0.7262865338692355
45.0388 	EXP 	grating: color = 0.44482440809192914
45.0726 	EXP 	grating: phase = 0.5691714478209045
45.0726 	EXP 	grating: color = 0.4774328434635975
45.1058 	EXP 	grating: phase = 0.3841493851172412
45.1058 	EXP 	grating: color = 0.49393288281885755
45.1391 	EXP 	grating: phase = 0.18322304620741078
45.1391 	EXP 	grating: color = 0.49393288281885755
45.1723 	EXP 	grating: phase = -0.02495443499049843
45.1723 	EXP 	grating: color = 0.49393288281885755
45.2062 	EXP 	grating: phase = -0.23213495281086785
45.2062 	EXP 	grating: color = 0.49393288281885755
45.2395 	EXP 	grating: phase = -0.4302659566331203
45.2395 	EXP 	grating: color = 0.49393288281885755
45.2728 	EXP 	grating: phase = -0.6089514731134608
45.2728 	EXP 	grating: color = 0.49393288281885755
45.3061 	EXP 	grating: phase = -0.7605109210039903
45.3061 	EXP 	grating: color = 0.49393288281885755
45.3394 	EXP 	grating: phase = -0.8786909428660352
45.3394 	EXP 	grating: color = 0.49393288281885755
45.3729 	EXP 	grating: phase = -0.9589870496128398
45.3729 	EXP 	grating: color = 0.49393288281885755
45.4063 	EXP 	grating: phase = -0.9969445649026001
45.4063 	EXP 	grating: color = 0.49393288281885755
45.4393 	EXP 	grating: phase = -0.9912734598121778
45.4393 	EXP 	grating: color = 0.49393288281885755
45.4730 	EXP 	grating: phase = -0.9425018048971715
45.4730 	EXP 	grating: color = 0.49393288281885755
45.5064 	EXP 	grating: phase = -0.8520223510292058
45.5064 	EXP 	grating: color = 0.49393288281885755
45.5393 	EXP 	grating: phase = -0.7242285525340715
45.5393 	EXP 	grating: color = 0.49393288281885755
45.5731 	EXP 	grating: phase = -0.5658840151446748
45.5731 	EXP 	grating: color = 0.49393288281885755
45.6064 	EXP 	grating: phase = -0.38146364527300236
45.6064 	EXP 	grating: color = 0.49393288281885755
45.6393 	EXP 	grating: phase = -0.18001095598047284
45.6393 	EXP 	grating: color = 0.49393288281885755
45.6732 	EXP 	grating: phase = 0.02720277974748497
45.6732 	EXP 	grating: color = 0.49393288281885755
45.7066 	EXP 	grating: phase = 0.23498844080350112
45.7066 	EXP 	grating: color = 0.49393288281885755
45.7395 	EXP 	grating: phase = 0.43306307514625464
45.7395 	EXP 	grating: color = 0.49393288281885755
45.7731 	EXP 	grating: phase = 0.6094575507463694
45.7731 	EXP 	grating: color = 0.49393288281885755
45.8066 	EXP 	grating: phase = 0.7620246511857974
45.8066 	EXP 	grating: color = 0.49393288281885755
45.8396 	EXP 	grating: phase = 0.8802945906943738
45.8396 	EXP 	grating: color = 0.49393288281885755
45.8734 	EXP 	grating: phase = 0.959627994106906
45.8734 	EXP 	grating: color = 0.49393288281885755
45.9068 	EXP 	grating: phase = 0.9972058064188554
45.9068 	EXP 	grating: color = 0.49393288281885755
45.9398 	EXP 	grating: phase = 0.9909045362282601
45.9398 	EXP 	grating: color = 0.49393288281885755
45.9733 	EXP 	grating: phase = 0.9417879269524051
45.9733 	EXP 	grating: color = 0.49393288281885755
46.0069 	EXP 	grating: phase = 0.8507083447774493
46.0069 	EXP 	grating: color = 0.49393288281885755
46.0399 	EXP 	grating: phase = 0.7221104960244368
46.0399 	EXP 	grating: color = 0.49393288281885755
46.0736 	EXP 	grating: phase = 0.5629326585410798
46.0736 	EXP 	grating: color = 0.49393288281885755
46.1068 	EXP 	grating: phase = 0.37800758540336893
46.1068 	EXP 	grating: color = 0.4761697010020881
46.1399 	EXP 	grating: phase = 0.1771705204089816
46.1399 	EXP 	grating: color = 0.44323672900414013
46.1735 	EXP 	grating: phase = -0.03073999501807752
46.1735 	EXP 	grating: color = 0.4104002774194951
46.2066 	EXP 	grating: phase = -0.23836490757293508
46.2066 	EXP 	grating: color = 0.37739308805181987
46.2404 	EXP 	grating: phase = -0.43464779802019277
46.2404 	EXP 	grating: color = 0.34454022406371276
46.2733 	EXP 	grating: phase = -0.6133338580497351
46.2733 	EXP 	grating: color = 0.3114221981379078
46.3071 	EXP 	grating: phase = -0.7633773969020748
46.3071 	EXP 	grating: color = 0.2786814183867178
46.3404 	EXP 	grating: phase = -0.8813184377843706
46.3404 	EXP 	grating: color = 0.24564498819254338
46.3734 	EXP 	grating: phase = -0.9606930920519465
46.3734 	EXP 	grating: color = 0.21249466695745278
46.4070 	EXP 	grating: phase = -0.9973101294764352
46.4070 	EXP 	grating: color = 0.1798024911901589
46.4401 	EXP 	grating: phase = -0.990638885475978
46.4401 	EXP 	grating: color = 0.14673729928874862
46.4739 	EXP 	grating: phase = -0.9408491801021104
46.4739 	EXP 	grating: color = 0.11391900763844867
46.5068 	EXP 	grating: phase = -0.8490103105014644
46.5068 	EXP 	grating: color = 0.08074349681329861
46.5406 	EXP 	grating: phase = -0.72131537158949
46.5406 	EXP 	grating: color = 0.04797499754897222
46.5735 	EXP 	grating: phase = -0.5603800354590195
46.5735 	EXP 	grating: color = 0.014824303888383461
46.6073 	EXP 	grating: phase = -0.37715133189769534
46.6073 	EXP 	grating: color = 0
46.6402 	EXP 	grating: phase = -0.1747138764407062
46.6402 	EXP 	grating: color = 0
46.6741 	EXP 	grating: phase = 0.03312066007730759
46.6741 	EXP 	grating: color = 0
46.7074 	EXP 	grating: phase = 0.23887528892583862
46.7074 	EXP 	grating: color = 0
46.7406 	EXP 	grating: phase = 0.4373627214886693
46.7406 	EXP 	grating: color = 0
46.7741 	EXP 	grating: phase = 0.6151500852472045
46.7741 	EXP 	grating: color = 0
46.8075 	EXP 	grating: phase = 0.7658113005869298
46.8075 	EXP 	grating: color = 0
46.8404 	EXP 	grating: phase = 0.8829217036097842
46.8404 	EXP 	grating: color = 0
46.8742 	EXP 	grating: phase = 0.9608033426415885
46.8742 	EXP 	grating: color = 0
46.9074 	EXP 	grating: phase = 0.9975844686564985
46.9074 	EXP 	grating: color = 0
46.9407 	EXP 	grating: phase = 0.9902581151577554
46.9407 	EXP 	grating: color = 0
46.9741 	EXP 	grating: phase = 0.9396702233394639
46.9741 	EXP 	grating: color = 0
47.0077 	EXP 	grating: phase = 0.8478918183351616
47.0077 	EXP 	grating: color = 0
47.0407 	EXP 	grating: phase = 0.7185449485972908
47.0407 	EXP 	grating: color = 0
47.0744 	EXP 	grating: phase = 0.5587553926431305
47.0744 	EXP 	grating: color = 0
47.1077 	EXP 	grating: phase = 0.37379523105605494
47.1077 	EXP 	grating: color = 0
47.1407 	EXP 	grating: phase = 0.17203116007592684
47.1407 	EXP 	grating: color = 0
47.1745 	EXP 	grating: phase = -0.03557827738567594
47.1745 	EXP 	grating: color = 0
47.2078 	EXP 	grating: phase = -0.24351149559542426
47.2078 	EXP 	grating: color = 0
47.2407 	EXP 	grating: phase = -0.44003968212426
47.2407 	EXP 	grating: color = 0
47.2746 	EXP 	grating: phase = -0.6163926456701871
47.2746 	EXP 	grating: color = 0
47.3078 	EXP 	grating: phase = -0.7673601139451054
47.3078 	EXP 	grating: color = 0
47.3407 	EXP 	grating: phase = -0.8837199633496511
47.3407 	EXP 	grating: color = 0
47.3746 	EXP 	grating: phase = -0.9614006772125457
47.3746 	EXP 	grating: color = 0
47.4076 	EXP 	grating: phase = -0.9977601899017551
47.4076 	EXP 	grating: color = 0
47.4407 	EXP 	grating: phase = -0.9899301291027525
47.4407 	EXP 	grating: color = 0
47.4747 	EXP 	grating: phase = -0.9393166600263765
47.4747 	EXP 	grating: color = 0
47.5081 	EXP 	grating: phase = -0.8462406545620009
47.5081 	EXP 	grating: color = 0
47.5414 	EXP 	grating: phase = -0.7168460055996662
47.5414 	EXP 	grating: color = 0
47.5744 	EXP 	grating: phase = -0.5559754560043956
47.5744 	EXP 	grating: color = 0
47.6081 	EXP 	grating: phase = -0.37191862224729766
47.6081 	EXP 	grating: color = 0
47.6415 	EXP 	grating: phase = -0.16947941133276004
47.6415 	EXP 	grating: color = 0
47.6745 	EXP 	grating: phase = 0.03917614418436678
47.6745 	EXP 	grating: color = 0
47.7083 	EXP 	grating: phase = 0.24533267983904863
47.7083 	EXP 	grating: color = 0
47.7416 	EXP 	grating: phase = 0.4425631853736107
47.7416 	EXP 	grating: color = 0
47.7751 	EXP 	grating: phase = 0.619491702072601
47.7751 	EXP 	grating: color = 0
47.7767 	DATA 	Keypress: escape
47.8083 	EXP 	grating: phase = 0.7676348252825789
47.8083 	EXP 	grating: color = 0
47.8417 	EXP 	grating: phase = 0.8854025203933392
47.8417 	EXP 	grating: color = 0
47.8747 	EXP 	grating: phase = 0.9627452154294333
47.8747 	EXP 	grating: color = 0
48.1487 	EXP 	window1: mouseVisible = True
