9.9258 	WARNING 	User requested fullscreen with size [800 600], but screen is actually [2560, 1440]. Using actual size
10.6178 	EXP 	Created window1 = Window(allowGUI=False, allowStencil=False, args=UNKNOWN, autoLog=True, bitsMode=UNKNOWN, blendMode='avg', color=array([0., 0., 0.]), colorSpace='rgb', fullscr=<method-wrapper '__getattribute__' of attributeSetter object at 0x135f4fd30>, gamma=None, gammaErrorPolicy='raise', kwargs=UNKNOWN, lms=UNKNOWN, monitor=<psychopy.monitors.calibTools.Monitor object at 0x135c9ac88>, multiSample=False, name='window1', numSamples=2, pos=[0.0, 0.0], screen=0, size=array([2560, 1440]), stereo=False, units='deg', useFBO=True, useRetina=False, viewOri=0.0, viewPos=None, viewScale=None, waitBlanking=True, winType='pyglet')
10.6179 	EXP 	window1: recordFrameIntervals = False
10.7845 	EXP 	window1: recordFrameIntervals = True
10.9683 	EXP 	window1: recordFrameIntervals = False
11.3666 	EXP 	Created instrText = TextStim(__class__=<class 'psychopy.visual.text.TextStim'>, alignHoriz='center', alignVert='center', antialias=True, autoLog=True, bold=False, color='white', colorSpace='named', contrast=1.0, depth=0.0, flipHoriz=False, flipVert=False, font='Arial', fontFiles=[], height=1, italic=False, languageStyle='LTR', name='instrText', opacity=1.0, ori=0, pos=array([0., 0.]), rgb=array([255., 255., 255.]), text=str(...), units='deg', win=Window(...), wrapWidth=15.0)
11.3769 	EXP 	Created fixation = GratingStim(__class__=<class 'psychopy.visual.grating.GratingStim'>, autoDraw=False, autoLog=True, blendmode='avg', color='black', colorSpace='named', contrast=1.0, depth=-1.0, interpolate=True, mask='gauss', maskParams=None, name='fixation', opacity=1.0, ori=0.0, phase=array([0., 0.]), pos=array([0., 0.]), rgbPedestal=array([0., 0., 0.]), sf=array([1., 1.]), size=array([1., 1.]), tex=None, texRes=128, units='deg', win=Window(...))
11.3792 	EXP 	Created grating = GratingStim(__class__=<class 'psychopy.visual.grating.GratingStim'>, autoDraw=False, autoLog=True, blendmode='avg', color='white', colorSpace='named', contrast=1.0, depth=-2.0, interpolate=True, mask='gauss', maskParams=None, name='grating', opacity=1.0, ori=1.0, phase=array([0., 0.]), pos=array([0., 0.]), rgbPedestal=array([0., 0., 0.]), sf=array([1., 1.]), size=array([1., 1.]), tex='sin', texRes=128, units='deg', win=Window(...))
11.3910 	EXP 	Created fd_instructions = TextStim(__class__=<class 'psychopy.visual.text.TextStim'>, alignHoriz='center', alignVert='center', antialias=True, autoLog=True, bold=False, color='white', colorSpace='named', contrast=1.0, depth=-1.0, flipHoriz=False, flipVert=False, font='Arial', fontFiles=[], height=1, italic=False, languageStyle='LTR', name='fd_instructions', opacity=1.0, ori=0, pos=array([0., 0.]), rgb=array([255., 255., 255.]), text='default text', units='deg', win=Window(...), wrapWidth=15.0)
11.4510 	EXP 	Created text = TextStim(__class__=<class 'psychopy.visual.text.TextStim'>, alignHoriz='center', alignVert='center', antialias=True, autoLog=True, bold=False, color='white', colorSpace='named', contrast=1.0, depth=0.0, flipHoriz=False, flipVert=False, font='Arial', fontFiles=[], height=1, italic=False, languageStyle='LTR', name='text', opacity=1.0, ori=0, pos=array([0., 0.]), rgb=array([255., 255., 255.]), text=str(...), units='deg', win=Window(...), wrapWidth=15.0)
11.4612 	EXP 	Created fixation = GratingStim(__class__=<class 'psychopy.visual.grating.GratingStim'>, autoDraw=False, autoLog=True, blendmode='avg', color='black', colorSpace='named', contrast=1.0, depth=-1.0, interpolate=True, mask='gauss', maskParams=None, name='fixation', opacity=1.0, ori=0.0, phase=array([0., 0.]), pos=array([0., 0.]), rgbPedestal=array([0., 0., 0.]), sf=array([1., 1.]), size=array([1., 1.]), tex=None, texRes=128, units='deg', win=Window(...))
11.4654 	EXP 	Created grating = GratingStim(__class__=<class 'psychopy.visual.grating.GratingStim'>, autoDraw=False, autoLog=True, blendmode='avg', color='white', colorSpace='named', contrast=1.0, depth=-2.0, interpolate=True, mask='gauss', maskParams=None, name='grating', opacity=1.0, ori=1.0, phase=array([0., 0.]), pos=array([0., 0.]), rgbPedestal=array([0., 0., 0.]), sf=array([1., 1.]), size=array([1., 1.]), tex='sin', texRes=128, units='deg', win=Window(...))
11.4863 	EXP 	Created thanksMsg = TextStim(__class__=<class 'psychopy.visual.text.TextStim'>, alignHoriz='center', alignVert='center', antialias=True, autoLog=True, bold=False, color=array([1., 1., 1.]), colorSpace='rgb', contrast=1.0, depth=0.0, flipHoriz=False, flipVert=False, font='Arial', fontFiles=[], height=1, italic=False, languageStyle='LTR', name='thanksMsg', opacity=1.0, ori=0, pos=array([0., 0.]), rgb=array([1., 1., 1.]), text=str(...), units='deg', win=Window(...), wrapWidth=15.0)
11.5191 	EXP 	instrText: autoDraw = True
13.3198 	DATA 	Keypress: space
13.3376 	EXP 	instrText: autoDraw = False
13.3376 	EXP 	grating: color = '[1. 1. 1.] (rgb)'
13.3376 	EXP 	grating: size = array([3.5, 3.5])
13.3376 	EXP 	grating: ori = 0.0
13.3376 	EXP 	grating: sf = array([1.2, 1.2])
13.4712 	EXP 	fixation: autoDraw = True
14.0710 	EXP 	fixation: autoDraw = False
14.3215 	EXP 	grating: phase = 0.0
14.3215 	EXP 	grating: color = -0.023441926001396496
14.3548 	EXP 	grating: phase = 0.0
14.3548 	EXP 	grating: color = 0.042831430000660475
14.3880 	EXP 	grating: phase = 0.0
14.3880 	EXP 	grating: color = 0.1090494559975923
14.4217 	EXP 	grating: phase = 0.0
14.4217 	EXP 	grating: color = 0.17604330799804302
14.4554 	EXP 	grating: phase = 0.5
14.4554 	EXP 	grating: color = 0.24257649399805814
14.4888 	EXP 	grating: phase = 0.5
14.4888 	EXP 	grating: color = 0.3106086499974481
14.5217 	EXP 	grating: phase = 0.5
14.5217 	EXP 	grating: color = 0.37697688399930485
14.5545 	EXP 	grating: phase = 0.5
14.5545 	EXP 	grating: color = 0.44396936200064374
14.5886 	EXP 	grating: phase = 0.0
14.5886 	EXP 	grating: color = 0.5105141620006179
14.6214 	EXP 	grating: phase = 0.0
14.6214 	EXP 	grating: color = 0.5768495079973945
14.6555 	EXP 	grating: phase = 0.0
14.6555 	EXP 	grating: color = 0.6440721740000299
14.6887 	EXP 	grating: phase = 0.0
14.6887 	EXP 	grating: color = 0.7106082600002992
14.7221 	EXP 	grating: phase = 0.5
14.7221 	EXP 	grating: color = 0.7771186079990002
14.7555 	EXP 	grating: phase = 0.5
14.7555 	EXP 	grating: color = 0.8438792700035265
14.7884 	EXP 	grating: phase = 0.5
14.7884 	EXP 	grating: color = 0.9108148619998246
14.8216 	EXP 	grating: phase = 0.0
14.8216 	EXP 	grating: color = 0.9766723240027204
14.8558 	EXP 	grating: phase = 0.0
14.8558 	EXP 	grating: color = 1
14.8890 	EXP 	grating: phase = 0.0
14.8890 	EXP 	grating: color = 1
14.9218 	EXP 	grating: phase = 0.0
14.9218 	EXP 	grating: color = 1
14.9552 	EXP 	grating: phase = 0.5
14.9552 	EXP 	grating: color = 1
14.9883 	EXP 	grating: phase = 0.5
14.9883 	EXP 	grating: color = 1
15.0221 	EXP 	grating: phase = 0.5
15.0221 	EXP 	grating: color = 1
15.0552 	EXP 	grating: phase = 0.5
15.0552 	EXP 	grating: color = 1
15.0893 	EXP 	grating: phase = 0.0
15.0893 	EXP 	grating: color = 1
15.1224 	EXP 	grating: phase = 0.0
15.1224 	EXP 	grating: color = 1
15.1560 	EXP 	grating: phase = 0.0
15.1560 	EXP 	grating: color = 1
15.1894 	EXP 	grating: phase = 0.0
15.1894 	EXP 	grating: color = 1
15.2218 	EXP 	grating: phase = 0.5
15.2218 	EXP 	grating: color = 1
15.2558 	EXP 	grating: phase = 0.5
15.2558 	EXP 	grating: color = 1
15.2895 	EXP 	grating: phase = 0.5
15.2895 	EXP 	grating: color = 1
15.3228 	EXP 	grating: phase = 0.0
15.3228 	EXP 	grating: color = 1
15.3554 	EXP 	grating: phase = 0.0
15.3554 	EXP 	grating: color = 1
15.3888 	EXP 	grating: phase = 0.0
15.3888 	EXP 	grating: color = 1
15.4224 	EXP 	grating: phase = 0.0
15.4224 	EXP 	grating: color = 1
15.4552 	EXP 	grating: phase = 0.5
15.4552 	EXP 	grating: color = 1
15.4893 	EXP 	grating: phase = 0.5
15.4893 	EXP 	grating: color = 1
15.5220 	EXP 	grating: phase = 0.5
15.5220 	EXP 	grating: color = 1
15.5558 	EXP 	grating: phase = 0.5
15.5558 	EXP 	grating: color = 1
15.5893 	EXP 	grating: phase = 0.0
15.5893 	EXP 	grating: color = 1
15.6225 	EXP 	grating: phase = 0.0
15.6225 	EXP 	grating: color = 1
15.6557 	EXP 	grating: phase = 0.0
15.6557 	EXP 	grating: color = 1
15.6899 	EXP 	grating: phase = 0.0
15.6899 	EXP 	grating: color = 1
15.7232 	EXP 	grating: phase = 0.5
15.7232 	EXP 	grating: color = 1
15.7560 	EXP 	grating: phase = 0.5
15.7560 	EXP 	grating: color = 1
15.7898 	EXP 	grating: phase = 0.5
15.7898 	EXP 	grating: color = 1
15.8229 	EXP 	grating: phase = 0.0
15.8229 	EXP 	grating: color = 1
15.8557 	EXP 	grating: phase = 0.0
15.8557 	EXP 	grating: color = 0.9548457319979207
15.8898 	EXP 	grating: phase = 0.0
15.8898 	EXP 	grating: color = 0.8870001420000335
15.9228 	EXP 	grating: phase = 0.0
15.9228 	EXP 	grating: color = 0.820984915997542
15.9565 	EXP 	grating: phase = 0.5
15.9565 	EXP 	grating: color = 0.7535828620020766
15.9900 	EXP 	grating: phase = 0.5
15.9900 	EXP 	grating: color = 0.6884632680012146
16.0226 	EXP 	grating: phase = 0.5
16.0226 	EXP 	grating: color = 0.6197878919992945
16.0567 	EXP 	grating: phase = 0.5
16.0567 	EXP 	grating: color = 0.5530237540006055
16.0891 	EXP 	grating: phase = 0.0
16.0891 	EXP 	grating: color = 0.48657208000076935
16.1230 	EXP 	grating: phase = 0.0
16.1230 	EXP 	grating: color = 0.41930610399867874
16.1559 	EXP 	grating: phase = 0.0
16.1559 	EXP 	grating: color = 0.35318434800137766
16.1901 	EXP 	grating: phase = 0.0
16.1901 	EXP 	grating: color = 0.2864851779959281
16.2230 	EXP 	grating: phase = 0.5
16.2230 	EXP 	grating: color = 0.22036845800175797
16.2570 	EXP 	grating: phase = 0.5
16.2570 	EXP 	grating: color = 0.15349320600216743
16.2904 	EXP 	grating: phase = 0.5
16.2904 	EXP 	grating: color = 0.08646528999815928
16.3237 	EXP 	grating: phase = 0.0
16.3237 	EXP 	grating: color = 0.01933347399608465
16.3567 	EXP 	grating: phase = 0.0
16.3567 	EXP 	grating: color = 0
16.3903 	EXP 	grating: phase = 0.0
16.3903 	EXP 	grating: color = 0
16.4234 	EXP 	grating: phase = 0.0
16.4234 	EXP 	grating: color = 0
16.4570 	EXP 	grating: phase = 0.5
16.4570 	EXP 	grating: color = 0
16.4901 	EXP 	grating: phase = 0.5
16.4901 	EXP 	grating: color = 0
16.5230 	EXP 	grating: phase = 0.5
16.5230 	EXP 	grating: color = 0
16.5562 	EXP 	grating: phase = 0.5
16.5562 	EXP 	grating: color = 0
16.5903 	EXP 	grating: phase = 0.0
16.5903 	EXP 	grating: color = 0
16.6235 	EXP 	grating: phase = 0.0
16.6235 	EXP 	grating: color = 0
16.6567 	EXP 	grating: phase = 0.0
16.6567 	EXP 	grating: color = 0
16.6905 	EXP 	grating: phase = 0.0
16.6905 	EXP 	grating: color = 0
16.7239 	EXP 	grating: phase = 0.5
16.7239 	EXP 	grating: color = 0
16.7563 	EXP 	grating: phase = 0.5
16.7563 	EXP 	grating: color = 0
16.7905 	EXP 	grating: phase = 0.5
16.7905 	EXP 	grating: color = 0
16.8236 	EXP 	grating: phase = 0.0
16.8236 	EXP 	grating: color = 0
16.8568 	EXP 	grating: phase = 0.0
16.8568 	EXP 	grating: color = 0
16.8906 	EXP 	grating: phase = 0.0
16.8906 	EXP 	grating: color = 0
16.9237 	EXP 	grating: phase = 0.0
16.9237 	EXP 	grating: color = 0
16.9571 	EXP 	grating: phase = 0.5
16.9571 	EXP 	grating: color = 0
16.9902 	EXP 	grating: phase = 0.5
16.9902 	EXP 	grating: color = 0
17.0237 	EXP 	grating: phase = 0.5
17.0237 	EXP 	grating: color = 0
17.0575 	EXP 	grating: phase = 0.5
17.0575 	EXP 	grating: color = 0
17.0909 	EXP 	grating: phase = 0.0
17.0909 	EXP 	grating: color = 0
17.0983 	DATA 	Keypress: right
17.1073 	EXP 	fixation: autoDraw = False
17.1073 	EXP 	grating: autoDraw = False
17.1073 	EXP 	fd_instructions: text = 'Oops! That was wrong'
17.1073 	EXP 	fd_instructions: autoDraw = True
19.1087 	EXP 	fd_instructions: autoDraw = False
19.1087 	EXP 	grating: color = '[1. 1. 1.] (rgb)'
19.1087 	EXP 	grating: size = array([3.5, 3.5])
19.1087 	EXP 	grating: ori = 90.0
19.1087 	EXP 	grating: sf = array([1.2, 1.2])
19.2418 	EXP 	fixation: autoDraw = True
19.8428 	EXP 	fixation: autoDraw = False
20.0763 	EXP 	grating: phase = 0.0
20.0763 	EXP 	grating: color = -0.06559933800599538
20.1102 	EXP 	grating: phase = 0.0
20.1102 	EXP 	grating: color = 4.601999535225332e-06
20.1426 	EXP 	grating: phase = 0.0
20.1426 	EXP 	grating: color = 0.06665120999969076
20.1767 	EXP 	grating: phase = 0.0
20.1767 	EXP 	grating: color = 0.1348935360001633
20.2100 	EXP 	grating: phase = 0.5
20.2100 	EXP 	grating: color = 0.20171400599792833
20.2434 	EXP 	grating: phase = 0.5
20.2434 	EXP 	grating: color = 0.26793778599676443
20.2763 	EXP 	grating: phase = 0.5
20.2763 	EXP 	grating: color = 0.3340451919939369
20.3093 	EXP 	grating: phase = 0.5
20.3093 	EXP 	grating: color = 0.40002099399862345
20.3431 	EXP 	grating: phase = 0.0
20.3431 	EXP 	grating: color = 0.4684155639988603
20.3763 	EXP 	grating: phase = 0.0
20.3763 	EXP 	grating: color = 0.5348119439950096
20.4100 	EXP 	grating: phase = 0.0
20.4100 	EXP 	grating: color = 0.6002935840006103
20.4432 	EXP 	grating: phase = 0.0
20.4432 	EXP 	grating: color = 0.668671399995219
20.4764 	EXP 	grating: phase = 0.5
20.4764 	EXP 	grating: color = 0.7350647559942445
20.5100 	EXP 	grating: phase = 0.5
20.5100 	EXP 	grating: color = 0.8003258739990997
20.5431 	EXP 	grating: phase = 0.5
20.5431 	EXP 	grating: color = 0.8684860859939363
20.5770 	EXP 	grating: phase = 0.0
20.5770 	EXP 	grating: color = 0.9355245219994686
20.6106 	EXP 	grating: phase = 0.0
20.6106 	EXP 	grating: color = 1
20.6437 	EXP 	grating: phase = 0.0
20.6437 	EXP 	grating: color = 1
20.6766 	EXP 	grating: phase = 0.0
20.6766 	EXP 	grating: color = 1
20.7105 	EXP 	grating: phase = 0.5
20.7105 	EXP 	grating: color = 1
20.7440 	EXP 	grating: phase = 0.5
20.7440 	EXP 	grating: color = 1
20.7771 	EXP 	grating: phase = 0.5
20.7771 	EXP 	grating: color = 1
20.8103 	EXP 	grating: phase = 0.5
20.8103 	EXP 	grating: color = 1
20.8438 	EXP 	grating: phase = 0.0
20.8438 	EXP 	grating: color = 1
20.8767 	EXP 	grating: phase = 0.0
20.8767 	EXP 	grating: color = 1
20.9101 	EXP 	grating: phase = 0.0
20.9101 	EXP 	grating: color = 1
20.9431 	EXP 	grating: phase = 0.0
20.9431 	EXP 	grating: color = 1
20.9766 	EXP 	grating: phase = 0.5
20.9766 	EXP 	grating: color = 1
21.0103 	EXP 	grating: phase = 0.5
21.0103 	EXP 	grating: color = 1
21.0434 	EXP 	grating: phase = 0.5
21.0434 	EXP 	grating: color = 1
21.0775 	EXP 	grating: phase = 0.0
21.0775 	EXP 	grating: color = 1
21.1109 	EXP 	grating: phase = 0.0
21.1109 	EXP 	grating: color = 1
21.1443 	EXP 	grating: phase = 0.0
21.1443 	EXP 	grating: color = 1
21.1774 	EXP 	grating: phase = 0.0
21.1774 	EXP 	grating: color = 1
21.2106 	EXP 	grating: phase = 0.5
21.2106 	EXP 	grating: color = 1
21.2437 	EXP 	grating: phase = 0.5
21.2437 	EXP 	grating: color = 1
21.2769 	EXP 	grating: phase = 0.5
21.2769 	EXP 	grating: color = 1
21.3105 	EXP 	grating: phase = 0.5
21.3105 	EXP 	grating: color = 1
21.3435 	EXP 	grating: phase = 0.0
21.3435 	EXP 	grating: color = 1
21.3774 	EXP 	grating: phase = 0.0
21.3774 	EXP 	grating: color = 1
21.4112 	EXP 	grating: phase = 0.0
21.4112 	EXP 	grating: color = 1
21.4443 	EXP 	grating: phase = 0.0
21.4443 	EXP 	grating: color = 1
21.4771 	EXP 	grating: phase = 0.5
21.4771 	EXP 	grating: color = 1
21.5103 	EXP 	grating: phase = 0.5
21.5103 	EXP 	grating: color = 1
21.5445 	EXP 	grating: phase = 0.5
21.5445 	EXP 	grating: color = 1
21.5777 	EXP 	grating: phase = 0.0
21.5777 	EXP 	grating: color = 1
21.6112 	EXP 	grating: phase = 0.0
21.6112 	EXP 	grating: color = 0.9960526340000797
21.6447 	EXP 	grating: phase = 0.0
21.6447 	EXP 	grating: color = 0.9298265560064465
21.6772 	EXP 	grating: phase = 0.0
21.6772 	EXP 	grating: color = 0.8619504439993761
21.7115 	EXP 	grating: phase = 0.5
21.7115 	EXP 	grating: color = 0.7961804020014824
21.7442 	EXP 	grating: phase = 0.5
21.7442 	EXP 	grating: color = 0.7304131300043082
21.7777 	EXP 	grating: phase = 0.5
21.7777 	EXP 	grating: color = 0.6628103980037849
21.8113 	EXP 	grating: phase = 0.5
21.8113 	EXP 	grating: color = 0.59594394400483
21.8444 	EXP 	grating: phase = 0.0
21.8444 	EXP 	grating: color = 0.5295126359997084
21.8781 	EXP 	grating: phase = 0.0
21.8781 	EXP 	grating: color = 0.46205797800212167
21.9116 	EXP 	grating: phase = 0.0
21.9116 	EXP 	grating: color = 0.3953976680058986
21.9446 	EXP 	grating: phase = 0.0
21.9446 	EXP 	grating: color = 0.32899841000471497
21.9777 	EXP 	grating: phase = 0.5
21.9777 	EXP 	grating: color = 0.263006592002057
22.0112 	EXP 	grating: phase = 0.5
22.0112 	EXP 	grating: color = 0.19628329800616484
22.0442 	EXP 	grating: phase = 0.5
22.0442 	EXP 	grating: color = 0.1299155260057887
22.0778 	EXP 	grating: phase = 0.0
22.0778 	EXP 	grating: color = 0.06295581800077343
22.1109 	EXP 	grating: phase = 0.0
22.1109 	EXP 	grating: color = 0
22.1452 	EXP 	grating: phase = 0.0
22.1452 	EXP 	grating: color = 0
22.1783 	EXP 	grating: phase = 0.0
22.1783 	EXP 	grating: color = 0
22.2112 	EXP 	grating: phase = 0.5
22.2112 	EXP 	grating: color = 0
22.2450 	EXP 	grating: phase = 0.5
22.2450 	EXP 	grating: color = 0
22.2781 	EXP 	grating: phase = 0.5
22.2781 	EXP 	grating: color = 0
22.3116 	EXP 	grating: phase = 0.5
22.3116 	EXP 	grating: color = 0
22.3448 	EXP 	grating: phase = 0.0
22.3448 	EXP 	grating: color = 0
22.3784 	EXP 	grating: phase = 0.0
22.3784 	EXP 	grating: color = 0
22.4114 	EXP 	grating: phase = 0.0
22.4114 	EXP 	grating: color = 0
22.4445 	EXP 	grating: phase = 0.0
22.4445 	EXP 	grating: color = 0
22.4778 	EXP 	grating: phase = 0.5
22.4778 	EXP 	grating: color = 0
22.5113 	EXP 	grating: phase = 0.5
22.5113 	EXP 	grating: color = 0
22.5444 	EXP 	grating: phase = 0.5
22.5444 	EXP 	grating: color = 0
22.5788 	EXP 	grating: phase = 0.0
22.5788 	EXP 	grating: color = 0
22.6124 	EXP 	grating: phase = 0.0
22.6124 	EXP 	grating: color = 0
22.6446 	EXP 	grating: phase = 0.0
22.6446 	EXP 	grating: color = 0
22.6787 	EXP 	grating: phase = 0.0
22.6787 	EXP 	grating: color = 0
22.7119 	EXP 	grating: phase = 0.5
22.7119 	EXP 	grating: color = 0
22.7455 	EXP 	grating: phase = 0.5
22.7455 	EXP 	grating: color = 0
22.7787 	EXP 	grating: phase = 0.5
22.7787 	EXP 	grating: color = 0
22.8123 	EXP 	grating: phase = 0.5
22.8123 	EXP 	grating: color = 0
22.8450 	EXP 	grating: phase = 0.0
22.8450 	EXP 	grating: color = 0
22.8786 	EXP 	grating: phase = 0.0
22.8786 	EXP 	grating: color = 0
22.9124 	EXP 	grating: phase = 0.0
22.9124 	EXP 	grating: color = 0
22.9452 	EXP 	grating: phase = 0.0
22.9452 	EXP 	grating: color = 0
22.9786 	EXP 	grating: phase = 0.5
22.9786 	EXP 	grating: color = 0
23.0117 	EXP 	grating: phase = 0.5
23.0117 	EXP 	grating: color = 0
23.0459 	EXP 	grating: phase = 0.5
23.0459 	EXP 	grating: color = 0
23.0791 	EXP 	grating: phase = 0.0
23.0791 	EXP 	grating: color = 0
23.1127 	EXP 	grating: phase = 0.0
23.1127 	EXP 	grating: color = 0
23.1454 	EXP 	grating: phase = 0.0
23.1454 	EXP 	grating: color = 0
23.1791 	EXP 	grating: phase = 0.0
23.1791 	EXP 	grating: color = 0
23.2126 	EXP 	grating: phase = 0.5
23.2126 	EXP 	grating: color = 0
23.2451 	EXP 	grating: phase = 0.5
23.2451 	EXP 	grating: color = 0
23.2793 	EXP 	grating: phase = 0.5
23.2793 	EXP 	grating: color = 0
23.3128 	EXP 	grating: phase = 0.5
23.3128 	EXP 	grating: color = 0
23.3457 	EXP 	grating: phase = 0.0
23.3457 	EXP 	grating: color = 0
23.3786 	EXP 	grating: phase = 0.0
23.3786 	EXP 	grating: color = 0
23.4128 	EXP 	grating: phase = 0.0
23.4128 	EXP 	grating: color = 0
23.4460 	EXP 	grating: phase = 0.0
23.4460 	EXP 	grating: color = 0
23.4794 	EXP 	grating: phase = 0.5
23.4794 	EXP 	grating: color = 0
23.5131 	EXP 	grating: phase = 0.5
23.5131 	EXP 	grating: color = 0
23.5451 	EXP 	grating: phase = 0.5
23.5451 	EXP 	grating: color = 0
23.5793 	EXP 	grating: phase = 0.0
23.5793 	EXP 	grating: color = 0
23.6123 	EXP 	grating: phase = 0.0
23.6123 	EXP 	grating: color = 0
23.6461 	EXP 	grating: phase = 0.0
23.6461 	EXP 	grating: color = 0
23.6792 	EXP 	grating: phase = 0.0
23.6792 	EXP 	grating: color = 0
23.7126 	EXP 	grating: phase = 0.5
23.7126 	EXP 	grating: color = 0
23.7321 	DATA 	Keypress: right
23.7455 	EXP 	grating: phase = 0.5
23.7455 	EXP 	grating: color = 0
23.7630 	EXP 	fixation: autoDraw = False
23.7630 	EXP 	grating: autoDraw = False
23.7630 	EXP 	fd_instructions: text = 'Correct!'
23.7630 	EXP 	fd_instructions: autoDraw = True
25.7641 	EXP 	fd_instructions: autoDraw = False
25.7641 	EXP 	grating: color = '[1. 1. 1.] (rgb)'
25.7641 	EXP 	grating: size = array([3.5, 3.5])
25.7641 	EXP 	grating: ori = 0.0
25.7641 	EXP 	grating: sf = array([1.2, 1.2])
25.8977 	EXP 	fixation: autoDraw = True
26.4987 	EXP 	fixation: autoDraw = False
26.7485 	EXP 	grating: phase = 0.5
26.7485 	EXP 	grating: color = -0.03388333399925614
26.7823 	EXP 	grating: phase = 0.5
26.7823 	EXP 	grating: color = 0.033115942002041265
26.8156 	EXP 	grating: phase = 0.5
26.8156 	EXP 	grating: color = 0.09976325800380437
26.8485 	EXP 	grating: phase = 0.0
26.8485 	EXP 	grating: color = 0.1661725439989823
26.8821 	EXP 	grating: phase = 0.0
26.8821 	EXP 	grating: color = 0.23259664000215707
26.9153 	EXP 	grating: phase = 0.0
26.9153 	EXP 	grating: color = 0.2992024319974007
26.9485 	EXP 	grating: phase = 0.5
26.9485 	EXP 	grating: color = 0.36573198399855755
26.9815 	EXP 	grating: phase = 0.5
26.9815 	EXP 	grating: color = 0.43389862999902107
27.0154 	EXP 	grating: phase = 0.5
27.0154 	EXP 	grating: color = 0.5000934019990382
27.0489 	EXP 	grating: phase = 0.5
27.0489 	EXP 	grating: color = 0.5655848879978294
27.0823 	EXP 	grating: phase = 0.0
27.0823 	EXP 	grating: color = 0.6332994920012425
27.1153 	EXP 	grating: phase = 0.0
27.1153 	EXP 	grating: color = 0.7007166559997131
27.1484 	EXP 	grating: phase = 0.0
27.1484 	EXP 	grating: color = 0.7676374560032855
27.1822 	EXP 	grating: phase = 0.0
27.1822 	EXP 	grating: color = 0.8348533180032973
27.2151 	EXP 	grating: phase = 0.5
27.2151 	EXP 	grating: color = 0.9002467099999194
27.2492 	EXP 	grating: phase = 0.5
27.2492 	EXP 	grating: color = 0.9668654400011292
27.2817 	EXP 	grating: phase = 0.5
27.2817 	EXP 	grating: color = 1
27.3153 	EXP 	grating: phase = 0.5
27.3153 	EXP 	grating: color = 1
27.3486 	EXP 	grating: phase = 0.0
27.3486 	EXP 	grating: color = 1
27.3828 	EXP 	grating: phase = 0.0
27.3828 	EXP 	grating: color = 1
27.4159 	EXP 	grating: phase = 0.0
27.4159 	EXP 	grating: color = 1
27.4492 	EXP 	grating: phase = 0.5
27.4492 	EXP 	grating: color = 1
27.4822 	EXP 	grating: phase = 0.5
27.4822 	EXP 	grating: color = 1
27.5158 	EXP 	grating: phase = 0.5
27.5158 	EXP 	grating: color = 1
27.5491 	EXP 	grating: phase = 0.5
27.5491 	EXP 	grating: color = 1
27.5822 	EXP 	grating: phase = 0.0
27.5822 	EXP 	grating: color = 1
27.6164 	EXP 	grating: phase = 0.0
27.6164 	EXP 	grating: color = 1
27.6490 	EXP 	grating: phase = 0.0
27.6490 	EXP 	grating: color = 1
27.6821 	EXP 	grating: phase = 0.0
27.6821 	EXP 	grating: color = 1
27.7156 	EXP 	grating: phase = 0.5
27.7156 	EXP 	grating: color = 1
27.7497 	EXP 	grating: phase = 0.5
27.7497 	EXP 	grating: color = 1
27.7831 	EXP 	grating: phase = 0.5
27.7831 	EXP 	grating: color = 1
27.8154 	EXP 	grating: phase = 0.5
27.8154 	EXP 	grating: color = 1
27.8496 	EXP 	grating: phase = 0.0
27.8496 	EXP 	grating: color = 1
27.8832 	EXP 	grating: phase = 0.0
27.8832 	EXP 	grating: color = 1
27.9161 	EXP 	grating: phase = 0.0
27.9161 	EXP 	grating: color = 1
27.9493 	EXP 	grating: phase = 0.5
27.9493 	EXP 	grating: color = 1
27.9828 	EXP 	grating: phase = 0.5
27.9828 	EXP 	grating: color = 1
28.0161 	EXP 	grating: phase = 0.5
28.0161 	EXP 	grating: color = 1
28.0491 	EXP 	grating: phase = 0.5
28.0491 	EXP 	grating: color = 1
28.0833 	EXP 	grating: phase = 0.0
28.0833 	EXP 	grating: color = 1
28.1157 	EXP 	grating: phase = 0.0
28.1157 	EXP 	grating: color = 1
28.1503 	EXP 	grating: phase = 0.0
28.1503 	EXP 	grating: color = 1
28.1835 	EXP 	grating: phase = 0.0
28.1835 	EXP 	grating: color = 1
28.2169 	EXP 	grating: phase = 0.5
28.2169 	EXP 	grating: color = 1
28.2500 	EXP 	grating: phase = 0.5
28.2500 	EXP 	grating: color = 1
28.2832 	EXP 	grating: phase = 0.5
28.2832 	EXP 	grating: color = 0.9647505100001581
28.3162 	EXP 	grating: phase = 0.5
28.3162 	EXP 	grating: color = 0.8977347559994087
28.3496 	EXP 	grating: phase = 0.0
28.3496 	EXP 	grating: color = 0.8302515300019877
28.3827 	EXP 	grating: phase = 0.0
28.3827 	EXP 	grating: color = 0.7656212799993227
28.4167 	EXP 	grating: phase = 0.0
28.4167 	EXP 	grating: color = 0.6977610499961884
28.4496 	EXP 	grating: phase = 0.5
28.4496 	EXP 	grating: color = 0.6319483120023506
28.4834 	EXP 	grating: phase = 0.5
28.4834 	EXP 	grating: color = 0.5642611700022826
28.5162 	EXP 	grating: phase = 0.5
28.5162 	EXP 	grating: color = 0.4987583719994291
28.5501 	EXP 	grating: phase = 0.5
28.5501 	EXP 	grating: color = 0.4309247580022202
28.5836 	EXP 	grating: phase = 0.0
28.5836 	EXP 	grating: color = 0.36512072399636963
28.6170 	EXP 	grating: phase = 0.0
28.6170 	EXP 	grating: color = 0.2973280899968813
28.6501 	EXP 	grating: phase = 0.0
28.6501 	EXP 	grating: color = 0.23100343000260182
28.6831 	EXP 	grating: phase = 0.0
28.6831 	EXP 	grating: color = 0.16350158600107534
28.7171 	EXP 	grating: phase = 0.5
28.7171 	EXP 	grating: color = 0.09792459000163944
28.7496 	EXP 	grating: phase = 0.5
28.7496 	EXP 	grating: color = 0.029727385997830424
28.7839 	EXP 	grating: phase = 0.5
28.7839 	EXP 	grating: color = 0
28.8163 	EXP 	grating: phase = 0.5
28.8163 	EXP 	grating: color = 0
28.8507 	EXP 	grating: phase = 0.0
28.8507 	EXP 	grating: color = 0
28.8836 	EXP 	grating: phase = 0.0
28.8836 	EXP 	grating: color = 0
28.9164 	EXP 	grating: phase = 0.0
28.9164 	EXP 	grating: color = 0
28.9499 	EXP 	grating: phase = 0.5
28.9499 	EXP 	grating: color = 0
28.9836 	EXP 	grating: phase = 0.5
28.9836 	EXP 	grating: color = 0
29.0174 	EXP 	grating: phase = 0.5
29.0174 	EXP 	grating: color = 0
29.0498 	EXP 	grating: phase = 0.5
29.0498 	EXP 	grating: color = 0
29.0837 	EXP 	grating: phase = 0.0
29.0837 	EXP 	grating: color = 0
29.1164 	EXP 	grating: phase = 0.0
29.1164 	EXP 	grating: color = 0
29.1501 	EXP 	grating: phase = 0.0
29.1501 	EXP 	grating: color = 0
29.1840 	EXP 	grating: phase = 0.0
29.1840 	EXP 	grating: color = 0
29.2165 	EXP 	grating: phase = 0.5
29.2165 	EXP 	grating: color = 0
29.2511 	EXP 	grating: phase = 0.5
29.2511 	EXP 	grating: color = 0
29.2840 	EXP 	grating: phase = 0.5
29.2840 	EXP 	grating: color = 0
29.3023 	DATA 	Keypress: up
29.3173 	EXP 	grating: phase = 0.5
29.3173 	EXP 	grating: color = 0
29.3343 	EXP 	fixation: autoDraw = False
29.3343 	EXP 	grating: autoDraw = False
29.3343 	EXP 	fd_instructions: text = 'Correct!'
29.3343 	EXP 	fd_instructions: autoDraw = True
31.3359 	EXP 	fd_instructions: autoDraw = False
31.3359 	EXP 	grating: color = '[1. 1. 1.] (rgb)'
31.3359 	EXP 	grating: size = array([3.5, 3.5])
31.3359 	EXP 	grating: ori = 0.0
31.3359 	EXP 	grating: sf = array([1.2, 1.2])
31.4689 	EXP 	fixation: autoDraw = True
32.0690 	EXP 	fixation: autoDraw = False
32.3029 	EXP 	grating: phase = 0.5
32.3029 	EXP 	grating: color = -0.06590147800307022
32.3358 	EXP 	grating: phase = 0.0
32.3358 	EXP 	grating: color = -0.0002724900041357614
32.3701 	EXP 	grating: phase = 0.0
32.3701 	EXP 	grating: color = 0.06780628799606347
32.4032 	EXP 	grating: phase = 0.0
32.4032 	EXP 	grating: color = 0.13459273599437438
32.4363 	EXP 	grating: phase = 0.0
32.4363 	EXP 	grating: color = 0.20085318599740276
32.4701 	EXP 	grating: phase = 0.5
32.4701 	EXP 	grating: color = 0.2682890059950296
32.5030 	EXP 	grating: phase = 0.5
32.5030 	EXP 	grating: color = 0.33360169799561845
32.5365 	EXP 	grating: phase = 0.5
32.5365 	EXP 	grating: color = 0.4006567779942998
32.5697 	EXP 	grating: phase = 0.5
32.5697 	EXP 	grating: color = 0.4692604199954076
32.6038 	EXP 	grating: phase = 0.0
32.6038 	EXP 	grating: color = 0.5353182699982426
32.6367 	EXP 	grating: phase = 0.0
32.6367 	EXP 	grating: color = 0.6020527939981548
32.6703 	EXP 	grating: phase = 0.0
32.6703 	EXP 	grating: color = 0.6671354279969819
32.7029 	EXP 	grating: phase = 0.5
32.7029 	EXP 	grating: color = 0.7347029499942437
32.7362 	EXP 	grating: phase = 0.5
32.7362 	EXP 	grating: color = 0.801495461993909
32.7705 	EXP 	grating: phase = 0.5
32.7705 	EXP 	grating: color = 0.8672212079982273
32.8038 	EXP 	grating: phase = 0.5
32.8038 	EXP 	grating: color = 0.9360300239932258
32.8371 	EXP 	grating: phase = 0.0
32.8371 	EXP 	grating: color = 1
32.8701 	EXP 	grating: phase = 0.0
32.8701 	EXP 	grating: color = 1
32.9029 	EXP 	grating: phase = 0.0
32.9029 	EXP 	grating: color = 1
32.9371 	EXP 	grating: phase = 0.0
32.9371 	EXP 	grating: color = 1
32.9700 	EXP 	grating: phase = 0.5
32.9700 	EXP 	grating: color = 1
33.0036 	EXP 	grating: phase = 0.5
33.0036 	EXP 	grating: color = 1
33.0373 	EXP 	grating: phase = 0.5
33.0373 	EXP 	grating: color = 1
33.0705 	EXP 	grating: phase = 0.5
33.0705 	EXP 	grating: color = 1
33.1032 	EXP 	grating: phase = 0.0
33.1032 	EXP 	grating: color = 1
33.1375 	EXP 	grating: phase = 0.0
33.1375 	EXP 	grating: color = 1
33.1698 	EXP 	grating: phase = 0.0
33.1698 	EXP 	grating: color = 1
33.2038 	EXP 	grating: phase = 0.5
33.2038 	EXP 	grating: color = 1
33.2370 	EXP 	grating: phase = 0.5
33.2370 	EXP 	grating: color = 1
33.2702 	EXP 	grating: phase = 0.5
33.2702 	EXP 	grating: color = 1
33.3041 	EXP 	grating: phase = 0.5
33.3041 	EXP 	grating: color = 1
33.3372 	EXP 	grating: phase = 0.0
33.3372 	EXP 	grating: color = 1
33.3703 	EXP 	grating: phase = 0.0
33.3703 	EXP 	grating: color = 1
33.4035 	EXP 	grating: phase = 0.0
33.4035 	EXP 	grating: color = 1
33.4372 	EXP 	grating: phase = 0.0
33.4372 	EXP 	grating: color = 1
33.4706 	EXP 	grating: phase = 0.5
33.4706 	EXP 	grating: color = 1
33.5036 	EXP 	grating: phase = 0.5
33.5036 	EXP 	grating: color = 1
33.5377 	EXP 	grating: phase = 0.5
33.5377 	EXP 	grating: color = 1
33.5709 	EXP 	grating: phase = 0.5
33.5709 	EXP 	grating: color = 1
33.6042 	EXP 	grating: phase = 0.0
33.6042 	EXP 	grating: color = 1
33.6371 	EXP 	grating: phase = 0.0
33.6371 	EXP 	grating: color = 1
33.6708 	EXP 	grating: phase = 0.0
33.6708 	EXP 	grating: color = 1
33.7045 	EXP 	grating: phase = 0.5
33.7045 	EXP 	grating: color = 1
33.7377 	EXP 	grating: phase = 0.5
33.7377 	EXP 	grating: color = 1
33.7708 	EXP 	grating: phase = 0.5
33.7708 	EXP 	grating: color = 1
33.8048 	EXP 	grating: phase = 0.5
33.8048 	EXP 	grating: color = 1
33.8374 	EXP 	grating: phase = 0.0
33.8374 	EXP 	grating: color = 0.99609235200478
33.8713 	EXP 	grating: phase = 0.0
33.8713 	EXP 	grating: color = 0.929051368002547
33.9041 	EXP 	grating: phase = 0.0
33.9041 	EXP 	grating: color = 0.8631148120039143
33.9380 	EXP 	grating: phase = 0.0
33.9380 	EXP 	grating: color = 0.7956963860051474
33.9707 	EXP 	grating: phase = 0.5
33.9707 	EXP 	grating: color = 0.7285353020051843
34.0048 	EXP 	grating: phase = 0.5
34.0048 	EXP 	grating: color = 0.6624601440053084
34.0376 	EXP 	grating: phase = 0.5
34.0376 	EXP 	grating: color = 0.5965050740051083
34.0715 	EXP 	grating: phase = 0.0
34.0715 	EXP 	grating: color = 0.5286102720056078
34.1040 	EXP 	grating: phase = 0.0
34.1040 	EXP 	grating: color = 0.46343638600228587
34.1382 	EXP 	grating: phase = 0.0
34.1382 	EXP 	grating: color = 0.39546851799968863
34.1715 	EXP 	grating: phase = 0.0
34.1715 	EXP 	grating: color = 0.32935015800467227
34.2045 	EXP 	grating: phase = 0.5
34.2045 	EXP 	grating: color = 0.26265906400658423
34.2379 	EXP 	grating: phase = 0.5
34.2379 	EXP 	grating: color = 0.19507418000284815
34.2712 	EXP 	grating: phase = 0.5
34.2712 	EXP 	grating: color = 0.13037335600529332
34.3045 	EXP 	grating: phase = 0.5
34.3045 	EXP 	grating: color = 0.062193658006435726
34.3378 	EXP 	grating: phase = 0.0
34.3378 	EXP 	grating: color = 0
34.3709 	EXP 	grating: phase = 0.0
34.3709 	EXP 	grating: color = 0
34.4041 	EXP 	grating: phase = 0.0
34.4041 	EXP 	grating: color = 0
34.4385 	EXP 	grating: phase = 0.0
34.4385 	EXP 	grating: color = 0
34.4713 	EXP 	grating: phase = 0.5
34.4713 	EXP 	grating: color = 0
34.5050 	EXP 	grating: phase = 0.5
34.5050 	EXP 	grating: color = 0
34.5377 	EXP 	grating: phase = 0.5
34.5377 	EXP 	grating: color = 0
34.5713 	EXP 	grating: phase = 0.5
34.5713 	EXP 	grating: color = 0
34.6050 	EXP 	grating: phase = 0.0
34.6050 	EXP 	grating: color = 0
34.6387 	EXP 	grating: phase = 0.0
34.6387 	EXP 	grating: color = 0
34.6717 	EXP 	grating: phase = 0.0
34.6717 	EXP 	grating: color = 0
34.7047 	EXP 	grating: phase = 0.5
34.7047 	EXP 	grating: color = 0
34.7388 	EXP 	grating: phase = 0.5
34.7388 	EXP 	grating: color = 0
34.7719 	EXP 	grating: phase = 0.5
34.7719 	EXP 	grating: color = 0
34.8056 	EXP 	grating: phase = 0.5
34.8056 	EXP 	grating: color = 0
34.8387 	EXP 	grating: phase = 0.0
34.8387 	EXP 	grating: color = 0
34.8717 	EXP 	grating: phase = 0.0
34.8717 	EXP 	grating: color = 0
34.9051 	EXP 	grating: phase = 0.0
34.9051 	EXP 	grating: color = 0
34.9384 	EXP 	grating: phase = 0.0
34.9384 	EXP 	grating: color = 0
34.9716 	EXP 	grating: phase = 0.5
34.9716 	EXP 	grating: color = 0
35.0050 	EXP 	grating: phase = 0.5
35.0050 	EXP 	grating: color = 0
35.0392 	EXP 	grating: phase = 0.5
35.0392 	EXP 	grating: color = 0
35.0723 	EXP 	grating: phase = 0.0
35.0723 	EXP 	grating: color = 0
35.1056 	EXP 	grating: phase = 0.0
35.1056 	EXP 	grating: color = 0
35.1385 	EXP 	grating: phase = 0.0
35.1385 	EXP 	grating: color = 0
35.1723 	EXP 	grating: phase = 0.0
35.1723 	EXP 	grating: color = 0
35.2060 	EXP 	grating: phase = 0.5
35.2060 	EXP 	grating: color = 0
35.2390 	EXP 	grating: phase = 0.5
35.2390 	EXP 	grating: color = 0
35.2720 	EXP 	grating: phase = 0.5
35.2720 	EXP 	grating: color = 0
35.3056 	EXP 	grating: phase = 0.5
35.3056 	EXP 	grating: color = 0
35.3386 	EXP 	grating: phase = 0.0
35.3386 	EXP 	grating: color = 0
35.3720 	EXP 	grating: phase = 0.0
35.3720 	EXP 	grating: color = 0
35.4060 	EXP 	grating: phase = 0.0
35.4060 	EXP 	grating: color = 0
35.4396 	EXP 	grating: phase = 0.0
35.4396 	EXP 	grating: color = 0
35.4721 	EXP 	grating: phase = 0.5
35.4721 	EXP 	grating: color = 0
35.5061 	EXP 	grating: phase = 0.5
35.5061 	EXP 	grating: color = 0
35.5394 	EXP 	grating: phase = 0.5
35.5394 	EXP 	grating: color = 0
35.5730 	EXP 	grating: phase = 0.0
35.5730 	EXP 	grating: color = 0
35.6062 	EXP 	grating: phase = 0.0
35.6062 	EXP 	grating: color = 0
35.6394 	EXP 	grating: phase = 0.0
35.6394 	EXP 	grating: color = 0
35.6728 	EXP 	grating: phase = 0.0
35.6728 	EXP 	grating: color = 0
35.7065 	EXP 	grating: phase = 0.5
35.7065 	EXP 	grating: color = 0
35.7397 	EXP 	grating: phase = 0.5
35.7397 	EXP 	grating: color = 0
35.7729 	EXP 	grating: phase = 0.5
35.7729 	EXP 	grating: color = 0
35.8062 	EXP 	grating: phase = 0.5
35.8062 	EXP 	grating: color = 0
35.8393 	EXP 	grating: phase = 0.0
35.8393 	EXP 	grating: color = 0
35.8732 	EXP 	grating: phase = 0.0
35.8732 	EXP 	grating: color = 0
35.9063 	EXP 	grating: phase = 0.0
35.9063 	EXP 	grating: color = 0
35.9395 	EXP 	grating: phase = 0.0
35.9395 	EXP 	grating: color = 0
35.9725 	EXP 	grating: phase = 0.5
35.9725 	EXP 	grating: color = 0
36.0066 	EXP 	grating: phase = 0.5
36.0066 	EXP 	grating: color = 0
36.0090 	DATA 	Keypress: up
36.0229 	EXP 	fixation: autoDraw = False
36.0229 	EXP 	grating: autoDraw = False
36.0229 	EXP 	fd_instructions: text = 'Correct!'
36.0229 	EXP 	fd_instructions: autoDraw = True
38.0250 	EXP 	fd_instructions: autoDraw = False
38.0250 	EXP 	grating: color = '[1. 1. 1.] (rgb)'
38.0250 	EXP 	grating: size = array([3.5, 3.5])
38.0250 	EXP 	grating: ori = 0.0
38.0250 	EXP 	grating: sf = array([1.2, 1.2])
38.1582 	EXP 	fixation: autoDraw = True
38.7583 	EXP 	fixation: autoDraw = False
38.9917 	EXP 	grating: phase = 0.5
38.9917 	EXP 	grating: color = -0.06514389200310688
39.0250 	EXP 	grating: phase = 0.5
39.0250 	EXP 	grating: color = 0.001488050002080854
39.0591 	EXP 	grating: phase = 0.5
39.0591 	EXP 	grating: color = 0.06781857399619184
39.0920 	EXP 	grating: phase = 0.0
39.0920 	EXP 	grating: color = 0.13435341000149492
39.1260 	EXP 	grating: phase = 0.0
39.1260 	EXP 	grating: color = 0.1999155020021135
39.1593 	EXP 	grating: phase = 0.0
39.1593 	EXP 	grating: color = 0.2681737980019534
39.1925 	EXP 	grating: phase = 0.0
39.1925 	EXP 	grating: color = 0.3346180299995467
39.2254 	EXP 	grating: phase = 0.5
39.2254 	EXP 	grating: color = 0.40218135000031907
39.2586 	EXP 	grating: phase = 0.5
39.2586 	EXP 	grating: color = 0.4667473180015804
39.2927 	EXP 	grating: phase = 0.5
39.2927 	EXP 	grating: color = 0.5351646199997049
39.3259 	EXP 	grating: phase = 0.0
39.3259 	EXP 	grating: color = 0.6014065720009967
39.3587 	EXP 	grating: phase = 0.0
39.3587 	EXP 	grating: color = 0.6673948640018352
39.3929 	EXP 	grating: phase = 0.0
39.3929 	EXP 	grating: color = 0.7353863140015164
39.4261 	EXP 	grating: phase = 0.0
39.4261 	EXP 	grating: color = 0.8018726020018221
39.4592 	EXP 	grating: phase = 0.5
39.4592 	EXP 	grating: color = 0.8680941540005733
39.4921 	EXP 	grating: phase = 0.5
39.4921 	EXP 	grating: color = 0.9343566919997102
39.5258 	EXP 	grating: phase = 0.5
39.5258 	EXP 	grating: color = 1
39.5587 	EXP 	grating: phase = 0.5
39.5587 	EXP 	grating: color = 1
39.5925 	EXP 	grating: phase = 0.0
39.5925 	EXP 	grating: color = 1
39.6256 	EXP 	grating: phase = 0.0
39.6256 	EXP 	grating: color = 1
39.6597 	EXP 	grating: phase = 0.0
39.6597 	EXP 	grating: color = 1
39.6929 	EXP 	grating: phase = 0.0
39.6929 	EXP 	grating: color = 1
39.7258 	EXP 	grating: phase = 0.5
39.7258 	EXP 	grating: color = 1
39.7589 	EXP 	grating: phase = 0.5
39.7589 	EXP 	grating: color = 1
39.7930 	EXP 	grating: phase = 0.5
39.7930 	EXP 	grating: color = 1
39.8264 	EXP 	grating: phase = 0.0
39.8264 	EXP 	grating: color = 1
39.8598 	EXP 	grating: phase = 0.0
39.8598 	EXP 	grating: color = 1
39.8930 	EXP 	grating: phase = 0.0
39.8930 	EXP 	grating: color = 1
39.9262 	EXP 	grating: phase = 0.0
39.9262 	EXP 	grating: color = 1
39.9593 	EXP 	grating: phase = 0.5
39.9593 	EXP 	grating: color = 1
39.9924 	EXP 	grating: phase = 0.5
39.9924 	EXP 	grating: color = 1
40.0266 	EXP 	grating: phase = 0.5
40.0266 	EXP 	grating: color = 1
40.0600 	EXP 	grating: phase = 0.5
40.0600 	EXP 	grating: color = 1
40.0926 	EXP 	grating: phase = 0.0
40.0926 	EXP 	grating: color = 1
40.1263 	EXP 	grating: phase = 0.0
40.1263 	EXP 	grating: color = 1
40.1595 	EXP 	grating: phase = 0.0
40.1595 	EXP 	grating: color = 1
40.1926 	EXP 	grating: phase = 0.0
40.1926 	EXP 	grating: color = 1
40.2269 	EXP 	grating: phase = 0.5
40.2269 	EXP 	grating: color = 1
40.2601 	EXP 	grating: phase = 0.5
40.2601 	EXP 	grating: color = 1
40.2931 	EXP 	grating: phase = 0.5
40.2931 	EXP 	grating: color = 1
40.3263 	EXP 	grating: phase = 0.0
40.3263 	EXP 	grating: color = 1
40.3595 	EXP 	grating: phase = 0.0
40.3595 	EXP 	grating: color = 1
40.3937 	EXP 	grating: phase = 0.0
40.3937 	EXP 	grating: color = 1
40.4270 	EXP 	grating: phase = 0.0
40.4270 	EXP 	grating: color = 1
40.4602 	EXP 	grating: phase = 0.5
40.4602 	EXP 	grating: color = 1
40.4930 	EXP 	grating: phase = 0.5
40.4930 	EXP 	grating: color = 1
40.5268 	EXP 	grating: phase = 0.5
40.5268 	EXP 	grating: color = 0.9960135740038822
40.5601 	EXP 	grating: phase = 0.5
40.5601 	EXP 	grating: color = 0.9303495019994443
40.5931 	EXP 	grating: phase = 0.0
40.5931 	EXP 	grating: color = 0.8638615739982924
40.6272 	EXP 	grating: phase = 0.0
40.6272 	EXP 	grating: color = 0.7959204400031012
40.6606 	EXP 	grating: phase = 0.0
40.6606 	EXP 	grating: color = 0.7293199499981711
40.6930 	EXP 	grating: phase = 0.0
40.6930 	EXP 	grating: color = 0.6626418820014806
40.7272 	EXP 	grating: phase = 0.5
40.7272 	EXP 	grating: color = 0.5960938920034096
40.7604 	EXP 	grating: phase = 0.5
40.7604 	EXP 	grating: color = 0.5295723180024652
40.7937 	EXP 	grating: phase = 0.5
40.7937 	EXP 	grating: color = 0.46305060599843273
40.8271 	EXP 	grating: phase = 0.0
40.8271 	EXP 	grating: color = 0.39638019400445046
40.8603 	EXP 	grating: phase = 0.0
40.8603 	EXP 	grating: color = 0.3299723840027582
40.8930 	EXP 	grating: phase = 0.0
40.8930 	EXP 	grating: color = 0.2635045679999166
40.9273 	EXP 	grating: phase = 0.0
40.9273 	EXP 	grating: color = 0.19586432600044645
40.9607 	EXP 	grating: phase = 0.5
40.9607 	EXP 	grating: color = 0.12909638400014956
40.9943 	EXP 	grating: phase = 0.5
40.9943 	EXP 	grating: color = 0.06251097399945138
41.0275 	EXP 	grating: phase = 0.5
41.0275 	EXP 	grating: color = 0
41.0602 	EXP 	grating: phase = 0.5
41.0602 	EXP 	grating: color = 0
41.0933 	EXP 	grating: phase = 0.0
41.0933 	EXP 	grating: color = 0
41.1276 	EXP 	grating: phase = 0.0
41.1276 	EXP 	grating: color = 0
41.1608 	EXP 	grating: phase = 0.0
41.1608 	EXP 	grating: color = 0
41.1943 	EXP 	grating: phase = 0.0
41.1943 	EXP 	grating: color = 0
41.2275 	EXP 	grating: phase = 0.5
41.2275 	EXP 	grating: color = 0
41.2607 	EXP 	grating: phase = 0.5
41.2607 	EXP 	grating: color = 0
41.2937 	EXP 	grating: phase = 0.5
41.2937 	EXP 	grating: color = 0
41.3268 	EXP 	grating: phase = 0.0
41.3268 	EXP 	grating: color = 0
41.3610 	EXP 	grating: phase = 0.0
41.3610 	EXP 	grating: color = 0
41.3944 	EXP 	grating: phase = 0.0
41.3944 	EXP 	grating: color = 0
41.4278 	EXP 	grating: phase = 0.0
41.4278 	EXP 	grating: color = 0
41.4610 	EXP 	grating: phase = 0.5
41.4610 	EXP 	grating: color = 0
41.4936 	EXP 	grating: phase = 0.5
41.4936 	EXP 	grating: color = 0
41.5128 	DATA 	Keypress: up
41.5277 	EXP 	grating: phase = 0.5
41.5277 	EXP 	grating: color = 0
41.5438 	EXP 	fixation: autoDraw = False
41.5438 	EXP 	grating: autoDraw = False
41.5438 	EXP 	fd_instructions: text = 'Correct!'
41.5438 	EXP 	fd_instructions: autoDraw = True
43.5458 	EXP 	fd_instructions: autoDraw = False
43.5458 	EXP 	text: autoDraw = True
45.7524 	EXP 	window1: mouseVisible = True
