10.6090 	WARNING 	User requested fullscreen with size [800 600], but screen is actually [2560, 1440]. Using actual size
11.5969 	EXP 	Created window1 = Window(allowGUI=False, allowStencil=False, args=UNKNOWN, autoLog=True, bitsMode=UNKNOWN, blendMode='avg', color=array([0., 0., 0.]), colorSpace='rgb', fullscr=<method-wrapper '__getattribute__' of attributeSetter object at 0x13680ec88>, gamma=None, gammaErrorPolicy='raise', kwargs=UNKNOWN, lms=UNKNOWN, monitor=<psychopy.monitors.calibTools.Monitor object at 0x13665abe0>, multiSample=False, name='window1', numSamples=2, pos=[0.0, 0.0], screen=0, size=array([2560, 1440]), stereo=False, units='deg', useFBO=True, useRetina=False, viewOri=0.0, viewPos=None, viewScale=None, waitBlanking=True, winType='pyglet')
11.5970 	EXP 	window1: recordFrameIntervals = False
11.7640 	EXP 	window1: recordFrameIntervals = True
11.9468 	EXP 	window1: recordFrameIntervals = False
13.0539 	EXP 	Created instrText = TextStim(__class__=<class 'psychopy.visual.text.TextStim'>, alignHoriz='center', alignVert='center', antialias=True, autoLog=True, bold=False, color='white', colorSpace='named', contrast=1.0, depth=0.0, flipHoriz=False, flipVert=False, font='Arial', fontFiles=[], height=1, italic=False, languageStyle='LTR', name='instrText', opacity=1.0, ori=0, pos=array([0., 0.]), rgb=array([255., 255., 255.]), text=str(...), units='deg', win=Window(...), wrapWidth=15.0)
13.0648 	EXP 	Created fixation = GratingStim(__class__=<class 'psychopy.visual.grating.GratingStim'>, autoDraw=False, autoLog=True, blendmode='avg', color='black', colorSpace='named', contrast=1.0, depth=-1.0, interpolate=True, mask='gauss', maskParams=None, name='fixation', opacity=1.0, ori=0.0, phase=array([0., 0.]), pos=array([0., 0.]), rgbPedestal=array([0., 0., 0.]), sf=array([1., 1.]), size=array([1., 1.]), tex=None, texRes=128, units='deg', win=Window(...))
13.0670 	EXP 	Created grating = GratingStim(__class__=<class 'psychopy.visual.grating.GratingStim'>, autoDraw=False, autoLog=True, blendmode='avg', color='white', colorSpace='named', contrast=1.0, depth=-2.0, interpolate=True, mask='gauss', maskParams=None, name='grating', opacity=1.0, ori=1.0, phase=array([0., 0.]), pos=array([0., 0.]), rgbPedestal=array([0., 0., 0.]), sf=array([1., 1.]), size=array([1., 1.]), tex='sin', texRes=128, units='deg', win=Window(...))
13.0786 	EXP 	Created fd_instructions = TextStim(__class__=<class 'psychopy.visual.text.TextStim'>, alignHoriz='center', alignVert='center', antialias=True, autoLog=True, bold=False, color='white', colorSpace='named', contrast=1.0, depth=-1.0, flipHoriz=False, flipVert=False, font='Arial', fontFiles=[], height=1, italic=False, languageStyle='LTR', name='fd_instructions', opacity=1.0, ori=0, pos=array([0., 0.]), rgb=array([255., 255., 255.]), text='default text', units='deg', win=Window(...), wrapWidth=15.0)
13.1229 	EXP 	Created text = TextStim(__class__=<class 'psychopy.visual.text.TextStim'>, alignHoriz='center', alignVert='center', antialias=True, autoLog=True, bold=False, color='white', colorSpace='named', contrast=1.0, depth=0.0, flipHoriz=False, flipVert=False, font='Arial', fontFiles=[], height=1, italic=False, languageStyle='LTR', name='text', opacity=1.0, ori=0, pos=array([0., 0.]), rgb=array([255., 255., 255.]), text=str(...), units='deg', win=Window(...), wrapWidth=15.0)
13.1326 	EXP 	Created fixation = GratingStim(__class__=<class 'psychopy.visual.grating.GratingStim'>, autoDraw=False, autoLog=True, blendmode='avg', color='black', colorSpace='named', contrast=1.0, depth=-1.0, interpolate=True, mask='gauss', maskParams=None, name='fixation', opacity=1.0, ori=0.0, phase=array([0., 0.]), pos=array([0., 0.]), rgbPedestal=array([0., 0., 0.]), sf=array([1., 1.]), size=array([1., 1.]), tex=None, texRes=128, units='deg', win=Window(...))
13.1369 	EXP 	Created grating = GratingStim(__class__=<class 'psychopy.visual.grating.GratingStim'>, autoDraw=False, autoLog=True, blendmode='avg', color='white', colorSpace='named', contrast=1.0, depth=-2.0, interpolate=True, mask='gauss', maskParams=None, name='grating', opacity=1.0, ori=1.0, phase=array([0., 0.]), pos=array([0., 0.]), rgbPedestal=array([0., 0., 0.]), sf=array([1., 1.]), size=array([1., 1.]), tex='sin', texRes=128, units='deg', win=Window(...))
13.1575 	EXP 	Created thanksMsg = TextStim(__class__=<class 'psychopy.visual.text.TextStim'>, alignHoriz='center', alignVert='center', antialias=True, autoLog=True, bold=False, color=array([1., 1., 1.]), colorSpace='rgb', contrast=1.0, depth=0.0, flipHoriz=False, flipVert=False, font='Arial', fontFiles=[], height=1, italic=False, languageStyle='LTR', name='thanksMsg', opacity=1.0, ori=0, pos=array([0., 0.]), rgb=array([1., 1., 1.]), text=str(...), units='deg', win=Window(...), wrapWidth=15.0)
13.1832 	EXP 	instrText: autoDraw = True
13.7119 	EXP 	Imported stairDefinitions.xlsx as conditions, 1 conditions, 14 params
13.9160 	DATA 	Keypress: space
13.9336 	EXP 	instrText: autoDraw = False
13.9336 	EXP 	grating: color = '[0.5 0.5 0.5] (rgb)'
13.9336 	EXP 	grating: size = array([3.5, 3.5])
13.9336 	EXP 	grating: ori = 90.0
13.9336 	EXP 	grating: sf = array([12., 12.])
14.0499 	EXP 	fixation: autoDraw = True
14.6500 	EXP 	fixation: autoDraw = False
14.9006 	EXP 	grating: contrast = 0.21640589861344395
14.9006 	EXP 	grating: color = -0.05834577800123952
14.9333 	EXP 	grating: contrast = 0.4171434447586506
14.9333 	EXP 	grating: color = 0.009173414000542834
14.9672 	EXP 	grating: contrast = 0.5953499861463177
14.9672 	EXP 	grating: color = 0.07520304200443206
15.0011 	EXP 	grating: contrast = 0.7480721597154755
15.0011 	EXP 	grating: color = 0.1412867120016017
15.0338 	EXP 	grating: contrast = 0.8703038372393269
15.0338 	EXP 	grating: color = 0.20829338000476127
15.0678 	EXP 	grating: contrast = 0.955224711437695
15.0678 	EXP 	grating: color = 0.27660038199974224
15.1007 	EXP 	grating: contrast = 0.9956171698404881
15.1007 	EXP 	grating: color = 0.34240542400220875
15.1343 	EXP 	grating: contrast = 0.9932868317880901
15.1343 	EXP 	grating: color = 0.40911718400457175
15.1676 	EXP 	grating: contrast = 0.9469258544576127
15.1676 	EXP 	grating: color = 0.47638478400040185
15.2010 	EXP 	grating: contrast = 0.8597894645870718
15.2010 	EXP 	grating: color = 0.5428462560012122
15.2339 	EXP 	grating: contrast = 0.7354069864369258
15.2339 	EXP 	grating: color = 0.6092064440017566
15.2681 	EXP 	grating: contrast = 0.5770360222149609
15.2681 	EXP 	grating: color = 0.676461378003296
15.3012 	EXP 	grating: contrast = 0.3989488774065371
15.3012 	EXP 	grating: color = 0.7416099820038653
15.3342 	EXP 	grating: contrast = 0.1970459824345725
15.3342 	EXP 	grating: color = 0.809079621998535
15.3672 	EXP 	grating: contrast = -0.01061590190549686
15.3672 	EXP 	grating: color = 0.8755943180003669
15.4012 	EXP 	grating: contrast = -0.2223856668967303
15.4012 	EXP 	grating: color = 0.9435995820022072
15.4340 	EXP 	grating: contrast = -0.4168488968303241
15.4340 	EXP 	grating: color = 1.0
15.4671 	EXP 	grating: contrast = -0.5951839389398447
15.4671 	EXP 	grating: color = 1.0
15.5010 	EXP 	grating: contrast = -0.7517068472289804
15.5010 	EXP 	grating: color = 1.0
15.5347 	EXP 	grating: contrast = -0.8722242484453591
15.5347 	EXP 	grating: color = 1.0
15.5677 	EXP 	grating: contrast = -0.9547460983151471
15.5677 	EXP 	grating: color = 1.0
15.6015 	EXP 	grating: contrast = -0.9960122454987035
15.6015 	EXP 	grating: color = 1.0
15.6347 	EXP 	grating: contrast = -0.9933814261875183
15.6347 	EXP 	grating: color = 1.0
15.6675 	EXP 	grating: contrast = -0.9463188244801447
15.6675 	EXP 	grating: color = 1.0
15.7011 	EXP 	grating: contrast = -0.8594584332212392
15.7011 	EXP 	grating: color = 1.0
15.7348 	EXP 	grating: contrast = -0.7331604219875326
15.7348 	EXP 	grating: color = 1.0
15.7677 	EXP 	grating: contrast = -0.5773747040331139
15.7677 	EXP 	grating: color = 1.0
15.8010 	EXP 	grating: contrast = -0.39134305679128856
15.8010 	EXP 	grating: color = 1.0
15.8344 	EXP 	grating: contrast = -0.19568207324271664
15.8344 	EXP 	grating: color = 1.0
15.8686 	EXP 	grating: contrast = 0.01686086391228669
15.8686 	EXP 	grating: color = 1.0
15.9014 	EXP 	grating: contrast = 0.22272181564153212
15.9014 	EXP 	grating: color = 1.0
15.9343 	EXP 	grating: contrast = 0.41826659267459604
15.9343 	EXP 	grating: color = 1.0
15.9685 	EXP 	grating: contrast = 0.5970969830945935
15.9685 	EXP 	grating: color = 1.0
16.0018 	EXP 	grating: contrast = 0.7510336778682377
16.0018 	EXP 	grating: color = 1.0
16.0344 	EXP 	grating: contrast = 0.8730185535069483
16.0344 	EXP 	grating: color = 1.0
16.0686 	EXP 	grating: contrast = 0.9550895592865646
16.0686 	EXP 	grating: color = 1.0
16.1019 	EXP 	grating: contrast = 0.9961231148753216
16.1019 	EXP 	grating: color = 1.0
16.1352 	EXP 	grating: contrast = 0.9927558809855623
16.1352 	EXP 	grating: color = 1.0
16.1683 	EXP 	grating: contrast = 0.9460616967227649
16.1683 	EXP 	grating: color = 1.0
16.2011 	EXP 	grating: contrast = 0.8575689740450232
16.2011 	EXP 	grating: color = 1.0
16.2355 	EXP 	grating: contrast = 0.7324056048142065
16.2355 	EXP 	grating: color = 1.0
16.2684 	EXP 	grating: contrast = 0.5732863877826772
16.2684 	EXP 	grating: color = 1.0
16.3020 	EXP 	grating: contrast = 0.3914326712021314
16.3020 	EXP 	grating: color = 1.0
16.3346 	EXP 	grating: contrast = 0.19022483570155815
16.3346 	EXP 	grating: color = 1.0
16.3687 	EXP 	grating: contrast = -0.01846053938557718
16.3687 	EXP 	grating: color = 1.0
16.4020 	EXP 	grating: contrast = -0.22587165064798015
16.4020 	EXP 	grating: color = 1.0
16.4355 	EXP 	grating: contrast = -0.42514370675143454
16.4355 	EXP 	grating: color = 0.9880081619994598
16.4681 	EXP 	grating: contrast = -0.6028201039821881
16.4681 	EXP 	grating: color = 0.9218252520004171
16.5019 	EXP 	grating: contrast = -0.7556304176542947
16.5019 	EXP 	grating: color = 0.8551159700000426
16.5348 	EXP 	grating: contrast = -0.8738398054227551
16.5348 	EXP 	grating: color = 0.7894064619977144
16.5691 	EXP 	grating: contrast = -0.9567766043930624
16.5691 	EXP 	grating: color = 0.7217113619990414
16.6019 	EXP 	grating: contrast = -0.9963441331502915
16.6019 	EXP 	grating: color = 0.6550118239974836
16.6356 	EXP 	grating: contrast = -0.9924430647095325
16.6356 	EXP 	grating: color = 0.5886290080015897
16.6692 	EXP 	grating: contrast = -0.9447354817927739
16.6692 	EXP 	grating: color = 0.5214596820005681
16.7026 	EXP 	grating: contrast = -0.8562960974347739
16.7026 	EXP 	grating: color = 0.45500603999971645
16.7359 	EXP 	grating: contrast = -0.7274777298824548
16.7359 	EXP 	grating: color = 0.3870930799967027
16.7690 	EXP 	grating: contrast = -0.5705965425108642
16.7690 	EXP 	grating: color = 0.32106610399932833
16.8023 	EXP 	grating: contrast = -0.38926748085588864
16.8023 	EXP 	grating: color = 0.2550570859966683
16.8353 	EXP 	grating: contrast = -0.18922479318272772
16.8353 	EXP 	grating: color = 0.18837749600061215
16.8687 	EXP 	grating: contrast = 0.01914820663442431
16.8687 	EXP 	grating: color = 0.12168456599465571
16.9028 	EXP 	grating: contrast = 0.23104309432509537
16.9028 	EXP 	grating: color = 0.05357169399940176
16.9357 	EXP 	grating: contrast = 0.42630681672567367
16.9357 	EXP 	grating: color = 0
16.9687 	EXP 	grating: contrast = 0.6032358528001297
16.9687 	EXP 	grating: color = 0
17.0026 	EXP 	grating: contrast = 0.758295849492505
17.0026 	EXP 	grating: color = 0
17.0355 	EXP 	grating: contrast = 0.8762228051841617
17.0355 	EXP 	grating: color = 0
17.0690 	EXP 	grating: contrast = 0.9563215635729896
17.0690 	EXP 	grating: color = 0
17.1025 	EXP 	grating: contrast = 0.9966479930901129
17.1025 	EXP 	grating: color = 0
17.1353 	EXP 	grating: contrast = 0.991924525903645
17.1353 	EXP 	grating: color = 0
17.1547 	DATA 	Keypress: right
17.1694 	EXP 	grating: contrast = 0.9448286801527082
17.1694 	EXP 	grating: color = 0
17.1859 	EXP 	fixation: autoDraw = False
17.1859 	EXP 	grating: autoDraw = False
17.1859 	EXP 	fd_instructions: text = 'Correct!'
17.1859 	EXP 	fd_instructions: autoDraw = True
19.1877 	EXP 	fd_instructions: autoDraw = False
19.1877 	EXP 	grating: color = '[0.49393288 0.49393288 0.49393288] (rgb)'
19.1877 	EXP 	grating: size = array([3.5, 3.5])
19.1877 	EXP 	grating: ori = 0.0
19.1877 	EXP 	grating: sf = array([12., 12.])
19.3213 	EXP 	fixation: autoDraw = True
19.9216 	EXP 	fixation: autoDraw = False
20.1719 	EXP 	grating: contrast = 0.9383853774873977
20.1719 	EXP 	grating: color = -0.03206931553907642
20.2046 	EXP 	grating: contrast = 0.8447742349067949
20.2046 	EXP 	grating: color = 0.03450839364756621
20.2381 	EXP 	grating: contrast = 0.7190880000686743
20.2381 	EXP 	grating: color = 0.09855826892529984
20.2721 	EXP 	grating: contrast = 0.5545648592868061
20.2721 	EXP 	grating: color = 0.16605511805282222
20.3052 	EXP 	grating: contrast = 0.3722928320091435
20.3052 	EXP 	grating: color = 0.23094556832125146
20.3387 	EXP 	grating: contrast = 0.16920179800513668
20.3387 	EXP 	grating: color = 0.2974344584919222
20.3716 	EXP 	grating: contrast = -0.037268117421149334
20.3716 	EXP 	grating: color = 0.36262231167214776
20.4054 	EXP 	grating: contrast = -0.24267863585068009
20.4054 	EXP 	grating: color = 0.42798002244059163
20.4383 	EXP 	grating: contrast = -0.44143331308836486
20.4383 	EXP 	grating: color = 0.4946628543691063
20.4717 	EXP 	grating: contrast = -0.6203984997500537
20.4717 	EXP 	grating: color = 0.5613430249911344
20.5053 	EXP 	grating: contrast = -0.7668458587360524
20.5053 	EXP 	grating: color = 0.6256990023307347
20.5383 	EXP 	grating: contrast = -0.8842038619870243
20.5383 	EXP 	grating: color = 0.6920083933446506
20.5725 	EXP 	grating: contrast = -0.9631655140892174
20.5725 	EXP 	grating: color = 0.759219871762144
20.6052 	EXP 	grating: contrast = -0.9978751658467357
20.6052 	EXP 	grating: color = 0.8243308610835364
20.6389 	EXP 	grating: contrast = -0.9892371944590934
20.6389 	EXP 	grating: color = 0.8910081708406236
20.6716 	EXP 	grating: contrast = -0.9369926927043432
20.6716 	EXP 	grating: color = 0.9570499569214389
20.7051 	EXP 	grating: contrast = -0.8446812753969738
20.7051 	EXP 	grating: color = 0.9878657656377151
20.7391 	EXP 	grating: contrast = -0.7143857731965699
20.7391 	EXP 	grating: color = 0.9878657656377151
20.7721 	EXP 	grating: contrast = -0.5554233176630533
20.7721 	EXP 	grating: color = 0.9878657656377151
20.8050 	EXP 	grating: contrast = -0.37262209702518556
20.8050 	EXP 	grating: color = 0.9878657656377151
20.8390 	EXP 	grating: contrast = -0.16756785557910367
20.8390 	EXP 	grating: color = 0.9878657656377151
20.8723 	EXP 	grating: contrast = 0.03897527975427633
20.8723 	EXP 	grating: color = 0.9878657656377151
20.9060 	EXP 	grating: contrast = 0.24756965628056712
20.9060 	EXP 	grating: color = 0.9878657656377151
20.9390 	EXP 	grating: contrast = 0.4445861630707972
20.9390 	EXP 	grating: color = 0.9878657656377151
20.9716 	EXP 	grating: contrast = 0.6188649323749159
20.9716 	EXP 	grating: color = 0.9878657656377151
21.0053 	EXP 	grating: contrast = 0.7691696794975751
21.0053 	EXP 	grating: color = 0.9878657656377151
21.0389 	EXP 	grating: contrast = 0.886794296201011
21.0389 	EXP 	grating: color = 0.9878657656377151
21.0717 	EXP 	grating: contrast = 0.962512767274976
21.0717 	EXP 	grating: color = 0.9878657656377151
21.1056 	EXP 	grating: contrast = 0.9980353055268728
21.1056 	EXP 	grating: color = 0.9878657656377151
21.1392 	EXP 	grating: contrast = 0.9897818327622482
21.1392 	EXP 	grating: color = 0.9878657656377151
21.1730 	EXP 	grating: contrast = 0.9378788325013565
21.1730 	EXP 	grating: color = 0.9878657656377151
21.2059 	EXP 	grating: contrast = 0.8431191573981438
21.2059 	EXP 	grating: color = 0.9878657656377151
21.2391 	EXP 	grating: contrast = 0.7140727686445509
21.2391 	EXP 	grating: color = 0.9878657656377151
21.2727 	EXP 	grating: contrast = 0.5549636407026766
21.2727 	EXP 	grating: color = 0.9878657656377151
21.3057 	EXP 	grating: contrast = 0.3675524794275391
21.3057 	EXP 	grating: color = 0.9878657656377151
21.3387 	EXP 	grating: contrast = 0.16815556377827648
21.3387 	EXP 	grating: color = 0.9878657656377151
21.3724 	EXP 	grating: contrast = -0.042285483958017345
21.3724 	EXP 	grating: color = 0.9878657656377151
21.4056 	EXP 	grating: contrast = -0.24893066364596067
21.4056 	EXP 	grating: color = 0.9878657656377151
21.4397 	EXP 	grating: contrast = -0.44740754953687767
21.4397 	EXP 	grating: color = 0.9878657656377151
21.4725 	EXP 	grating: contrast = -0.6228282228253724
21.4725 	EXP 	grating: color = 0.9878657656377151
21.5056 	EXP 	grating: contrast = -0.7696907296018249
21.5056 	EXP 	grating: color = 0.9878657656377151
21.5396 	EXP 	grating: contrast = -0.8877253207245845
21.5396 	EXP 	grating: color = 0.9878657656377151
21.5725 	EXP 	grating: contrast = -0.9634099725731792
21.5725 	EXP 	grating: color = 0.9878657656377151
21.6062 	EXP 	grating: contrast = -0.9981825527914582
21.6062 	EXP 	grating: color = 0.9878657656377151
21.6390 	EXP 	grating: contrast = -0.9885936081249388
21.6390 	EXP 	grating: color = 0.9878657656377151
21.6730 	EXP 	grating: contrast = -0.935814174903781
21.6730 	EXP 	grating: color = 0.9878657656377151
21.7064 	EXP 	grating: contrast = -0.8418909339418222
21.7064 	EXP 	grating: color = 0.9516506086480834
21.7243 	DATA 	Keypress: up
21.7393 	EXP 	grating: contrast = -0.7146251565444612
21.7393 	EXP 	grating: color = 0.8872979208963431
21.7556 	EXP 	fixation: autoDraw = False
21.7556 	EXP 	grating: autoDraw = False
21.7556 	EXP 	fd_instructions: text = 'Correct!'
21.7556 	EXP 	fd_instructions: autoDraw = True
23.7583 	EXP 	fd_instructions: autoDraw = False
23.7583 	EXP 	grating: color = '[0.45430437 0.45430437 0.45430437] (rgb)'
23.7583 	EXP 	grating: size = array([3.5, 3.5])
23.7583 	EXP 	grating: ori = 90.0
23.7583 	EXP 	grating: sf = array([12., 12.])
23.8917 	EXP 	fixation: autoDraw = True
24.4920 	EXP 	fixation: autoDraw = False
24.7425 	EXP 	grating: contrast = -0.6997482466178281
24.7425 	EXP 	grating: color = -0.029310558716680618
24.7757 	EXP 	grating: contrast = -0.5405266671582278
24.7757 	EXP 	grating: color = 0.029672879175154734
24.8091 	EXP 	grating: contrast = -0.34910710113541665
24.8091 	EXP 	grating: color = 0.09170460672620227
24.8419 	EXP 	grating: contrast = -0.14842975435391342
24.8419 	EXP 	grating: color = 0.15178370863944554
24.8753 	EXP 	grating: contrast = 0.06260173009218771
24.8753 	EXP 	grating: color = 0.21297491858718895
24.9084 	EXP 	grating: contrast = 0.2679899360881975
24.9084 	EXP 	grating: color = 0.27330895612684203
24.9421 	EXP 	grating: contrast = 0.4591127461294817
24.9421 	EXP 	grating: color = 0.33279950490848315
24.9751 	EXP 	grating: contrast = 0.6370778612592158
24.9751 	EXP 	grating: color = 0.3946202389714233
25.0081 	EXP 	grating: contrast = 0.7821809853722921
25.0081 	EXP 	grating: color = 0.45459785474264847
25.0421 	EXP 	grating: contrast = 0.8937629070855236
25.0421 	EXP 	grating: color = 0.5146163033937051
25.0750 	EXP 	grating: contrast = 0.968474450188167
25.0750 	EXP 	grating: color = 0.5763161361600491
25.1091 	EXP 	grating: contrast = 0.9989821351174131
25.1091 	EXP 	grating: color = 0.6360838106100561
25.1420 	EXP 	grating: contrast = 0.9862374426019347
25.1420 	EXP 	grating: color = 0.6971903073260596
25.1751 	EXP 	grating: contrast = 0.9290943937715432
25.1751 	EXP 	grating: color = 0.7587309173087783
25.2090 	EXP 	grating: contrast = 0.8334569373794696
25.2090 	EXP 	grating: color = 0.8184802687610278
25.2426 	EXP 	grating: contrast = 0.7000682120625923
25.2426 	EXP 	grating: color = 0.8791686818790639
25.2755 	EXP 	grating: contrast = 0.5363981077178406
25.2755 	EXP 	grating: color = 0.9086087445998587
25.3085 	EXP 	grating: contrast = 0.3447999530607788
25.3085 	EXP 	grating: color = 0.9086087445998587
25.3427 	EXP 	grating: contrast = 0.14455691627851988
25.3427 	EXP 	grating: color = 0.9086087445998587
25.3755 	EXP 	grating: contrast = -0.06089879992297547
25.3755 	EXP 	grating: color = 0.9086087445998587
25.4091 	EXP 	grating: contrast = -0.2712692590397655
25.4091 	EXP 	grating: color = 0.9086087445998587
25.4427 	EXP 	grating: contrast = -0.4611159656788692
25.4427 	EXP 	grating: color = 0.9086087445998587
25.4758 	EXP 	grating: contrast = -0.6373862657420173
25.4758 	EXP 	grating: color = 0.9086087445998587
25.5093 	EXP 	grating: contrast = -0.7846032974410055
25.5093 	EXP 	grating: color = 0.9086087445998587
25.5430 	EXP 	grating: contrast = -0.894674262693201
25.5430 	EXP 	grating: color = 0.9086087445998587
25.5766 	EXP 	grating: contrast = -0.9692807783079574
25.5766 	EXP 	grating: color = 0.9086087445998587
25.6095 	EXP 	grating: contrast = -0.9992598331257135
25.6095 	EXP 	grating: color = 0.9086087445998587
25.6431 	EXP 	grating: contrast = -0.9862073157211267
25.6431 	EXP 	grating: color = 0.9086087445998587
25.6760 	EXP 	grating: contrast = -0.9289818189139899
25.6760 	EXP 	grating: color = 0.9086087445998587
25.7089 	EXP 	grating: contrast = -0.8290494355581015
25.7089 	EXP 	grating: color = 0.9086087445998587
25.7428 	EXP 	grating: contrast = -0.6972401447125458
25.7428 	EXP 	grating: color = 0.9086087445998587
25.7760 	EXP 	grating: contrast = -0.5341429322102592
25.7760 	EXP 	grating: color = 0.9086087445998587
25.8090 	EXP 	grating: contrast = -0.342058263587102
25.8090 	EXP 	grating: color = 0.9086087445998587
25.8431 	EXP 	grating: contrast = -0.1393655010416969
25.8431 	EXP 	grating: color = 0.9086087445998587
25.8756 	EXP 	grating: contrast = 0.06806625248836258
25.8756 	EXP 	grating: color = 0.9086087445998587
25.9094 	EXP 	grating: contrast = 0.2735352434119909
25.9094 	EXP 	grating: color = 0.9086087445998587
25.9429 	EXP 	grating: contrast = 0.4682595717662877
25.9429 	EXP 	grating: color = 0.9086087445998587
25.9763 	EXP 	grating: contrast = 0.6403893028255482
25.9763 	EXP 	grating: color = 0.9086087445998587
26.0093 	EXP 	grating: contrast = 0.7845891329741105
26.0093 	EXP 	grating: color = 0.9086087445998587
26.0430 	EXP 	grating: contrast = 0.896427313434925
26.0430 	EXP 	grating: color = 0.9086087445998587
26.0768 	EXP 	grating: contrast = 0.9703990700662172
26.0768 	EXP 	grating: color = 0.9086087445998587
26.1095 	EXP 	grating: contrast = 0.9992325675594949
26.1095 	EXP 	grating: color = 0.9086087445998587
26.1435 	EXP 	grating: contrast = 0.9847529575253332
26.1435 	EXP 	grating: color = 0.9086087445998587
26.1761 	EXP 	grating: contrast = 0.9266602895990637
26.1761 	EXP 	grating: color = 0.9086087445998587
26.2100 	EXP 	grating: contrast = 0.829102765217952
26.2100 	EXP 	grating: color = 0.9086087445998587
26.2432 	EXP 	grating: contrast = 0.6974750866620352
26.2432 	EXP 	grating: color = 0.9086087445998587
26.2766 	EXP 	grating: contrast = 0.5330537523438221
26.2766 	EXP 	grating: color = 0.8763607137774463
26.3094 	EXP 	grating: contrast = 0.34564565690644317
26.3094 	EXP 	grating: color = 0.8158283178623131
26.3440 	EXP 	grating: contrast = 0.13690737432078748
26.3440 	EXP 	grating: color = 0.7534821444511247
26.3773 	EXP 	grating: contrast = -0.07143758150004972
26.3773 	EXP 	grating: color = 0.6930803555918522
26.4098 	EXP 	grating: contrast = -0.2735656604974721
26.4098 	EXP 	grating: color = 0.6336157839297253
26.4436 	EXP 	grating: contrast = -0.47168935666027745
26.4436 	EXP 	grating: color = 0.5716940162079629
26.4764 	EXP 	grating: contrast = -0.6459882580272903
26.4764 	EXP 	grating: color = 0.5106366788585607
26.5104 	EXP 	grating: contrast = -0.789156370092003
26.5104 	EXP 	grating: color = 0.45073489194334615
26.5430 	EXP 	grating: contrast = -0.8980143264496411
26.5430 	EXP 	grating: color = 0.39121140790654585
26.5770 	EXP 	grating: contrast = -0.9705281648590688
26.5770 	EXP 	grating: color = 0.3298459685981462
26.6107 	EXP 	grating: contrast = -0.9993046782260199
26.6107 	EXP 	grating: color = 0.2702433774565151
26.6437 	EXP 	grating: contrast = -0.9844941825898477
26.6437 	EXP 	grating: color = 0.208459865458296
26.6768 	EXP 	grating: contrast = -0.9272200601691554
26.6768 	EXP 	grating: color = 0.14839202120321013
26.7108 	EXP 	grating: contrast = -0.8267591486706491
26.7108 	EXP 	grating: color = 0.08665679449839737
26.7441 	EXP 	grating: contrast = -0.6925902886326933
26.7441 	EXP 	grating: color = 0.026421922514604936
26.7769 	EXP 	grating: contrast = -0.5253415250973478
26.7769 	EXP 	grating: color = 0
26.8107 	EXP 	grating: contrast = -0.3377280436150243
26.8107 	EXP 	grating: color = 0
26.8438 	EXP 	grating: contrast = -0.137380359475527
26.8438 	EXP 	grating: color = 0
26.8776 	EXP 	grating: contrast = 0.06929180877346375
26.8776 	EXP 	grating: color = 0
26.8964 	DATA 	Keypress: right
26.9103 	EXP 	grating: contrast = 0.280167148779073
26.9103 	EXP 	grating: color = 0
26.9274 	EXP 	fixation: autoDraw = False
26.9274 	EXP 	grating: autoDraw = False
26.9274 	EXP 	fd_instructions: text = 'Correct!'
26.9274 	EXP 	fd_instructions: autoDraw = True
28.9281 	EXP 	fd_instructions: autoDraw = False
28.9281 	EXP 	grating: color = '[0.41917766 0.41917766 0.41917766] (rgb)'
28.9281 	EXP 	grating: size = array([3.5, 3.5])
28.9281 	EXP 	grating: ori = 0.0
28.9281 	EXP 	grating: sf = array([12., 12.])
29.0619 	EXP 	fixation: autoDraw = True
29.6626 	EXP 	fixation: autoDraw = False
29.9135 	EXP 	grating: contrast = 0.29375270011515076
29.9135 	EXP 	grating: color = -0.026628369657136833
29.9460 	EXP 	grating: contrast = 0.4836156317077385
29.9460 	EXP 	grating: color = 0.028500130363010263
29.9799 	EXP 	grating: contrast = 0.6579720728695788
29.9799 	EXP 	grating: color = 0.0854660788795959
30.0133 	EXP 	grating: contrast = 0.7981723530151967
30.0133 	EXP 	grating: color = 0.14046838462713257
30.0465 	EXP 	grating: contrast = 0.906859949275095
30.0465 	EXP 	grating: color = 0.19689552050808193
30.0798 	EXP 	grating: contrast = 0.9747450594079273
30.0798 	EXP 	grating: color = 0.2528819665300565
30.1129 	EXP 	grating: contrast = 0.9998378942015066
30.1129 	EXP 	grating: color = 0.3081791553789841
30.1462 	EXP 	grating: contrast = 0.9818340666608703
30.1462 	EXP 	grating: color = 0.36397447483756146
30.1795 	EXP 	grating: contrast = 0.9206689867901778
30.1795 	EXP 	grating: color = 0.4199951307868918
30.2132 	EXP 	grating: contrast = 0.8180656300904522
30.2132 	EXP 	grating: color = 0.4764994825434631
30.2465 	EXP 	grating: contrast = 0.6818467972643589
30.2465 	EXP 	grating: color = 0.5319433735146561
30.2801 	EXP 	grating: contrast = 0.5127267966799341
30.2801 	EXP 	grating: color = 0.5884985899637372
30.3130 	EXP 	grating: contrast = 0.32473349153899783
30.3130 	EXP 	grating: color = 0.6439085493370704
30.3474 	EXP 	grating: contrast = 0.11661742557767542
30.3474 	EXP 	grating: color = 0.7009900064488244
30.3803 	EXP 	grating: contrast = -0.09107415424659654
30.3803 	EXP 	grating: color = 0.7564933703438331
30.4129 	EXP 	grating: contrast = -0.2954412964805033
30.4129 	EXP 	grating: color = 0.8121826663573205
30.4469 	EXP 	grating: contrast = -0.48745225443372636
30.4469 	EXP 	grating: color = 0.8383553144534523
30.4801 	EXP 	grating: contrast = -0.6592243474744804
30.4801 	EXP 	grating: color = 0.8383553144534523
30.5131 	EXP 	grating: contrast = -0.8020314486611269
30.5131 	EXP 	grating: color = 0.8383553144534523
30.5465 	EXP 	grating: contrast = -0.9088188816263412
30.5465 	EXP 	grating: color = 0.8383553144534523
30.5798 	EXP 	grating: contrast = -0.9754616011466174
30.5798 	EXP 	grating: color = 0.8383553144534523
30.6136 	EXP 	grating: contrast = -0.9998842585616382
30.6136 	EXP 	grating: color = 0.8383553144534523
30.6463 	EXP 	grating: contrast = -0.9806686434721906
30.6463 	EXP 	grating: color = 0.8383553144534523
30.6807 	EXP 	grating: contrast = -0.9198314873668585
30.6807 	EXP 	grating: color = 0.8383553144534523
30.7130 	EXP 	grating: contrast = -0.8159195815631552
30.7130 	EXP 	grating: color = 0.8383553144534523
30.7471 	EXP 	grating: contrast = -0.6779922359028476
30.7471 	EXP 	grating: color = 0.8383553144534523
30.7801 	EXP 	grating: contrast = -0.5119583746894387
30.7801 	EXP 	grating: color = 0.8383553144534523
30.8139 	EXP 	grating: contrast = -0.3190463423310295
30.8139 	EXP 	grating: color = 0.8383553144534523
30.8467 	EXP 	grating: contrast = -0.11583587751285639
30.8467 	EXP 	grating: color = 0.8383553144534523
30.8805 	EXP 	grating: contrast = 0.09399728114617928
30.8805 	EXP 	grating: color = 0.8383553144534523
30.9134 	EXP 	grating: contrast = 0.2955835394157007
30.9134 	EXP 	grating: color = 0.8383553144534523
30.9474 	EXP 	grating: contrast = 0.487899021935616
30.9474 	EXP 	grating: color = 0.8383553144534523
30.9809 	EXP 	grating: contrast = 0.6611155473336824
30.9809 	EXP 	grating: color = 0.8383553144534523
31.0142 	EXP 	grating: contrast = 0.7998913996965853
31.0142 	EXP 	grating: color = 0.8383553144534523
31.0477 	EXP 	grating: contrast = 0.9099736615150876
31.0477 	EXP 	grating: color = 0.8383553144534523
31.0807 	EXP 	grating: contrast = 0.9760935508998406
31.0807 	EXP 	grating: color = 0.8383553144534523
31.1137 	EXP 	grating: contrast = 0.999914785992232
31.1137 	EXP 	grating: color = 0.8383553144534523
31.1473 	EXP 	grating: contrast = 0.9800645139131033
31.1473 	EXP 	grating: color = 0.8383553144534523
31.1809 	EXP 	grating: contrast = 0.9189556659060436
31.1809 	EXP 	grating: color = 0.8383553144534523
31.2140 	EXP 	grating: contrast = 0.8152178958949211
31.2140 	EXP 	grating: color = 0.8383553144534523
31.2471 	EXP 	grating: contrast = 0.6770364453739092
31.2471 	EXP 	grating: color = 0.8383553144534523
31.2812 	EXP 	grating: contrast = 0.5111794066000114
31.2812 	EXP 	grating: color = 0.8383553144534523
31.3140 	EXP 	grating: contrast = 0.3187676191311315
31.3140 	EXP 	grating: color = 0.8383553144534523
31.3475 	EXP 	grating: contrast = 0.11129825143979959
31.3475 	EXP 	grating: color = 0.8383553144534523
31.3805 	EXP 	grating: contrast = -0.09272768474927763
31.3805 	EXP 	grating: color = 0.8383553144534523
31.4145 	EXP 	grating: contrast = -0.3028714643762794
31.4145 	EXP 	grating: color = 0.8383553144534523
31.4475 	EXP 	grating: contrast = -0.4908109410137625
31.4475 	EXP 	grating: color = 0.8076435725904975
31.4815 	EXP 	grating: contrast = -0.659113831541697
31.4815 	EXP 	grating: color = 0.752506585060933
31.5138 	EXP 	grating: contrast = -0.8046373393590873
31.5138 	EXP 	grating: color = 0.6950193874459901
31.5477 	EXP 	grating: contrast = -0.9107168863016992
31.5477 	EXP 	grating: color = 0.638989853317035
31.5806 	EXP 	grating: contrast = -0.9754274188613102
31.5806 	EXP 	grating: color = 0.5846580406718026
31.6139 	EXP 	grating: contrast = -0.9999421439469891
31.6139 	EXP 	grating: color = 0.5282412601559823
31.6477 	EXP 	grating: contrast = -0.9798598015839878
31.6477 	EXP 	grating: color = 0.4717290546875336
31.6807 	EXP 	grating: contrast = -0.9176423530132347
31.6807 	EXP 	grating: color = 0.4163062617679952
31.7001 	DATA 	Keypress: up
31.7146 	EXP 	grating: contrast = -0.811866966767532
31.7146 	EXP 	grating: color = 0.3589925500528222
31.7316 	EXP 	fixation: autoDraw = False
31.7316 	EXP 	grating: autoDraw = False
31.7316 	EXP 	fd_instructions: text = 'Correct!'
31.7316 	EXP 	fd_instructions: autoDraw = True
33.7333 	EXP 	fd_instructions: autoDraw = False
33.7333 	EXP 	grating: color = '[0.38843365 0.38843365 0.38843365] (rgb)'
33.7333 	EXP 	grating: size = array([3.5, 3.5])
33.7333 	EXP 	grating: ori = 0.0
33.7333 	EXP 	grating: sf = array([12., 12.])
33.8668 	EXP 	fixation: autoDraw = True
34.4665 	EXP 	fixation: autoDraw = False
34.7164 	EXP 	grating: contrast = -0.806324963933437
34.7164 	EXP 	grating: color = -0.026712050509760735
34.7506 	EXP 	grating: contrast = -0.6655017082619691
34.7506 	EXP 	grating: color = 0.025158362532612204
34.7841 	EXP 	grating: contrast = -0.4926544413027494
34.7841 	EXP 	grating: color = 0.07783267008351037
34.8167 	EXP 	grating: contrast = -0.3010346607694629
34.8167 	EXP 	grating: color = 0.12960448468327612
34.8508 	EXP 	grating: contrast = -0.0935133549301461
34.8508 	EXP 	grating: color = 0.18206506205813358
34.8833 	EXP 	grating: contrast = 0.11347744577405987
34.8833 	EXP 	grating: color = 0.23334008400644826
34.9166 	EXP 	grating: contrast = 0.3198931570203134
34.9166 	EXP 	grating: color = 0.2857383286564155
34.9503 	EXP 	grating: contrast = 0.5088647569291274
34.9503 	EXP 	grating: color = 0.3372257259272343
34.9837 	EXP 	grating: contrast = 0.6726001756387353
34.9837 	EXP 	grating: color = 0.38763468223447417
35.0174 	EXP 	grating: contrast = 0.8159109937227086
35.0174 	EXP 	grating: color = 0.44120250214664747
35.0504 	EXP 	grating: contrast = 0.9170415979172469
35.0504 	EXP 	grating: color = 0.4922154650062642
35.0843 	EXP 	grating: contrast = 0.9807547450332446
35.0843 	EXP 	grating: color = 0.5450568534018835
35.1167 	EXP 	grating: contrast = 0.9999359493943883
35.1167 	EXP 	grating: color = 0.5964508852093677
35.1509 	EXP 	grating: contrast = 0.9754877260728677
35.1509 	EXP 	grating: color = 0.6485158133925694
35.1843 	EXP 	grating: contrast = 0.9108473561903944
35.1843 	EXP 	grating: color = 0.6988607760353729
35.2173 	EXP 	grating: contrast = 0.8025938897809047
35.2173 	EXP 	grating: color = 0.7517064620592171
35.2503 	EXP 	grating: contrast = 0.6627870096802915
35.2503 	EXP 	grating: color = 0.7768672934817736
35.2843 	EXP 	grating: contrast = 0.4889146353225635
35.2843 	EXP 	grating: color = 0.7768672934817736
35.3173 	EXP 	grating: contrast = 0.29880909682474455
35.3173 	EXP 	grating: color = 0.7768672934817736
35.3513 	EXP 	grating: contrast = 0.09623035863916314
35.3513 	EXP 	grating: color = 0.7768672934817736
35.3842 	EXP 	grating: contrast = -0.11629293546691875
35.3842 	EXP 	grating: color = 0.7768672934817736
35.4170 	EXP 	grating: contrast = -0.3177128857248257
35.4170 	EXP 	grating: color = 0.7768672934817736
35.4504 	EXP 	grating: contrast = -0.5106349496713164
35.4504 	EXP 	grating: color = 0.7768672934817736
35.4841 	EXP 	grating: contrast = -0.6785927013142747
35.4841 	EXP 	grating: color = 0.7768672934817736
35.5176 	EXP 	grating: contrast = -0.8167619731833891
35.5176 	EXP 	grating: color = 0.7768672934817736
35.5508 	EXP 	grating: contrast = -0.9167582448945928
35.5508 	EXP 	grating: color = 0.7768672934817736
35.5843 	EXP 	grating: contrast = -0.9798036880509876
35.5843 	EXP 	grating: color = 0.7768672934817736
35.6178 	EXP 	grating: contrast = -0.9999685708023233
35.6178 	EXP 	grating: color = 0.7768672934817736
35.6511 	EXP 	grating: contrast = -0.9760588822592927
35.6511 	EXP 	grating: color = 0.7768672934817736
35.6844 	EXP 	grating: contrast = -0.909741203520711
35.6844 	EXP 	grating: color = 0.7768672934817736
35.7176 	EXP 	grating: contrast = -0.8013206432920201
35.7176 	EXP 	grating: color = 0.7768672934817736
35.7514 	EXP 	grating: contrast = -0.6577467623206816
35.7514 	EXP 	grating: color = 0.7768672934817736
35.7846 	EXP 	grating: contrast = -0.48874583264137716
35.7846 	EXP 	grating: color = 0.7768672934817736
35.8174 	EXP 	grating: contrast = -0.2966734726202524
35.8174 	EXP 	grating: color = 0.7768672934817736
35.8515 	EXP 	grating: contrast = -0.0898925986209499
35.8515 	EXP 	grating: color = 0.7768672934817736
35.8845 	EXP 	grating: contrast = 0.11851890281040973
35.8845 	EXP 	grating: color = 0.7768672934817736
35.9177 	EXP 	grating: contrast = 0.3204620241269398
35.9177 	EXP 	grating: color = 0.7768672934817736
35.9515 	EXP 	grating: contrast = 0.5122725184723459
35.9515 	EXP 	grating: color = 0.7768672934817736
35.9848 	EXP 	grating: contrast = 0.6812423175773553
35.9848 	EXP 	grating: color = 0.7768672934817736
36.0185 	EXP 	grating: contrast = 0.81625740865617
36.0185 	EXP 	grating: color = 0.7768672934817736
36.0519 	EXP 	grating: contrast = 0.9201510545846304
36.0519 	EXP 	grating: color = 0.7768672934817736
36.0850 	EXP 	grating: contrast = 0.9815301922527374
36.0850 	EXP 	grating: color = 0.7768672934817736
36.1178 	EXP 	grating: contrast = 0.9998936329695688
36.1178 	EXP 	grating: color = 0.7768672934817736
36.1514 	EXP 	grating: contrast = 0.9743208323772705
36.1514 	EXP 	grating: color = 0.7768672934817736
36.1845 	EXP 	grating: contrast = 0.9085996559775507
36.1845 	EXP 	grating: color = 0.7768672934817736
36.2181 	EXP 	grating: contrast = 0.7996719900819715
36.2181 	EXP 	grating: color = 0.7768672934817736
36.2517 	EXP 	grating: contrast = 0.6589374585046461
36.2517 	EXP 	grating: color = 0.7495477591659022
36.2847 	EXP 	grating: contrast = 0.4865668559380222
36.2847 	EXP 	grating: color = 0.6972669504381227
36.3184 	EXP 	grating: contrast = 0.296927887231707
36.3184 	EXP 	grating: color = 0.6461985099287739
36.3510 	EXP 	grating: contrast = 0.09073171804589271
36.3510 	EXP 	grating: color = 0.5940820117386885
36.3851 	EXP 	grating: contrast = -0.12083080310487875
36.3851 	EXP 	grating: color = 0.541696036931709
36.4184 	EXP 	grating: contrast = -0.32384974004238787
36.4184 	EXP 	grating: color = 0.4900971343494383
36.4516 	EXP 	grating: contrast = -0.5133644937357611
36.4516 	EXP 	grating: color = 0.4383390205790931
36.4856 	EXP 	grating: contrast = -0.6815166621898104
36.4856 	EXP 	grating: color = 0.38622768078980874
36.5187 	EXP 	grating: contrast = -0.8199458797990689
36.5187 	EXP 	grating: color = 0.3339276321673267
36.5516 	EXP 	grating: contrast = -0.9210163419904115
36.5516 	EXP 	grating: color = 0.2821570652166645
36.5854 	EXP 	grating: contrast = -0.9820607676777976
36.5854 	EXP 	grating: color = 0.2301261482814066
36.6186 	EXP 	grating: contrast = -0.9998247696314042
36.6186 	EXP 	grating: color = 0.1785854952046674
36.6519 	EXP 	grating: contrast = -0.9744265733608418
36.6519 	EXP 	grating: color = 0.12718002635843176
36.6852 	EXP 	grating: contrast = -0.9070825722764335
36.6852 	EXP 	grating: color = 0.07577282665745277
36.7192 	EXP 	grating: contrast = -0.7966079325840405
36.7192 	EXP 	grating: color = 0.022660810319296006
36.7524 	EXP 	grating: contrast = -0.6552166306626134
36.7524 	EXP 	grating: color = 0
36.7854 	EXP 	grating: contrast = -0.48308289433823354
36.7854 	EXP 	grating: color = 0
36.8189 	EXP 	grating: contrast = -0.2932057895612016
36.8189 	EXP 	grating: color = 0
36.8520 	EXP 	grating: contrast = -0.08583331991533298
36.8520 	EXP 	grating: color = 0
36.8854 	EXP 	grating: contrast = 0.1186164661489394
36.8854 	EXP 	grating: color = 0
36.9185 	EXP 	grating: contrast = 0.32538166557420495
36.9185 	EXP 	grating: color = 0
36.9515 	EXP 	grating: contrast = 0.5197816155279174
36.9515 	EXP 	grating: color = 0
36.9852 	EXP 	grating: contrast = 0.6832433369634193
36.9852 	EXP 	grating: color = 0
37.0184 	EXP 	grating: contrast = 0.8213673068655417
37.0184 	EXP 	grating: color = 0
37.0206 	DATA 	Keypress: up
37.0357 	EXP 	fixation: autoDraw = False
37.0357 	EXP 	grating: autoDraw = False
37.0357 	EXP 	fd_instructions: text = 'Correct!'
37.0357 	EXP 	fd_instructions: autoDraw = True
39.0377 	EXP 	fd_instructions: autoDraw = False
39.0377 	EXP 	text: autoDraw = True
40.6078 	EXP 	window1: mouseVisible = True
