19.7740 	WARNING 	User requested fullscreen with size [800 600], but screen is actually [2560, 1440]. Using actual size
20.6116 	EXP 	Created window1 = Window(allowGUI=False, allowStencil=False, args=UNKNOWN, autoLog=True, bitsMode=UNKNOWN, blendMode='avg', color=array([0., 0., 0.]), colorSpace='rgb', fullscr=<method-wrapper '__getattribute__' of attributeSetter object at 0x1365a9b70>, gamma=None, gammaErrorPolicy='raise', kwargs=UNKNOWN, lms=UNKNOWN, monitor=<psychopy.monitors.calibTools.Monitor object at 0x13628b630>, multiSample=False, name='window1', numSamples=2, pos=[0.0, 0.0], screen=0, size=array([2560, 1440]), stereo=False, units='deg', useFBO=True, useRetina=False, viewOri=0.0, viewPos=None, viewScale=None, waitBlanking=True, winType='pyglet')
20.6116 	EXP 	window1: recordFrameIntervals = False
20.7776 	EXP 	window1: recordFrameIntervals = True
20.9612 	EXP 	window1: recordFrameIntervals = False
23.1603 	EXP 	Created instrText = TextStim(__class__=<class 'psychopy.visual.text.TextStim'>, alignHoriz='center', alignVert='center', antialias=True, autoLog=True, bold=False, color='white', colorSpace='named', contrast=1.0, depth=0.0, flipHoriz=False, flipVert=False, font='Arial', fontFiles=[], height=1, italic=False, languageStyle='LTR', name='instrText', opacity=1.0, ori=0, pos=array([0., 0.]), rgb=array([255., 255., 255.]), text=str(...), units='deg', win=Window(...), wrapWidth=15.0)
23.1716 	EXP 	Created fixation = GratingStim(__class__=<class 'psychopy.visual.grating.GratingStim'>, autoDraw=False, autoLog=True, blendmode='avg', color='black', colorSpace='named', contrast=1.0, depth=-1.0, interpolate=True, mask='gauss', maskParams=None, name='fixation', opacity=1.0, ori=0.0, phase=array([0., 0.]), pos=array([0., 0.]), rgbPedestal=array([0., 0., 0.]), sf=array([1., 1.]), size=array([1., 1.]), tex=None, texRes=128, units='deg', win=Window(...))
23.1739 	EXP 	Created grating = GratingStim(__class__=<class 'psychopy.visual.grating.GratingStim'>, autoDraw=False, autoLog=True, blendmode='avg', color='white', colorSpace='named', contrast=1.0, depth=-2.0, interpolate=True, mask='gauss', maskParams=None, name='grating', opacity=1.0, ori=1.0, phase=array([0., 0.]), pos=array([0., 0.]), rgbPedestal=array([0., 0., 0.]), sf=array([1., 1.]), size=array([1., 1.]), tex='sin', texRes=128, units='deg', win=Window(...))
23.1862 	EXP 	Created fd_instructions = TextStim(__class__=<class 'psychopy.visual.text.TextStim'>, alignHoriz='center', alignVert='center', antialias=True, autoLog=True, bold=False, color='white', colorSpace='named', contrast=1.0, depth=-1.0, flipHoriz=False, flipVert=False, font='Arial', fontFiles=[], height=1, italic=False, languageStyle='LTR', name='fd_instructions', opacity=1.0, ori=0, pos=array([0., 0.]), rgb=array([255., 255., 255.]), text='default text', units='deg', win=Window(...), wrapWidth=15.0)
23.2223 	EXP 	Created text = TextStim(__class__=<class 'psychopy.visual.text.TextStim'>, alignHoriz='center', alignVert='center', antialias=True, autoLog=True, bold=False, color='white', colorSpace='named', contrast=1.0, depth=0.0, flipHoriz=False, flipVert=False, font='Arial', fontFiles=[], height=1, italic=False, languageStyle='LTR', name='text', opacity=1.0, ori=0, pos=array([0., 0.]), rgb=array([255., 255., 255.]), text=str(...), units='deg', win=Window(...), wrapWidth=15.0)
23.2316 	EXP 	Created fixation = GratingStim(__class__=<class 'psychopy.visual.grating.GratingStim'>, autoDraw=False, autoLog=True, blendmode='avg', color='black', colorSpace='named', contrast=1.0, depth=-1.0, interpolate=True, mask='gauss', maskParams=None, name='fixation', opacity=1.0, ori=0.0, phase=array([0., 0.]), pos=array([0., 0.]), rgbPedestal=array([0., 0., 0.]), sf=array([1., 1.]), size=array([1., 1.]), tex=None, texRes=128, units='deg', win=Window(...))
23.2362 	EXP 	Created grating = GratingStim(__class__=<class 'psychopy.visual.grating.GratingStim'>, autoDraw=False, autoLog=True, blendmode='avg', color='white', colorSpace='named', contrast=1.0, depth=-2.0, interpolate=True, mask='gauss', maskParams=None, name='grating', opacity=1.0, ori=1.0, phase=array([0., 0.]), pos=array([0., 0.]), rgbPedestal=array([0., 0., 0.]), sf=array([1., 1.]), size=array([1., 1.]), tex='sin', texRes=128, units='deg', win=Window(...))
23.2567 	EXP 	Created thanksMsg = TextStim(__class__=<class 'psychopy.visual.text.TextStim'>, alignHoriz='center', alignVert='center', antialias=True, autoLog=True, bold=False, color=array([1., 1., 1.]), colorSpace='rgb', contrast=1.0, depth=0.0, flipHoriz=False, flipVert=False, font='Arial', fontFiles=[], height=1, italic=False, languageStyle='LTR', name='thanksMsg', opacity=1.0, ori=0, pos=array([0., 0.]), rgb=array([1., 1., 1.]), text=str(...), units='deg', win=Window(...), wrapWidth=15.0)
23.2842 	EXP 	instrText: autoDraw = True
23.7321 	EXP 	Imported stairDefinitions.xlsx as conditions, 1 conditions, 9 params
23.9025 	DATA 	Keypress: space
23.9140 	EXP 	instrText: autoDraw = False
23.9140 	EXP 	grating: color = '[0.25 0.25 0.25] (rgb)'
23.9140 	EXP 	grating: size = array([3.5, 3.5])
23.9140 	EXP 	grating: ori = 0.0
23.9140 	EXP 	grating: sf = array([1.2, 1.2])
24.0474 	EXP 	fixation: autoDraw = True
24.6476 	EXP 	fixation: autoDraw = False
24.8971 	EXP 	grating: phase = -0.6828660450678026
24.8971 	EXP 	grating: color = 0
24.9306 	EXP 	grating: phase = -0.5155560028378432
24.9306 	EXP 	grating: color = 0
24.9646 	EXP 	grating: phase = -0.3278355885310321
24.9646 	EXP 	grating: color = 0
24.9979 	EXP 	grating: phase = -0.12068944333640869
24.9979 	EXP 	grating: color = 0
25.0315 	EXP 	grating: phase = 0.09028308698050404
25.0315 	EXP 	grating: color = 0
25.0649 	EXP 	grating: phase = 0.29283738485546745
25.0649 	EXP 	grating: color = 0
25.0994 	EXP 	grating: phase = 0.5001952335289165
25.0994 	EXP 	grating: color = 0
25.1324 	EXP 	grating: phase = 0.6634161076128872
25.1324 	EXP 	grating: color = 0
25.1657 	EXP 	grating: phase = 0.8038406996794208
25.1657 	EXP 	grating: color = 0
25.1993 	EXP 	grating: phase = 0.9110420586220983
25.1993 	EXP 	grating: color = 0
25.2326 	EXP 	grating: phase = 0.9765004406222549
25.2326 	EXP 	grating: color = 0
25.2660 	EXP 	grating: phase = 0.9999656331059174
25.2660 	EXP 	grating: color = 0
25.2992 	EXP 	grating: phase = 0.9798828609252002
25.2992 	EXP 	grating: color = 0
25.3329 	EXP 	grating: phase = 0.9170529436866017
25.3329 	EXP 	grating: color = 0
25.3662 	EXP 	grating: phase = 0.8128814308329582
25.3662 	EXP 	grating: color = 0
25.3989 	EXP 	grating: phase = 0.6737150435600265
25.3989 	EXP 	grating: color = 0
25.4330 	EXP 	grating: phase = 0.5052679193983739
25.4330 	EXP 	grating: color = 0
25.4664 	EXP 	grating: phase = 0.31484119527580817
25.4664 	EXP 	grating: color = 0
25.4996 	EXP 	grating: phase = 0.1104439934891006
25.4996 	EXP 	grating: color = 0
25.5330 	EXP 	grating: phase = -0.0983407417951213
25.5330 	EXP 	grating: color = 0
25.5664 	EXP 	grating: phase = -0.3013941423646964
25.5664 	EXP 	grating: color = 0
25.5999 	EXP 	grating: phase = -0.4959079729959717
25.5999 	EXP 	grating: color = 0
25.6330 	EXP 	grating: phase = -0.6653197074422573
25.6330 	EXP 	grating: color = 0
25.6665 	EXP 	grating: phase = -0.8061774451826378
25.6665 	EXP 	grating: color = 0
25.6998 	EXP 	grating: phase = -0.9114737241857099
25.6998 	EXP 	grating: color = 0
25.7331 	EXP 	grating: phase = -0.9772119433137424
25.7331 	EXP 	grating: color = 0
25.7519 	DATA 	Keypress: right
25.7669 	EXP 	grating: phase = -0.9999883417716757
25.7669 	EXP 	grating: color = 0
25.7824 	EXP 	fixation: autoDraw = False
25.7824 	EXP 	grating: autoDraw = False
25.7824 	EXP 	fd_instructions: text = 'Oops! That was wrong'
25.7824 	EXP 	fd_instructions: autoDraw = True
27.1865 	DATA 	Keypress: escape
27.5637 	EXP 	window1: mouseVisible = True
