20.0409 	WARNING 	User requested fullscreen with size [800 600], but screen is actually [2560, 1440]. Using actual size
21.4042 	EXP 	Created window1 = Window(allowGUI=False, allowStencil=False, args=UNKNOWN, autoLog=True, bitsMode=UNKNOWN, blendMode='avg', color=array([0., 0., 0.]), colorSpace='rgb', fullscr=<method-wrapper '__getattribute__' of attributeSetter object at 0x136acfc50>, gamma=None, gammaErrorPolicy='raise', kwargs=UNKNOWN, lms=UNKNOWN, monitor=<psychopy.monitors.calibTools.Monitor object at 0x135e8c710>, multiSample=False, name='window1', numSamples=2, pos=[0.0, 0.0], screen=0, size=array([2560, 1440]), stereo=False, units='deg', useFBO=True, useRetina=False, viewOri=0.0, viewPos=None, viewScale=None, waitBlanking=True, winType='pyglet')
21.4042 	EXP 	window1: recordFrameIntervals = False
21.5704 	EXP 	window1: recordFrameIntervals = True
21.7544 	EXP 	window1: recordFrameIntervals = False
24.0737 	EXP 	Created instrText = TextStim(__class__=<class 'psychopy.visual.text.TextStim'>, alignHoriz='center', alignVert='center', antialias=True, autoLog=True, bold=False, color='white', colorSpace='named', contrast=1.0, depth=0.0, flipHoriz=False, flipVert=False, font='Arial', fontFiles=[], height=1, italic=False, languageStyle='LTR', name='instrText', opacity=1.0, ori=0, pos=array([0., 0.]), rgb=array([255., 255., 255.]), text=str(...), units='deg', win=Window(...), wrapWidth=15.0)
24.0845 	EXP 	Created fixation = GratingStim(__class__=<class 'psychopy.visual.grating.GratingStim'>, autoDraw=False, autoLog=True, blendmode='avg', color='black', colorSpace='named', contrast=1.0, depth=-1.0, interpolate=True, mask='gauss', maskParams=None, name='fixation', opacity=1.0, ori=0.0, phase=array([0., 0.]), pos=array([0., 0.]), rgbPedestal=array([0., 0., 0.]), sf=array([1., 1.]), size=array([1., 1.]), tex=None, texRes=128, units='deg', win=Window(...))
24.0874 	EXP 	Created grating = GratingStim(__class__=<class 'psychopy.visual.grating.GratingStim'>, autoDraw=False, autoLog=True, blendmode='avg', color='white', colorSpace='named', contrast=1.0, depth=-2.0, interpolate=True, mask='gauss', maskParams=None, name='grating', opacity=1.0, ori=1.0, phase=array([0., 0.]), pos=array([0., 0.]), rgbPedestal=array([0., 0., 0.]), sf=array([1., 1.]), size=array([1., 1.]), tex='sin', texRes=128, units='deg', win=Window(...))
24.0994 	EXP 	Created fd_instructions = TextStim(__class__=<class 'psychopy.visual.text.TextStim'>, alignHoriz='center', alignVert='center', antialias=True, autoLog=True, bold=False, color='white', colorSpace='named', contrast=1.0, depth=-1.0, flipHoriz=False, flipVert=False, font='Arial', fontFiles=[], height=1, italic=False, languageStyle='LTR', name='fd_instructions', opacity=1.0, ori=0, pos=array([0., 0.]), rgb=array([255., 255., 255.]), text='default text', units='deg', win=Window(...), wrapWidth=15.0)
24.1445 	EXP 	Created text = TextStim(__class__=<class 'psychopy.visual.text.TextStim'>, alignHoriz='center', alignVert='center', antialias=True, autoLog=True, bold=False, color='white', colorSpace='named', contrast=1.0, depth=0.0, flipHoriz=False, flipVert=False, font='Arial', fontFiles=[], height=1, italic=False, languageStyle='LTR', name='text', opacity=1.0, ori=0, pos=array([0., 0.]), rgb=array([255., 255., 255.]), text=str(...), units='deg', win=Window(...), wrapWidth=15.0)
24.1534 	EXP 	Created fixation = GratingStim(__class__=<class 'psychopy.visual.grating.GratingStim'>, autoDraw=False, autoLog=True, blendmode='avg', color='black', colorSpace='named', contrast=1.0, depth=-1.0, interpolate=True, mask='gauss', maskParams=None, name='fixation', opacity=1.0, ori=0.0, phase=array([0., 0.]), pos=array([0., 0.]), rgbPedestal=array([0., 0., 0.]), sf=array([1., 1.]), size=array([1., 1.]), tex=None, texRes=128, units='deg', win=Window(...))
24.1576 	EXP 	Created grating = GratingStim(__class__=<class 'psychopy.visual.grating.GratingStim'>, autoDraw=False, autoLog=True, blendmode='avg', color='white', colorSpace='named', contrast=1.0, depth=-2.0, interpolate=True, mask='gauss', maskParams=None, name='grating', opacity=1.0, ori=1.0, phase=array([0., 0.]), pos=array([0., 0.]), rgbPedestal=array([0., 0., 0.]), sf=array([1., 1.]), size=array([1., 1.]), tex='sin', texRes=128, units='deg', win=Window(...))
24.1782 	EXP 	Created thanksMsg = TextStim(__class__=<class 'psychopy.visual.text.TextStim'>, alignHoriz='center', alignVert='center', antialias=True, autoLog=True, bold=False, color=array([1., 1., 1.]), colorSpace='rgb', contrast=1.0, depth=0.0, flipHoriz=False, flipVert=False, font='Arial', fontFiles=[], height=1, italic=False, languageStyle='LTR', name='thanksMsg', opacity=1.0, ori=0, pos=array([0., 0.]), rgb=array([1., 1., 1.]), text=str(...), units='deg', win=Window(...), wrapWidth=15.0)
24.2308 	EXP 	instrText: autoDraw = True
24.7422 	EXP 	Imported stairDefinitions.xlsx as conditions, 1 conditions, 15 params
24.9774 	DATA 	Keypress: space
24.9895 	EXP 	instrText: autoDraw = False
24.9895 	EXP 	grating: color = '[0.25 0.25 0.25] (rgb)'
24.9895 	EXP 	grating: size = array([3.5, 3.5])
24.9895 	EXP 	grating: ori = 0.0
24.9895 	EXP 	grating: sf = array([1.2, 1.2])
25.1239 	EXP 	fixation: autoDraw = True
25.7234 	EXP 	fixation: autoDraw = False
25.9738 	EXP 	grating: phase = -0.6633789883873912
25.9738 	EXP 	grating: color = -0.008436083560809493
26.0074 	EXP 	grating: phase = -0.8038065031687796
26.0074 	EXP 	grating: color = 0.008129480411298573
26.0407 	EXP 	grating: phase = -0.9099109046424531
26.0407 	EXP 	grating: color = 0.024798218975774944
26.0740 	EXP 	grating: phase = -0.9766807067033305
26.0740 	EXP 	grating: color = 0.04161646543070674
26.1074 	EXP 	grating: phase = -0.9999823552024967
26.1074 	EXP 	grating: color = 0.05836612544953823
26.1424 	EXP 	grating: phase = -0.9765642651011918
26.1424 	EXP 	grating: color = 0.07610081497114152
26.1752 	EXP 	grating: phase = -0.913606073067629
26.1752 	EXP 	grating: color = 0.09215800440870225
26.2086 	EXP 	grating: phase = -0.8067839445386549
26.2086 	EXP 	grating: color = 0.10913889145012945
26.2416 	EXP 	grating: phase = -0.6661025500802702
26.2416 	EXP 	grating: color = 0.1258262109477073
26.2759 	EXP 	grating: phase = -0.49800436287209343
26.2759 	EXP 	grating: color = 0.14236122742295265
26.3085 	EXP 	grating: phase = -0.3080155647181234
26.3085 	EXP 	grating: color = 0.15893415943719447
26.3419 	EXP 	grating: phase = -0.10177558105770633
26.3419 	EXP 	grating: color = 0.17572432791348547
26.3758 	EXP 	grating: phase = 0.10310362755258269
26.3758 	EXP 	grating: color = 0.19205695495475084
26.4095 	EXP 	grating: phase = 0.31216366383278193
26.4095 	EXP 	grating: color = 0.20910953544080257
26.4419 	EXP 	grating: phase = 0.4986476580531906
26.4419 	EXP 	grating: color = 0.22537846746854484
26.4762 	EXP 	grating: phase = 0.6730801323753405
26.4762 	EXP 	grating: color = 0.24259352800436318
26.5095 	EXP 	grating: phase = 0.8105867082844913
26.5095 	EXP 	grating: color = 0.25
26.5426 	EXP 	grating: phase = 0.9144872327200866
26.5426 	EXP 	grating: color = 0.25
26.5752 	EXP 	grating: phase = 0.9779947472662558
26.5752 	EXP 	grating: color = 0.25
26.6092 	EXP 	grating: phase = 0.9999992554850882
26.6092 	EXP 	grating: color = 0.25
26.6425 	EXP 	grating: phase = 0.9778912911338983
26.6425 	EXP 	grating: color = 0.25
26.6755 	EXP 	grating: phase = 0.9135703596708284
26.6755 	EXP 	grating: color = 0.25
26.7089 	EXP 	grating: phase = 0.8058452435499632
26.7089 	EXP 	grating: color = 0.25
26.7431 	EXP 	grating: phase = 0.6649100935037124
26.7431 	EXP 	grating: color = 0.25
26.7761 	EXP 	grating: phase = 0.49585901974703467
26.7761 	EXP 	grating: color = 0.25
26.8089 	EXP 	grating: phase = 0.3050701535489196
26.8089 	EXP 	grating: color = 0.25
26.8427 	EXP 	grating: phase = 0.10232840367920175
26.8427 	EXP 	grating: color = 0.25
26.8756 	EXP 	grating: phase = -0.10567238783956445
26.8756 	EXP 	grating: color = 0.25
26.9098 	EXP 	grating: phase = -0.3141952586938102
26.9098 	EXP 	grating: color = 0.25
26.9430 	EXP 	grating: phase = -0.5034602046518017
26.9430 	EXP 	grating: color = 0.25
26.9762 	EXP 	grating: phase = -0.6721962396473224
26.9762 	EXP 	grating: color = 0.25
27.0092 	EXP 	grating: phase = -0.8108381827475888
27.0092 	EXP 	grating: color = 0.25
27.0426 	EXP 	grating: phase = -0.9142562253791221
27.0426 	EXP 	grating: color = 0.25
27.0756 	EXP 	grating: phase = -0.9797962732265473
27.0756 	EXP 	grating: color = 0.25
27.1095 	EXP 	grating: phase = -0.9999640783081356
27.1095 	EXP 	grating: color = 0.25
27.1427 	EXP 	grating: phase = -0.9775973034453666
27.1427 	EXP 	grating: color = 0.25
27.1765 	EXP 	grating: phase = -0.9105418365237459
27.1765 	EXP 	grating: color = 0.25
27.2100 	EXP 	grating: phase = -0.8064072914449116
27.2100 	EXP 	grating: color = 0.25
27.2431 	EXP 	grating: phase = -0.6651921756192286
27.2431 	EXP 	grating: color = 0.25
27.2769 	EXP 	grating: phase = -0.4963441422095246
27.2769 	EXP 	grating: color = 0.25
27.3102 	EXP 	grating: phase = -0.30073919402894134
27.3102 	EXP 	grating: color = 0.25
27.3436 	EXP 	grating: phase = -0.09725255344353828
27.3436 	EXP 	grating: color = 0.25
27.3764 	EXP 	grating: phase = 0.11315311140149094
27.3764 	EXP 	grating: color = 0.25
27.4101 	EXP 	grating: phase = 0.3133687906098426
27.4101 	EXP 	grating: color = 0.25
27.4436 	EXP 	grating: phase = 0.5058336559541412
27.4436 	EXP 	grating: color = 0.25
27.4766 	EXP 	grating: phase = 0.6765888816119335
27.4766 	EXP 	grating: color = 0.25
27.5098 	EXP 	grating: phase = 0.8132882937768606
27.5098 	EXP 	grating: color = 0.24058241699822247
27.5426 	EXP 	grating: phase = 0.915610335706416
27.5426 	EXP 	grating: color = 0.22409073100425303
27.5770 	EXP 	grating: phase = 0.9801223813634572
27.5770 	EXP 	grating: color = 0.20704045053571463
27.6101 	EXP 	grating: phase = 0.9999764103841331
27.6101 	EXP 	grating: color = 0.19061769801191986
27.6437 	EXP 	grating: phase = 0.9760230894643731
27.6437 	EXP 	grating: color = 0.17370293207932264
27.6764 	EXP 	grating: phase = 0.9096669293457282
27.6764 	EXP 	grating: color = 0.15707828756421804
27.7103 	EXP 	grating: phase = 0.8049235923080633
27.7103 	EXP 	grating: color = 0.1406016465043649
27.7436 	EXP 	grating: phase = 0.6626891751883754
27.7436 	EXP 	grating: color = 0.12381041410844773
27.7772 	EXP 	grating: phase = 0.49263038384684166
27.7772 	EXP 	grating: color = 0.10715388401877135
27.8107 	EXP 	grating: phase = 0.3001594547965354
27.8107 	EXP 	grating: color = 0.09042346209753305
27.8431 	EXP 	grating: phase = 0.09334245526151055
27.8431 	EXP 	grating: color = 0.07360320200677961
27.8770 	EXP 	grating: phase = -0.11501484978508054
27.8770 	EXP 	grating: color = 0.056991227087564766
27.9099 	EXP 	grating: phase = -0.31624106820326103
27.9099 	EXP 	grating: color = 0.04054786451160908
27.9442 	EXP 	grating: phase = -0.5106299137541577
27.9442 	EXP 	grating: color = 0.023517359513789415
27.9766 	EXP 	grating: phase = -0.6742650223185238
27.9766 	EXP 	grating: color = 0.0072790575213730335
28.0108 	EXP 	grating: phase = -0.8141490090120428
28.0108 	EXP 	grating: color = 0
28.0440 	EXP 	grating: phase = -0.9159601910559051
28.0440 	EXP 	grating: color = 0
28.0774 	EXP 	grating: phase = -0.9808054847402358
28.0774 	EXP 	grating: color = 0
28.1112 	EXP 	grating: phase = -0.9999750626880936
28.1112 	EXP 	grating: color = 0
28.1435 	EXP 	grating: phase = -0.9752093115597131
28.1435 	EXP 	grating: color = 0
28.1767 	EXP 	grating: phase = -0.9082070562796246
28.1767 	EXP 	grating: color = 0
28.2105 	EXP 	grating: phase = -0.8047585203693008
28.2105 	EXP 	grating: color = 0
28.2297 	DATA 	Keypress: up
28.2434 	EXP 	grating: phase = -0.6599780273670438
28.2434 	EXP 	grating: color = 0
28.2602 	EXP 	fixation: autoDraw = False
28.2602 	EXP 	grating: autoDraw = False
28.2602 	EXP 	fd_instructions: text = 'Correct!'
28.2602 	EXP 	fd_instructions: autoDraw = True
30.2621 	EXP 	fd_instructions: autoDraw = False
30.2621 	EXP 	grating: color = '[0.24393288 0.24393288 0.24393288] (rgb)'
30.2621 	EXP 	grating: size = array([3.5, 3.5])
30.2621 	EXP 	grating: ori = 90.0
30.2621 	EXP 	grating: sf = array([1.2, 1.2])
30.3950 	EXP 	fixation: autoDraw = True
30.9963 	EXP 	fixation: autoDraw = False
31.2468 	EXP 	grating: phase = -0.6517086651903707
31.2468 	EXP 	grating: color = -0.008378374442105775
31.2794 	EXP 	grating: phase = -0.4795794360720602
31.2794 	EXP 	grating: color = 0.007885291857557462
31.3125 	EXP 	grating: phase = -0.2799711961156476
31.3125 	EXP 	grating: color = 0.024692973520401295
31.3464 	EXP 	grating: phase = -0.07719110598358903
31.3464 	EXP 	grating: color = 0.0407253626518692
31.3796 	EXP 	grating: phase = 0.12950682438253058
31.3796 	EXP 	grating: color = 0.05681005400421776
31.4135 	EXP 	grating: phase = 0.33779689388464174
31.4135 	EXP 	grating: color = 0.07348001891595249
31.4463 	EXP 	grating: phase = 0.5232922896303788
31.4463 	EXP 	grating: color = 0.08948662775186227
31.4794 	EXP 	grating: phase = 0.6880472438192201
31.4794 	EXP 	grating: color = 0.1056435144729349
31.5136 	EXP 	grating: phase = 0.8253728712973177
31.5136 	EXP 	grating: color = 0.1221205137718898
31.5459 	EXP 	grating: phase = 0.924430237022412
31.5459 	EXP 	grating: color = 0.138333261150913
31.5800 	EXP 	grating: phase = 0.983649544106108
31.5800 	EXP 	grating: color = 0.1546323587018202
31.6128 	EXP 	grating: phase = 0.9996866718916665
31.6128 	EXP 	grating: color = 0.17063682681870104
31.6461 	EXP 	grating: phase = 0.9711490220496086
31.6461 	EXP 	grating: color = 0.1873885951177878
31.6801 	EXP 	grating: phase = 0.9012335300805624
31.6801 	EXP 	grating: color = 0.20349173656934644
31.7132 	EXP 	grating: phase = 0.7917684885266785
31.7132 	EXP 	grating: color = 0.21971403971555148
31.7464 	EXP 	grating: phase = 0.6506245075206148
31.7464 	EXP 	grating: color = 0.23565336311481966
31.7805 	EXP 	grating: phase = 0.4727836276866022
31.7805 	EXP 	grating: color = 0.24393288281885755
31.8136 	EXP 	grating: phase = 0.27975273187836897
31.8136 	EXP 	grating: color = 0.24393288281885755
31.8464 	EXP 	grating: phase = 0.07327399899158327
31.8464 	EXP 	grating: color = 0.24393288281885755
31.8805 	EXP 	grating: phase = -0.13538805311318095
31.8805 	EXP 	grating: color = 0.24393288281885755
31.9141 	EXP 	grating: phase = -0.3407414337909281
31.9141 	EXP 	grating: color = 0.24393288281885755
31.9321 	DATA 	Keypress: right
31.9471 	EXP 	grating: phase = -0.52608474998144
31.9471 	EXP 	grating: color = 0.24393288281885755
31.9633 	EXP 	fixation: autoDraw = False
31.9633 	EXP 	grating: autoDraw = False
31.9633 	EXP 	fd_instructions: text = 'Correct!'
31.9633 	EXP 	fd_instructions: autoDraw = True
33.9650 	EXP 	fd_instructions: autoDraw = False
33.9650 	EXP 	grating: color = '[0.20430437 0.20430437 0.20430437] (rgb)'
33.9650 	EXP 	grating: size = array([3.5, 3.5])
33.9650 	EXP 	grating: ori = 0.0
33.9650 	EXP 	grating: sf = array([1.2, 1.2])
34.0989 	EXP 	fixation: autoDraw = True
34.6988 	EXP 	fixation: autoDraw = False
34.9490 	EXP 	grating: phase = -0.5407431932568142
34.9490 	EXP 	grating: color = -0.006704374612532057
34.9831 	EXP 	grating: phase = -0.7031921440819447
34.9831 	EXP 	grating: color = 0.006855655089366979
35.0165 	EXP 	grating: phase = -0.8339319061237922
35.0165 	EXP 	grating: color = 0.020279732919659062
35.0494 	EXP 	grating: phase = -0.9311590102472538
35.0494 	EXP 	grating: color = 0.0340227412939311
35.0828 	EXP 	grating: phase = -0.9867469697029556
35.0828 	EXP 	grating: color = 0.04769344972467933
35.1160 	EXP 	grating: phase = -0.9989774928190222
35.1160 	EXP 	grating: color = 0.061235501836829555
35.1490 	EXP 	grating: phase = -0.9667545150432182
35.1490 	EXP 	grating: color = 0.0751102416312176
35.1826 	EXP 	grating: phase = -0.8935420311574958
35.1826 	EXP 	grating: color = 0.08857283942960441
35.2160 	EXP 	grating: phase = -0.7796038624822315
35.2160 	EXP 	grating: color = 0.10230875765086679
35.2499 	EXP 	grating: phase = -0.6347401734414371
35.2499 	EXP 	grating: color = 0.11572499841041209
35.2829 	EXP 	grating: phase = -0.45857060900207197
35.2829 	EXP 	grating: color = 0.12946492216950242
35.3167 	EXP 	grating: phase = -0.26378668124106763
35.3167 	EXP 	grating: color = 0.14308453604229607
35.3494 	EXP 	grating: phase = -0.05517847930716708
35.3494 	EXP 	grating: color = 0.156855699723744
35.3826 	EXP 	grating: phase = 0.15513945976549984
35.3826 	EXP 	grating: color = 0.170585908414873
35.4167 	EXP 	grating: phase = 0.35616907724716107
35.4167 	EXP 	grating: color = 0.18412807659372038
35.4348 	DATA 	Keypress: up
35.4500 	EXP 	grating: phase = 0.540355261164543
35.4500 	EXP 	grating: color = 0.1975696412989876
35.4670 	EXP 	fixation: autoDraw = False
35.4670 	EXP 	grating: autoDraw = False
35.4670 	EXP 	fd_instructions: text = 'Correct!'
35.4670 	EXP 	fd_instructions: autoDraw = True
37.4682 	EXP 	fd_instructions: autoDraw = False
37.4682 	EXP 	grating: color = '[0.16917766 0.16917766 0.16917766] (rgb)'
37.4682 	EXP 	grating: size = array([3.5, 3.5])
37.4682 	EXP 	grating: ori = 0.0
37.4682 	EXP 	grating: sf = array([1.2, 1.2])
37.6020 	EXP 	fixation: autoDraw = True
38.2019 	EXP 	fixation: autoDraw = False
38.4359 	EXP 	grating: phase = 0.4647380201553543
38.4359 	EXP 	grating: color = -0.011076896955962588
38.4691 	EXP 	grating: phase = 0.6385973448858507
38.4691 	EXP 	grating: color = 0.00019236106955254184
38.5028 	EXP 	grating: phase = 0.7862196323903581
38.5028 	EXP 	grating: color = 0.011611524087876388
38.5354 	EXP 	grating: phase = 0.8953404478323542
38.5354 	EXP 	grating: color = 0.022626224167243043
38.5687 	EXP 	grating: phase = 0.9697020870264045
38.5687 	EXP 	grating: color = 0.034195354729287204
38.6017 	EXP 	grating: phase = 0.9990415314327749
38.6017 	EXP 	grating: color = 0.04512734525080544
38.6351 	EXP 	grating: phase = 0.9854276045150848
38.6351 	EXP 	grating: color = 0.056687981020912194
38.6696 	EXP 	grating: phase = 0.9301735293178656
38.6696 	EXP 	grating: color = 0.06772723902933987
38.7024 	EXP 	grating: phase = 0.8312954070923937
38.7024 	EXP 	grating: color = 0.07922139436709806
38.7358 	EXP 	grating: phase = 0.69890099971672
38.7358 	EXP 	grating: color = 0.09041025918798128
38.7688 	EXP 	grating: phase = 0.5361140014090134
38.7688 	EXP 	grating: color = 0.10160346208002118
38.8027 	EXP 	grating: phase = 0.34468039580985477
38.8027 	EXP 	grating: color = 0.11312195807301899
38.8356 	EXP 	grating: phase = 0.14505661130194386
38.8356 	EXP 	grating: color = 0.12423511990472781
38.8690 	EXP 	grating: phase = -0.0627809565370322
38.8690 	EXP 	grating: color = 0.13545526026019272
38.9029 	EXP 	grating: phase = -0.2739424394227291
38.9029 	EXP 	grating: color = 0.1470156402333096
38.9052 	DATA 	Keypress: up
38.9191 	EXP 	fixation: autoDraw = False
38.9191 	EXP 	grating: autoDraw = False
38.9191 	EXP 	fd_instructions: text = 'Correct!'
38.9191 	EXP 	fd_instructions: autoDraw = True
40.9213 	EXP 	fd_instructions: autoDraw = False
40.9213 	EXP 	grating: color = '[0.13843365 0.13843365 0.13843365] (rgb)'
40.9213 	EXP 	grating: size = array([3.5, 3.5])
40.9213 	EXP 	grating: ori = 90.0
40.9213 	EXP 	grating: sf = array([1.2, 1.2])
41.0546 	EXP 	fixation: autoDraw = True
41.6551 	EXP 	fixation: autoDraw = False
41.9049 	EXP 	grating: phase = -0.28886354798679886
41.9049 	EXP 	grating: color = -0.004494937154331449
41.9382 	EXP 	grating: phase = -0.47765961933719053
41.9382 	EXP 	grating: color = 0.00453708138308093
41.9724 	EXP 	grating: phase = -0.6519488575671565
41.9724 	EXP 	grating: color = 0.013884656970209805
42.0047 	EXP 	grating: phase = -0.7965800525398485
42.0047 	EXP 	grating: color = 0.02321165771201274
42.0382 	EXP 	grating: phase = -0.9052557236689474
42.0382 	EXP 	grating: color = 0.03247271112764083
42.0717 	EXP 	grating: phase = -0.9732052245846853
42.0717 	EXP 	grating: color = 0.04158512087146539
42.1056 	EXP 	grating: phase = -0.9998006549806691
42.1056 	EXP 	grating: color = 0.05093207600038909
42.1383 	EXP 	grating: phase = -0.9821045676267667
42.1383 	EXP 	grating: color = 0.06016402125589539
42.1723 	EXP 	grating: phase = -0.921375070397287
42.1723 	EXP 	grating: color = 0.06940069649797881
42.2048 	EXP 	grating: phase = -0.8205125347367588
42.2048 	EXP 	grating: color = 0.07862192010677331
42.2390 	EXP 	grating: phase = -0.6818704849713161
42.2390 	EXP 	grating: color = 0.0879634823741356
42.2718 	EXP 	grating: phase = -0.5166376244305961
42.2718 	EXP 	grating: color = 0.09710204805736274
42.3057 	EXP 	grating: phase = -0.327403334737328
42.3057 	EXP 	grating: color = 0.10633357552693369
42.3391 	EXP 	grating: phase = -0.12804177999717925
42.3391 	EXP 	grating: color = 0.11536826638589365
42.3725 	EXP 	grating: phase = 0.08199099348197812
42.3725 	EXP 	grating: color = 0.12464292533797121
42.4053 	EXP 	grating: phase = 0.2924672753798137
42.4053 	EXP 	grating: color = 0.13410490168583378
42.4384 	EXP 	grating: phase = 0.4800299165679954
42.4384 	EXP 	grating: color = 0.13843364674088682
42.4726 	EXP 	grating: phase = 0.6555515414167156
42.4726 	EXP 	grating: color = 0.13843364674088682
42.5050 	EXP 	grating: phase = 0.7986502748765677
42.5050 	EXP 	grating: color = 0.13843364674088682
42.5073 	DATA 	Keypress: right
42.5227 	EXP 	fixation: autoDraw = False
42.5227 	EXP 	grating: autoDraw = False
42.5227 	EXP 	fd_instructions: text = 'Correct!'
42.5227 	EXP 	fd_instructions: autoDraw = True
44.5233 	EXP 	fd_instructions: autoDraw = False
44.5233 	EXP 	text: autoDraw = True
45.0632 	EXP 	Imported stairDefinitions.xlsx as conditions, 1 conditions, 15 params
45.0672 	DATA 	Keypress: space
45.0745 	EXP 	text: autoDraw = False
45.0745 	EXP 	grating: color = '[0.25 0.25 0.25] (rgb)'
45.0745 	EXP 	grating: size = array([3.5, 3.5])
45.0745 	EXP 	grating: ori = 0.0
45.0745 	EXP 	grating: sf = array([1.2, 1.2])
45.2081 	EXP 	fixation: autoDraw = True
45.8084 	EXP 	fixation: autoDraw = False
46.0581 	EXP 	grating: phase = -0.9512698740015987
46.0581 	EXP 	grating: color = -0.011485044495202601
46.0922 	EXP 	grating: phase = -0.9946478863851468
46.0922 	EXP 	grating: color = 0.005215913522988558
46.1255 	EXP 	grating: phase = -0.9946405026481788
46.1255 	EXP 	grating: color = 0.02170036395546049
46.1593 	EXP 	grating: phase = -0.9523077718315481
46.1593 	EXP 	grating: color = 0.03813445148989558
46.1922 	EXP 	grating: phase = -0.8668271286385567
46.1922 	EXP 	grating: color = 0.05499704601243138
46.2255 	EXP 	grating: phase = -0.743702237290333
46.2255 	EXP 	grating: color = 0.07173126947600394
46.2586 	EXP 	grating: phase = -0.5890805564810477
46.2586 	EXP 	grating: color = 0.08833034092094749
46.2921 	EXP 	grating: phase = -0.4072524083454862
46.2921 	EXP 	grating: color = 0.10507868498098105
46.3251 	EXP 	grating: phase = -0.2092045210614106
46.3251 	EXP 	grating: color = 0.1216848159674555
46.3583 	EXP 	grating: phase = 0.0017839959499424695
46.3583 	EXP 	grating: color = 0.13859960495028645
46.3920 	EXP 	grating: phase = 0.20790260509375671
46.3920 	EXP 	grating: color = 0.1551235179649666
46.4251 	EXP 	grating: phase = 0.40453477713450037
46.4251 	EXP 	grating: color = 0.1715993699617684
46.4592 	EXP 	grating: phase = 0.5896579629316407
46.4592 	EXP 	grating: color = 0.18864179600495845
46.4926 	EXP 	grating: phase = 0.7448350078399623
46.4926 	EXP 	grating: color = 0.2053269704338163
46.5259 	EXP 	grating: phase = 0.8668838184382106
46.5259 	EXP 	grating: color = 0.22193386347498745
46.5590 	EXP 	grating: phase = 0.9513967755220064
46.5590 	EXP 	grating: color = 0.23854491452220827
46.5916 	EXP 	grating: phase = 0.9944366986643218
46.5916 	EXP 	grating: color = 0.25
46.6109 	DATA 	Keypress: up
46.6254 	EXP 	grating: phase = 0.9944690279967132
46.6254 	EXP 	grating: color = 0.25
46.8897 	EXP 	window1: mouseVisible = True
