11.9862 	WARNING 	User requested fullscreen with size [800 600], but screen is actually [2560, 1440]. Using actual size
13.1452 	EXP 	Created window1 = Window(allowGUI=False, allowStencil=False, args=UNKNOWN, autoLog=True, bitsMode=UNKNOWN, blendMode='avg', color=array([0., 0., 0.]), colorSpace='rgb', fullscr=<method-wrapper '__getattribute__' of attributeSetter object at 0x1367eec50>, gamma=None, gammaErrorPolicy='raise', kwargs=UNKNOWN, lms=UNKNOWN, monitor=<psychopy.monitors.calibTools.Monitor object at 0x136621ba8>, multiSample=False, name='window1', numSamples=2, pos=[0.0, 0.0], screen=0, size=array([2560, 1440]), stereo=False, units='deg', useFBO=True, useRetina=False, viewOri=0.0, viewPos=None, viewScale=None, waitBlanking=True, winType='pyglet')
13.1453 	EXP 	window1: recordFrameIntervals = False
13.3113 	EXP 	window1: recordFrameIntervals = True
13.4952 	EXP 	window1: recordFrameIntervals = False
15.5463 	EXP 	Created instrText = TextStim(__class__=<class 'psychopy.visual.text.TextStim'>, alignHoriz='center', alignVert='center', antialias=True, autoLog=True, bold=False, color='white', colorSpace='named', contrast=1.0, depth=0.0, flipHoriz=False, flipVert=False, font='Arial', fontFiles=[], height=1, italic=False, languageStyle='LTR', name='instrText', opacity=1.0, ori=0, pos=array([0., 0.]), rgb=array([255., 255., 255.]), text=str(...), units='deg', win=Window(...), wrapWidth=15.0)
15.5573 	EXP 	Created fixation = GratingStim(__class__=<class 'psychopy.visual.grating.GratingStim'>, autoDraw=False, autoLog=True, blendmode='avg', color='black', colorSpace='named', contrast=1.0, depth=-1.0, interpolate=True, mask='gauss', maskParams=None, name='fixation', opacity=1.0, ori=0.0, phase=array([0., 0.]), pos=array([0., 0.]), rgbPedestal=array([0., 0., 0.]), sf=array([1., 1.]), size=array([1., 1.]), tex=None, texRes=128, units='deg', win=Window(...))
15.5627 	EXP 	Created grating = GratingStim(__class__=<class 'psychopy.visual.grating.GratingStim'>, autoDraw=False, autoLog=True, blendmode='avg', color='white', colorSpace='named', contrast=1.0, depth=-2.0, interpolate=True, mask='gauss', maskParams=None, name='grating', opacity=1.0, ori=1.0, phase=array([0., 0.]), pos=array([0., 0.]), rgbPedestal=array([0., 0., 0.]), sf=array([1., 1.]), size=array([1., 1.]), tex='sin', texRes=128, units='deg', win=Window(...))
15.5749 	EXP 	Created fd_instructions = TextStim(__class__=<class 'psychopy.visual.text.TextStim'>, alignHoriz='center', alignVert='center', antialias=True, autoLog=True, bold=False, color='white', colorSpace='named', contrast=1.0, depth=-1.0, flipHoriz=False, flipVert=False, font='Arial', fontFiles=[], height=1, italic=False, languageStyle='LTR', name='fd_instructions', opacity=1.0, ori=0, pos=array([0., 0.]), rgb=array([255., 255., 255.]), text='default text', units='deg', win=Window(...), wrapWidth=15.0)
15.6244 	EXP 	Created text = TextStim(__class__=<class 'psychopy.visual.text.TextStim'>, alignHoriz='center', alignVert='center', antialias=True, autoLog=True, bold=False, color='white', colorSpace='named', contrast=1.0, depth=0.0, flipHoriz=False, flipVert=False, font='Arial', fontFiles=[], height=1, italic=False, languageStyle='LTR', name='text', opacity=1.0, ori=0, pos=array([0., 0.]), rgb=array([255., 255., 255.]), text=str(...), units='deg', win=Window(...), wrapWidth=15.0)
15.6337 	EXP 	Created fixation = GratingStim(__class__=<class 'psychopy.visual.grating.GratingStim'>, autoDraw=False, autoLog=True, blendmode='avg', color='black', colorSpace='named', contrast=1.0, depth=-1.0, interpolate=True, mask='gauss', maskParams=None, name='fixation', opacity=1.0, ori=0.0, phase=array([0., 0.]), pos=array([0., 0.]), rgbPedestal=array([0., 0., 0.]), sf=array([1., 1.]), size=array([1., 1.]), tex=None, texRes=128, units='deg', win=Window(...))
15.6391 	EXP 	Created grating = GratingStim(__class__=<class 'psychopy.visual.grating.GratingStim'>, autoDraw=False, autoLog=True, blendmode='avg', color='white', colorSpace='named', contrast=1.0, depth=-2.0, interpolate=True, mask='gauss', maskParams=None, name='grating', opacity=1.0, ori=1.0, phase=array([0., 0.]), pos=array([0., 0.]), rgbPedestal=array([0., 0., 0.]), sf=array([1., 1.]), size=array([1., 1.]), tex='sin', texRes=128, units='deg', win=Window(...))
15.6598 	EXP 	Created thanksMsg = TextStim(__class__=<class 'psychopy.visual.text.TextStim'>, alignHoriz='center', alignVert='center', antialias=True, autoLog=True, bold=False, color=array([1., 1., 1.]), colorSpace='rgb', contrast=1.0, depth=0.0, flipHoriz=False, flipVert=False, font='Arial', fontFiles=[], height=1, italic=False, languageStyle='LTR', name='thanksMsg', opacity=1.0, ori=0, pos=array([0., 0.]), rgb=array([1., 1., 1.]), text=str(...), units='deg', win=Window(...), wrapWidth=15.0)
15.7027 	EXP 	instrText: autoDraw = True
17.3986 	DATA 	Keypress: space
17.4160 	EXP 	instrText: autoDraw = False
17.4160 	EXP 	grating: color = '[1. 1. 1.] (rgb)'
17.4160 	EXP 	grating: size = array([3.5, 3.5])
17.4160 	EXP 	grating: ori = 90.0
17.4160 	EXP 	grating: sf = array([12., 12.])
17.5490 	EXP 	fixation: autoDraw = True
18.1496 	EXP 	fixation: autoDraw = False
18.3998 	EXP 	grating: color = 0.016198021320701875
18.4332 	EXP 	grating: color = -0.020786956883759485
18.4674 	EXP 	grating: color = -0.032274368900366834
18.5003 	EXP 	grating: color = -0.016120523887551263
18.5340 	EXP 	grating: color = 0.028200639611503913
18.5672 	EXP 	grating: color = 0.09993513562098644
18.5997 	EXP 	grating: color = 0.19175847402348667
18.6335 	EXP 	grating: color = 0.29938010380038776
18.6666 	EXP 	grating: color = 0.41477500959010694
18.7008 	EXP 	grating: color = 0.5303901186750494
18.7335 	EXP 	grating: color = 0.6300165648651436
18.7669 	EXP 	grating: color = 0.7100969822593474
18.8012 	EXP 	grating: color = 0.7560949956525236
18.8343 	EXP 	grating: color = 0.7649218401943395
18.8667 	EXP 	grating: color = 0.7272981963983696
18.9006 	EXP 	grating: color = 0.641900091705983
18.9335 	EXP 	grating: color = 0.4885591943750588
18.9669 	EXP 	grating: color = 0.2920847055689095
19.0009 	EXP 	grating: color = 0.08685274665259958
19.0342 	EXP 	grating: color = -0.11996295756359428
19.0670 	EXP 	grating: color = -0.3239824792062197
19.1007 	EXP 	grating: color = -0.512504620272237
19.1337 	EXP 	grating: color = -0.6795967763966384
19.1676 	EXP 	grating: color = -0.8162976457824965
19.2006 	EXP 	grating: color = -0.9195633344961626
19.2345 	EXP 	grating: color = -0.9820022452965637
19.2679 	EXP 	grating: color = -0.9998454526833342
19.3009 	EXP 	grating: color = -0.9744438334209574
19.3342 	EXP 	grating: color = -0.9072776595712855
19.3676 	EXP 	grating: color = -0.7998009701160688
19.4004 	EXP 	grating: color = -0.6576885145061762
19.4340 	EXP 	grating: color = -0.4842917943805564
19.4677 	EXP 	grating: color = -0.2940866927717683
19.5012 	EXP 	grating: color = -0.08759797772851637
19.5347 	EXP 	grating: color = 0.12157710616765251
19.5677 	EXP 	grating: color = 0.3267611255590228
19.6014 	EXP 	grating: color = 0.517043506475363
19.6340 	EXP 	grating: color = 0.68428639585232
19.6683 	EXP 	grating: color = 0.8204658976281829
19.7010 	EXP 	grating: color = 0.9195406385906946
19.7343 	EXP 	grating: color = 0.982373350101168
19.7674 	EXP 	grating: color = 0.9997703099146376
19.8008 	EXP 	grating: color = 0.974499574861255
19.8342 	EXP 	grating: color = 0.9060636175379184
19.8680 	EXP 	grating: color = 0.7963235292376787
19.9017 	EXP 	grating: color = 0.6568022961340932
19.9345 	EXP 	grating: color = 0.4629102229862991
19.9683 	EXP 	grating: color = 0.2558578775895126
20.0012 	EXP 	grating: color = 0.06832317020177463
20.0351 	EXP 	grating: color = -0.0964733184694306
20.0679 	EXP 	grating: color = -0.2282429176117817
20.1018 	EXP 	grating: color = -0.32096346511794166
20.1354 	EXP 	grating: color = -0.3808252234366542
20.1684 	EXP 	grating: color = -0.4012913226446226
20.2015 	EXP 	grating: color = -0.3890342792356105
20.2355 	EXP 	grating: color = -0.3477861437721193
20.2688 	EXP 	grating: color = -0.28772024032204563
20.3012 	EXP 	grating: color = -0.2149452417120389
20.3356 	EXP 	grating: color = -0.13942099099449518
20.3686 	EXP 	grating: color = -0.06972042319593691
20.4016 	EXP 	grating: color = -0.014159456832340047
20.4356 	EXP 	grating: color = -0.0
20.4687 	EXP 	grating: color = -0.0
20.5025 	EXP 	grating: color = -0.0
20.5352 	EXP 	grating: color = 0.0
20.5682 	EXP 	grating: color = 0.0
20.6021 	EXP 	grating: color = 0.0
20.6355 	EXP 	grating: color = 0.0
20.6684 	EXP 	grating: color = 0.0
20.7025 	EXP 	grating: color = 0.0
20.7359 	EXP 	grating: color = 0.0
20.7690 	EXP 	grating: color = 0.0
20.8018 	EXP 	grating: color = 0.0
20.8357 	EXP 	grating: color = 0.0
20.8691 	EXP 	grating: color = 0.0
20.9024 	EXP 	grating: color = 0.0
20.9361 	EXP 	grating: color = 0.0
20.9683 	EXP 	grating: color = 0.0
21.0023 	EXP 	grating: color = 0.0
21.0356 	EXP 	grating: color = -0.0
21.0692 	EXP 	grating: color = -0.0
21.1025 	EXP 	grating: color = -0.0
21.1354 	EXP 	grating: color = -0.0
21.1695 	EXP 	grating: color = -0.0
21.2026 	EXP 	grating: color = -0.0
21.2355 	EXP 	grating: color = -0.0
21.2688 	EXP 	grating: color = -0.0
21.3030 	EXP 	grating: color = -0.0
21.3356 	EXP 	grating: color = -0.0
21.3696 	EXP 	grating: color = -0.0
21.4029 	EXP 	grating: color = -0.0
21.4364 	EXP 	grating: color = -0.0
21.4694 	EXP 	grating: color = -0.0
21.5031 	EXP 	grating: color = -0.0
21.5364 	EXP 	grating: color = 0.0
21.5698 	EXP 	grating: color = 0.0
21.6029 	EXP 	grating: color = 0.0
21.6363 	EXP 	grating: color = 0.0
21.6698 	EXP 	grating: color = 0.0
21.7029 	EXP 	grating: color = 0.0
21.7366 	EXP 	grating: color = 0.0
21.7558 	DATA 	Keypress: right
21.7699 	EXP 	grating: color = 0.0
21.7864 	EXP 	fixation: autoDraw = False
21.7864 	EXP 	grating: autoDraw = False
21.7864 	EXP 	fd_instructions: text = 'Correct!'
21.7864 	EXP 	fd_instructions: autoDraw = True
23.7878 	EXP 	fd_instructions: autoDraw = False
23.7878 	EXP 	grating: color = '[1. 1. 1.] (rgb)'
23.7878 	EXP 	grating: size = array([3.5, 3.5])
23.7878 	EXP 	grating: ori = 90.0
23.7878 	EXP 	grating: sf = array([12., 12.])
23.9214 	EXP 	fixation: autoDraw = True
24.5214 	EXP 	fixation: autoDraw = False
24.7725 	EXP 	grating: color = -0.03482031353766386
24.8059 	EXP 	grating: color = 0.032033542692476734
24.8388 	EXP 	grating: color = 0.08876180593449252
24.8718 	EXP 	grating: color = 0.1292209031309147
24.9056 	EXP 	grating: color = 0.14752263588154832
24.9394 	EXP 	grating: color = 0.13777603669720856
24.9725 	EXP 	grating: color = 0.09628229028882304
25.0055 	EXP 	grating: color = 0.02562756943650147
25.0393 	EXP 	grating: color = -0.0732982418791902
25.0723 	EXP 	grating: color = -0.1999822599652336
25.1056 	EXP 	grating: color = -0.34246630849063014
25.1387 	EXP 	grating: color = -0.4945055729030562
25.1721 	EXP 	grating: color = -0.6391737134214445
25.2060 	EXP 	grating: color = -0.7752565323145534
25.2393 	EXP 	grating: color = -0.8864563304713293
25.2725 	EXP 	grating: color = -0.9652262185376086
25.3056 	EXP 	grating: color = -0.9673279245692279
25.3397 	EXP 	grating: color = -0.8915000562967611
25.3729 	EXP 	grating: color = -0.7786391546211525
25.4059 	EXP 	grating: color = -0.6320734066801798
25.4399 	EXP 	grating: color = -0.4544637041512566
25.4725 	EXP 	grating: color = -0.25837633441023583
25.5054 	EXP 	grating: color = -0.05869772527082896
25.5388 	EXP 	grating: color = 0.1544660950661632
25.5730 	EXP 	grating: color = 0.35735590598994715
25.6062 	EXP 	grating: color = 0.5418318052821474
25.6390 	EXP 	grating: color = 0.7049897052621525
25.6728 	EXP 	grating: color = 0.8378744049448408
25.7064 	EXP 	grating: color = 0.931788630168034
25.7398 	EXP 	grating: color = 0.9869899548996318
25.7730 	EXP 	grating: color = 0.9988630226692492
25.8060 	EXP 	grating: color = 0.9671051775755116
25.8398 	EXP 	grating: color = 0.8909372720907469
25.8729 	EXP 	grating: color = 0.7791002981157245
25.9066 	EXP 	grating: color = 0.6276852570199096
25.9399 	EXP 	grating: color = 0.45527225498250906
25.9731 	EXP 	grating: color = 0.25926923630587945
26.0070 	EXP 	grating: color = 0.04929799443815296
26.0402 	EXP 	grating: color = -0.15882057543387404
26.0735 	EXP 	grating: color = -0.3608056697184882
26.1065 	EXP 	grating: color = -0.5444625167747167
26.1397 	EXP 	grating: color = -0.7055839562959099
26.1736 	EXP 	grating: color = -0.8367988133075751
26.2070 	EXP 	grating: color = -0.9329143710806782
26.2401 	EXP 	grating: color = -0.9881024882506846
26.2729 	EXP 	grating: color = -0.9987626188061761
26.3063 	EXP 	grating: color = -0.9301363563120607
26.3397 	EXP 	grating: color = -0.8023477707221836
26.3739 	EXP 	grating: color = -0.6480807369590558
26.4070 	EXP 	grating: color = -0.47904997913512376
26.4404 	EXP 	grating: color = -0.31403868924427897
26.4739 	EXP 	grating: color = -0.16037091822415986
26.5073 	EXP 	grating: color = -0.03052028227950564
26.5398 	EXP 	grating: color = 0.0796434851238917
26.5734 	EXP 	grating: color = 0.1552858524740975
26.6074 	EXP 	grating: color = 0.19980308040676265
26.6407 	EXP 	grating: color = 0.21119395333436936
26.6737 	EXP 	grating: color = 0.19424935187552922
26.7075 	EXP 	grating: color = 0.15442330266887705
26.7408 	EXP 	grating: color = 0.09578480729263632
26.7741 	EXP 	grating: color = 0.030470563430129386
26.8071 	EXP 	grating: color = 0.0
26.8404 	EXP 	grating: color = 0.0
26.8734 	EXP 	grating: color = 0.0
26.9077 	EXP 	grating: color = 0.0
26.9405 	EXP 	grating: color = 0.0
26.9733 	EXP 	grating: color = 0.0
27.0074 	EXP 	grating: color = 0.0
27.0410 	EXP 	grating: color = -0.0
27.0739 	EXP 	grating: color = -0.0
27.1078 	EXP 	grating: color = -0.0
27.1402 	EXP 	grating: color = -0.0
27.1744 	EXP 	grating: color = -0.0
27.2075 	EXP 	grating: color = -0.0
27.2409 	EXP 	grating: color = -0.0
27.2739 	EXP 	grating: color = -0.0
27.3069 	EXP 	grating: color = -0.0
27.3403 	EXP 	grating: color = -0.0
27.3747 	EXP 	grating: color = -0.0
27.4071 	EXP 	grating: color = -0.0
27.4404 	EXP 	grating: color = -0.0
27.4739 	EXP 	grating: color = -0.0
27.5070 	EXP 	grating: color = -0.0
27.5409 	EXP 	grating: color = 0.0
27.5741 	EXP 	grating: color = 0.0
27.5931 	DATA 	Keypress: right
27.6072 	EXP 	grating: color = 0.0
27.6238 	EXP 	fixation: autoDraw = False
27.6238 	EXP 	grating: autoDraw = False
27.6238 	EXP 	fd_instructions: text = 'Correct!'
27.6238 	EXP 	fd_instructions: autoDraw = True
29.6262 	EXP 	fd_instructions: autoDraw = False
29.6262 	EXP 	grating: color = '[0.98823145 0.98823145 0.98823145] (rgb)'
29.6262 	EXP 	grating: size = array([3.5, 3.5])
29.6262 	EXP 	grating: ori = 0.0
29.6262 	EXP 	grating: sf = array([12., 12.])
29.7601 	EXP 	fixation: autoDraw = True
30.3601 	EXP 	fixation: autoDraw = False
30.6102 	EXP 	grating: color = -0.019297653899601034
30.6440 	EXP 	grating: color = 0.022772135423737
30.6771 	EXP 	grating: color = 0.08380627501635565
30.7101 	EXP 	grating: color = 0.1545841357730794
30.7433 	EXP 	grating: color = 0.22628060039943484
30.7771 	EXP 	grating: color = 0.2948539524961141
30.8103 	EXP 	grating: color = 0.34657683999714944
30.8443 	EXP 	grating: color = 0.37566521597229
30.8774 	EXP 	grating: color = 0.37562229183130097
30.9103 	EXP 	grating: color = 0.3411009111682316
30.9440 	EXP 	grating: color = 0.2684883140879887
30.9775 	EXP 	grating: color = 0.1604310273898919
31.0106 	EXP 	grating: color = 0.02028892092052074
31.0433 	EXP 	grating: color = -0.15165821040045005
31.0777 	EXP 	grating: color = -0.3395767650417538
31.1112 	EXP 	grating: color = -0.5410960728574464
31.1442 	EXP 	grating: color = -0.7172304620080462
31.1777 	EXP 	grating: color = -0.8407204207067078
31.2109 	EXP 	grating: color = -0.9311675852658201
31.2445 	EXP 	grating: color = -0.980075551573546
31.2776 	EXP 	grating: color = -0.9850322699787825
31.3112 	EXP 	grating: color = -0.9466100689893509
31.3441 	EXP 	grating: color = -0.8676458886770005
31.3771 	EXP 	grating: color = -0.7526789845366034
31.4113 	EXP 	grating: color = -0.5991548784233197
31.4445 	EXP 	grating: color = -0.42359121412706513
31.4780 	EXP 	grating: color = -0.23228406963889983
31.5113 	EXP 	grating: color = -0.023693454887410113
31.5443 	EXP 	grating: color = 0.1820091383228351
31.5774 	EXP 	grating: color = 0.37824087483446045
31.6108 	EXP 	grating: color = 0.5622661419454948
31.6448 	EXP 	grating: color = 0.7195024100590479
31.6781 	EXP 	grating: color = 0.8446458400785936
31.7110 	EXP 	grating: color = 0.9334084172233686
31.7448 	EXP 	grating: color = 0.980408279806503
31.7781 	EXP 	grating: color = 0.9848442374268629
31.8117 	EXP 	grating: color = 0.9475069629837044
31.8450 	EXP 	grating: color = 0.8655429924233119
31.8784 	EXP 	grating: color = 0.7513645761535499
31.9112 	EXP 	grating: color = 0.596069472917929
31.9447 	EXP 	grating: color = 0.41843959835127237
31.9783 	EXP 	grating: color = 0.2274390531005981
32.0113 	EXP 	grating: color = 0.01968190672395356
32.0445 	EXP 	grating: color = -0.18678238063042502
32.0787 	EXP 	grating: color = -0.3850245229327437
32.1116 	EXP 	grating: color = -0.5653793920824364
32.1449 	EXP 	grating: color = -0.6952975367602579
32.1783 	EXP 	grating: color = -0.7598338068741921
32.2119 	EXP 	grating: color = -0.7765728519088035
32.2455 	EXP 	grating: color = -0.7500922331492221
32.2786 	EXP 	grating: color = -0.6890310810161396
32.3115 	EXP 	grating: color = -0.5978937347719098
32.3455 	EXP 	grating: color = -0.49077315146346306
32.3787 	EXP 	grating: color = -0.3710061920143002
32.4119 	EXP 	grating: color = -0.25661313187885265
32.4452 	EXP 	grating: color = -0.15299815165452918
32.4787 	EXP 	grating: color = -0.06621064453502377
32.5121 	EXP 	grating: color = -0.004343996012589857
32.5456 	EXP 	grating: color = 0.030819140438441115
32.5791 	EXP 	grating: color = 0.037634124404991906
32.6122 	EXP 	grating: color = 0.017482376284706933
32.6456 	EXP 	grating: color = 0.0
32.6783 	EXP 	grating: color = 0.0
32.7122 	EXP 	grating: color = 0.0
32.7448 	EXP 	grating: color = 0.0
32.7782 	EXP 	grating: color = 0.0
32.8119 	EXP 	grating: color = 0.0
32.8457 	EXP 	grating: color = 0.0
32.8785 	EXP 	grating: color = 0.0
32.9126 	EXP 	grating: color = 0.0
32.9459 	EXP 	grating: color = 0.0
32.9792 	EXP 	grating: color = 0.0
33.0117 	EXP 	grating: color = 0.0
33.0462 	EXP 	grating: color = -0.0
33.0787 	EXP 	grating: color = -0.0
33.1123 	EXP 	grating: color = -0.0
33.1458 	EXP 	grating: color = -0.0
33.1789 	EXP 	grating: color = -0.0
33.2129 	EXP 	grating: color = -0.0
33.2462 	EXP 	grating: color = -0.0
33.2795 	EXP 	grating: color = -0.0
33.3121 	EXP 	grating: color = -0.0
33.3453 	EXP 	grating: color = -0.0
33.3793 	EXP 	grating: color = -0.0
33.4128 	EXP 	grating: color = -0.0
33.4309 	DATA 	Keypress: up
33.4460 	EXP 	grating: color = -0.0
33.4625 	EXP 	fixation: autoDraw = False
33.4625 	EXP 	grating: autoDraw = False
33.4625 	EXP 	fd_instructions: text = 'Correct!'
33.4625 	EXP 	fd_instructions: autoDraw = True
35.4641 	EXP 	fd_instructions: autoDraw = False
35.4641 	EXP 	grating: color = '[0.97474204 0.97474204 0.97474204] (rgb)'
35.4641 	EXP 	grating: size = array([3.5, 3.5])
35.4641 	EXP 	grating: ori = 0.0
35.4641 	EXP 	grating: sf = array([12., 12.])
35.5977 	EXP 	fixation: autoDraw = True
36.1979 	EXP 	fixation: autoDraw = False
36.4486 	EXP 	grating: color = 0.013375984554823079
36.4814 	EXP 	grating: color = -0.006561634455575775
36.5147 	EXP 	grating: color = 0.0002171188267805146
36.5490 	EXP 	grating: color = 0.03461223370882489
36.5816 	EXP 	grating: color = 0.0934373396573601
36.6156 	EXP 	grating: color = 0.17065451932922965
36.6480 	EXP 	grating: color = 0.2671742604821811
36.6819 	EXP 	grating: color = 0.36661419544526025
36.7155 	EXP 	grating: color = 0.4621906465975653
36.7487 	EXP 	grating: color = 0.5494266463292522
36.7822 	EXP 	grating: color = 0.6137041944418699
36.8151 	EXP 	grating: color = 0.6480761840427813
36.8489 	EXP 	grating: color = 0.6462906626474039
36.8814 	EXP 	grating: color = 0.6023600844047698
36.9157 	EXP 	grating: color = 0.5135350615948608
36.9485 	EXP 	grating: color = 0.38093513555980746
36.9823 	EXP 	grating: color = 0.20239062791872386
37.0159 	EXP 	grating: color = -0.0009849210957769653
37.0489 	EXP 	grating: color = -0.20729054821289516
37.0818 	EXP 	grating: color = -0.39887395745245297
37.1160 	EXP 	grating: color = -0.5782969270327254
37.1486 	EXP 	grating: color = -0.7280747407884611
37.1825 	EXP 	grating: color = -0.8473183242533205
37.2155 	EXP 	grating: color = -0.928403181217052
37.2489 	EXP 	grating: color = -0.969699405253649
37.2821 	EXP 	grating: color = -0.9689158053991703
37.3156 	EXP 	grating: color = -0.9242767407121699
37.3489 	EXP 	grating: color = -0.8426085770185084
37.3830 	EXP 	grating: color = -0.7188478503747018
37.4160 	EXP 	grating: color = -0.5670563780606332
37.4496 	EXP 	grating: color = -0.39061703245639007
37.4824 	EXP 	grating: color = -0.19322124684707018
37.5156 	EXP 	grating: color = 0.003388591012634425
37.5497 	EXP 	grating: color = 0.21207866917035967
37.5821 	EXP 	grating: color = 0.4001688514722275
37.6161 	EXP 	grating: color = 0.5791311704230332
37.6490 	EXP 	grating: color = 0.728308119200018
37.6830 	EXP 	grating: color = 0.848994288640655
37.7165 	EXP 	grating: color = 0.9290612016956883
37.7497 	EXP 	grating: color = 0.9703523907067013
37.7830 	EXP 	grating: color = 0.968376149608866
37.8158 	EXP 	grating: color = 0.9249385456240027
37.8498 	EXP 	grating: color = 0.8387519408159707
37.8830 	EXP 	grating: color = 0.7185519978146235
37.9161 	EXP 	grating: color = 0.5659236895157824
37.9497 	EXP 	grating: color = 0.38804955952812387
37.9831 	EXP 	grating: color = 0.19007736273564244
38.0160 	EXP 	grating: color = -0.007162225838058138
38.0493 	EXP 	grating: color = -0.1732594381663873
38.0825 	EXP 	grating: color = -0.30838558676670885
38.1167 	EXP 	grating: color = -0.40587298879834127
38.1505 	EXP 	grating: color = -0.4611904743869378
38.1835 	EXP 	grating: color = -0.47936359127114875
38.2161 	EXP 	grating: color = -0.4626638408183345
38.2501 	EXP 	grating: color = -0.41793552647412563
38.2829 	EXP 	grating: color = -0.35323111237143023
38.3169 	EXP 	grating: color = -0.2740668076010085
38.3499 	EXP 	grating: color = -0.19262953798425572
38.3839 	EXP 	grating: color = -0.11877263041377194
38.4162 	EXP 	grating: color = -0.05455993194070652
38.4504 	EXP 	grating: color = -0.012415807225970691
38.4839 	EXP 	grating: color = -0.0
38.5161 	EXP 	grating: color = 0.0
38.5503 	EXP 	grating: color = 0.0
38.5831 	EXP 	grating: color = 0.0
38.6163 	EXP 	grating: color = 0.0
38.6501 	EXP 	grating: color = 0.0
38.6830 	EXP 	grating: color = 0.0
38.7172 	EXP 	grating: color = 0.0
38.7508 	EXP 	grating: color = 0.0
38.7840 	EXP 	grating: color = 0.0
38.8171 	EXP 	grating: color = 0.0
38.8509 	EXP 	grating: color = 0.0
38.8836 	EXP 	grating: color = 0.0
38.9175 	EXP 	grating: color = 0.0
38.9502 	EXP 	grating: color = 0.0
38.9841 	EXP 	grating: color = 0.0
39.0176 	EXP 	grating: color = -0.0
39.0507 	EXP 	grating: color = -0.0
39.0691 	DATA 	Keypress: up
39.0840 	EXP 	grating: color = -0.0
39.1007 	EXP 	fixation: autoDraw = False
39.1007 	EXP 	grating: autoDraw = False
39.1007 	EXP 	fd_instructions: text = 'Correct!'
39.1007 	EXP 	fd_instructions: autoDraw = True
40.1871 	DATA 	Keypress: escape
40.5505 	EXP 	window1: mouseVisible = True
