5.3495 	WARNING 	User requested fullscreen with size [800 600], but screen is actually [2560, 1440]. Using actual size
6.0808 	EXP 	Created window1 = Window(allowGUI=False, allowStencil=False, args=UNKNOWN, autoLog=True, bitsMode=UNKNOWN, blendMode='avg', color=array([0., 0., 0.]), colorSpace='rgb', fullscr=<method-wrapper '__getattribute__' of attributeSetter object at 0x135d1ad30>, gamma=None, gammaErrorPolicy='raise', kwargs=UNKNOWN, lms=UNKNOWN, monitor=<psychopy.monitors.calibTools.Monitor object at 0x135b33c88>, multiSample=False, name='window1', numSamples=2, pos=[0.0, 0.0], screen=0, size=array([2560, 1440]), stereo=False, units='deg', useFBO=True, useRetina=False, viewOri=0.0, viewPos=None, viewScale=None, waitBlanking=True, winType='pyglet')
6.0809 	EXP 	window1: recordFrameIntervals = False
6.2465 	EXP 	window1: recordFrameIntervals = True
6.4304 	EXP 	window1: recordFrameIntervals = False
8.8099 	EXP 	Created instrText = TextStim(__class__=<class 'psychopy.visual.text.TextStim'>, alignHoriz='center', alignVert='center', antialias=True, autoLog=True, bold=False, color='white', colorSpace='named', contrast=1.0, depth=0.0, flipHoriz=False, flipVert=False, font='Arial', fontFiles=[], height=1, italic=False, languageStyle='LTR', name='instrText', opacity=1.0, ori=0, pos=array([0., 0.]), rgb=array([255., 255., 255.]), text=str(...), units='deg', win=Window(...), wrapWidth=15.0)
8.8204 	EXP 	Created fixation = GratingStim(__class__=<class 'psychopy.visual.grating.GratingStim'>, autoDraw=False, autoLog=True, blendmode='avg', color='black', colorSpace='named', contrast=1.0, depth=-1.0, interpolate=True, mask='gauss', maskParams=None, name='fixation', opacity=1.0, ori=0.0, phase=array([0., 0.]), pos=array([0., 0.]), rgbPedestal=array([0., 0., 0.]), sf=array([1., 1.]), size=array([1., 1.]), tex=None, texRes=128, units='deg', win=Window(...))
8.8226 	EXP 	Created grating = GratingStim(__class__=<class 'psychopy.visual.grating.GratingStim'>, autoDraw=False, autoLog=True, blendmode='avg', color='white', colorSpace='named', contrast=1.0, depth=-2.0, interpolate=True, mask='gauss', maskParams=None, name='grating', opacity=1.0, ori=1.0, phase=array([0., 0.]), pos=array([0., 0.]), rgbPedestal=array([0., 0., 0.]), sf=array([1., 1.]), size=array([1., 1.]), tex='sin', texRes=128, units='deg', win=Window(...))
8.8344 	EXP 	Created fd_instructions = TextStim(__class__=<class 'psychopy.visual.text.TextStim'>, alignHoriz='center', alignVert='center', antialias=True, autoLog=True, bold=False, color='white', colorSpace='named', contrast=1.0, depth=-1.0, flipHoriz=False, flipVert=False, font='Arial', fontFiles=[], height=1, italic=False, languageStyle='LTR', name='fd_instructions', opacity=1.0, ori=0, pos=array([0., 0.]), rgb=array([255., 255., 255.]), text='default text', units='deg', win=Window(...), wrapWidth=15.0)
8.8907 	EXP 	Created text = TextStim(__class__=<class 'psychopy.visual.text.TextStim'>, alignHoriz='center', alignVert='center', antialias=True, autoLog=True, bold=False, color='white', colorSpace='named', contrast=1.0, depth=0.0, flipHoriz=False, flipVert=False, font='Arial', fontFiles=[], height=1, italic=False, languageStyle='LTR', name='text', opacity=1.0, ori=0, pos=array([0., 0.]), rgb=array([255., 255., 255.]), text=str(...), units='deg', win=Window(...), wrapWidth=15.0)
8.8997 	EXP 	Created fixation = GratingStim(__class__=<class 'psychopy.visual.grating.GratingStim'>, autoDraw=False, autoLog=True, blendmode='avg', color='black', colorSpace='named', contrast=1.0, depth=-1.0, interpolate=True, mask='gauss', maskParams=None, name='fixation', opacity=1.0, ori=0.0, phase=array([0., 0.]), pos=array([0., 0.]), rgbPedestal=array([0., 0., 0.]), sf=array([1., 1.]), size=array([1., 1.]), tex=None, texRes=128, units='deg', win=Window(...))
8.9037 	EXP 	Created grating = GratingStim(__class__=<class 'psychopy.visual.grating.GratingStim'>, autoDraw=False, autoLog=True, blendmode='avg', color='white', colorSpace='named', contrast=1.0, depth=-2.0, interpolate=True, mask='gauss', maskParams=None, name='grating', opacity=1.0, ori=1.0, phase=array([0., 0.]), pos=array([0., 0.]), rgbPedestal=array([0., 0., 0.]), sf=array([1., 1.]), size=array([1., 1.]), tex='sin', texRes=128, units='deg', win=Window(...))
8.9242 	EXP 	Created thanksMsg = TextStim(__class__=<class 'psychopy.visual.text.TextStim'>, alignHoriz='center', alignVert='center', antialias=True, autoLog=True, bold=False, color=array([1., 1., 1.]), colorSpace='rgb', contrast=1.0, depth=0.0, flipHoriz=False, flipVert=False, font='Arial', fontFiles=[], height=1, italic=False, languageStyle='LTR', name='thanksMsg', opacity=1.0, ori=0, pos=array([0., 0.]), rgb=array([1., 1., 1.]), text=str(...), units='deg', win=Window(...), wrapWidth=15.0)
8.9867 	EXP 	instrText: autoDraw = True
9.4633 	DATA 	Keypress: space
9.4828 	EXP 	instrText: autoDraw = False
9.4828 	EXP 	grating: color = '[1. 1. 1.] (rgb)'
9.4828 	EXP 	grating: size = array([3.5, 3.5])
9.4828 	EXP 	grating: ori = 0.0
9.4828 	EXP 	grating: sf = array([1.2, 1.2])
9.6154 	EXP 	fixation: autoDraw = True
10.2168 	EXP 	fixation: autoDraw = False
10.4667 	EXP 	grating: contrast = -0.48540636489915506
10.4667 	EXP 	grating: color = -0.022355077999236528
10.5003 	EXP 	grating: contrast = -0.28644751709415095
10.5003 	EXP 	grating: color = 0.04648095000447938
10.5331 	EXP 	grating: contrast = -0.08641092166975156
10.5331 	EXP 	grating: color = 0.11144629000045825
10.5666 	EXP 	grating: contrast = 0.12265058043152172
10.5666 	EXP 	grating: color = 0.1781563719996484
10.5995 	EXP 	grating: contrast = 0.3297741102312304
10.5995 	EXP 	grating: color = 0.24594124800205464
10.6336 	EXP 	grating: contrast = 0.5210883467915522
10.6336 	EXP 	grating: color = 0.3134422560033272
10.6672 	EXP 	grating: contrast = 0.6844082342279444
10.6672 	EXP 	grating: color = 0.3789103220042307
10.6998 	EXP 	grating: contrast = 0.8205048517092222
10.6998 	EXP 	grating: color = 0.4453229479986476
10.7331 	EXP 	grating: contrast = 0.9226059928968773
10.7331 	EXP 	grating: color = 0.5129178600036539
10.7668 	EXP 	grating: contrast = 0.9830136145141655
10.7668 	EXP 	grating: color = 0.5802179739985149
10.7997 	EXP 	grating: contrast = 0.9997524486942281
10.7997 	EXP 	grating: color = 0.6460510580000118
10.8331 	EXP 	grating: contrast = 0.9732851613314684
10.8331 	EXP 	grating: color = 0.7127148479994503
10.8673 	EXP 	grating: contrast = 0.9047680116985195
10.8673 	EXP 	grating: color = 0.7790147780033294
10.9021 	EXP 	grating: contrast = 0.7879565653474883
10.9021 	EXP 	grating: color = 0.8501317980044405
10.9350 	EXP 	grating: contrast = 0.6428238999558729
10.9350 	EXP 	grating: color = 0.9167325800008257
10.9681 	EXP 	grating: contrast = 0.4727084770154332
10.9681 	EXP 	grating: color = 0.9822471779989428
11.0011 	EXP 	grating: contrast = 0.27640603897623334
11.0011 	EXP 	grating: color = 1
11.0350 	EXP 	grating: contrast = 0.07072408789839235
11.0350 	EXP 	grating: color = 1
11.0683 	EXP 	grating: contrast = -0.13568140512499044
11.0683 	EXP 	grating: color = 1
11.1015 	EXP 	grating: contrast = -0.3388994591368156
11.1015 	EXP 	grating: color = 1
11.1356 	EXP 	grating: contrast = -0.5303748341385119
11.1356 	EXP 	grating: color = 1
11.1690 	EXP 	grating: contrast = -0.6941725328947086
11.1690 	EXP 	grating: color = 1
11.2020 	EXP 	grating: contrast = -0.8292377981814258
11.2020 	EXP 	grating: color = 1
11.2356 	EXP 	grating: contrast = -0.9250291480638806
11.2356 	EXP 	grating: color = 1
11.2688 	EXP 	grating: contrast = -0.984898283742615
11.2688 	EXP 	grating: color = 1
11.3018 	EXP 	grating: contrast = -0.9994888866893364
11.3018 	EXP 	grating: color = 1
11.3356 	EXP 	grating: contrast = -0.9700636622849543
11.3356 	EXP 	grating: color = 1
11.3686 	EXP 	grating: contrast = -0.8993051902522448
11.3686 	EXP 	grating: color = 1
11.4020 	EXP 	grating: contrast = -0.7902292386223481
11.4020 	EXP 	grating: color = 1
11.4357 	EXP 	grating: contrast = -0.64415523493041
11.4357 	EXP 	grating: color = 1
11.4687 	EXP 	grating: contrast = -0.470478963169368
11.4687 	EXP 	grating: color = 1
11.5023 	EXP 	grating: contrast = -0.27622467077125695
11.5023 	EXP 	grating: color = 1
11.5358 	EXP 	grating: contrast = -0.06714417949735263
11.5358 	EXP 	grating: color = 1
11.5685 	EXP 	grating: contrast = 0.13603504957090745
11.5685 	EXP 	grating: color = 1
11.6027 	EXP 	grating: contrast = 0.34270041624605274
11.6027 	EXP 	grating: color = 1
11.6355 	EXP 	grating: contrast = 0.5311807193548921
11.6355 	EXP 	grating: color = 1
11.6692 	EXP 	grating: contrast = 0.6938183312275773
11.6692 	EXP 	grating: color = 1
11.7027 	EXP 	grating: contrast = 0.8295945738847168
11.7027 	EXP 	grating: color = 1
11.7355 	EXP 	grating: contrast = 0.9284139195594999
11.7355 	EXP 	grating: color = 1
11.7687 	EXP 	grating: contrast = 0.984723849891201
11.7687 	EXP 	grating: color = 1
11.8025 	EXP 	grating: contrast = 0.9992918456684188
11.8025 	EXP 	grating: color = 1
11.8354 	EXP 	grating: contrast = 0.9702497471440422
11.8354 	EXP 	grating: color = 1
11.8689 	EXP 	grating: contrast = 0.8986597789681638
11.8689 	EXP 	grating: color = 1
11.9028 	EXP 	grating: contrast = 0.7891369546492729
11.9028 	EXP 	grating: color = 1
11.9358 	EXP 	grating: contrast = 0.6419155180251043
11.9358 	EXP 	grating: color = 1
11.9687 	EXP 	grating: contrast = 0.46955334100653073
11.9687 	EXP 	grating: color = 1
12.0030 	EXP 	grating: contrast = 0.271694087759817
12.0030 	EXP 	grating: color = 0.9486146099952748
12.0363 	EXP 	grating: contrast = 0.06448005463435708
12.0363 	EXP 	grating: color = 0.8815686759990058
12.0689 	EXP 	grating: contrast = -0.14092999548154633
12.0689 	EXP 	grating: color = 0.8159751720013446
12.1028 	EXP 	grating: contrast = -0.3463859473206043
12.1028 	EXP 	grating: color = 0.7484366200005752
12.1357 	EXP 	grating: contrast = -0.531898373634806
12.1357 	EXP 	grating: color = 0.682509651996952
12.1691 	EXP 	grating: contrast = -0.6984453705867126
12.1691 	EXP 	grating: color = 0.6149061839969363
12.2024 	EXP 	grating: contrast = -0.8284268431723296
12.2024 	EXP 	grating: color = 0.5502676940013771
12.2361 	EXP 	grating: contrast = -0.928331227187242
12.2361 	EXP 	grating: color = 0.4822728879953502
12.2691 	EXP 	grating: contrast = -0.9856605941300679
12.2691 	EXP 	grating: color = 0.41500130399799673
12.3024 	EXP 	grating: contrast = -0.9991509200865473
12.3024 	EXP 	grating: color = 0.34791106199554633
12.3355 	EXP 	grating: contrast = -0.9690364529588511
12.3355 	EXP 	grating: color = 0.2816128779959399
12.3697 	EXP 	grating: contrast = -0.8966872258877251
12.3697 	EXP 	grating: color = 0.21506237400171813
12.4028 	EXP 	grating: contrast = -0.7859086195114423
12.4028 	EXP 	grating: color = 0.14883514199755155
12.4365 	EXP 	grating: contrast = -0.6409576022132278
12.4365 	EXP 	grating: color = 0.0824933100011549
12.4696 	EXP 	grating: contrast = -0.4653467459709827
12.4696 	EXP 	grating: color = 0.015054835996124893
12.5025 	EXP 	grating: contrast = -0.273157336830125
12.5025 	EXP 	grating: color = 0
12.5366 	EXP 	grating: contrast = -0.06887211059579094
12.5366 	EXP 	grating: color = 0
12.5697 	EXP 	grating: contrast = 0.1458950772748637
12.5697 	EXP 	grating: color = 0
12.6029 	EXP 	grating: contrast = 0.3495086744357922
12.6029 	EXP 	grating: color = 0
12.6360 	EXP 	grating: contrast = 0.5337348411859577
12.6360 	EXP 	grating: color = 0
12.6702 	EXP 	grating: contrast = 0.6990445418849249
12.6702 	EXP 	grating: color = 0
12.7034 	EXP 	grating: contrast = 0.8327287361357485
12.7034 	EXP 	grating: color = 0
12.7371 	EXP 	grating: contrast = 0.9285653515619049
12.7371 	EXP 	grating: color = 0
12.7695 	EXP 	grating: contrast = 0.9857134561921136
12.7695 	EXP 	grating: color = 0
12.8032 	EXP 	grating: contrast = 0.9991383872213446
12.8032 	EXP 	grating: color = 0
12.8370 	EXP 	grating: contrast = 0.9693668466887462
12.8370 	EXP 	grating: color = 0
12.8696 	EXP 	grating: contrast = 0.8960970254209637
12.8696 	EXP 	grating: color = 0
12.9035 	EXP 	grating: contrast = 0.7824163311056388
12.9035 	EXP 	grating: color = 0
12.9370 	EXP 	grating: contrast = 0.6356311562458209
12.9370 	EXP 	grating: color = 0
12.9702 	EXP 	grating: contrast = 0.461132864388458
12.9702 	EXP 	grating: color = 0
13.0031 	EXP 	grating: contrast = 0.2690428904051951
13.0031 	EXP 	grating: color = 0
13.0219 	DATA 	Keypress: up
13.0368 	EXP 	grating: contrast = 0.066203360073454
13.0368 	EXP 	grating: color = 0
13.0539 	EXP 	fixation: autoDraw = False
13.0539 	EXP 	grating: autoDraw = False
13.0539 	EXP 	fd_instructions: text = 'Correct!'
13.0539 	EXP 	fd_instructions: autoDraw = True
15.0548 	EXP 	fd_instructions: autoDraw = False
15.0548 	EXP 	grating: color = '[1. 1. 1.] (rgb)'
15.0548 	EXP 	grating: size = array([3.5, 3.5])
15.0548 	EXP 	grating: ori = 0.0
15.0548 	EXP 	grating: sf = array([1.2, 1.2])
15.1890 	EXP 	fixation: autoDraw = True
15.7889 	EXP 	fixation: autoDraw = False
16.0223 	EXP 	grating: contrast = 0.14728535498816686
16.0223 	EXP 	grating: color = -0.06584131199633703
16.0563 	EXP 	grating: contrast = -0.06010359542656809
16.0563 	EXP 	grating: color = 0.0003171400021528825
16.0895 	EXP 	grating: contrast = -0.26551415765554015
16.0895 	EXP 	grating: color = 0.06672807200084208
16.1225 	EXP 	grating: contrast = -0.459438337709362
16.1225 	EXP 	grating: color = 0.13313804800418438
16.1555 	EXP 	grating: contrast = -0.6366312567094238
16.1555 	EXP 	grating: color = 0.20085830600146437
16.1900 	EXP 	grating: contrast = -0.7833407442317454
16.1900 	EXP 	grating: color = 0.26767291800206294
16.2233 	EXP 	grating: contrast = -0.892655406080336
16.2233 	EXP 	grating: color = 0.33235089400113793
16.2556 	EXP 	grating: contrast = -0.9680634845750026
16.2556 	EXP 	grating: color = 0.4005249840047327
16.2896 	EXP 	grating: contrast = -0.9990359325338497
16.2896 	EXP 	grating: color = 0.46720806600205833
16.3227 	EXP 	grating: contrast = -0.9865748030510432
16.3227 	EXP 	grating: color = 0.5334067720032181
16.3556 	EXP 	grating: contrast = -0.9317787197200992
16.3556 	EXP 	grating: color = 0.5994444320022012
16.3897 	EXP 	grating: contrast = -0.8340204620690681
16.3897 	EXP 	grating: color = 0.6672191800025757
16.4229 	EXP 	grating: contrast = -0.7020986232835063
16.4229 	EXP 	grating: color = 0.7334322840033565
16.4557 	EXP 	grating: contrast = -0.540186883490022
16.4557 	EXP 	grating: color = 0.799540550004167
16.4899 	EXP 	grating: contrast = -0.34905363873249207
16.4899 	EXP 	grating: color = 0.8676902000006521
16.5231 	EXP 	grating: contrast = -0.14827134327881156
16.5231 	EXP 	grating: color = 0.9338167860041722
16.5563 	EXP 	grating: contrast = 0.06024851787717712
16.5563 	EXP 	grating: color = 1
16.5898 	EXP 	grating: contrast = 0.2649722699274193
16.5898 	EXP 	grating: color = 1
16.6230 	EXP 	grating: contrast = 0.46258557202799994
16.6230 	EXP 	grating: color = 1
16.6570 	EXP 	grating: contrast = 0.6342355263324527
16.6570 	EXP 	grating: color = 1
16.6902 	EXP 	grating: contrast = 0.7845908470614724
16.6902 	EXP 	grating: color = 1
16.7235 	EXP 	grating: contrast = 0.8963181641881743
16.7235 	EXP 	grating: color = 1
16.7561 	EXP 	grating: contrast = 0.9687831614332606
16.7561 	EXP 	grating: color = 1
16.7899 	EXP 	grating: contrast = 0.9991470245985247
16.7899 	EXP 	grating: color = 1
16.8237 	EXP 	grating: contrast = 0.9860232244541277
16.8237 	EXP 	grating: color = 1
16.8566 	EXP 	grating: contrast = 0.9297193113296905
16.8566 	EXP 	grating: color = 1
16.8895 	EXP 	grating: contrast = 0.8344855691764577
16.8895 	EXP 	grating: color = 1
16.9232 	EXP 	grating: contrast = 0.7004416137444537
16.9232 	EXP 	grating: color = 1
16.9562 	EXP 	grating: contrast = 0.5382368832620353
16.9562 	EXP 	grating: color = 1
16.9896 	EXP 	grating: contrast = 0.3465045418801719
16.9896 	EXP 	grating: color = 1
17.0236 	EXP 	grating: contrast = 0.14472911778881523
17.0236 	EXP 	grating: color = 1
17.0572 	EXP 	grating: contrast = -0.06296922339711197
17.0572 	EXP 	grating: color = 1
17.0902 	EXP 	grating: contrast = -0.27056645709135924
17.0902 	EXP 	grating: color = 1
17.1230 	EXP 	grating: contrast = -0.4660677805108189
17.1230 	EXP 	grating: color = 1
17.1571 	EXP 	grating: contrast = -0.6388661136156178
17.1571 	EXP 	grating: color = 1
17.1902 	EXP 	grating: contrast = -0.7847723006448222
17.1902 	EXP 	grating: color = 1
17.2242 	EXP 	grating: contrast = -0.8949936433473041
17.2242 	EXP 	grating: color = 1
17.2563 	EXP 	grating: contrast = -0.9684435186222561
17.2563 	EXP 	grating: color = 1
17.2900 	EXP 	grating: contrast = -0.9991771690359764
17.2900 	EXP 	grating: color = 1
17.3235 	EXP 	grating: contrast = -0.9861886869184839
17.3235 	EXP 	grating: color = 1
17.3570 	EXP 	grating: contrast = -0.9286832448156429
17.3570 	EXP 	grating: color = 1
17.3900 	EXP 	grating: contrast = -0.8331226580484468
17.3900 	EXP 	grating: color = 1
17.4233 	EXP 	grating: contrast = -0.6993653188915864
17.4233 	EXP 	grating: color = 1
17.4571 	EXP 	grating: contrast = -0.5321771203959397
17.4571 	EXP 	grating: color = 1
17.4906 	EXP 	grating: contrast = -0.3447532532452795
17.4906 	EXP 	grating: color = 1
17.5236 	EXP 	grating: contrast = -0.1435506268472318
17.5236 	EXP 	grating: color = 1
17.5571 	EXP 	grating: contrast = 0.063878846020212
17.5571 	EXP 	grating: color = 0.9984633060012129
17.5908 	EXP 	grating: contrast = 0.2688918231816629
17.5908 	EXP 	grating: color = 0.9321532620015205
17.6242 	EXP 	grating: contrast = 0.4662376506837314
17.6242 	EXP 	grating: color = 0.8644110819950583
17.6569 	EXP 	grating: contrast = 0.6411341777504134
17.6569 	EXP 	grating: color = 0.7972771899949294
17.6904 	EXP 	grating: contrast = 0.784863085955923
17.6904 	EXP 	grating: color = 0.7315402940002969
17.7242 	EXP 	grating: contrast = 0.8955899183504201
17.7242 	EXP 	grating: color = 0.6655605279956944
17.7578 	EXP 	grating: contrast = 0.9691948881934116
17.7578 	EXP 	grating: color = 0.598024095997971
17.7903 	EXP 	grating: contrast = 0.9993452446539439
17.7903 	EXP 	grating: color = 0.5303145619982388
17.8242 	EXP 	grating: contrast = 0.984655657949536
17.8242 	EXP 	grating: color = 0.4629438779957127
17.8575 	EXP 	grating: contrast = 0.9282919782414749
17.8575 	EXP 	grating: color = 0.3975355820002733
17.8908 	EXP 	grating: contrast = 0.829842112945253
17.8908 	EXP 	grating: color = 0.33038133999798447
17.9239 	EXP 	grating: contrast = 0.6972336048449622
17.9239 	EXP 	grating: color = 0.26439951000065776
17.9574 	EXP 	grating: contrast = 0.5289185237587936
17.9574 	EXP 	grating: color = 0.1962166859957506
17.9902 	EXP 	grating: contrast = 0.34083178171888734
17.9902 	EXP 	grating: color = 0.12952146799943876
18.0241 	EXP 	grating: contrast = 0.14052648014533245
18.0241 	EXP 	grating: color = 0.0636480399989523
18.0570 	EXP 	grating: contrast = -0.0658908836077035
18.0570 	EXP 	grating: color = 0
18.0905 	EXP 	grating: contrast = -0.2741704884547305
18.0905 	EXP 	grating: color = 0
18.1239 	EXP 	grating: contrast = -0.4680671086901053
18.1239 	EXP 	grating: color = 0
18.1581 	EXP 	grating: contrast = -0.6437442551280682
18.1581 	EXP 	grating: color = 0
18.1912 	EXP 	grating: contrast = -0.7883760566376077
18.1912 	EXP 	grating: color = 0
18.2239 	EXP 	grating: contrast = -0.897206449030747
18.2239 	EXP 	grating: color = 0
18.2572 	EXP 	grating: contrast = -0.9693883699001803
18.2572 	EXP 	grating: color = 0
18.2912 	EXP 	grating: contrast = -0.9994167895107798
18.2912 	EXP 	grating: color = 0
18.3247 	EXP 	grating: contrast = -0.9852607051767541
18.3247 	EXP 	grating: color = 0
18.3577 	EXP 	grating: contrast = -0.9271822354604714
18.3577 	EXP 	grating: color = 0
18.3914 	EXP 	grating: contrast = -0.8305437926461898
18.3914 	EXP 	grating: color = 0
18.4245 	EXP 	grating: contrast = -0.6943640578459708
18.4245 	EXP 	grating: color = 0
18.4574 	EXP 	grating: contrast = -0.5310818799841841
18.4574 	EXP 	grating: color = 0
18.4916 	EXP 	grating: contrast = -0.34016689012587853
18.4916 	EXP 	grating: color = 0
18.5246 	EXP 	grating: contrast = -0.13775310042957273
18.5246 	EXP 	grating: color = 0
18.5583 	EXP 	grating: contrast = 0.07394366097738364
18.5583 	EXP 	grating: color = 0
18.5919 	EXP 	grating: contrast = 0.2803727157358238
18.5919 	EXP 	grating: color = 0
18.6098 	DATA 	Keypress: up
18.6244 	EXP 	grating: contrast = 0.46995071828171936
18.6244 	EXP 	grating: color = 0
18.6416 	EXP 	fixation: autoDraw = False
18.6416 	EXP 	grating: autoDraw = False
18.6416 	EXP 	fd_instructions: text = 'Correct!'
18.6416 	EXP 	fd_instructions: autoDraw = True
19.3943 	DATA 	Keypress: escape
19.7919 	EXP 	window1: mouseVisible = True
