6.9309 	WARNING 	User requested fullscreen with size [800 600], but screen is actually [2560, 1440]. Using actual size
7.6988 	EXP 	Created window1 = Window(allowGUI=False, allowStencil=False, args=UNKNOWN, autoLog=True, bitsMode=UNKNOWN, blendMode='avg', color=array([0., 0., 0.]), colorSpace='rgb', fullscr=<method-wrapper '__getattribute__' of attributeSetter object at 0x13682f668>, gamma=None, gammaErrorPolicy='raise', kwargs=UNKNOWN, lms=UNKNOWN, monitor=<psychopy.monitors.calibTools.Monitor object at 0x1365a6be0>, multiSample=False, name='window1', numSamples=2, pos=[0.0, 0.0], screen=0, size=array([2560, 1440]), stereo=False, units='deg', useFBO=True, useRetina=False, viewOri=0.0, viewPos=None, viewScale=None, waitBlanking=True, winType='pyglet')
7.6989 	EXP 	window1: recordFrameIntervals = False
7.8657 	EXP 	window1: recordFrameIntervals = True
8.0485 	EXP 	window1: recordFrameIntervals = False
8.6170 	EXP 	Created instrText = TextStim(__class__=<class 'psychopy.visual.text.TextStim'>, alignHoriz='center', alignVert='center', antialias=True, autoLog=True, bold=False, color='white', colorSpace='named', contrast=1.0, depth=0.0, flipHoriz=False, flipVert=False, font='Arial', fontFiles=[], height=1, italic=False, languageStyle='LTR', name='instrText', opacity=1.0, ori=0, pos=array([0., 0.]), rgb=array([255., 255., 255.]), text=str(...), units='deg', win=Window(...), wrapWidth=15.0)
8.6274 	EXP 	Created fixation = GratingStim(__class__=<class 'psychopy.visual.grating.GratingStim'>, autoDraw=False, autoLog=True, blendmode='avg', color='black', colorSpace='named', contrast=1.0, depth=-1.0, interpolate=True, mask='gauss', maskParams=None, name='fixation', opacity=1.0, ori=0.0, phase=array([0., 0.]), pos=array([0., 0.]), rgbPedestal=array([0., 0., 0.]), sf=array([1., 1.]), size=array([1., 1.]), tex=None, texRes=128, units='deg', win=Window(...))
8.6298 	EXP 	Created grating = GratingStim(__class__=<class 'psychopy.visual.grating.GratingStim'>, autoDraw=False, autoLog=True, blendmode='avg', color='white', colorSpace='named', contrast=1.0, depth=-2.0, interpolate=True, mask='gauss', maskParams=None, name='grating', opacity=1.0, ori=1.0, phase=array([0., 0.]), pos=array([0., 0.]), rgbPedestal=array([0., 0., 0.]), sf=array([1., 1.]), size=array([1., 1.]), tex='sin', texRes=128, units='deg', win=Window(...))
8.6418 	EXP 	Created fd_instructions = TextStim(__class__=<class 'psychopy.visual.text.TextStim'>, alignHoriz='center', alignVert='center', antialias=True, autoLog=True, bold=False, color='white', colorSpace='named', contrast=1.0, depth=-1.0, flipHoriz=False, flipVert=False, font='Arial', fontFiles=[], height=1, italic=False, languageStyle='LTR', name='fd_instructions', opacity=1.0, ori=0, pos=array([0., 0.]), rgb=array([255., 255., 255.]), text='default text', units='deg', win=Window(...), wrapWidth=15.0)
8.6699 	EXP 	Sound beep set volume 1.000
8.7260 	EXP 	Created text = TextStim(__class__=<class 'psychopy.visual.text.TextStim'>, alignHoriz='center', alignVert='center', antialias=True, autoLog=True, bold=False, color='white', colorSpace='named', contrast=1.0, depth=0.0, flipHoriz=False, flipVert=False, font='Arial', fontFiles=[], height=1, italic=False, languageStyle='LTR', name='text', opacity=1.0, ori=0, pos=array([0., 0.]), rgb=array([255., 255., 255.]), text=str(...), units='deg', win=Window(...), wrapWidth=15.0)
8.7399 	EXP 	Created fixation = GratingStim(__class__=<class 'psychopy.visual.grating.GratingStim'>, autoDraw=False, autoLog=True, blendmode='avg', color='black', colorSpace='named', contrast=1.0, depth=-1.0, interpolate=True, mask='gauss', maskParams=None, name='fixation', opacity=1.0, ori=0.0, phase=array([0., 0.]), pos=array([0., 0.]), rgbPedestal=array([0., 0., 0.]), sf=array([1., 1.]), size=array([1., 1.]), tex=None, texRes=128, units='deg', win=Window(...))
8.7442 	EXP 	Created grating = GratingStim(__class__=<class 'psychopy.visual.grating.GratingStim'>, autoDraw=False, autoLog=True, blendmode='avg', color='white', colorSpace='named', contrast=1.0, depth=-2.0, interpolate=True, mask='gauss', maskParams=None, name='grating', opacity=1.0, ori=1.0, phase=array([0., 0.]), pos=array([0., 0.]), rgbPedestal=array([0., 0., 0.]), sf=array([1., 1.]), size=array([1., 1.]), tex='sin', texRes=128, units='deg', win=Window(...))
8.7649 	EXP 	Created thanksMsg = TextStim(__class__=<class 'psychopy.visual.text.TextStim'>, alignHoriz='center', alignVert='center', antialias=True, autoLog=True, bold=False, color=array([1., 1., 1.]), colorSpace='rgb', contrast=1.0, depth=0.0, flipHoriz=False, flipVert=False, font='Arial', fontFiles=[], height=1, italic=False, languageStyle='LTR', name='thanksMsg', opacity=1.0, ori=0, pos=array([0., 0.]), rgb=array([1., 1., 1.]), text=str(...), units='deg', win=Window(...), wrapWidth=15.0)
8.8672 	EXP 	instrText: autoDraw = True
9.6912 	DATA 	Keypress: space
9.7013 	EXP 	instrText: autoDraw = False
9.7013 	EXP 	grating: color = '[1. 1. 1.] (rgb)'
9.7013 	EXP 	grating: size = array([3.5, 3.5])
9.7013 	EXP 	grating: ori = 90.0
9.7013 	EXP 	grating: sf = array([10., 10.])
9.8349 	EXP 	fixation: autoDraw = True
10.4355 	EXP 	fixation: autoDraw = False
10.6852 	EXP 	grating: contrast = 0.8415965700740827
10.6852 	EXP 	grating: color = -0.036948287997802254
10.7184 	EXP 	grating: contrast = 0.9355214128755215
10.7184 	EXP 	grating: color = 0.029726332002610434
10.7517 	EXP 	grating: contrast = 0.9884053677647262
10.7517 	EXP 	grating: color = 0.09615280800062465
10.7857 	EXP 	grating: contrast = 0.9984323456575412
10.7857 	EXP 	grating: color = 0.16249612200044794
10.8188 	EXP 	grating: contrast = 0.9644159088250779
10.8188 	EXP 	grating: color = 0.22984014200483216
10.8526 	EXP 	grating: contrast = 0.8895588303574826
10.8526 	EXP 	grating: color = 0.29570194400002947
10.8854 	EXP 	grating: contrast = 0.7767405619815813
10.8854 	EXP 	grating: color = 0.36154536200047005
10.9187 	EXP 	grating: contrast = 0.6288668465209145
10.9187 	EXP 	grating: color = 0.42819219000375597
10.9520 	EXP 	grating: contrast = 0.44749141476160786
10.9520 	EXP 	grating: color = 0.49699481000425294
10.9859 	EXP 	grating: contrast = 0.25845919275969403
10.9859 	EXP 	grating: color = 0.5614571900005103
11.0190 	EXP 	grating: contrast = 0.047933080420535436
11.0190 	EXP 	grating: color = 0.629410713998368
11.0528 	EXP 	grating: contrast = -0.15984132776251905
11.0528 	EXP 	grating: color = 0.6957785420017899
11.0860 	EXP 	grating: contrast = -0.3624581665043154
11.0860 	EXP 	grating: color = 0.7627327700029127
11.1187 	EXP 	grating: contrast = -0.5459301241218284
11.1187 	EXP 	grating: color = 0.8285038360045291
11.1522 	EXP 	grating: contrast = -0.7079449045009183
11.1522 	EXP 	grating: color = 0.8950537700002315
11.1859 	EXP 	grating: contrast = -0.8397948084535142
11.1859 	EXP 	grating: color = 0.9619951080021565
11.2193 	EXP 	grating: contrast = -0.9345623896729983
11.2193 	EXP 	grating: color = 1
11.2530 	EXP 	grating: contrast = -0.9888799457483946
11.2530 	EXP 	grating: color = 1
11.2853 	EXP 	grating: contrast = -0.9982015629276073
11.2853 	EXP 	grating: color = 1
11.2928 	DATA 	Keypress: right
11.3030 	EXP 	fixation: autoDraw = False
11.3030 	EXP 	grating: autoDraw = False
11.3030 	EXP 	fd_instructions: text = 'Correct!'
11.3030 	EXP 	fd_instructions: autoDraw = True
13.3036 	EXP 	fd_instructions: autoDraw = False
13.3036 	EXP 	grating: color = '[1. 1. 1.] (rgb)'
13.3036 	EXP 	grating: size = array([3.5, 3.5])
13.3036 	EXP 	grating: ori = 90.0
13.3036 	EXP 	grating: sf = array([1.2, 1.2])
13.4374 	EXP 	fixation: autoDraw = True
14.0381 	EXP 	fixation: autoDraw = False
14.2883 	EXP 	grating: contrast = -0.9971908340509565
14.2883 	EXP 	grating: color = -0.0326938800062635
14.3213 	EXP 	grating: contrast = -0.9609085081176398
14.3213 	EXP 	grating: color = 0.03269961399928434
14.3550 	EXP 	grating: contrast = -0.8825497047268961
14.3550 	EXP 	grating: color = 0.09923020399583038
14.3880 	EXP 	grating: contrast = -0.7650626396740879
14.3880 	EXP 	grating: color = 0.16611980599554954
14.4222 	EXP 	grating: contrast = -0.6131598342423171
14.4222 	EXP 	grating: color = 0.2333060539967846
14.4555 	EXP 	grating: contrast = -0.43379767690444393
14.4555 	EXP 	grating: color = 0.3005860279954504
14.4889 	EXP 	grating: contrast = -0.2405524016844317
14.4889 	EXP 	grating: color = 0.36608565399365034
14.5223 	EXP 	grating: contrast = -0.03277425519193765
14.5223 	EXP 	grating: color = 0.43297936399903847
14.5554 	EXP 	grating: contrast = 0.175086120734749
14.5554 	EXP 	grating: color = 0.49943326199718285
14.5883 	EXP 	grating: contrast = 0.3816586487186666
14.5883 	EXP 	grating: color = 0.5680615459932596
14.6214 	EXP 	grating: contrast = 0.5618256046087373
14.6214 	EXP 	grating: color = 0.6333101379932486
14.6558 	EXP 	grating: contrast = 0.7202421600606412
14.6558 	EXP 	grating: color = 0.6994016759999795
14.6889 	EXP 	grating: contrast = 0.8506818793216114
14.6889 	EXP 	grating: color = 0.7672209739976097
14.7225 	EXP 	grating: contrast = 0.9416337266055075
14.7225 	EXP 	grating: color = 0.8341248139986419
14.7554 	EXP 	grating: contrast = 0.9909890605449786
14.7554 	EXP 	grating: color = 0.9006450019951444
14.7889 	EXP 	grating: contrast = 0.9970676314601622
14.7889 	EXP 	grating: color = 0.9677864139957819
14.8219 	EXP 	grating: contrast = 0.9599145774664062
14.8219 	EXP 	grating: color = 1
14.8548 	EXP 	grating: contrast = 0.8803373960532405
14.8548 	EXP 	grating: color = 1
14.8888 	EXP 	grating: contrast = 0.7623435745274096
14.8888 	EXP 	grating: color = 1
14.9228 	EXP 	grating: contrast = 0.6106135193692401
14.9228 	EXP 	grating: color = 1
14.9549 	EXP 	grating: contrast = 0.43275877679146574
14.9549 	EXP 	grating: color = 1
14.9887 	EXP 	grating: contrast = 0.2359316366740303
14.9887 	EXP 	grating: color = 1
15.0218 	EXP 	grating: contrast = 0.031358351736876774
15.0218 	EXP 	grating: color = 1
15.0554 	EXP 	grating: contrast = -0.18301905277649255
15.0554 	EXP 	grating: color = 1
15.0887 	EXP 	grating: contrast = -0.3820910675419896
15.0887 	EXP 	grating: color = 1
15.1225 	EXP 	grating: contrast = -0.5665872906331766
15.1225 	EXP 	grating: color = 1
15.1563 	EXP 	grating: contrast = -0.7240863747760165
15.1563 	EXP 	grating: color = 1
15.1587 	DATA 	Keypress: right
15.1729 	EXP 	fixation: autoDraw = False
15.1729 	EXP 	grating: autoDraw = False
15.1729 	EXP 	fd_instructions: text = 'Correct!'
15.1729 	EXP 	fd_instructions: autoDraw = True
17.1738 	EXP 	fd_instructions: autoDraw = False
17.1738 	EXP 	grating: color = '[1. 1. 1.] (rgb)'
17.1738 	EXP 	grating: size = array([3.5, 3.5])
17.1738 	EXP 	grating: ori = 0.0
17.1738 	EXP 	grating: sf = array([8., 8.])
17.3072 	EXP 	fixation: autoDraw = True
17.9081 	EXP 	fixation: autoDraw = False
18.1577 	EXP 	grating: contrast = -0.7329867638768355
18.1577 	EXP 	grating: color = -0.033945784001844004
18.1913 	EXP 	grating: contrast = -0.8615946705769397
18.1913 	EXP 	grating: color = 0.034694715999648906
18.2250 	EXP 	grating: contrast = -0.9483572771206836
18.2250 	EXP 	grating: color = 0.1014277759968536
18.2576 	EXP 	grating: contrast = -0.9928419390937875
18.2576 	EXP 	grating: color = 0.16606641199905425
18.2914 	EXP 	grating: contrast = -0.9956238309151088
18.2914 	EXP 	grating: color = 0.23395084199728444
18.3252 	EXP 	grating: contrast = -0.9537363020058391
18.3252 	EXP 	grating: color = 0.301364561993978
18.3581 	EXP 	grating: contrast = -0.8702750315449295
18.3581 	EXP 	grating: color = 0.3681156579987146
18.3917 	EXP 	grating: contrast = -0.7508726125887121
18.3917 	EXP 	grating: color = 0.4338108939991798
18.4254 	EXP 	grating: contrast = -0.5984136542055153
18.4254 	EXP 	grating: color = 0.4999646899959771
18.4582 	EXP 	grating: contrast = -0.41758328052490595
18.4582 	EXP 	grating: color = 0.5670511339994846
18.4913 	EXP 	grating: contrast = -0.21557236537361985
18.4913 	EXP 	grating: color = 0.6350133719970472
18.5254 	EXP 	grating: contrast = -0.007472101786649098
18.5254 	EXP 	grating: color = 0.7017921799997566
18.5582 	EXP 	grating: contrast = 0.19766915581710537
18.5582 	EXP 	grating: color = 0.7675120339990826
18.5913 	EXP 	grating: contrast = 0.40022217813252586
18.5913 	EXP 	grating: color = 0.8352370139982668
18.6251 	EXP 	grating: contrast = 0.5816843515201918
18.6251 	EXP 	grating: color = 0.901787915994646
18.6584 	EXP 	grating: contrast = 0.73891770222306
18.6584 	EXP 	grating: color = 0.9688315079984022
18.6924 	EXP 	grating: contrast = 0.8596043161355407
18.6924 	EXP 	grating: color = 1
18.7252 	EXP 	grating: contrast = 0.9483942477848015
18.7252 	EXP 	grating: color = 1
18.7589 	EXP 	grating: contrast = 0.9940959222095761
18.7589 	EXP 	grating: color = 1
18.7921 	EXP 	grating: contrast = 0.9953932667796145
18.7921 	EXP 	grating: color = 1
18.8257 	EXP 	grating: contrast = 0.952537486318279
18.8257 	EXP 	grating: color = 1
18.8592 	EXP 	grating: contrast = 0.8696449890847704
18.8592 	EXP 	grating: color = 1
18.8926 	EXP 	grating: contrast = 0.746810862253084
18.8926 	EXP 	grating: color = 1
18.9258 	EXP 	grating: contrast = 0.5930351063527621
18.9258 	EXP 	grating: color = 1
18.9588 	EXP 	grating: contrast = 0.4146474707293682
18.9588 	EXP 	grating: color = 1
18.9774 	DATA 	Keypress: up
18.9924 	EXP 	grating: contrast = 0.21593406626689784
18.9924 	EXP 	grating: color = 1
19.0093 	EXP 	fixation: autoDraw = False
19.0093 	EXP 	grating: autoDraw = False
19.0093 	EXP 	fd_instructions: text = 'Correct!'
19.0093 	EXP 	fd_instructions: autoDraw = True
21.0104 	EXP 	fd_instructions: autoDraw = False
21.0104 	EXP 	grating: color = '[1. 1. 1.] (rgb)'
21.0104 	EXP 	grating: size = array([3.5, 3.5])
21.0104 	EXP 	grating: ori = 0.0
21.0104 	EXP 	grating: sf = array([12., 12.])
21.1443 	EXP 	fixation: autoDraw = True
21.7440 	EXP 	fixation: autoDraw = False
21.9944 	EXP 	grating: contrast = 0.20367036248499842
21.9944 	EXP 	grating: color = -0.0352154719948885
22.0278 	EXP 	grating: contrast = -0.011988922555915684
22.0278 	EXP 	grating: color = 0.03387951400509337
22.0614 	EXP 	grating: contrast = -0.21443318417091492
22.0614 	EXP 	grating: color = 0.09885907000716543
22.0949 	EXP 	grating: contrast = -0.4126562802742589
22.0949 	EXP 	grating: color = 0.1654679980056244
22.1279 	EXP 	grating: contrast = -0.5925287782391999
22.1279 	EXP 	grating: color = 0.231941022000683
22.1618 	EXP 	grating: contrast = -0.7487296014162867
22.1618 	EXP 	grating: color = 0.2994115600013174
22.1951 	EXP 	grating: contrast = -0.869791541921409
22.1951 	EXP 	grating: color = 0.36583102000440704
22.2287 	EXP 	grating: contrast = -0.9528241814274763
22.2287 	EXP 	grating: color = 0.43191121600102633
22.2615 	EXP 	grating: contrast = -0.9955417535318953
22.2615 	EXP 	grating: color = 0.5000149100014823
22.2948 	EXP 	grating: contrast = -0.9936796115108814
22.2948 	EXP 	grating: color = 0.5658998460057774
22.3280 	EXP 	grating: contrast = -0.9469002855579292
22.3280 	EXP 	grating: color = 0.6343114420014899
22.3620 	EXP 	grating: contrast = -0.8613403222492766
22.3620 	EXP 	grating: color = 0.699702296005853
22.3948 	EXP 	grating: contrast = -0.7346030260139328
22.3948 	EXP 	grating: color = 0.7674631580011919
22.4277 	EXP 	grating: contrast = -0.5815470048823632
22.4277 	EXP 	grating: color = 0.832513192006445
22.4612 	EXP 	grating: contrast = -0.39578989663578557
22.4612 	EXP 	grating: color = 0.9005498320038896
22.4947 	EXP 	grating: contrast = -0.1961726999226954
22.4947 	EXP 	grating: color = 0.9672231720032869
22.5281 	EXP 	grating: contrast = 0.008137722116989222
22.5281 	EXP 	grating: color = 1
22.5623 	EXP 	grating: contrast = 0.21460363076912684
22.5623 	EXP 	grating: color = 1
22.5947 	EXP 	grating: contrast = 0.4156148518415768
22.5947 	EXP 	grating: color = 1
22.6287 	EXP 	grating: contrast = 0.5994398586185659
22.6287 	EXP 	grating: color = 1
22.6622 	EXP 	grating: contrast = 0.7514664643020638
22.6622 	EXP 	grating: color = 1
22.6950 	EXP 	grating: contrast = 0.8734131053546322
22.6950 	EXP 	grating: color = 1
22.7289 	EXP 	grating: contrast = 0.9548508016605922
22.7289 	EXP 	grating: color = 1
22.7625 	EXP 	grating: contrast = 0.9956249693686496
22.7625 	EXP 	grating: color = 1
22.7951 	EXP 	grating: contrast = 0.9934204754222833
22.7951 	EXP 	grating: color = 1
22.8291 	EXP 	grating: contrast = 0.9476140705276644
22.8291 	EXP 	grating: color = 1
22.8615 	EXP 	grating: contrast = 0.860829295532488
22.8615 	EXP 	grating: color = 1
22.8957 	EXP 	grating: contrast = 0.7340094975739597
22.8957 	EXP 	grating: color = 1
22.9287 	EXP 	grating: contrast = 0.5781763355536053
22.9287 	EXP 	grating: color = 1
22.9616 	EXP 	grating: contrast = 0.3955940271133713
22.9616 	EXP 	grating: color = 1
22.9949 	EXP 	grating: contrast = 0.19845819740348966
22.9949 	EXP 	grating: color = 1
23.0293 	EXP 	grating: contrast = -0.01516847899858089
23.0293 	EXP 	grating: color = 1
23.0621 	EXP 	grating: contrast = -0.2217223026660794
23.0621 	EXP 	grating: color = 1
23.0953 	EXP 	grating: contrast = -0.41714936645170636
23.0953 	EXP 	grating: color = 1
23.1287 	EXP 	grating: contrast = -0.6008098192295425
23.1287 	EXP 	grating: color = 1
23.1621 	EXP 	grating: contrast = -0.7520248294821938
23.1621 	EXP 	grating: color = 1
23.1958 	EXP 	grating: contrast = -0.8737191651773845
23.1958 	EXP 	grating: color = 1
23.2286 	EXP 	grating: contrast = -0.9554335206488371
23.2286 	EXP 	grating: color = 1
23.2627 	EXP 	grating: contrast = -0.9960952854279638
23.2627 	EXP 	grating: color = 1
23.2955 	EXP 	grating: contrast = -0.992748741486383
23.2955 	EXP 	grating: color = 1
23.3291 	EXP 	grating: contrast = -0.945664675111103
23.3291 	EXP 	grating: color = 1
23.3630 	EXP 	grating: contrast = -0.858505918340518
23.3630 	EXP 	grating: color = 1
23.3962 	EXP 	grating: contrast = -0.7308617571275284
23.3962 	EXP 	grating: color = 1
23.4290 	EXP 	grating: contrast = -0.574731992668663
23.4290 	EXP 	grating: color = 1
23.4628 	EXP 	grating: contrast = -0.3906767905635145
23.4628 	EXP 	grating: color = 1
23.4965 	EXP 	grating: contrast = -0.19084681860188815
23.4965 	EXP 	grating: color = 1
23.5294 	EXP 	grating: contrast = 0.01703544225126217
23.5294 	EXP 	grating: color = 0.964508343997295
23.5631 	EXP 	grating: contrast = 0.22656514223738822
23.5631 	EXP 	grating: color = 0.8971760339991306
23.5961 	EXP 	grating: contrast = 0.422505590253325
23.5961 	EXP 	grating: color = 0.831078853996587
23.6298 	EXP 	grating: contrast = 0.6017704988265119
23.6298 	EXP 	grating: color = 0.7644006299960893
23.6626 	EXP 	grating: contrast = 0.7523065709311918
23.6626 	EXP 	grating: color = 0.6988610079934006
23.6959 	EXP 	grating: contrast = 0.8725204255484025
23.6959 	EXP 	grating: color = 0.6324009259988088
23.7296 	EXP 	grating: contrast = 0.9568649832306014
23.7296 	EXP 	grating: color = 0.5637628759941435
23.7631 	EXP 	grating: contrast = 0.9961345987900194
23.7631 	EXP 	grating: color = 0.49792066399822943
23.7966 	EXP 	grating: contrast = 0.9924945182497568
23.7966 	EXP 	grating: color = 0.43090192999807186
23.8291 	EXP 	grating: contrast = 0.9453317746769376
23.8291 	EXP 	grating: color = 0.36417609799536876
23.8633 	EXP 	grating: contrast = 0.8561384362912352
23.8633 	EXP 	grating: color = 0.29707283399329754
23.8660 	DATA 	Keypress: up
23.8800 	EXP 	fixation: autoDraw = False
23.8800 	EXP 	grating: autoDraw = False
23.8800 	EXP 	fd_instructions: text = 'Correct!'
23.8800 	EXP 	fd_instructions: autoDraw = True
25.8812 	EXP 	fd_instructions: autoDraw = False
25.8812 	EXP 	grating: color = '[1. 1. 1.] (rgb)'
25.8812 	EXP 	grating: size = array([3.5, 3.5])
25.8812 	EXP 	grating: ori = 90.0
25.8812 	EXP 	grating: sf = array([10., 10.])
26.0146 	EXP 	fixation: autoDraw = True
26.6156 	EXP 	fixation: autoDraw = False
26.8652 	EXP 	grating: contrast = 0.8472835193979623
26.8652 	EXP 	grating: color = -0.033201537997229025
26.8991 	EXP 	grating: contrast = 0.7188952393508643
26.8991 	EXP 	grating: color = 0.03319662799913203
26.9323 	EXP 	grating: contrast = 0.557731368812055
26.9323 	EXP 	grating: color = 0.10023332400305662
26.9657 	EXP 	grating: contrast = 0.3764215301800847
26.9657 	EXP 	grating: color = 0.16571798799850512
26.9983 	EXP 	grating: contrast = 0.1781379065819519
26.9983 	EXP 	grating: color = 0.23155390200554393
27.0316 	EXP 	grating: contrast = -0.03635990216797008
27.0316 	EXP 	grating: color = 0.3001401760047884
27.0651 	EXP 	grating: contrast = -0.24428295550628312
27.0651 	EXP 	grating: color = 0.3671166700005415
27.0993 	EXP 	grating: contrast = -0.4402107558266649
27.0993 	EXP 	grating: color = 0.43365900999924634
27.1317 	EXP 	grating: contrast = -0.618333284854831
27.1317 	EXP 	grating: color = 0.5007531459996244
27.1656 	EXP 	grating: contrast = -0.7642273609277382
27.1656 	EXP 	grating: color = 0.5654423720043269
27.1994 	EXP 	grating: contrast = -0.8844561035431204
27.1994 	EXP 	grating: color = 0.634033422000357
27.2326 	EXP 	grating: contrast = -0.9608745264806161
27.2326 	EXP 	grating: color = 0.6992455720028374
27.2662 	EXP 	grating: contrast = -0.9973634282280895
27.2662 	EXP 	grating: color = 0.7654369240044616
27.2992 	EXP 	grating: contrast = -0.9903285169362683
27.2992 	EXP 	grating: color = 0.8328695759992115
27.3323 	EXP 	grating: contrast = -0.9391615912793537
27.3323 	EXP 	grating: color = 0.9001626099998248
27.3660 	EXP 	grating: contrast = -0.8457174692273672
27.3660 	EXP 	grating: color = 0.9677219160003006
27.3992 	EXP 	grating: contrast = -0.7183178756396614
27.3992 	EXP 	grating: color = 1
27.4326 	EXP 	grating: contrast = -0.5595412555226503
27.4326 	EXP 	grating: color = 1
27.4660 	EXP 	grating: contrast = -0.3716414528277536
27.4660 	EXP 	grating: color = 1
27.4987 	EXP 	grating: contrast = -0.17448938693857402
27.4987 	EXP 	grating: color = 1
27.5330 	EXP 	grating: contrast = 0.03464491435226231
27.5330 	EXP 	grating: color = 1
27.5656 	EXP 	grating: contrast = 0.2451171074714993
27.5656 	EXP 	grating: color = 1
27.5996 	EXP 	grating: contrast = 0.441635092383726
27.5996 	EXP 	grating: color = 1
27.6323 	EXP 	grating: contrast = 0.6187310943969223
27.6323 	EXP 	grating: color = 1
27.6664 	EXP 	grating: contrast = 0.7689501332475952
27.6664 	EXP 	grating: color = 1
27.6994 	EXP 	grating: contrast = 0.8846739543174024
27.6994 	EXP 	grating: color = 1
27.7331 	EXP 	grating: contrast = 0.9611006499342232
27.7331 	EXP 	grating: color = 1
27.7660 	EXP 	grating: contrast = 0.9977220268226681
27.7660 	EXP 	grating: color = 1
27.7997 	EXP 	grating: contrast = 0.9895040961781209
27.7997 	EXP 	grating: color = 1
27.8322 	EXP 	grating: contrast = 0.9394562922647245
27.8322 	EXP 	grating: color = 1
27.8663 	EXP 	grating: contrast = 0.8467089530748462
27.8663 	EXP 	grating: color = 1
27.8995 	EXP 	grating: contrast = 0.7159465372833349
27.8995 	EXP 	grating: color = 1
27.9333 	EXP 	grating: contrast = 0.5589602036717267
27.9333 	EXP 	grating: color = 1
27.9665 	EXP 	grating: contrast = 0.3722500165724746
27.9665 	EXP 	grating: color = 1
27.9993 	EXP 	grating: contrast = 0.17047179466367496
27.9993 	EXP 	grating: color = 1
28.0323 	EXP 	grating: contrast = -0.03635512382161498
28.0323 	EXP 	grating: color = 1
28.0660 	EXP 	grating: contrast = -0.249681009809615
28.0660 	EXP 	grating: color = 1
28.0999 	EXP 	grating: contrast = -0.4438815931526177
28.0999 	EXP 	grating: color = 1
28.1327 	EXP 	grating: contrast = -0.6178941458591674
28.1327 	EXP 	grating: color = 1
28.1668 	EXP 	grating: contrast = -0.7670633087114165
28.1668 	EXP 	grating: color = 1
28.2002 	EXP 	grating: contrast = -0.8867474029448676
28.2002 	EXP 	grating: color = 1
28.2335 	EXP 	grating: contrast = -0.9617525984089369
28.2335 	EXP 	grating: color = 1
28.2665 	EXP 	grating: contrast = -0.9979133351761731
28.2665 	EXP 	grating: color = 1
28.2993 	EXP 	grating: contrast = -0.9897687472733732
28.2993 	EXP 	grating: color = 1
28.3330 	EXP 	grating: contrast = -0.9370018302696922
28.3330 	EXP 	grating: color = 1
28.3668 	EXP 	grating: contrast = -0.8456081066262745
28.3668 	EXP 	grating: color = 1
28.3998 	EXP 	grating: contrast = -0.7152902259431806
28.3998 	EXP 	grating: color = 0.9651490499963984
28.4328 	EXP 	grating: contrast = -0.5537757927379058
28.4328 	EXP 	grating: color = 0.8982517379990895
28.4670 	EXP 	grating: contrast = -0.3673880351250828
28.4670 	EXP 	grating: color = 0.8311861039983341
28.4996 	EXP 	grating: contrast = -0.16583764817402252
28.4996 	EXP 	grating: color = 0.7644801639980869
28.5335 	EXP 	grating: contrast = 0.04224268346119326
28.5335 	EXP 	grating: color = 0.6979959879972739
28.5662 	EXP 	grating: contrast = 0.2465502864104534
28.5662 	EXP 	grating: color = 0.6321378099964932
28.6008 	EXP 	grating: contrast = 0.447499815102507
28.6008 	EXP 	grating: color = 0.5637394840014167
28.6330 	EXP 	grating: contrast = 0.6239122003888141
28.6330 	EXP 	grating: color = 0.4969786219953676
28.6665 	EXP 	grating: contrast = 0.7706454770513806
28.6665 	EXP 	grating: color = 0.4313746979969437
28.6998 	EXP 	grating: contrast = 0.8850032778921118
28.6998 	EXP 	grating: color = 0.3656066679977812
28.7337 	EXP 	grating: contrast = 0.9637449562899991
28.7337 	EXP 	grating: color = 0.29742272599833086
28.7664 	EXP 	grating: contrast = 0.9980726500832847
28.7664 	EXP 	grating: color = 0.23121289399568923
28.8005 	EXP 	grating: contrast = 0.988787084566291
28.8005 	EXP 	grating: color = 0.1637318739958573
28.8339 	EXP 	grating: contrast = 0.9365884529779046
28.8339 	EXP 	grating: color = 0.09747242400044343
28.8673 	EXP 	grating: contrast = 0.8426192791236337
28.8673 	EXP 	grating: color = 0.03042894599639112
28.9000 	EXP 	grating: contrast = 0.7125319464752313
28.9000 	EXP 	grating: color = 0
28.9335 	EXP 	grating: contrast = 0.5509663974292476
28.9335 	EXP 	grating: color = 0
28.9673 	EXP 	grating: contrast = 0.3641030992056089
28.9673 	EXP 	grating: color = 0
29.0005 	EXP 	grating: contrast = 0.16594930850513576
29.0005 	EXP 	grating: color = 0
29.0033 	DATA 	Keypress: right
29.0170 	EXP 	fixation: autoDraw = False
29.0170 	EXP 	grating: autoDraw = False
29.0170 	EXP 	fd_instructions: text = 'Correct!'
29.0170 	EXP 	fd_instructions: autoDraw = True
31.0189 	EXP 	fd_instructions: autoDraw = False
31.0189 	EXP 	grating: color = '[1. 1. 1.] (rgb)'
31.0189 	EXP 	grating: size = array([3.5, 3.5])
31.0189 	EXP 	grating: ori = 0.0
31.0189 	EXP 	grating: sf = array([8., 8.])
31.1524 	EXP 	fixation: autoDraw = True
31.7520 	EXP 	fixation: autoDraw = False
32.0028 	EXP 	grating: contrast = 0.1485103316371425
32.0028 	EXP 	grating: color = -0.034526322000601795
32.0361 	EXP 	grating: contrast = -0.057130443719271264
32.0361 	EXP 	grating: color = 0.03111447599803796
32.0693 	EXP 	grating: contrast = -0.26807059007032086
32.0693 	EXP 	grating: color = 0.09931625999888638
32.1033 	EXP 	grating: contrast = -0.4631141203092342
32.1033 	EXP 	grating: color = 0.1661981180004659
32.1366 	EXP 	grating: contrast = -0.6373639947124794
32.1366 	EXP 	grating: color = 0.23289846399711678
32.1694 	EXP 	grating: contrast = -0.7812863266317505
32.1694 	EXP 	grating: color = 0.2983756399989943
32.2030 	EXP 	grating: contrast = -0.8940471488059372
32.2030 	EXP 	grating: color = 0.3650859279950964
32.2367 	EXP 	grating: contrast = -0.9687563265868784
32.2367 	EXP 	grating: color = 0.43314942799770506
32.2700 	EXP 	grating: contrast = -0.9988955864977921
32.2700 	EXP 	grating: color = 0.49797676999878604
32.3034 	EXP 	grating: contrast = -0.9863326380762537
32.3034 	EXP 	grating: color = 0.5656586920013069
32.3366 	EXP 	grating: contrast = -0.9292652069976389
32.3366 	EXP 	grating: color = 0.6333771439967677
32.3702 	EXP 	grating: contrast = -0.8331065399286295
32.3702 	EXP 	grating: color = 0.699572701996658
32.4033 	EXP 	grating: contrast = -0.6997859053680413
32.4033 	EXP 	grating: color = 0.7662129119999008
32.4369 	EXP 	grating: contrast = -0.5393245972120021
32.4369 	EXP 	grating: color = 0.8316456839966122
32.4703 	EXP 	grating: contrast = -0.35175919977589765
32.4703 	EXP 	grating: color = 0.8985217439985718
32.5036 	EXP 	grating: contrast = -0.14647186827210226
32.5036 	EXP 	grating: color = 0.9662058239991893
32.5362 	EXP 	grating: contrast = 0.05960779387834315
32.5362 	EXP 	grating: color = 1
32.5696 	EXP 	grating: contrast = 0.2713711291207367
32.5696 	EXP 	grating: color = 1
32.6033 	EXP 	grating: contrast = 0.4597731968472101
32.6033 	EXP 	grating: color = 1
32.6364 	EXP 	grating: contrast = 0.6353451324719617
32.6364 	EXP 	grating: color = 1
32.6704 	EXP 	grating: contrast = 0.7816898530021876
32.6704 	EXP 	grating: color = 1
32.7032 	EXP 	grating: contrast = 0.8958214239445691
32.7032 	EXP 	grating: color = 1
32.7367 	EXP 	grating: contrast = 0.9679681796455282
32.7367 	EXP 	grating: color = 1
32.7705 	EXP 	grating: contrast = 0.9992285911716614
32.7705 	EXP 	grating: color = 1
32.8039 	EXP 	grating: contrast = 0.9864152452713304
32.8039 	EXP 	grating: color = 1
32.8374 	EXP 	grating: contrast = 0.9300941179470495
32.8374 	EXP 	grating: color = 1
32.8704 	EXP 	grating: contrast = 0.8315731439950792
32.8704 	EXP 	grating: color = 1
32.9036 	EXP 	grating: contrast = 0.6990442273867505
32.9036 	EXP 	grating: color = 1
32.9372 	EXP 	grating: contrast = 0.5367801345996945
32.9372 	EXP 	grating: color = 1
32.9703 	EXP 	grating: contrast = 0.34849501259659416
32.9703 	EXP 	grating: color = 1
33.0033 	EXP 	grating: contrast = 0.14600255029604992
33.0033 	EXP 	grating: color = 1
33.0364 	EXP 	grating: contrast = -0.06682114037476487
33.0364 	EXP 	grating: color = 1
33.0704 	EXP 	grating: contrast = -0.2692578818589587
33.0704 	EXP 	grating: color = 1
33.1038 	EXP 	grating: contrast = -0.4648328418814023
33.1038 	EXP 	grating: color = 1
33.1369 	EXP 	grating: contrast = -0.637687380917623
33.1369 	EXP 	grating: color = 1
33.1702 	EXP 	grating: contrast = -0.7878040582338528
33.1702 	EXP 	grating: color = 1
33.2036 	EXP 	grating: contrast = -0.8987838775429343
33.2036 	EXP 	grating: color = 1
33.2370 	EXP 	grating: contrast = -0.9701134342849467
33.2370 	EXP 	grating: color = 1
33.2711 	EXP 	grating: contrast = -0.9993590408401787
33.2711 	EXP 	grating: color = 1
33.3044 	EXP 	grating: contrast = -0.9855065366917265
33.3044 	EXP 	grating: color = 1
33.3373 	EXP 	grating: contrast = -0.9284112768901743
33.3373 	EXP 	grating: color = 1
33.3701 	EXP 	grating: contrast = -0.8317954075686145
33.3701 	EXP 	grating: color = 1
33.4042 	EXP 	grating: contrast = -0.697068485397835
33.4042 	EXP 	grating: color = 1
33.4372 	EXP 	grating: contrast = -0.5331050728582246
33.4372 	EXP 	grating: color = 1
33.4707 	EXP 	grating: contrast = -0.3445667227050951
33.4707 	EXP 	grating: color = 1
33.5043 	EXP 	grating: contrast = -0.14166586993803587
33.5043 	EXP 	grating: color = 1
33.5379 	EXP 	grating: contrast = 0.06641864345041308
33.5379 	EXP 	grating: color = 0.9659128839994082
33.5709 	EXP 	grating: contrast = 0.273928378113545
33.5709 	EXP 	grating: color = 0.8987433720030822
33.6039 	EXP 	grating: contrast = 0.4662134099710944
33.6039 	EXP 	grating: color = 0.8326793880041805
33.6372 	EXP 	grating: contrast = 0.6433352974897532
33.6372 	EXP 	grating: color = 0.7646177560018259
33.6711 	EXP 	grating: contrast = 0.7878176610171423
33.6711 	EXP 	grating: color = 0.6982727580034407
33.7038 	EXP 	grating: contrast = 0.8984387170053252
33.7038 	EXP 	grating: color = 0.6317688740018639
33.7381 	EXP 	grating: contrast = 0.9691388352355271
33.7381 	EXP 	grating: color = 0.5663209080012166
33.7705 	EXP 	grating: contrast = 0.999397394546636
33.7705 	EXP 	grating: color = 0.49811699600104475
33.8045 	EXP 	grating: contrast = 0.984870798129368
33.8045 	EXP 	grating: color = 0.43162835400289623
33.8376 	EXP 	grating: contrast = 0.9276380680209315
33.8376 	EXP 	grating: color = 0.36519798600056674
33.8712 	EXP 	grating: contrast = 0.8288557692927137
33.8712 	EXP 	grating: color = 0.2980784180035698
33.9048 	EXP 	grating: contrast = 0.6952353353316616
33.9048 	EXP 	grating: color = 0.23176698400493478
33.9371 	EXP 	grating: contrast = 0.5317008831432485
33.9371 	EXP 	grating: color = 0.1655123380041914
33.9714 	EXP 	grating: contrast = 0.3438816068568993
33.9714 	EXP 	grating: color = 0.09882653800013941
34.0044 	EXP 	grating: contrast = 0.14094738790898817
34.0044 	EXP 	grating: color = 0.032072292000520974
34.0384 	EXP 	grating: contrast = -0.06809730717841288
34.0384 	EXP 	grating: color = 0
34.0709 	EXP 	grating: contrast = -0.2764352707399811
34.0709 	EXP 	grating: color = 0
34.1042 	EXP 	grating: contrast = -0.47334504280167
34.1042 	EXP 	grating: color = 0
34.1380 	EXP 	grating: contrast = -0.6458909559941488
34.1380 	EXP 	grating: color = 0
34.1718 	EXP 	grating: contrast = -0.7879524489679562
34.1718 	EXP 	grating: color = 0
34.2046 	EXP 	grating: contrast = -0.8994253713287819
34.2046 	EXP 	grating: color = 0
34.2387 	EXP 	grating: contrast = -0.9711452517267986
34.2387 	EXP 	grating: color = 0
34.2719 	EXP 	grating: contrast = -0.9995528223674391
34.2719 	EXP 	grating: color = 0
34.2749 	DATA 	Keypress: up
34.2883 	EXP 	fixation: autoDraw = False
34.2883 	EXP 	grating: autoDraw = False
34.2883 	EXP 	fd_instructions: text = 'Correct!'
34.2883 	EXP 	fd_instructions: autoDraw = True
36.2898 	EXP 	fd_instructions: autoDraw = False
36.2898 	EXP 	grating: color = '[1. 1. 1.] (rgb)'
36.2898 	EXP 	grating: size = array([3.5, 3.5])
36.2898 	EXP 	grating: ori = 0.0
36.2898 	EXP 	grating: sf = array([1.2, 1.2])
36.4233 	EXP 	fixation: autoDraw = True
37.0240 	EXP 	fixation: autoDraw = False
37.2738 	EXP 	grating: contrast = -0.9998926092782493
37.2738 	EXP 	grating: color = -0.03163995800423436
37.3074 	EXP 	grating: contrast = -0.9823821285000655
37.3074 	EXP 	grating: color = 0.032850538002094254
37.3406 	EXP 	grating: contrast = -0.9218003411023421
37.3406 	EXP 	grating: color = 0.09974073999910615
37.3742 	EXP 	grating: contrast = -0.8200852260863986
37.3742 	EXP 	grating: color = 0.1669670440023765
37.4071 	EXP 	grating: contrast = -0.6826171280265475
37.4071 	EXP 	grating: color = 0.23386652400222374
37.4411 	EXP 	grating: contrast = -0.512831434221151
37.4411 	EXP 	grating: color = 0.3016264300022158
37.4743 	EXP 	grating: contrast = -0.3222458038276169
37.4743 	EXP 	grating: color = 0.368589425997925
37.5072 	EXP 	grating: contrast = -0.12305421015786254
37.5072 	EXP 	grating: color = 0.4337980999989668
37.5408 	EXP 	grating: contrast = 0.09109964553984867
37.5408 	EXP 	grating: color = 0.5020728559975396
37.5734 	EXP 	grating: contrast = 0.29703923573914875
37.5734 	EXP 	grating: color = 0.5690282419964205
37.6070 	EXP 	grating: contrast = 0.48826245458507217
37.6070 	EXP 	grating: color = 0.6354045440020855
37.6411 	EXP 	grating: contrast = 0.6578768035124758
37.6411 	EXP 	grating: color = 0.7015964399979566
37.6740 	EXP 	grating: contrast = 0.7997753000102521
37.6740 	EXP 	grating: color = 0.7680725579994032
37.7073 	EXP 	grating: contrast = 0.9061060693809296
37.7073 	EXP 	grating: color = 0.834043049995671
37.7411 	EXP 	grating: contrast = 0.9754877813800071
37.7411 	EXP 	grating: color = 0.9024110940008541
37.7745 	EXP 	grating: contrast = 0.999888758452959
37.7745 	EXP 	grating: color = 0.9683149560005404
37.8075 	EXP 	grating: contrast = 0.9815718441717137
37.8075 	EXP 	grating: color = 1
37.8410 	EXP 	grating: contrast = 0.9191959028319354
37.8410 	EXP 	grating: color = 1
37.8740 	EXP 	grating: contrast = 0.8185469226395632
37.8740 	EXP 	grating: color = 1
37.9081 	EXP 	grating: contrast = 0.6785746561264154
37.9081 	EXP 	grating: color = 1
37.9407 	EXP 	grating: contrast = 0.5133325724538781
37.9407 	EXP 	grating: color = 1
37.9743 	EXP 	grating: contrast = 0.3220611177545894
37.9743 	EXP 	grating: color = 1
38.0078 	EXP 	grating: contrast = 0.11827502686130136
38.0078 	EXP 	grating: color = 1
38.0411 	EXP 	grating: contrast = -0.09453486610131001
38.0411 	EXP 	grating: color = 1
38.0742 	EXP 	grating: contrast = -0.29286842222700904
38.0742 	EXP 	grating: color = 1
38.1082 	EXP 	grating: contrast = -0.4896814439077414
38.1082 	EXP 	grating: color = 1
38.1413 	EXP 	grating: contrast = -0.6594711826716179
38.1413 	EXP 	grating: color = 1
38.1750 	EXP 	grating: contrast = -0.7997242195009202
38.1750 	EXP 	grating: color = 1
38.2081 	EXP 	grating: contrast = -0.9080094973116168
38.2081 	EXP 	grating: color = 1
38.2419 	EXP 	grating: contrast = -0.9748527733538254
38.2419 	EXP 	grating: color = 1
38.2749 	EXP 	grating: contrast = -0.9999477453325841
38.2749 	EXP 	grating: color = 1
38.3077 	EXP 	grating: contrast = -0.9808419402812523
38.3077 	EXP 	grating: color = 1
38.3416 	EXP 	grating: contrast = -0.917678505532835
38.3416 	EXP 	grating: color = 1
38.3746 	EXP 	grating: contrast = -0.8166636158270357
38.3746 	EXP 	grating: color = 1
38.4087 	EXP 	grating: contrast = -0.6792389666616406
38.4087 	EXP 	grating: color = 1
38.4420 	EXP 	grating: contrast = -0.508916762181168
38.4420 	EXP 	grating: color = 1
38.4750 	EXP 	grating: contrast = -0.32158499010857006
38.4750 	EXP 	grating: color = 1
38.5079 	EXP 	grating: contrast = -0.11709014114513074
38.5079 	EXP 	grating: color = 1
38.5411 	EXP 	grating: contrast = 0.09570470689422245
38.5411 	EXP 	grating: color = 1
38.5754 	EXP 	grating: contrast = 0.300144644285065
38.5754 	EXP 	grating: color = 1
38.6082 	EXP 	grating: contrast = 0.49038087292285004
38.6082 	EXP 	grating: color = 1
38.6416 	EXP 	grating: contrast = 0.6606290423965165
38.6416 	EXP 	grating: color = 1
38.6749 	EXP 	grating: contrast = 0.8018830594501976
38.6749 	EXP 	grating: color = 1
38.7087 	EXP 	grating: contrast = 0.910010839857599
38.7087 	EXP 	grating: color = 1
38.7418 	EXP 	grating: contrast = 0.9758599572114148
38.7418 	EXP 	grating: color = 1
38.7755 	EXP 	grating: contrast = 0.9999687562870375
38.7755 	EXP 	grating: color = 1
38.8087 	EXP 	grating: contrast = 0.9796711107049686
38.8087 	EXP 	grating: color = 0.9626659380010096
38.8416 	EXP 	grating: contrast = 0.9177348214195356
38.8416 	EXP 	grating: color = 0.89694800000143
38.8749 	EXP 	grating: contrast = 0.8157536998009912
38.8749 	EXP 	grating: color = 0.8306479680031771
38.9091 	EXP 	grating: contrast = 0.675345755219544
38.9091 	EXP 	grating: color = 0.7629717520030681
38.9420 	EXP 	grating: contrast = 0.5081187332284676
38.9420 	EXP 	grating: color = 0.6966292779979995
38.9753 	EXP 	grating: contrast = 0.3175376722497343
38.9753 	EXP 	grating: color = 0.6298216260038316
39.0089 	EXP 	grating: contrast = 0.11491612064398884
39.0089 	EXP 	grating: color = 0.5636214179976378
39.0424 	EXP 	grating: contrast = -0.0958303746693714
39.0424 	EXP 	grating: color = 0.49641409600008046
39.0751 	EXP 	grating: contrast = -0.30050081052259053
39.0751 	EXP 	grating: color = 0.42981569000403397
39.1093 	EXP 	grating: contrast = -0.49327543427289733
39.1093 	EXP 	grating: color = 0.3627840460030711
39.1421 	EXP 	grating: contrast = -0.662943861178462
39.1421 	EXP 	grating: color = 0.29627556200284744
39.1749 	EXP 	grating: contrast = -0.8030716512119139
39.1749 	EXP 	grating: color = 0.23013719599839533
39.2093 	EXP 	grating: contrast = -0.909406273443416
39.2093 	EXP 	grating: color = 0.1635026520016254
39.2421 	EXP 	grating: contrast = -0.9764973234993719
39.2421 	EXP 	grating: color = 0.09610390000307234
39.2759 	EXP 	grating: contrast = -0.9999518697604766
39.2759 	EXP 	grating: color = 0.03007084999990184
39.3086 	EXP 	grating: contrast = -0.9800716113490118
39.3086 	EXP 	grating: color = 0
39.3424 	EXP 	grating: contrast = -0.916501650274046
39.3424 	EXP 	grating: color = 0
39.3610 	DATA 	Keypress: up
39.3751 	EXP 	grating: contrast = -0.812727626024717
39.3751 	EXP 	grating: color = 0
39.3928 	EXP 	fixation: autoDraw = False
39.3928 	EXP 	grating: autoDraw = False
39.3928 	EXP 	fd_instructions: text = 'Correct!'
39.3928 	EXP 	fd_instructions: autoDraw = True
41.3943 	EXP 	fd_instructions: autoDraw = False
41.3943 	EXP 	grating: color = '[1. 1. 1.] (rgb)'
41.3943 	EXP 	grating: size = array([3.5, 3.5])
41.3943 	EXP 	grating: ori = 0.0
41.3943 	EXP 	grating: sf = array([12., 12.])
41.5280 	EXP 	fixation: autoDraw = True
42.1281 	EXP 	fixation: autoDraw = False
42.3789 	EXP 	grating: contrast = -0.8023105004883702
42.3789 	EXP 	grating: color = -0.031905164003546815
42.4112 	EXP 	grating: contrast = -0.6593607174723748
42.4112 	EXP 	grating: color = 0.03531113599456148
42.4445 	EXP 	grating: contrast = -0.49057189155991215
42.4445 	EXP 	grating: color = 0.10128068599442486
42.4780 	EXP 	grating: contrast = -0.29643787344535155
42.4780 	EXP 	grating: color = 0.16871811999590136
42.5119 	EXP 	grating: contrast = -0.09343116784048251
42.5119 	EXP 	grating: color = 0.23470824599644402
42.5448 	EXP 	grating: contrast = 0.11549971159548895
42.5448 	EXP 	grating: color = 0.3013437059998978
42.5788 	EXP 	grating: contrast = 0.32128402208733314
42.5788 	EXP 	grating: color = 0.3686063579953043
42.6115 	EXP 	grating: contrast = 0.5102555095040643
42.6115 	EXP 	grating: color = 0.4349452479946194
42.6456 	EXP 	grating: contrast = 0.6790511984372679
42.6456 	EXP 	grating: color = 0.5021008819967392
42.6783 	EXP 	grating: contrast = 0.8165279621001184
42.6783 	EXP 	grating: color = 0.5685983619987383
42.7114 	EXP 	grating: contrast = 0.916861446190518
42.7114 	EXP 	grating: color = 0.6337806879964774
42.7458 	EXP 	grating: contrast = 0.9808578771179202
42.7458 	EXP 	grating: color = 0.7021161160009797
42.7786 	EXP 	grating: contrast = 0.9999166936549757
42.7786 	EXP 	grating: color = 0.7686020519977319
42.8125 	EXP 	grating: contrast = 0.9758795994867655
42.8125 	EXP 	grating: color = 0.8345497799964505
42.8456 	EXP 	grating: contrast = 0.9076654478716447
42.8456 	EXP 	grating: color = 0.9023532259961939
42.8792 	EXP 	grating: contrast = 0.8002015069545013
42.8792 	EXP 	grating: color = 0.9692219739954453
42.9123 	EXP 	grating: contrast = 0.6585090589599897
42.9123 	EXP 	grating: color = 1
42.9452 	EXP 	grating: contrast = 0.4876516965919588
42.9452 	EXP 	grating: color = 1
42.9785 	EXP 	grating: contrast = 0.2993951556142274
42.9785 	EXP 	grating: color = 1
43.0120 	EXP 	grating: contrast = 0.09519539691951583
43.0120 	EXP 	grating: color = 1
43.0459 	EXP 	grating: contrast = -0.12002630226348843
43.0459 	EXP 	grating: color = 1
43.0790 	EXP 	grating: contrast = -0.3232473581985767
43.0790 	EXP 	grating: color = 1
43.1120 	EXP 	grating: contrast = -0.5105196768920509
43.1120 	EXP 	grating: color = 1
43.1451 	EXP 	grating: contrast = -0.681572705847353
43.1451 	EXP 	grating: color = 1
43.1793 	EXP 	grating: contrast = -0.8183349029244614
43.1793 	EXP 	grating: color = 1
43.2122 	EXP 	grating: contrast = -0.9198957616765109
43.2122 	EXP 	grating: color = 1
43.2457 	EXP 	grating: contrast = -0.9808173374620155
43.2457 	EXP 	grating: color = 1
43.2792 	EXP 	grating: contrast = -0.9999478792347929
43.2792 	EXP 	grating: color = 1
43.3125 	EXP 	grating: contrast = -0.9751321591767335
43.3125 	EXP 	grating: color = 1
43.3458 	EXP 	grating: contrast = -0.9077244026368664
43.3458 	EXP 	grating: color = 1
43.3792 	EXP 	grating: contrast = -0.801302284823001
43.3792 	EXP 	grating: color = 1
43.4125 	EXP 	grating: contrast = -0.6609796692771873
43.4125 	EXP 	grating: color = 1
43.4454 	EXP 	grating: contrast = -0.4837491276459427
43.4454 	EXP 	grating: color = 1
43.4794 	EXP 	grating: contrast = -0.292428652764346
43.4794 	EXP 	grating: color = 1
43.5125 	EXP 	grating: contrast = -0.0893326724638299
43.5125 	EXP 	grating: color = 1
43.5462 	EXP 	grating: contrast = 0.11642646978888185
43.5462 	EXP 	grating: color = 1
43.5794 	EXP 	grating: contrast = 0.32429284284730664
43.5794 	EXP 	grating: color = 1
43.6122 	EXP 	grating: contrast = 0.5113042222296148
43.6122 	EXP 	grating: color = 1
43.6459 	EXP 	grating: contrast = 0.683689531717975
43.6459 	EXP 	grating: color = 1
43.6789 	EXP 	grating: contrast = 0.8171941478265378
43.6789 	EXP 	grating: color = 1
43.7123 	EXP 	grating: contrast = 0.9189703638272476
43.7123 	EXP 	grating: color = 1
43.7458 	EXP 	grating: contrast = 0.9809113984331482
43.7458 	EXP 	grating: color = 1
43.7792 	EXP 	grating: contrast = 0.999893731551806
43.7792 	EXP 	grating: color = 1
43.8123 	EXP 	grating: contrast = 0.9751497030842127
43.8123 	EXP 	grating: color = 1
43.8466 	EXP 	grating: contrast = 0.9050277828379167
43.8466 	EXP 	grating: color = 1
43.8793 	EXP 	grating: contrast = 0.7998865918722566
43.8793 	EXP 	grating: color = 1
43.9127 	EXP 	grating: contrast = 0.6571534182109997
43.9127 	EXP 	grating: color = 0.9637450840018573
43.9458 	EXP 	grating: contrast = 0.48658609567934896
43.9458 	EXP 	grating: color = 0.8972660600047675
43.9798 	EXP 	grating: contrast = 0.2942105262950247
43.9798 	EXP 	grating: color = 0.8305602239997825
44.0127 	EXP 	grating: contrast = 0.08751609052161281
44.0127 	EXP 	grating: color = 0.7633904600006645
44.0463 	EXP 	grating: contrast = -0.12293254969647492
44.0463 	EXP 	grating: color = 0.6962732880056137
44.0792 	EXP 	grating: contrast = -0.323739133052398
44.0792 	EXP 	grating: color = 0.6305596020029043
44.1134 	EXP 	grating: contrast = -0.5180704303610014
44.1134 	EXP 	grating: color = 0.5621544020032161
44.1464 	EXP 	grating: contrast = -0.6825031928789128
44.1464 	EXP 	grating: color = 0.4963890440048999
44.1796 	EXP 	grating: contrast = -0.8192212950102538
44.1796 	EXP 	grating: color = 0.42990995600121096
44.2127 	EXP 	grating: contrast = -0.9201101968546739
44.2127 	EXP 	grating: color = 0.36360883800080046
44.2460 	EXP 	grating: contrast = -0.9825579586859077
44.2460 	EXP 	grating: color = 0.29504335800447734
44.2800 	EXP 	grating: contrast = -0.999778689969404
44.2800 	EXP 	grating: color = 0.22880101000191644
44.3133 	EXP 	grating: contrast = -0.9739947731749985
44.3133 	EXP 	grating: color = 0.16275287399912486
44.3462 	EXP 	grating: contrast = -0.9061788906960166
44.3462 	EXP 	grating: color = 0.09652270200604107
44.3805 	EXP 	grating: contrast = -0.7972008635418488
44.3805 	EXP 	grating: color = 0.029191632005677093
44.4132 	EXP 	grating: contrast = -0.6544346139298026
44.4132 	EXP 	grating: color = 0
44.4470 	EXP 	grating: contrast = -0.4803287745959393
44.4470 	EXP 	grating: color = 0
44.4798 	EXP 	grating: contrast = -0.2903741018881216
44.4798 	EXP 	grating: color = 0
44.5139 	EXP 	grating: contrast = -0.08596523607707503
44.5139 	EXP 	grating: color = 0
44.5467 	EXP 	grating: contrast = 0.1255545371392004
44.5467 	EXP 	grating: color = 0
44.5805 	EXP 	grating: contrast = 0.3256607901771115
44.5805 	EXP 	grating: color = 0
44.6136 	EXP 	grating: contrast = 0.5186845731409153
44.6136 	EXP 	grating: color = 0
44.6461 	EXP 	grating: contrast = 0.6858062498354861
44.6461 	EXP 	grating: color = 0
44.6806 	EXP 	grating: contrast = 0.8210119697805156
44.6806 	EXP 	grating: color = 0
44.6831 	DATA 	Keypress: up
44.6970 	EXP 	fixation: autoDraw = False
44.6970 	EXP 	grating: autoDraw = False
44.6970 	EXP 	fd_instructions: text = 'Correct!'
44.6970 	EXP 	fd_instructions: autoDraw = True
45.8494 	DATA 	Keypress: escape
46.3292 	EXP 	window1: mouseVisible = True
