14.9352 	WARNING 	User requested fullscreen with size [800 600], but screen is actually [2560, 1440]. Using actual size
16.2356 	EXP 	Created window1 = Window(allowGUI=False, allowStencil=False, args=UNKNOWN, autoLog=True, bitsMode=UNKNOWN, blendMode='avg', color=array([0., 0., 0.]), colorSpace='rgb', fullscr=<method-wrapper '__getattribute__' of attributeSetter object at 0x136990be0>, gamma=None, gammaErrorPolicy='raise', kwargs=UNKNOWN, lms=UNKNOWN, monitor=<psychopy.monitors.calibTools.Monitor object at 0x13654e6a0>, multiSample=False, name='window1', numSamples=2, pos=[0.0, 0.0], screen=0, size=array([2560, 1440]), stereo=False, units='deg', useFBO=True, useRetina=False, viewOri=0.0, viewPos=None, viewScale=None, waitBlanking=True, winType='pyglet')
16.2357 	EXP 	window1: recordFrameIntervals = False
16.4019 	EXP 	window1: recordFrameIntervals = True
16.5474 	WARNING 	t of last frame was 29.37ms (=1/34)
16.7180 	EXP 	window1: recordFrameIntervals = False
19.3550 	EXP 	Created instrText = TextStim(__class__=<class 'psychopy.visual.text.TextStim'>, alignHoriz='center', alignVert='center', antialias=True, autoLog=True, bold=False, color='white', colorSpace='named', contrast=1.0, depth=0.0, flipHoriz=False, flipVert=False, font='Arial', fontFiles=[], height=1, italic=False, languageStyle='LTR', name='instrText', opacity=1.0, ori=0, pos=array([0., 0.]), rgb=array([255., 255., 255.]), text=str(...), units='deg', win=Window(...), wrapWidth=15.0)
19.3660 	EXP 	Created fixation = GratingStim(__class__=<class 'psychopy.visual.grating.GratingStim'>, autoDraw=False, autoLog=True, blendmode='avg', color='black', colorSpace='named', contrast=1.0, depth=-1.0, interpolate=True, mask='gauss', maskParams=None, name='fixation', opacity=1.0, ori=0.0, phase=array([0., 0.]), pos=array([0., 0.]), rgbPedestal=array([0., 0., 0.]), sf=array([1., 1.]), size=array([1., 1.]), tex=None, texRes=128, units='deg', win=Window(...))
19.3683 	EXP 	Created grating = GratingStim(__class__=<class 'psychopy.visual.grating.GratingStim'>, autoDraw=False, autoLog=True, blendmode='avg', color='white', colorSpace='named', contrast=1.0, depth=-2.0, interpolate=True, mask='gauss', maskParams=None, name='grating', opacity=1.0, ori=1.0, phase=array([0., 0.]), pos=array([0., 0.]), rgbPedestal=array([0., 0., 0.]), sf=array([1., 1.]), size=array([1., 1.]), tex='sin', texRes=128, units='deg', win=Window(...))
19.3802 	EXP 	Created fd_instructions = TextStim(__class__=<class 'psychopy.visual.text.TextStim'>, alignHoriz='center', alignVert='center', antialias=True, autoLog=True, bold=False, color='white', colorSpace='named', contrast=1.0, depth=-1.0, flipHoriz=False, flipVert=False, font='Arial', fontFiles=[], height=1, italic=False, languageStyle='LTR', name='fd_instructions', opacity=1.0, ori=0, pos=array([0., 0.]), rgb=array([255., 255., 255.]), text='default text', units='deg', win=Window(...), wrapWidth=15.0)
19.4254 	EXP 	Created text = TextStim(__class__=<class 'psychopy.visual.text.TextStim'>, alignHoriz='center', alignVert='center', antialias=True, autoLog=True, bold=False, color='white', colorSpace='named', contrast=1.0, depth=0.0, flipHoriz=False, flipVert=False, font='Arial', fontFiles=[], height=1, italic=False, languageStyle='LTR', name='text', opacity=1.0, ori=0, pos=array([0., 0.]), rgb=array([255., 255., 255.]), text=str(...), units='deg', win=Window(...), wrapWidth=15.0)
19.4348 	EXP 	Created fixation = GratingStim(__class__=<class 'psychopy.visual.grating.GratingStim'>, autoDraw=False, autoLog=True, blendmode='avg', color='black', colorSpace='named', contrast=1.0, depth=-1.0, interpolate=True, mask='gauss', maskParams=None, name='fixation', opacity=1.0, ori=0.0, phase=array([0., 0.]), pos=array([0., 0.]), rgbPedestal=array([0., 0., 0.]), sf=array([1., 1.]), size=array([1., 1.]), tex=None, texRes=128, units='deg', win=Window(...))
19.4411 	EXP 	Created grating = GratingStim(__class__=<class 'psychopy.visual.grating.GratingStim'>, autoDraw=False, autoLog=True, blendmode='avg', color='white', colorSpace='named', contrast=1.0, depth=-2.0, interpolate=True, mask='gauss', maskParams=None, name='grating', opacity=1.0, ori=1.0, phase=array([0., 0.]), pos=array([0., 0.]), rgbPedestal=array([0., 0., 0.]), sf=array([1., 1.]), size=array([1., 1.]), tex='sin', texRes=128, units='deg', win=Window(...))
19.4622 	EXP 	Created thanksMsg = TextStim(__class__=<class 'psychopy.visual.text.TextStim'>, alignHoriz='center', alignVert='center', antialias=True, autoLog=True, bold=False, color=array([1., 1., 1.]), colorSpace='rgb', contrast=1.0, depth=0.0, flipHoriz=False, flipVert=False, font='Arial', fontFiles=[], height=1, italic=False, languageStyle='LTR', name='thanksMsg', opacity=1.0, ori=0, pos=array([0., 0.]), rgb=array([1., 1., 1.]), text=str(...), units='deg', win=Window(...), wrapWidth=15.0)
19.5089 	EXP 	instrText: autoDraw = True
20.0475 	EXP 	Imported stairDefinitions.xlsx as conditions, 1 conditions, 15 params
20.2187 	DATA 	Keypress: space
20.2383 	EXP 	instrText: autoDraw = False
20.2383 	EXP 	grating: color = '[0.25 0.25 0.25] (rgb)'
20.2383 	EXP 	grating: size = array([3.5, 3.5])
20.2383 	EXP 	grating: ori = 0.0
20.2383 	EXP 	grating: sf = array([1.2, 1.2])
20.3716 	EXP 	fixation: autoDraw = True
20.9734 	EXP 	fixation: autoDraw = False
21.2235 	EXP 	grating: phase = -0.8311391004803388
21.2235 	EXP 	grating: color = -0.004260677960701287
21.2566 	EXP 	grating: phase = -0.9289586126105015
21.2566 	EXP 	grating: color = 0.0124684990150854
21.2905 	EXP 	grating: phase = -0.9851388468416109
21.2905 	EXP 	grating: color = 0.028911104542203248
21.3241 	EXP 	grating: phase = -0.9992814474296845
21.3241 	EXP 	grating: color = 0.04566540603991598
21.3572 	EXP 	grating: phase = -0.9695820835466805
21.3572 	EXP 	grating: color = 0.062326299492269754
21.3906 	EXP 	grating: phase = -0.8975354934077945
21.3906 	EXP 	grating: color = 0.07899745344184339
21.4233 	EXP 	grating: phase = -0.7854889701120173
21.4233 	EXP 	grating: color = 0.09575148147996515
21.4565 	EXP 	grating: phase = -0.6395390911183317
21.4565 	EXP 	grating: color = 0.11243076750542969
21.4902 	EXP 	grating: phase = -0.46447544177908406
21.4902 	EXP 	grating: color = 0.12921041902154684
21.5241 	EXP 	grating: phase = -0.2737547324877309
21.5241 	EXP 	grating: color = 0.14558240748010576
21.5574 	EXP 	grating: phase = -0.0658278564830762
21.5574 	EXP 	grating: color = 0.16240722255315632
21.5900 	EXP 	grating: phase = 0.14379696463015085
21.5900 	EXP 	grating: color = 0.17913092847447842
21.6237 	EXP 	grating: phase = 0.34205508698632814
21.6237 	EXP 	grating: color = 0.19544882501941174
21.6574 	EXP 	grating: phase = 0.534462502444155
21.6574 	EXP 	grating: color = 0.21252342651132494
21.6900 	EXP 	grating: phase = 0.6978954356264964
21.6900 	EXP 	grating: color = 0.22911816800478846
21.7241 	EXP 	grating: phase = 0.8297941056525058
21.7241 	EXP 	grating: color = 0.24554401345085353
21.7429 	DATA 	Keypress: up
21.7569 	EXP 	grating: phase = 0.9278213886782314
21.7569 	EXP 	grating: color = 0.25
21.7742 	EXP 	fixation: autoDraw = False
21.7742 	EXP 	grating: autoDraw = False
21.7742 	EXP 	fd_instructions: text = 'Correct!'
21.7742 	EXP 	fd_instructions: autoDraw = True
23.7759 	EXP 	fd_instructions: autoDraw = False
23.7759 	EXP 	grating: color = '[0.24393288 0.24393288 0.24393288] (rgb)'
23.7759 	EXP 	grating: size = array([3.5, 3.5])
23.7759 	EXP 	grating: ori = 0.0
23.7759 	EXP 	grating: sf = array([1.2, 1.2])
23.9086 	EXP 	fixation: autoDraw = True
24.5096 	EXP 	fixation: autoDraw = False
24.7436 	EXP 	grating: phase = 0.8915485280915839
24.7436 	EXP 	grating: color = -0.016081457782965308
24.7760 	EXP 	grating: phase = 0.9668594216518405
24.7760 	EXP 	grating: color = 0.0003638220484508509
24.8093 	EXP 	grating: phase = 0.9988348726175302
24.8093 	EXP 	grating: color = 0.01666720115100604
24.8427 	EXP 	grating: phase = 0.9869975638689701
24.8427 	EXP 	grating: color = 0.032948048634869685
24.8761 	EXP 	grating: phase = 0.9317311081260076
24.8761 	EXP 	grating: color = 0.04927113164416129
24.9097 	EXP 	grating: phase = 0.8359493467148756
24.9097 	EXP 	grating: color = 0.06553142147809518
24.9434 	EXP 	grating: phase = 0.7065715052908244
24.9434 	EXP 	grating: color = 0.08145664811874459
24.9761 	EXP 	grating: phase = 0.5415860132533521
24.9761 	EXP 	grating: color = 0.09794703787307504
25.0095 	EXP 	grating: phase = 0.35300314094191754
25.0095 	EXP 	grating: color = 0.11438418681152662
25.0436 	EXP 	grating: phase = 0.15159828099990572
25.0436 	EXP 	grating: color = 0.13056575666137923
25.0771 	EXP 	grating: phase = -0.056388772931541
25.0771 	EXP 	grating: color = 0.14676125833702508
25.1095 	EXP 	grating: phase = -0.26369432718475294
25.1095 	EXP 	grating: color = 0.16310768479345458
25.1439 	EXP 	grating: phase = -0.45881123776638455
25.1439 	EXP 	grating: color = 0.1793901935325341
25.1763 	EXP 	grating: phase = -0.6334139908625305
25.1763 	EXP 	grating: color = 0.19564388741652783
25.2103 	EXP 	grating: phase = -0.7778828236018049
25.2103 	EXP 	grating: color = 0.21158510765687974
25.2439 	EXP 	grating: phase = -0.8939035473252168
25.2439 	EXP 	grating: color = 0.2282663842115657
25.2764 	EXP 	grating: phase = -0.9675876136393136
25.2764 	EXP 	grating: color = 0.24393288281885755
25.3103 	EXP 	grating: phase = -0.9986979741038441
25.3103 	EXP 	grating: color = 0.24393288281885755
25.3438 	EXP 	grating: phase = -0.9866624092182184
25.3438 	EXP 	grating: color = 0.24393288281885755
25.3765 	EXP 	grating: phase = -0.9311788373108927
25.3765 	EXP 	grating: color = 0.24393288281885755
25.3959 	DATA 	Keypress: up
25.4100 	EXP 	grating: phase = -0.8344609799016143
25.4100 	EXP 	grating: color = 0.24393288281885755
25.4272 	EXP 	fixation: autoDraw = False
25.4272 	EXP 	grating: autoDraw = False
25.4272 	EXP 	fd_instructions: text = 'Correct!'
25.4272 	EXP 	fd_instructions: autoDraw = True
27.4283 	EXP 	fd_instructions: autoDraw = False
27.4283 	EXP 	grating: color = '[0.20430437 0.20430437 0.20430437] (rgb)'
27.4283 	EXP 	grating: size = array([3.5, 3.5])
27.4283 	EXP 	grating: ori = 0.0
27.4283 	EXP 	grating: sf = array([1.2, 1.2])
27.5617 	EXP 	fixation: autoDraw = True
28.1629 	EXP 	fixation: autoDraw = False
28.4124 	EXP 	grating: phase = -0.829033502084912
28.4124 	EXP 	grating: color = -0.007023621105283511
28.4457 	EXP 	grating: phase = -0.6902544002836006
28.4457 	EXP 	grating: color = 0.006990612402570653
28.4793 	EXP 	grating: phase = -0.5297222102770245
28.4793 	EXP 	grating: color = 0.020236021155009554
28.5128 	EXP 	grating: phase = -0.3402494830489029
28.5128 	EXP 	grating: color = 0.03395996918946699
28.5459 	EXP 	grating: phase = -0.13759685023300874
28.5459 	EXP 	grating: color = 0.04756112626927122
28.5793 	EXP 	grating: phase = 0.07685139728183867
28.5793 	EXP 	grating: color = 0.061547393696720486
28.6129 	EXP 	grating: phase = 0.27763649781130045
28.6129 	EXP 	grating: color = 0.07483302802688238
28.6457 	EXP 	grating: phase = 0.47119564784095597
28.6457 	EXP 	grating: color = 0.08844530201299423
28.6801 	EXP 	grating: phase = 0.6485567429589182
28.6801 	EXP 	grating: color = 0.10242964787064922
28.7134 	EXP 	grating: phase = 0.7920790956258732
28.7134 	EXP 	grating: color = 0.11599820362282026
28.7464 	EXP 	grating: phase = 0.8995303991147179
28.7464 	EXP 	grating: color = 0.1292884592151248
28.7794 	EXP 	grating: phase = 0.9723024386960881
28.7794 	EXP 	grating: color = 0.14336327383069278
28.8126 	EXP 	grating: phase = 0.9996255969549622
28.8126 	EXP 	grating: color = 0.15691018885204366
28.8460 	EXP 	grating: phase = 0.9842699525604305
28.8460 	EXP 	grating: color = 0.17024064509627232
28.8799 	EXP 	grating: phase = 0.9240950286511553
28.8799 	EXP 	grating: color = 0.18419121202500122
28.9136 	EXP 	grating: phase = 0.8272614978411794
28.9136 	EXP 	grating: color = 0.19748657683525964
28.9471 	EXP 	grating: phase = 0.6919820134582191
28.9471 	EXP 	grating: color = 0.20430437229992937
28.9655 	DATA 	Keypress: up
28.9805 	EXP 	grating: phase = 0.5230991975042766
28.9805 	EXP 	grating: color = 0.20430437229992937
28.9967 	EXP 	fixation: autoDraw = False
28.9967 	EXP 	grating: autoDraw = False
28.9967 	EXP 	fd_instructions: text = 'Correct!'
28.9967 	EXP 	fd_instructions: autoDraw = True
30.9985 	EXP 	fd_instructions: autoDraw = False
30.9985 	EXP 	grating: color = '[0.16917766 0.16917766 0.16917766] (rgb)'
30.9985 	EXP 	grating: size = array([3.5, 3.5])
30.9985 	EXP 	grating: ori = 90.0
30.9985 	EXP 	grating: sf = array([1.2, 1.2])
31.1313 	EXP 	fixation: autoDraw = True
31.7327 	EXP 	fixation: autoDraw = False
31.9826 	EXP 	grating: phase = 0.5133526850098926
31.9826 	EXP 	grating: color = -0.005640788111114747
32.0157 	EXP 	grating: phase = 0.3237093549189121
32.0157 	EXP 	grating: color = 0.00564927983065222
32.0488 	EXP 	grating: phase = 0.119716941587061
32.0488 	EXP 	grating: color = 0.016925268775421106
32.0825 	EXP 	grating: phase = -0.08967546577994939
32.0825 	EXP 	grating: color = 0.028223125566154597
32.1159 	EXP 	grating: phase = -0.2956519168928439
32.1159 	EXP 	grating: color = 0.03955251652452117
32.1492 	EXP 	grating: phase = -0.48778380265174426
32.1492 	EXP 	grating: color = 0.05082703898916472
32.1825 	EXP 	grating: phase = -0.6584415841451479
32.1825 	EXP 	grating: color = 0.06209256499410625
32.2161 	EXP 	grating: phase = -0.8007708591311589
32.2161 	EXP 	grating: color = 0.07339294934585727
32.2495 	EXP 	grating: phase = -0.9077961104043583
32.2495 	EXP 	grating: color = 0.08467015740316655
32.2824 	EXP 	grating: phase = -0.9752348742168354
32.2824 	EXP 	grating: color = 0.09596696233020768
32.3164 	EXP 	grating: phase = -0.9999107189058559
32.3164 	EXP 	grating: color = 0.107257286305303
32.3495 	EXP 	grating: phase = -0.9808726078164242
32.3495 	EXP 	grating: color = 0.11852628349194115
32.3824 	EXP 	grating: phase = -0.917830365437446
32.3824 	EXP 	grating: color = 0.12995930484592377
32.4160 	EXP 	grating: phase = -0.8168697301337954
32.4160 	EXP 	grating: color = 0.14108721159762286
32.4491 	EXP 	grating: phase = -0.6760232323450781
32.4491 	EXP 	grating: color = 0.15259000754814642
32.4829 	EXP 	grating: phase = -0.5116893047483699
32.4829 	EXP 	grating: color = 0.1636463832358926
32.5159 	EXP 	grating: phase = -0.3209252638432732
32.5159 	EXP 	grating: color = 0.16917765722672617
32.5494 	EXP 	grating: phase = -0.11207170030388944
32.5494 	EXP 	grating: color = 0.16917765722672617
32.5824 	EXP 	grating: phase = 0.09668829361666105
32.5824 	EXP 	grating: color = 0.16917765722672617
32.6158 	EXP 	grating: phase = 0.2970792638504415
32.6158 	EXP 	grating: color = 0.16917765722672617
32.6493 	EXP 	grating: phase = 0.48974458519826214
32.6493 	EXP 	grating: color = 0.16917765722672617
32.6826 	EXP 	grating: phase = 0.6605930698186022
32.6826 	EXP 	grating: color = 0.16917765722672617
32.7162 	EXP 	grating: phase = 0.8019070060082208
32.7162 	EXP 	grating: color = 0.16917765722672617
32.7494 	EXP 	grating: phase = 0.9085575576171703
32.7494 	EXP 	grating: color = 0.16917765722672617
32.7827 	EXP 	grating: phase = 0.9756851324896015
32.7827 	EXP 	grating: color = 0.16917765722672617
32.8163 	EXP 	grating: phase = 0.9999423581258191
32.8163 	EXP 	grating: color = 0.16917765722672617
32.8494 	EXP 	grating: phase = 0.9799884268999534
32.8494 	EXP 	grating: color = 0.16917765722672617
32.8836 	EXP 	grating: phase = 0.9177286348694312
32.8836 	EXP 	grating: color = 0.16917765722672617
32.9162 	EXP 	grating: phase = 0.8137164077526233
32.9162 	EXP 	grating: color = 0.16917765722672617
32.9498 	EXP 	grating: phase = 0.6763839636673911
32.9498 	EXP 	grating: color = 0.16917765722672617
32.9827 	EXP 	grating: phase = 0.50903779313521
32.9827 	EXP 	grating: color = 0.16917765722672617
33.0015 	DATA 	Keypress: right
33.0166 	EXP 	grating: phase = 0.3190421744985348
33.0166 	EXP 	grating: color = 0.16917765722672617
33.0329 	EXP 	fixation: autoDraw = False
33.0329 	EXP 	grating: autoDraw = False
33.0329 	EXP 	fd_instructions: text = 'Correct!'
33.0329 	EXP 	fd_instructions: autoDraw = True
35.0347 	EXP 	fd_instructions: autoDraw = False
35.0347 	EXP 	grating: color = '[0.13843365 0.13843365 0.13843365] (rgb)'
35.0347 	EXP 	grating: size = array([3.5, 3.5])
35.0347 	EXP 	grating: ori = 0.0
35.0347 	EXP 	grating: sf = array([1.2, 1.2])
35.1682 	EXP 	fixation: autoDraw = True
35.7686 	EXP 	fixation: autoDraw = False
36.0188 	EXP 	grating: phase = 0.30077857444374795
36.0188 	EXP 	grating: color = -0.004546434476265893
36.0521 	EXP 	grating: phase = 0.09852266504897367
36.0521 	EXP 	grating: color = 0.0045594503034518796
36.0854 	EXP 	grating: phase = -0.11074627545890639
36.0854 	EXP 	grating: color = 0.013799468219797233
36.1193 	EXP 	grating: phase = -0.31534912120958564
36.1193 	EXP 	grating: color = 0.023048701084711062
36.1522 	EXP 	grating: phase = -0.5079766224225994
36.1522 	EXP 	grating: color = 0.03239090018392883
36.1861 	EXP 	grating: phase = -0.6742030523352729
36.1861 	EXP 	grating: color = 0.041512760231429094
36.2190 	EXP 	grating: phase = -0.8132561864668703
36.2190 	EXP 	grating: color = 0.05075956025554674
36.2524 	EXP 	grating: phase = -0.9165289949107446
36.2524 	EXP 	grating: color = 0.059994731571403996
36.2857 	EXP 	grating: phase = -0.9795384657793533
36.2857 	EXP 	grating: color = 0.06920415229239833
36.3197 	EXP 	grating: phase = -0.9999394829402323
36.3197 	EXP 	grating: color = 0.07861411741777459
36.3524 	EXP 	grating: phase = -0.9757751912180564
36.3524 	EXP 	grating: color = 0.08784803647170004
36.3857 	EXP 	grating: phase = -0.9104810826585379
36.3857 	EXP 	grating: color = 0.09691472569791208
36.4194 	EXP 	grating: phase = -0.804333043745797
36.4194 	EXP 	grating: color = 0.10616283368015783
36.4525 	EXP 	grating: phase = -0.6616500232324761
36.4525 	EXP 	grating: color = 0.11548460935808331
36.4861 	EXP 	grating: phase = -0.49320157610780474
36.4861 	EXP 	grating: color = 0.12461723237320027
36.5195 	EXP 	grating: phase = -0.2994113241614417
36.5195 	EXP 	grating: color = 0.13394456645415947
36.5525 	EXP 	grating: phase = -0.09349329396961967
36.5525 	EXP 	grating: color = 0.13843364674088682
36.5862 	EXP 	grating: phase = 0.11394919292432741
36.5862 	EXP 	grating: color = 0.13843364674088682
36.6193 	EXP 	grating: phase = 0.31797485516683766
36.6193 	EXP 	grating: color = 0.13843364674088682
36.6216 	DATA 	Keypress: up
36.6359 	EXP 	fixation: autoDraw = False
36.6359 	EXP 	grating: autoDraw = False
36.6359 	EXP 	fd_instructions: text = 'Correct!'
36.6359 	EXP 	fd_instructions: autoDraw = True
38.6376 	EXP 	fd_instructions: autoDraw = False
38.6376 	EXP 	text: autoDraw = True
39.5949 	EXP 	Imported stairDefinitions.xlsx as conditions, 1 conditions, 15 params
39.5990 	DATA 	Keypress: space
39.6051 	EXP 	text: autoDraw = False
39.6051 	EXP 	grating: color = '[0.25 0.25 0.25] (rgb)'
39.6051 	EXP 	grating: size = array([3.5, 3.5])
39.6051 	EXP 	grating: ori = 0.0
39.6051 	EXP 	grating: sf = array([1.2, 1.2])
39.7385 	EXP 	fixation: autoDraw = True
40.3391 	EXP 	fixation: autoDraw = False
40.5893 	EXP 	grating: phase = 0.13366573012547925
40.5893 	EXP 	grating: color = -0.012190581066533923
40.6225 	EXP 	grating: phase = 0.3396338491293861
40.6225 	EXP 	grating: color = 0.004711071960628033
40.6560 	EXP 	grating: phase = 0.5257372065929657
40.6560 	EXP 	grating: color = 0.021200182964093983
40.6896 	EXP 	grating: phase = 0.6922170362412461
40.6896 	EXP 	grating: color = 0.03798101551365107
40.7227 	EXP 	grating: phase = 0.82822817121697
40.7227 	EXP 	grating: color = 0.05480132147204131
40.7561 	EXP 	grating: phase = 0.9269754562869498
40.7561 	EXP 	grating: color = 0.07154156046453863
40.7896 	EXP 	grating: phase = 0.9848416191706564
40.7896 	EXP 	grating: color = 0.08827554201707244
40.8227 	EXP 	grating: phase = 0.9995214381686641
40.8227 	EXP 	grating: color = 0.10460189147852361
40.8566 	EXP 	grating: phase = 0.9710961503856596
40.8566 	EXP 	grating: color = 0.12131837150081992
40.8900 	EXP 	grating: phase = 0.8999906076255719
40.8900 	EXP 	grating: color = 0.13803330494556576
40.9229 	EXP 	grating: phase = 0.7896545847637809
40.9229 	EXP 	grating: color = 0.15470436750911176
40.9569 	EXP 	grating: phase = 0.6448861696394117
40.9569 	EXP 	grating: color = 0.1713662474649027
40.9895 	EXP 	grating: phase = 0.4687511127884599
40.9895 	EXP 	grating: color = 0.18831706244964153
41.0231 	EXP 	grating: phase = 0.2785591504206187
41.0231 	EXP 	grating: color = 0.20467601798009127
41.0567 	EXP 	grating: phase = 0.07213086590553437
41.0567 	EXP 	grating: color = 0.22139456204604357
41.0900 	EXP 	grating: phase = -0.13697727645756766
41.0900 	EXP 	grating: color = 0.2380787479924038
41.1230 	EXP 	grating: phase = -0.34075666608575617
41.1230 	EXP 	grating: color = 0.25
41.1568 	EXP 	grating: phase = -0.5285968153266861
41.1568 	EXP 	grating: color = 0.25
41.1897 	EXP 	grating: phase = -0.6953425738501717
41.1897 	EXP 	grating: color = 0.25
41.2234 	EXP 	grating: phase = -0.8280803681392722
41.2234 	EXP 	grating: color = 0.25
41.2568 	EXP 	grating: phase = -0.926789227132862
41.2568 	EXP 	grating: color = 0.25
41.2756 	DATA 	Keypress: up
41.2897 	EXP 	grating: phase = -0.9852232452326023
41.2897 	EXP 	grating: color = 0.25
41.3069 	EXP 	fixation: autoDraw = False
41.3069 	EXP 	grating: autoDraw = False
41.3069 	EXP 	grating: color = '[0.24393288 0.24393288 0.24393288] (rgb)'
41.3069 	EXP 	grating: size = array([3.5, 3.5])
41.3069 	EXP 	grating: ori = 0.0
41.3069 	EXP 	grating: sf = array([1.2, 1.2])
41.4400 	EXP 	fixation: autoDraw = True
42.0405 	EXP 	fixation: autoDraw = False
42.2907 	EXP 	grating: phase = -0.9857001788986621
42.2907 	EXP 	grating: color = -0.008265178385933356
42.3244 	EXP 	grating: phase = -0.9992157181353556
42.3244 	EXP 	grating: color = 0.007951044963746967
42.3575 	EXP 	grating: phase = -0.9690723462223702
42.3575 	EXP 	grating: color = 0.02424188689975956
42.3910 	EXP 	grating: phase = -0.8967411635343587
42.3910 	EXP 	grating: color = 0.04047666576026297
42.4241 	EXP 	grating: phase = -0.7844623353913116
42.4241 	EXP 	grating: color = 0.05683489956684109
42.4575 	EXP 	grating: phase = -0.6379756794335929
42.4575 	EXP 	grating: color = 0.07313937242847139
42.4910 	EXP 	grating: phase = -0.4651061475628517
42.4910 	EXP 	grating: color = 0.08929675917316522
42.5242 	EXP 	grating: phase = -0.27022152332656424
42.5242 	EXP 	grating: color = 0.10560111162928928
42.5576 	EXP 	grating: phase = -0.06419854366092793
42.5576 	EXP 	grating: color = 0.12186139748756968
42.5911 	EXP 	grating: phase = 0.1466647237176152
42.5911 	EXP 	grating: color = 0.13827638715567828
42.6243 	EXP 	grating: phase = 0.34727947444295265
42.6243 	EXP 	grating: color = 0.15438660992767536
42.6577 	EXP 	grating: phase = 0.5380706646702215
42.6577 	EXP 	grating: color = 0.17097173984587302
42.6911 	EXP 	grating: phase = 0.6990480810436454
42.6911 	EXP 	grating: color = 0.18695079365449868
42.7245 	EXP 	grating: phase = 0.8328262262736783
42.7245 	EXP 	grating: color = 0.20326567954779728
42.7579 	EXP 	grating: phase = 0.9296621559120882
42.7579 	EXP 	grating: color = 0.2195177854421898
42.7910 	EXP 	grating: phase = 0.9859207941754643
42.7910 	EXP 	grating: color = 0.23577761421390686
42.8252 	EXP 	grating: phase = 0.9991338116772561
42.8252 	EXP 	grating: color = 0.24393288281885755
42.8578 	EXP 	grating: phase = 0.9685355523013673
42.8578 	EXP 	grating: color = 0.24393288281885755
42.8915 	EXP 	grating: phase = 0.8954813435220376
42.8915 	EXP 	grating: color = 0.24393288281885755
42.9246 	EXP 	grating: phase = 0.7832372780410592
42.9246 	EXP 	grating: color = 0.24393288281885755
42.9579 	EXP 	grating: phase = 0.6370773479278478
42.9579 	EXP 	grating: color = 0.24393288281885755
42.9913 	EXP 	grating: phase = 0.4629026598355878
42.9913 	EXP 	grating: color = 0.24393288281885755
43.0247 	EXP 	grating: phase = 0.2677400137019045
43.0247 	EXP 	grating: color = 0.24393288281885755
43.0580 	EXP 	grating: phase = 0.06198114770629081
43.0580 	EXP 	grating: color = 0.24393288281885755
43.0914 	EXP 	grating: phase = -0.14835500325179257
43.0914 	EXP 	grating: color = 0.24393288281885755
43.1247 	EXP 	grating: phase = -0.35064107488866175
43.1247 	EXP 	grating: color = 0.24393288281885755
43.1436 	DATA 	Keypress: up
43.1582 	EXP 	grating: phase = -0.5383075597959334
43.1582 	EXP 	grating: color = 0.24393288281885755
43.1748 	EXP 	fixation: autoDraw = False
43.1748 	EXP 	grating: autoDraw = False
43.1748 	EXP 	grating: color = '[0.20430437 0.20430437 0.20430437] (rgb)'
43.1748 	EXP 	grating: size = array([3.5, 3.5])
43.1748 	EXP 	grating: ori = 90.0
43.1748 	EXP 	grating: sf = array([1.2, 1.2])
43.3081 	EXP 	fixation: autoDraw = True
43.9087 	EXP 	fixation: autoDraw = False
44.1592 	EXP 	grating: phase = -0.5413713105290335
44.1592 	EXP 	grating: color = -0.007051889434784182
44.1924 	EXP 	grating: phase = -0.7052934159709732
44.1924 	EXP 	grating: color = 0.006650913911278451
44.2257 	EXP 	grating: phase = -0.8371419133235759
44.2257 	EXP 	grating: color = 0.020259927279430143
44.2590 	EXP 	grating: phase = -0.9327258209923648
44.2590 	EXP 	grating: color = 0.033908196021880624
44.2923 	EXP 	grating: phase = -0.9873321121080273
44.2923 	EXP 	grating: color = 0.04753635801664606
44.3257 	EXP 	grating: phase = -0.9987820379102921
44.3257 	EXP 	grating: color = 0.061107969367324516
44.3594 	EXP 	grating: phase = -0.9665124087860951
44.3594 	EXP 	grating: color = 0.07477562581475754
44.3927 	EXP 	grating: phase = -0.891770678898736
44.3927 	EXP 	grating: color = 0.08843371018459466
44.4259 	EXP 	grating: phase = -0.7787120856725396
44.4259 	EXP 	grating: color = 0.10200243385293002
44.4597 	EXP 	grating: phase = -0.6312039317015495
44.4597 	EXP 	grating: color = 0.11562572732543322
44.4926 	EXP 	grating: phase = -0.45359770317060166
44.4926 	EXP 	grating: color = 0.12943401988706954
44.5261 	EXP 	grating: phase = -0.2603943241566112
44.5261 	EXP 	grating: color = 0.14291888936245314
44.5593 	EXP 	grating: phase = -0.05397770090916229
44.5593 	EXP 	grating: color = 0.15653799368341897
44.5926 	EXP 	grating: phase = 0.1550520001367252
44.5926 	EXP 	grating: color = 0.17017628259264736
44.6263 	EXP 	grating: phase = 0.35860656982778455
44.6263 	EXP 	grating: color = 0.18390670182115407
44.6600 	EXP 	grating: phase = 0.5443406376304925
44.6600 	EXP 	grating: color = 0.19748311547899539
44.6928 	EXP 	grating: phase = 0.7065178850890194
44.6928 	EXP 	grating: color = 0.20430437229992937
44.7261 	EXP 	grating: phase = 0.8382005108166515
44.7261 	EXP 	grating: color = 0.20430437229992937
44.7595 	EXP 	grating: phase = 0.9333059905280958
44.7595 	EXP 	grating: color = 0.20430437229992937
44.7929 	EXP 	grating: phase = 0.9876810365942432
44.7929 	EXP 	grating: color = 0.20430437229992937
44.8261 	EXP 	grating: phase = 0.9986394811977415
44.8261 	EXP 	grating: color = 0.20430437229992937
44.8594 	EXP 	grating: phase = 0.965156105016889
44.8594 	EXP 	grating: color = 0.20430437229992937
44.8930 	EXP 	grating: phase = 0.8908489518290521
44.8930 	EXP 	grating: color = 0.20430437229992937
44.9266 	EXP 	grating: phase = 0.7765776899004846
44.9266 	EXP 	grating: color = 0.20430437229992937
44.9597 	EXP 	grating: phase = 0.6283126499608692
44.9597 	EXP 	grating: color = 0.20430437229992937
44.9930 	EXP 	grating: phase = 0.45341300176549576
44.9930 	EXP 	grating: color = 0.20430437229992937
45.0265 	EXP 	grating: phase = 0.25727999846840033
45.0265 	EXP 	grating: color = 0.20430437229992937
45.0596 	EXP 	grating: phase = 0.05099803638451878
45.0596 	EXP 	grating: color = 0.20430437229992937
45.0931 	EXP 	grating: phase = -0.16057727216329037
45.0931 	EXP 	grating: color = 0.20430437229992937
45.1265 	EXP 	grating: phase = -0.3609475530218411
45.1265 	EXP 	grating: color = 0.20430437229992937
45.1598 	EXP 	grating: phase = -0.5464289935402573
45.1598 	EXP 	grating: color = 0.20430437229992937
45.1932 	EXP 	grating: phase = -0.7085349698915013
45.1932 	EXP 	grating: color = 0.20430437229992937
45.2270 	EXP 	grating: phase = -0.8400931657595009
45.2270 	EXP 	grating: color = 0.20430437229992937
45.2599 	EXP 	grating: phase = -0.9346487857221982
45.2599 	EXP 	grating: color = 0.20430437229992937
45.2932 	EXP 	grating: phase = -0.9881135038838529
45.2932 	EXP 	grating: color = 0.20430437229992937
45.3266 	EXP 	grating: phase = -0.9984637851555254
45.3266 	EXP 	grating: color = 0.20430437229992937
45.3599 	EXP 	grating: phase = -0.965225413617398
45.3599 	EXP 	grating: color = 0.20430437229992937
45.3934 	EXP 	grating: phase = -0.8894498030746455
45.3934 	EXP 	grating: color = 0.20430437229992937
45.4268 	EXP 	grating: phase = -0.7750333426959481
45.4268 	EXP 	grating: color = 0.20430437229992937
45.4601 	EXP 	grating: phase = -0.6266948874427456
45.4601 	EXP 	grating: color = 0.20430437229992937
45.4934 	EXP 	grating: phase = -0.45141545394016186
45.4934 	EXP 	grating: color = 0.20430437229992937
45.4966 	DATA 	Keypress: right
45.5101 	EXP 	fixation: autoDraw = False
45.5101 	EXP 	grating: autoDraw = False
45.5101 	EXP 	grating: color = '[0.16917766 0.16917766 0.16917766] (rgb)'
45.5101 	EXP 	grating: size = array([3.5, 3.5])
45.5101 	EXP 	grating: ori = 90.0
45.5101 	EXP 	grating: sf = array([1.2, 1.2])
45.6436 	EXP 	fixation: autoDraw = True
46.2440 	EXP 	fixation: autoDraw = False
46.4946 	EXP 	grating: phase = -0.44621143204543656
46.4946 	EXP 	grating: color = -0.0058712943651769755
46.5278 	EXP 	grating: phase = -0.24992250184141632
46.5278 	EXP 	grating: color = 0.0054230093919743075
46.5610 	EXP 	grating: phase = -0.04227820990875353
46.5610 	EXP 	grating: color = 0.016752460537867917
46.5948 	EXP 	grating: phase = 0.16742095343511348
46.5948 	EXP 	grating: color = 0.0280904577611441
46.6278 	EXP 	grating: phase = 0.3672312174742389
46.6278 	EXP 	grating: color = 0.039280123848175835
46.6611 	EXP 	grating: phase = 0.5523168389898385
46.6611 	EXP 	grating: color = 0.05053992825663373
46.6946 	EXP 	grating: phase = 0.7140138983120008
46.6946 	EXP 	grating: color = 0.06185200009653701
46.7278 	EXP 	grating: phase = 0.8439954021085607
46.7278 	EXP 	grating: color = 0.07313229252826839
46.7617 	EXP 	grating: phase = 0.9380421020905959
46.7617 	EXP 	grating: color = 0.0845642710781995
46.7946 	EXP 	grating: phase = 0.9896744238835607
46.7946 	EXP 	grating: color = 0.09587227348499215
46.8279 	EXP 	grating: phase = 0.9978673562749629
46.8279 	EXP 	grating: color = 0.10714121552599035
46.8612 	EXP 	grating: phase = 0.9632371596847797
46.8612 	EXP 	grating: color = 0.11826214438474818
46.8951 	EXP 	grating: phase = 0.8858216984764198
46.8951 	EXP 	grating: color = 0.12960667967509726
46.9279 	EXP 	grating: phase = 0.7691478690288693
46.9279 	EXP 	grating: color = 0.14095307053745126
46.9613 	EXP 	grating: phase = 0.6206674721535749
46.9613 	EXP 	grating: color = 0.15214900833811493
46.9946 	EXP 	grating: phase = 0.44188412413490874
46.9946 	EXP 	grating: color = 0.16355959305824658
47.0281 	EXP 	grating: phase = 0.24697597265055454
47.0281 	EXP 	grating: color = 0.16917765722672617
47.0615 	EXP 	grating: phase = 0.040441616918971864
47.0615 	EXP 	grating: color = 0.16917765722672617
47.0948 	EXP 	grating: phase = -0.16828286132705864
47.0948 	EXP 	grating: color = 0.16917765722672617
47.1281 	EXP 	grating: phase = -0.36924427541509475
47.1281 	EXP 	grating: color = 0.16917765722672617
47.1621 	EXP 	grating: phase = -0.5552895884709682
47.1621 	EXP 	grating: color = 0.16917765722672617
47.1950 	EXP 	grating: phase = -0.7153513437429033
47.1950 	EXP 	grating: color = 0.16917765722672617
47.2133 	DATA 	Keypress: right
47.2281 	EXP 	grating: phase = -0.845473406195218
47.2281 	EXP 	grating: color = 0.16917765722672617
47.2450 	EXP 	fixation: autoDraw = False
47.2450 	EXP 	grating: autoDraw = False
47.2450 	EXP 	grating: color = '[0.13843365 0.13843365 0.13843365] (rgb)'
47.2450 	EXP 	grating: size = array([3.5, 3.5])
47.2450 	EXP 	grating: ori = 90.0
47.2450 	EXP 	grating: sf = array([1.2, 1.2])
47.3783 	EXP 	fixation: autoDraw = True
47.9791 	EXP 	fixation: autoDraw = False
48.2290 	EXP 	grating: phase = -0.8500892994915592
48.2290 	EXP 	grating: color = -0.004620007282129733
48.2624 	EXP 	grating: phase = -0.9401076429051082
48.2624 	EXP 	grating: color = 0.0044929509145166064
48.2958 	EXP 	grating: phase = -0.990404434579184
48.2958 	EXP 	grating: color = 0.013711547325996618
48.3292 	EXP 	grating: phase = -0.997480968240256
48.3292 	EXP 	grating: color = 0.022948398423662756
48.3627 	EXP 	grating: phase = -0.9608978069060914
48.3627 	EXP 	grating: color = 0.03218922032491564
48.3959 	EXP 	grating: phase = -0.8821898517863371
48.3959 	EXP 	grating: color = 0.04142661955308761
48.4292 	EXP 	grating: phase = -0.7649400697843667
48.4292 	EXP 	grating: color = 0.05066376299132107
48.4625 	EXP 	grating: phase = -0.6143826706705289
48.4625 	EXP 	grating: color = 0.05988359090758567
48.4960 	EXP 	grating: phase = -0.4366343295479788
48.4960 	EXP 	grating: color = 0.06912717898879099
48.5293 	EXP 	grating: phase = -0.23926980999434247
48.5293 	EXP 	grating: color = 0.07839075111018455
48.5627 	EXP 	grating: phase = -0.032710584771658856
48.5627 	EXP 	grating: color = 0.08759577847138073
48.5961 	EXP 	grating: phase = 0.1766795362125553
48.5961 	EXP 	grating: color = 0.09686886980760026
48.6298 	EXP 	grating: phase = 0.3774052150832891
48.6298 	EXP 	grating: color = 0.1060903810511492
48.6628 	EXP 	grating: phase = 0.5615900326733085
48.6628 	EXP 	grating: color = 0.11531395608373071
48.6960 	EXP 	grating: phase = 0.7219879987386455
48.6960 	EXP 	grating: color = 0.12459261633048395
48.7294 	EXP 	grating: phase = 0.850245223883923
48.7294 	EXP 	grating: color = 0.13382718987917896
48.7629 	EXP 	grating: phase = 0.9408071460882571
48.7629 	EXP 	grating: color = 0.13843364674088682
48.7964 	EXP 	grating: phase = 0.9907992317956014
48.7964 	EXP 	grating: color = 0.13843364674088682
48.8296 	EXP 	grating: phase = 0.9972531404968027
48.8296 	EXP 	grating: color = 0.13843364674088682
48.8630 	EXP 	grating: phase = 0.9600200859580833
48.8630 	EXP 	grating: color = 0.13843364674088682
48.8663 	DATA 	Keypress: right
48.8796 	EXP 	fixation: autoDraw = False
48.8796 	EXP 	grating: autoDraw = False
48.8796 	EXP 	grating: color = '[0.11096817 0.11096817 0.11096817] (rgb)'
48.8796 	EXP 	grating: size = array([3.5, 3.5])
48.8796 	EXP 	grating: ori = 0.0
48.8796 	EXP 	grating: sf = array([1.2, 1.2])
49.0132 	EXP 	fixation: autoDraw = True
49.6136 	EXP 	fixation: autoDraw = False
49.8644 	EXP 	grating: phase = 0.9585186301522519
49.8644 	EXP 	grating: color = -0.0038517279954362747
49.8973 	EXP 	grating: phase = 0.8783334221606613
49.8973 	EXP 	grating: color = 0.003535978909200857
49.9305 	EXP 	grating: phase = 0.7600643511117626
49.9305 	EXP 	grating: color = 0.010917532420565788
49.9640 	EXP 	grating: phase = 0.60745698871423
49.9640 	EXP 	grating: color = 0.018355374117815976
49.9973 	EXP 	grating: phase = 0.42877507684058686
49.9973 	EXP 	grating: color = 0.025769447260033662
50.0308 	EXP 	grating: phase = 0.23112409309080406
50.0308 	EXP 	grating: color = 0.03317803199628218
50.0640 	EXP 	grating: phase = 0.024119557905938168
50.0640 	EXP 	grating: color = 0.0405640379616813
50.0972 	EXP 	grating: phase = -0.18687827519699612
50.0972 	EXP 	grating: color = 0.048065139282536404
50.1305 	EXP 	grating: phase = -0.3839980168169585
50.1305 	EXP 	grating: color = 0.05533727553812727
50.1641 	EXP 	grating: phase = -0.5679141841759426
50.1641 	EXP 	grating: color = 0.0627539591262673
50.1978 	EXP 	grating: phase = -0.7281265249105784
50.1978 	EXP 	grating: color = 0.07022889144759731
50.2311 	EXP 	grating: phase = -0.8547450148606481
50.2311 	EXP 	grating: color = 0.07762384438335905
50.2641 	EXP 	grating: phase = -0.9446561215701356
50.2641 	EXP 	grating: color = 0.08509834063134612
50.2978 	EXP 	grating: phase = -0.9919054617215427
50.2978 	EXP 	grating: color = 0.09240286092631542
50.3307 	EXP 	grating: phase = -0.996612973877503
50.3307 	EXP 	grating: color = 0.09980814051702996
50.3644 	EXP 	grating: phase = -0.9577926366869154
50.3644 	EXP 	grating: color = 0.10719901139498007
50.3979 	EXP 	grating: phase = -0.8770000670183784
50.3979 	EXP 	grating: color = 0.11096816841978249
50.4308 	EXP 	grating: phase = -0.7567031137591937
50.4308 	EXP 	grating: color = 0.11096816841978249
50.4641 	EXP 	grating: phase = -0.6043001671519133
50.4641 	EXP 	grating: color = 0.11096816841978249
50.4977 	EXP 	grating: phase = -0.4270142703631784
50.4977 	EXP 	grating: color = 0.11096816841978249
50.5311 	EXP 	grating: phase = -0.22869285118632607
50.5311 	EXP 	grating: color = 0.11096816841978249
50.5643 	EXP 	grating: phase = -0.020235853984544444
50.5643 	EXP 	grating: color = 0.11096816841978249
50.5977 	EXP 	grating: phase = 0.18687426774598984
50.5977 	EXP 	grating: color = 0.11096816841978249
50.6310 	EXP 	grating: phase = 0.38762957235575773
50.6310 	EXP 	grating: color = 0.11096816841978249
50.6328 	DATA 	Keypress: escape
50.6647 	EXP 	grating: phase = 0.5708848244021537
50.6647 	EXP 	grating: color = 0.11096816841978249
50.6978 	EXP 	grating: phase = 0.7288212057746097
50.6978 	EXP 	grating: color = 0.11096816841978249
50.7312 	EXP 	grating: phase = 0.8551307694729519
50.7312 	EXP 	grating: color = 0.11096816841978249
50.7646 	EXP 	grating: phase = 0.944416406949802
50.7646 	EXP 	grating: color = 0.11096816841978249
51.0357 	EXP 	window1: mouseVisible = True
