5.2506 	WARNING 	User requested fullscreen with size [800 600], but screen is actually [2560, 1440]. Using actual size
5.8855 	EXP 	Created window1 = Window(allowGUI=False, allowStencil=False, args=UNKNOWN, autoLog=True, bitsMode=UNKNOWN, blendMode='avg', color=array([0., 0., 0.]), colorSpace='rgb', fullscr=<method-wrapper '__getattribute__' of attributeSetter object at 0x135dc9be0>, gamma=None, gammaErrorPolicy='raise', kwargs=UNKNOWN, lms=UNKNOWN, monitor=<psychopy.monitors.calibTools.Monitor object at 0x135c15b38>, multiSample=False, name='window1', numSamples=2, pos=[0.0, 0.0], screen=0, size=array([2560, 1440]), stereo=False, units='deg', useFBO=True, useRetina=False, viewOri=0.0, viewPos=None, viewScale=None, waitBlanking=True, winType='pyglet')
5.8856 	EXP 	window1: recordFrameIntervals = False
6.0519 	EXP 	window1: recordFrameIntervals = True
6.2354 	EXP 	window1: recordFrameIntervals = False
6.6670 	EXP 	Created instrText = TextStim(__class__=<class 'psychopy.visual.text.TextStim'>, alignHoriz='center', alignVert='center', antialias=True, autoLog=True, bold=False, color='white', colorSpace='named', contrast=1.0, depth=0.0, flipHoriz=False, flipVert=False, font='Arial', fontFiles=[], height=1, italic=False, languageStyle='LTR', name='instrText', opacity=1.0, ori=0, pos=array([0., 0.]), rgb=array([255., 255., 255.]), text=str(...), units='deg', win=Window(...), wrapWidth=15.0)
6.6780 	EXP 	Created fixation = GratingStim(__class__=<class 'psychopy.visual.grating.GratingStim'>, autoDraw=False, autoLog=True, blendmode='avg', color='black', colorSpace='named', contrast=1.0, depth=-1.0, interpolate=True, mask='gauss', maskParams=None, name='fixation', opacity=1.0, ori=0.0, phase=array([0., 0.]), pos=array([0., 0.]), rgbPedestal=array([0., 0., 0.]), sf=array([1., 1.]), size=array([1., 1.]), tex=None, texRes=128, units='deg', win=Window(...))
6.6803 	EXP 	Created grating = GratingStim(__class__=<class 'psychopy.visual.grating.GratingStim'>, autoDraw=False, autoLog=True, blendmode='avg', color='white', colorSpace='named', contrast=1.0, depth=-2.0, interpolate=True, mask='gauss', maskParams=None, name='grating', opacity=1.0, ori=1.0, phase=array([0., 0.]), pos=array([0., 0.]), rgbPedestal=array([0., 0., 0.]), sf=array([1., 1.]), size=array([1., 1.]), tex='sin', texRes=128, units='deg', win=Window(...))
6.6922 	EXP 	Created fd_instructions = TextStim(__class__=<class 'psychopy.visual.text.TextStim'>, alignHoriz='center', alignVert='center', antialias=True, autoLog=True, bold=False, color='white', colorSpace='named', contrast=1.0, depth=-1.0, flipHoriz=False, flipVert=False, font='Arial', fontFiles=[], height=1, italic=False, languageStyle='LTR', name='fd_instructions', opacity=1.0, ori=0, pos=array([0., 0.]), rgb=array([255., 255., 255.]), text='default text', units='deg', win=Window(...), wrapWidth=15.0)
6.7270 	EXP 	Created text = TextStim(__class__=<class 'psychopy.visual.text.TextStim'>, alignHoriz='center', alignVert='center', antialias=True, autoLog=True, bold=False, color='white', colorSpace='named', contrast=1.0, depth=0.0, flipHoriz=False, flipVert=False, font='Arial', fontFiles=[], height=1, italic=False, languageStyle='LTR', name='text', opacity=1.0, ori=0, pos=array([0., 0.]), rgb=array([255., 255., 255.]), text=str(...), units='deg', win=Window(...), wrapWidth=15.0)
6.7369 	EXP 	Created fixation = GratingStim(__class__=<class 'psychopy.visual.grating.GratingStim'>, autoDraw=False, autoLog=True, blendmode='avg', color='black', colorSpace='named', contrast=1.0, depth=-1.0, interpolate=True, mask='gauss', maskParams=None, name='fixation', opacity=1.0, ori=0.0, phase=array([0., 0.]), pos=array([0., 0.]), rgbPedestal=array([0., 0., 0.]), sf=array([1., 1.]), size=array([1., 1.]), tex=None, texRes=128, units='deg', win=Window(...))
6.7413 	EXP 	Created grating = GratingStim(__class__=<class 'psychopy.visual.grating.GratingStim'>, autoDraw=False, autoLog=True, blendmode='avg', color='white', colorSpace='named', contrast=1.0, depth=-2.0, interpolate=True, mask='gauss', maskParams=None, name='grating', opacity=1.0, ori=1.0, phase=array([0., 0.]), pos=array([0., 0.]), rgbPedestal=array([0., 0., 0.]), sf=array([1., 1.]), size=array([1., 1.]), tex='sin', texRes=128, units='deg', win=Window(...))
6.7613 	EXP 	Created thanksMsg = TextStim(__class__=<class 'psychopy.visual.text.TextStim'>, alignHoriz='center', alignVert='center', antialias=True, autoLog=True, bold=False, color=array([1., 1., 1.]), colorSpace='rgb', contrast=1.0, depth=0.0, flipHoriz=False, flipVert=False, font='Arial', fontFiles=[], height=1, italic=False, languageStyle='LTR', name='thanksMsg', opacity=1.0, ori=0, pos=array([0., 0.]), rgb=array([1., 1., 1.]), text=str(...), units='deg', win=Window(...), wrapWidth=15.0)
6.7865 	EXP 	instrText: autoDraw = True
7.6464 	EXP 	Imported stairDefinitions.xlsx as conditions, 1 conditions, 9 params
7.7606 	DATA 	Keypress: space
7.7720 	EXP 	instrText: autoDraw = False
7.7720 	EXP 	grating: color = '[0.25 0.25 0.25] (rgb)'
7.7720 	EXP 	grating: size = array([3.5, 3.5])
7.7720 	EXP 	grating: ori = 90.0
7.7720 	EXP 	grating: sf = array([1.2, 1.2])
7.9055 	EXP 	fixation: autoDraw = True
8.5075 	EXP 	fixation: autoDraw = False
8.7560 	EXP 	grating: phase = 0.8813892283130502
8.7560 	EXP 	grating: color = -0.009339793003164232
8.7888 	EXP 	grating: phase = 0.7635069866602595
8.7888 	EXP 	grating: color = 0.007371827494353056
8.8232 	EXP 	grating: phase = 0.611201704532295
8.8232 	EXP 	grating: color = 0.02418050996493548
8.8565 	EXP 	grating: phase = 0.43420157819562566
8.8565 	EXP 	grating: color = 0.04076486744452268
8.8897 	EXP 	grating: phase = 0.2350131214014925
8.8897 	EXP 	grating: color = 0.05763181101065129
8.9227 	EXP 	grating: phase = 0.029670870433782644
8.9227 	EXP 	grating: color = 0.0741573654813692
8.9560 	EXP 	grating: phase = -0.17749470851107185
8.9560 	EXP 	grating: color = 0.09070890001021326
8.9888 	EXP 	grating: phase = -0.3788698012661676
8.9888 	EXP 	grating: color = 0.10742917703464627
9.0224 	EXP 	grating: phase = -0.5654979615549081
9.0224 	EXP 	grating: color = 0.12433668097946793
9.0562 	EXP 	grating: phase = -0.7242422352498215
9.0562 	EXP 	grating: color = 0.1409607109380886
9.0896 	EXP 	grating: phase = -0.8507604207877737
9.0896 	EXP 	grating: color = 0.15747261547949165
9.1225 	EXP 	grating: phase = -0.9426829796442594
9.1225 	EXP 	grating: color = 0.17444491700734943
9.1560 	EXP 	grating: phase = -0.9909961005801535
9.1560 	EXP 	grating: color = 0.19082077546045184
9.1895 	EXP 	grating: phase = -0.9972145033658247
9.1895 	EXP 	grating: color = 0.20745641004759818
9.2236 	EXP 	grating: phase = -0.9594836773121547
9.2236 	EXP 	grating: color = 0.22424160549417138
9.2561 	EXP 	grating: phase = -0.8784156404855819
9.2561 	EXP 	grating: color = 0.2411584530491382
9.2899 	EXP 	grating: phase = -0.7606420560648663
9.2899 	EXP 	grating: color = 0.25
9.3231 	EXP 	grating: phase = -0.6098553909015905
9.3231 	EXP 	grating: color = 0.25
9.3562 	EXP 	grating: phase = -0.4297337828743165
9.3562 	EXP 	grating: color = 0.25
9.3898 	EXP 	grating: phase = -0.23545277169184897
9.3898 	EXP 	grating: color = 0.25
9.4229 	EXP 	grating: phase = -0.027942794619230066
9.4229 	EXP 	grating: color = 0.25
9.4561 	EXP 	grating: phase = 0.17862353493578706
9.4561 	EXP 	grating: color = 0.25
9.4895 	EXP 	grating: phase = 0.37957211707259764
9.4895 	EXP 	grating: color = 0.25
9.5237 	EXP 	grating: phase = 0.5670599096853739
9.5237 	EXP 	grating: color = 0.25
9.5565 	EXP 	grating: phase = 0.7261952583143463
9.5565 	EXP 	grating: color = 0.25
9.5905 	EXP 	grating: phase = 0.8534389259579553
9.5905 	EXP 	grating: color = 0.25
9.6237 	EXP 	grating: phase = 0.9435613873795033
9.6237 	EXP 	grating: color = 0.25
9.6562 	EXP 	grating: phase = 0.9911036546891933
9.6562 	EXP 	grating: color = 0.25
9.6894 	EXP 	grating: phase = 0.9968129266574809
9.6894 	EXP 	grating: color = 0.25
9.7236 	EXP 	grating: phase = 0.9582719560990125
9.7236 	EXP 	grating: color = 0.25
9.7567 	EXP 	grating: phase = 0.8785930133720818
9.7567 	EXP 	grating: color = 0.25
9.7897 	EXP 	grating: phase = 0.761329781695648
9.7897 	EXP 	grating: color = 0.25
9.8239 	EXP 	grating: phase = 0.6061528845378038
9.8239 	EXP 	grating: color = 0.25
9.8568 	EXP 	grating: phase = 0.4297861881439756
9.8568 	EXP 	grating: color = 0.25
9.8901 	EXP 	grating: phase = 0.23396060839203517
9.8901 	EXP 	grating: color = 0.25
9.9237 	EXP 	grating: phase = 0.025040751795656097
9.9237 	EXP 	grating: color = 0.25
9.9570 	EXP 	grating: phase = -0.18402591483289926
9.9570 	EXP 	grating: color = 0.25
9.9906 	EXP 	grating: phase = -0.38535463771780093
9.9906 	EXP 	grating: color = 0.25
10.0234 	EXP 	grating: phase = -0.5671971098233743
10.0234 	EXP 	grating: color = 0.25
10.0575 	EXP 	grating: phase = -0.7281977377416051
10.0575 	EXP 	grating: color = 0.25
10.0761 	DATA 	Keypress: right
10.0901 	EXP 	grating: phase = -0.8520107227231836
10.0901 	EXP 	grating: color = 0.25
10.1069 	EXP 	fixation: autoDraw = False
10.1069 	EXP 	grating: autoDraw = False
10.1069 	EXP 	fd_instructions: text = 'Correct!'
10.1069 	EXP 	fd_instructions: autoDraw = True
12.1082 	EXP 	fd_instructions: autoDraw = False
12.1082 	EXP 	grating: color = '[0.24393288 0.24393288 0.24393288] (rgb)'
12.1082 	EXP 	grating: size = array([3.5, 3.5])
12.1082 	EXP 	grating: ori = 0.0
12.1082 	EXP 	grating: sf = array([1.2, 1.2])
12.2416 	EXP 	fixation: autoDraw = True
12.8425 	EXP 	fixation: autoDraw = False
13.0931 	EXP 	grating: phase = -0.862532384758645
13.0931 	EXP 	grating: color = -0.00803569650927216
13.1261 	EXP 	grating: phase = -0.9485452504613816
13.1261 	EXP 	grating: color = 0.008146751392055241
13.1600 	EXP 	grating: phase = -0.9935209487664509
13.1600 	EXP 	grating: color = 0.02432302782964704
13.1927 	EXP 	grating: phase = -0.99516647388808
13.1927 	EXP 	grating: color = 0.04079771511570187
13.2267 	EXP 	grating: phase = -0.952507124360675
13.2267 	EXP 	grating: color = 0.057185647281165354
13.2598 	EXP 	grating: phase = -0.8697577410202308
13.2598 	EXP 	grating: color = 0.07323398571219666
13.2932 	EXP 	grating: phase = -0.7490484643471846
13.2932 	EXP 	grating: color = 0.08939391426256335
13.3265 	EXP 	grating: phase = -0.5930929506373851
13.3265 	EXP 	grating: color = 0.10582892691199991
13.3593 	EXP 	grating: phase = -0.41120158642699145
13.3593 	EXP 	grating: color = 0.12222191236025233
13.3927 	EXP 	grating: phase = -0.2114311446363759
13.3927 	EXP 	grating: color = 0.13859728873039676
13.4266 	EXP 	grating: phase = -0.008680733895470824
13.4266 	EXP 	grating: color = 0.15446256876360023
13.4596 	EXP 	grating: phase = 0.2039596754060067
13.4596 	EXP 	grating: color = 0.1710754353396523
13.4934 	EXP 	grating: phase = 0.4030617545634673
13.4934 	EXP 	grating: color = 0.18733830934836643
13.5270 	EXP 	grating: phase = 0.5801024364464521
13.5270 	EXP 	grating: color = 0.2031774281048156
13.5597 	EXP 	grating: phase = 0.7395526356603853
13.5597 	EXP 	grating: color = 0.21975959854654187
13.5936 	EXP 	grating: phase = 0.8614040603791882
13.5936 	EXP 	grating: color = 0.23572475153947167
13.6266 	EXP 	grating: phase = 0.9485213493917788
13.6266 	EXP 	grating: color = 0.24393288281885755
13.6600 	EXP 	grating: phase = 0.9938192839405988
13.6600 	EXP 	grating: color = 0.24393288281885755
13.6932 	EXP 	grating: phase = 0.9951746921212437
13.6932 	EXP 	grating: color = 0.24393288281885755
13.7120 	DATA 	Keypress: up
13.7263 	EXP 	grating: phase = 0.9526635931963341
13.7263 	EXP 	grating: color = 0.24393288281885755
13.7435 	EXP 	fixation: autoDraw = False
13.7435 	EXP 	grating: autoDraw = False
13.7435 	EXP 	fd_instructions: text = 'Correct!'
13.7435 	EXP 	fd_instructions: autoDraw = True
15.7451 	EXP 	fd_instructions: autoDraw = False
15.7451 	EXP 	grating: color = '[0.20430437 0.20430437 0.20430437] (rgb)'
15.7451 	EXP 	grating: size = array([3.5, 3.5])
15.7451 	EXP 	grating: ori = 0.0
15.7451 	EXP 	grating: sf = array([1.2, 1.2])
15.8786 	EXP 	fixation: autoDraw = True
16.4791 	EXP 	fixation: autoDraw = False
16.7292 	EXP 	grating: phase = 0.9479717432009813
16.7292 	EXP 	grating: color = -0.007035165555637858
16.7622 	EXP 	grating: phase = 0.8612201697703367
16.7622 	EXP 	grating: color = 0.006560490438404669
16.7964 	EXP 	grating: phase = 0.7343052883389385
16.7964 	EXP 	grating: color = 0.020418241873795512
16.8291 	EXP 	grating: phase = 0.5801463170883188
16.8291 	EXP 	grating: color = 0.03379922499566572
16.8623 	EXP 	grating: phase = 0.39901129119148393
16.8623 	EXP 	grating: color = 0.04736504595006933
16.8961 	EXP 	grating: phase = 0.19532040436149475
16.8961 	EXP 	grating: color = 0.06127394702752759
16.9294 	EXP 	grating: phase = -0.008939006499580559
16.9294 	EXP 	grating: color = 0.07462876938181676
16.9629 	EXP 	grating: phase = -0.22006265626195481
16.9629 	EXP 	grating: color = 0.08848446301174911
16.9957 	EXP 	grating: phase = -0.4167948211459513
16.9957 	EXP 	grating: color = 0.10200543227431859
17.0296 	EXP 	grating: phase = -0.5989133693285521
17.0296 	EXP 	grating: color = 0.11580784130091246
17.0627 	EXP 	grating: phase = -0.7516766918764466
17.0627 	EXP 	grating: color = 0.129366212105272
17.0964 	EXP 	grating: phase = -0.8731022648121598
17.0964 	EXP 	grating: color = 0.14308022930187536
17.1299 	EXP 	grating: phase = -0.9547727612313449
17.1299 	EXP 	grating: color = 0.15656734447757553
17.1630 	EXP 	grating: phase = -0.9960385268223511
17.1630 	EXP 	grating: color = 0.17041347754144506
17.1964 	EXP 	grating: phase = -0.9930804223282417
17.1964 	EXP 	grating: color = 0.18385615563077518
17.2293 	EXP 	grating: phase = -0.9472429359830108
17.2293 	EXP 	grating: color = 0.1974193909616582
17.2635 	EXP 	grating: phase = -0.8578301314100524
17.2635 	EXP 	grating: color = 0.20430437229992937
17.2962 	EXP 	grating: phase = -0.7338511618019172
17.2962 	EXP 	grating: color = 0.20430437229992937
17.3300 	EXP 	grating: phase = -0.575058950074397
17.3300 	EXP 	grating: color = 0.20430437229992937
17.3630 	EXP 	grating: phase = -0.39444278709097064
17.3630 	EXP 	grating: color = 0.20430437229992937
17.3960 	EXP 	grating: phase = -0.19660989076492358
17.3960 	EXP 	grating: color = 0.20430437229992937
17.4299 	EXP 	grating: phase = 0.015602645489933937
17.4299 	EXP 	grating: color = 0.20430437229992937
17.4630 	EXP 	grating: phase = 0.2195323641954223
17.4630 	EXP 	grating: color = 0.20430437229992937
17.4967 	EXP 	grating: phase = 0.4197618563928657
17.4967 	EXP 	grating: color = 0.20430437229992937
17.5297 	EXP 	grating: phase = 0.5984888740778984
17.5297 	EXP 	grating: color = 0.20430437229992937
17.5627 	EXP 	grating: phase = 0.7513636018997628
17.5627 	EXP 	grating: color = 0.20430437229992937
17.5961 	EXP 	grating: phase = 0.8740389431968967
17.5961 	EXP 	grating: color = 0.20430437229992937
17.6303 	EXP 	grating: phase = 0.9551797684350404
17.6303 	EXP 	grating: color = 0.20430437229992937
17.6626 	EXP 	grating: phase = 0.9960283767265343
17.6626 	EXP 	grating: color = 0.20430437229992937
17.6971 	EXP 	grating: phase = 0.9927067423083688
17.6971 	EXP 	grating: color = 0.20430437229992937
17.7296 	EXP 	grating: phase = 0.946379634701654
17.7296 	EXP 	grating: color = 0.20430437229992937
17.7634 	EXP 	grating: phase = 0.8581549788441052
17.7634 	EXP 	grating: color = 0.20430437229992937
17.7970 	EXP 	grating: phase = 0.7307509008228729
17.7970 	EXP 	grating: color = 0.20430437229992937
17.8301 	EXP 	grating: phase = 0.5753818203398218
17.8301 	EXP 	grating: color = 0.20430437229992937
17.8634 	EXP 	grating: phase = 0.39293533279840914
17.8634 	EXP 	grating: color = 0.20430437229992937
17.8965 	EXP 	grating: phase = 0.19399054726711665
17.8965 	EXP 	grating: color = 0.20430437229992937
17.9304 	EXP 	grating: phase = -0.018882130976754046
17.9304 	EXP 	grating: color = 0.20430437229992937
17.9634 	EXP 	grating: phase = -0.2239314941957288
17.9634 	EXP 	grating: color = 0.20430437229992937
17.9966 	EXP 	grating: phase = -0.4203892899354786
17.9966 	EXP 	grating: color = 0.20430437229992937
18.0304 	EXP 	grating: phase = -0.603147642031833
18.0304 	EXP 	grating: color = 0.20430437229992937
18.0635 	EXP 	grating: phase = -0.7543132548692546
18.0635 	EXP 	grating: color = 0.20430437229992937
18.0967 	EXP 	grating: phase = -0.8735165123946224
18.0967 	EXP 	grating: color = 0.20430437229992937
18.1161 	DATA 	Keypress: up
18.1301 	EXP 	grating: phase = -0.9570210288522573
18.1301 	EXP 	grating: color = 0.20430437229992937
18.1467 	EXP 	fixation: autoDraw = False
18.1467 	EXP 	grating: autoDraw = False
18.1467 	EXP 	fd_instructions: text = 'Correct!'
18.1467 	EXP 	fd_instructions: autoDraw = True
20.1488 	EXP 	fd_instructions: autoDraw = False
20.1488 	EXP 	grating: color = '[0.16917766 0.16917766 0.16917766] (rgb)'
20.1488 	EXP 	grating: size = array([3.5, 3.5])
20.1488 	EXP 	grating: ori = 0.0
20.1488 	EXP 	grating: sf = array([1.2, 1.2])
20.2821 	EXP 	fixation: autoDraw = True
20.8824 	EXP 	fixation: autoDraw = False
21.1331 	EXP 	grating: phase = -0.961123127101886
21.1331 	EXP 	grating: color = -0.005723443232338586
21.1666 	EXP 	grating: phase = -0.9976713472837262
21.1666 	EXP 	grating: color = 0.005662821472778695
21.1996 	EXP 	grating: phase = -0.990028634353776
21.1996 	EXP 	grating: color = 0.016953105979351707
21.2330 	EXP 	grating: phase = -0.9402428896575221
21.2330 	EXP 	grating: color = 0.028052297135855223
21.2664 	EXP 	grating: phase = -0.8495457435547236
21.2664 	EXP 	grating: color = 0.039264886713959245
21.2998 	EXP 	grating: phase = -0.7204444682924851
21.2998 	EXP 	grating: color = 0.050610511288256374
21.3324 	EXP 	grating: phase = -0.5605724684451477
21.3324 	EXP 	grating: color = 0.06188645855867735
21.3667 	EXP 	grating: phase = -0.373796851356561
21.3667 	EXP 	grating: color = 0.07329980253029382
21.4001 	EXP 	grating: phase = -0.1708052442334629
21.4001 	EXP 	grating: color = 0.08468707852766835
21.4330 	EXP 	grating: phase = 0.03143474884041121
21.4330 	EXP 	grating: color = 0.09562293617657808
21.4666 	EXP 	grating: phase = 0.24327561789961255
21.4666 	EXP 	grating: color = 0.10716365326275412
21.4997 	EXP 	grating: phase = 0.43901512223714384
21.4997 	EXP 	grating: color = 0.1184058703086001
21.5336 	EXP 	grating: phase = 0.6158247063673673
21.5336 	EXP 	grating: color = 0.12965661082211627
21.5662 	EXP 	grating: phase = 0.7657729182528887
21.5662 	EXP 	grating: color = 0.14090106441755978
21.5996 	EXP 	grating: phase = 0.8844586329731442
21.5996 	EXP 	grating: color = 0.15237573561903012
21.6333 	EXP 	grating: phase = 0.9622249314464442
21.6333 	EXP 	grating: color = 0.16366993412678857
21.6665 	EXP 	grating: phase = 0.9975081173894791
21.6665 	EXP 	grating: color = 0.16917765722672617
21.7002 	EXP 	grating: phase = 0.9902823347261933
21.7002 	EXP 	grating: color = 0.16917765722672617
21.7333 	EXP 	grating: phase = 0.9395181195092245
21.7333 	EXP 	grating: color = 0.16917765722672617
21.7664 	EXP 	grating: phase = 0.8473358375458739
21.7664 	EXP 	grating: color = 0.16917765722672617
21.7994 	EXP 	grating: phase = 0.7165899507925302
21.7994 	EXP 	grating: color = 0.16917765722672617
21.8337 	EXP 	grating: phase = 0.5567552506508332
21.8337 	EXP 	grating: color = 0.16917765722672617
21.8669 	EXP 	grating: phase = 0.3708399723662599
21.8669 	EXP 	grating: color = 0.16917765722672617
21.9001 	EXP 	grating: phase = 0.17082205176055998
21.9001 	EXP 	grating: color = 0.16917765722672617
21.9336 	EXP 	grating: phase = -0.03588514134122483
21.9336 	EXP 	grating: color = 0.16917765722672617
21.9666 	EXP 	grating: phase = -0.24811474872150452
21.9666 	EXP 	grating: color = 0.16917765722672617
22.0007 	EXP 	grating: phase = -0.4435441676815463
22.0007 	EXP 	grating: color = 0.16917765722672617
22.0338 	EXP 	grating: phase = -0.6201357373623178
22.0338 	EXP 	grating: color = 0.16917765722672617
22.0668 	EXP 	grating: phase = -0.7678555810899128
22.0668 	EXP 	grating: color = 0.16917765722672617
22.1007 	EXP 	grating: phase = -0.886059438494192
22.1007 	EXP 	grating: color = 0.16917765722672617
22.1332 	EXP 	grating: phase = -0.9622835570310876
22.1332 	EXP 	grating: color = 0.16917765722672617
22.1668 	EXP 	grating: phase = -0.9979270156189446
22.1668 	EXP 	grating: color = 0.16917765722672617
22.2003 	EXP 	grating: phase = -0.9894431574744483
22.2003 	EXP 	grating: color = 0.16917765722672617
22.2335 	EXP 	grating: phase = -0.939165449742807
22.2335 	EXP 	grating: color = 0.16917765722672617
22.2668 	EXP 	grating: phase = -0.8464725455513842
22.2668 	EXP 	grating: color = 0.16917765722672617
22.3004 	EXP 	grating: phase = -0.7163549084114812
22.3004 	EXP 	grating: color = 0.16917765722672617
22.3337 	EXP 	grating: phase = -0.5563307395471287
22.3337 	EXP 	grating: color = 0.16917765722672617
22.3669 	EXP 	grating: phase = -0.3713789638600459
22.3669 	EXP 	grating: color = 0.16917765722672617
22.4006 	EXP 	grating: phase = -0.1693919823273709
22.4006 	EXP 	grating: color = 0.16917765722672617
22.4343 	EXP 	grating: phase = 0.04012579053029614
22.4343 	EXP 	grating: color = 0.16917765722672617
22.4675 	EXP 	grating: phase = 0.24960646998159974
22.4675 	EXP 	grating: color = 0.16917765722672617
22.5009 	EXP 	grating: phase = 0.4445686088239379
22.5009 	EXP 	grating: color = 0.16917765722672617
22.5336 	EXP 	grating: phase = 0.6181192804020884
22.5336 	EXP 	grating: color = 0.16917765722672617
22.5674 	EXP 	grating: phase = 0.7685294260151969
22.5674 	EXP 	grating: color = 0.16917765722672617
22.6009 	EXP 	grating: phase = 0.8864880453026389
22.6009 	EXP 	grating: color = 0.16917765722672617
22.6339 	EXP 	grating: phase = 0.9629676681121287
22.6339 	EXP 	grating: color = 0.16917765722672617
22.6672 	EXP 	grating: phase = 0.9982166355473726
22.6672 	EXP 	grating: color = 0.16305004750263488
22.7005 	EXP 	grating: phase = 0.9894696304511065
22.7005 	EXP 	grating: color = 0.15201392846281286
22.7345 	EXP 	grating: phase = 0.9385485091100739
22.7345 	EXP 	grating: color = 0.14085896418775262
22.7671 	EXP 	grating: phase = 0.8424279942243118
22.7671 	EXP 	grating: color = 0.12919358573447196
22.8012 	EXP 	grating: phase = 0.7126938618297867
22.8012 	EXP 	grating: color = 0.11796893509589472
22.8343 	EXP 	grating: phase = 0.5546845961161313
22.8343 	EXP 	grating: color = 0.10690074673939359
22.8680 	EXP 	grating: phase = 0.366771305622912
22.8680 	EXP 	grating: color = 0.09546979311057077
22.9011 	EXP 	grating: phase = 0.16521339282205225
22.9011 	EXP 	grating: color = 0.08418414682499477
22.9346 	EXP 	grating: phase = -0.04287809139455065
22.9346 	EXP 	grating: color = 0.07293706191595112
22.9676 	EXP 	grating: phase = -0.2483984835747985
22.9676 	EXP 	grating: color = 0.06172875959623555
23.0009 	EXP 	grating: phase = -0.44416617430601124
23.0009 	EXP 	grating: color = 0.050462356224162355
23.0349 	EXP 	grating: phase = -0.6248902306334823
23.0349 	EXP 	grating: color = 0.03889792816717548
23.0676 	EXP 	grating: phase = -0.7741867043442492
23.0676 	EXP 	grating: color = 0.027566312948811122
23.1011 	EXP 	grating: phase = -0.8864420959299427
23.1011 	EXP 	grating: color = 0.016571781520683133
23.1350 	EXP 	grating: phase = -0.9644254205736107
23.1350 	EXP 	grating: color = 0.005065165868018462
23.1683 	EXP 	grating: phase = -0.9982390185977349
23.1683 	EXP 	grating: color = 0
23.2012 	EXP 	grating: phase = -0.9887225767867291
23.2012 	EXP 	grating: color = 0
23.2342 	EXP 	grating: phase = -0.9370954696104596
23.2342 	EXP 	grating: color = 0
23.2679 	EXP 	grating: phase = -0.8432648811482599
23.2679 	EXP 	grating: color = 0
23.3016 	EXP 	grating: phase = -0.7119927314159414
23.3016 	EXP 	grating: color = 0
23.3350 	EXP 	grating: phase = -0.5513645672056784
23.3350 	EXP 	grating: color = 0
23.3374 	DATA 	Keypress: up
23.3513 	EXP 	fixation: autoDraw = False
23.3513 	EXP 	grating: autoDraw = False
23.3513 	EXP 	fd_instructions: text = 'Correct!'
23.3513 	EXP 	fd_instructions: autoDraw = True
25.3525 	EXP 	fd_instructions: autoDraw = False
25.3525 	EXP 	grating: color = '[0.13843365 0.13843365 0.13843365] (rgb)'
25.3525 	EXP 	grating: size = array([3.5, 3.5])
25.3525 	EXP 	grating: ori = 0.0
25.3525 	EXP 	grating: sf = array([1.2, 1.2])
25.4862 	EXP 	fixation: autoDraw = True
26.0870 	EXP 	fixation: autoDraw = False
26.3367 	EXP 	grating: phase = -0.5361590903865863
26.3367 	EXP 	grating: color = -0.004434282191604569
26.3701 	EXP 	grating: phase = -0.352138848297601
26.3701 	EXP 	grating: color = 0.004642016820215607
26.4036 	EXP 	grating: phase = -0.14861642082651252
26.4036 	EXP 	grating: color = 0.013928543187746657
26.4374 	EXP 	grating: phase = 0.06170183627774855
26.4374 	EXP 	grating: color = 0.0232276960247952
26.4702 	EXP 	grating: phase = 0.2658464166524087
26.4702 	EXP 	grating: color = 0.03235946986630834
26.5041 	EXP 	grating: phase = 0.4595136547070945
26.5041 	EXP 	grating: color = 0.04154072049552392
26.5371 	EXP 	grating: phase = 0.6352518177452773
26.5371 	EXP 	grating: color = 0.05083277999651813
26.5701 	EXP 	grating: phase = 0.7850710823488595
26.5701 	EXP 	grating: color = 0.06028370400150343
26.6044 	EXP 	grating: phase = 0.8957096902579881
26.6044 	EXP 	grating: color = 0.0694151530774646
26.6376 	EXP 	grating: phase = 0.9686985828983585
26.6376 	EXP 	grating: color = 0.07866431400145824
26.6708 	EXP 	grating: phase = 0.9990720295607738
26.6708 	EXP 	grating: color = 0.08782100724946053
26.7043 	EXP 	grating: phase = 0.9866236334028015
26.7043 	EXP 	grating: color = 0.09693372351575424
26.7372 	EXP 	grating: phase = 0.9300526077306285
26.7372 	EXP 	grating: color = 0.10629605666100371
26.7703 	EXP 	grating: phase = 0.8345883864112439
26.7703 	EXP 	grating: color = 0.11542681301552354
26.8042 	EXP 	grating: phase = 0.6997311362238516
26.8042 	EXP 	grating: color = 0.12478453549556087
26.8372 	EXP 	grating: phase = 0.5371523481285484
26.8372 	EXP 	grating: color = 0.13394870002730133
26.8711 	EXP 	grating: phase = 0.3465937685279099
26.8711 	EXP 	grating: color = 0.13843364674088682
26.9039 	EXP 	grating: phase = 0.1471379662386045
26.9039 	EXP 	grating: color = 0.13843364674088682
26.9372 	EXP 	grating: phase = -0.06611728125377692
26.9372 	EXP 	grating: color = 0.13843364674088682
26.9563 	DATA 	Keypress: up
26.9711 	EXP 	grating: phase = -0.2708209456787047
26.9711 	EXP 	grating: color = 0.13843364674088682
26.9882 	EXP 	fixation: autoDraw = False
26.9882 	EXP 	grating: autoDraw = False
26.9882 	EXP 	fd_instructions: text = 'Correct!'
26.9882 	EXP 	fd_instructions: autoDraw = True
28.9886 	EXP 	fd_instructions: autoDraw = False
28.9886 	EXP 	text: autoDraw = True
38.9681 	EXP 	Imported stairDefinitions.xlsx as conditions, 1 conditions, 9 params
38.9720 	DATA 	Keypress: space
38.9793 	EXP 	text: autoDraw = False
38.9793 	EXP 	grating: color = '[0.25 0.25 0.25] (rgb)'
38.9793 	EXP 	grating: size = array([3.5, 3.5])
38.9793 	EXP 	grating: ori = 0.0
38.9793 	EXP 	grating: sf = array([1.2, 1.2])
39.1124 	EXP 	fixation: autoDraw = True
39.7129 	EXP 	fixation: autoDraw = False
39.9630 	EXP 	grating: phase = -0.22463367628908598
39.9630 	EXP 	grating: color = -705817.7753436097
39.9976 	EXP 	grating: phase = -0.42157632515827353
39.9976 	EXP 	grating: color = -705817.7753406299
40.0305 	EXP 	grating: phase = -0.6002287773253682
40.0305 	EXP 	grating: color = -705817.7753457254
40.0639 	EXP 	grating: phase = -0.7535645511700886
40.0639 	EXP 	grating: color = -705817.7753422193
40.0967 	EXP 	grating: phase = -0.8728691862262608
40.0967 	EXP 	grating: color = -705817.7753432178
40.1300 	EXP 	grating: phase = -0.957498447266038
40.1300 	EXP 	grating: color = -705817.7753417653
40.1636 	EXP 	grating: phase = -0.9965490921156465
40.1636 	EXP 	grating: color = -705817.7753525543
40.1969 	EXP 	grating: phase = -0.9918073585192897
40.1969 	EXP 	grating: color = -705817.7753425707
40.2307 	EXP 	grating: phase = -0.9439993456181968
40.2307 	EXP 	grating: color = -705817.7753513714
40.2646 	EXP 	grating: phase = -0.8571677902472123
40.2646 	EXP 	grating: color = -705817.7753427112
40.2966 	EXP 	grating: phase = -0.7305225895570271
40.2966 	EXP 	grating: color = -705817.7753421783
40.3309 	EXP 	grating: phase = -0.5742206318644898
40.3309 	EXP 	grating: color = -705817.7753635793
40.3640 	EXP 	grating: phase = -0.39146008367353896
40.3640 	EXP 	grating: color = -705817.7753424193
40.3669 	DATA 	Keypress: up
40.3813 	EXP 	fixation: autoDraw = False
40.3813 	EXP 	grating: autoDraw = False
40.3813 	EXP 	grating: color = '[0.24393288 0.24393288 0.24393288] (rgb)'
40.3813 	EXP 	grating: size = array([3.5, 3.5])
40.3813 	EXP 	grating: ori = 90.0
40.3813 	EXP 	grating: sf = array([1.2, 1.2])
40.5151 	EXP 	fixation: autoDraw = True
41.1162 	EXP 	fixation: autoDraw = False
41.3499 	EXP 	grating: phase = -0.46874625737328435
41.3499 	EXP 	grating: color = -688689.3362578461
41.3828 	EXP 	grating: phase = -0.27654368192671797
41.3828 	EXP 	grating: color = -688689.3362511232
41.4159 	EXP 	grating: phase = -0.07196640373350013
41.4159 	EXP 	grating: color = -688689.3362576533
41.4498 	EXP 	grating: phase = 0.14030064128054706
41.4498 	EXP 	grating: color = -688689.3362580192
41.4828 	EXP 	grating: phase = 0.34114986473690984
41.4828 	EXP 	grating: color = -688689.336257322
41.5167 	EXP 	grating: phase = 0.5269678075861991
41.5167 	EXP 	grating: color = -688689.3362570523
41.5498 	EXP 	grating: phase = 0.69501903512439
41.5498 	EXP 	grating: color = -688689.3362573143
41.5828 	EXP 	grating: phase = 0.828517011569641
41.5828 	EXP 	grating: color = -688689.3362570727
41.6169 	EXP 	grating: phase = 0.9283408785000538
41.6169 	EXP 	grating: color = -688689.3362576606
41.6498 	EXP 	grating: phase = 0.9850447531717827
41.6498 	EXP 	grating: color = -688689.3362575362
41.6831 	EXP 	grating: phase = 0.9993845788486558
41.6831 	EXP 	grating: color = -688689.3362587583
41.7165 	EXP 	grating: phase = 0.9701303613442671
41.7165 	EXP 	grating: color = -688689.3362575743
41.7497 	EXP 	grating: phase = 0.8994649852246985
41.7497 	EXP 	grating: color = -688689.3362580056
41.7829 	EXP 	grating: phase = 0.788685230084036
41.7829 	EXP 	grating: color = -688689.3362580762
41.8162 	EXP 	grating: phase = 0.6433873493636963
41.8162 	EXP 	grating: color = -688689.3362574109
41.8502 	EXP 	grating: phase = 0.46674164024271647
41.8502 	EXP 	grating: color = -688689.336258871
41.8833 	EXP 	grating: phase = 0.27402858591359125
41.8833 	EXP 	grating: color = -688689.3362572616
41.9015 	DATA 	Keypress: right
41.9163 	EXP 	grating: phase = 0.0708537805411806
41.9163 	EXP 	grating: color = -688689.3362580588
41.9329 	EXP 	fixation: autoDraw = False
41.9329 	EXP 	grating: autoDraw = False
41.9329 	EXP 	grating: color = '[0.20430437 0.20430437 0.20430437] (rgb)'
41.9329 	EXP 	grating: size = array([3.5, 3.5])
41.9329 	EXP 	grating: ori = 0.0
41.9329 	EXP 	grating: sf = array([1.2, 1.2])
42.0670 	EXP 	fixation: autoDraw = True
42.6675 	EXP 	fixation: autoDraw = False
42.9170 	EXP 	grating: phase = 0.06636237015304222
42.9170 	EXP 	grating: color = -576807.8319479282
42.9509 	EXP 	grating: phase = -0.14697004530770152
42.9509 	EXP 	grating: color = -576807.8319423131
42.9839 	EXP 	grating: phase = -0.3470954284264238
42.9839 	EXP 	grating: color = -576807.8319481774
43.0178 	EXP 	grating: phase = -0.5378534168727932
43.0178 	EXP 	grating: color = -576807.8319482554
43.0508 	EXP 	grating: phase = -0.6998805186689605
43.0508 	EXP 	grating: color = -576807.8319475887
43.0838 	EXP 	grating: phase = -0.8319772181063061
43.0838 	EXP 	grating: color = -576807.8319479809
43.1178 	EXP 	grating: phase = -0.9305688610911412
43.1178 	EXP 	grating: color = -576807.8319473574
43.1507 	EXP 	grating: phase = -0.9859568138772667
43.1507 	EXP 	grating: color = -576807.8319475951
43.1846 	EXP 	grating: phase = -0.9989853493935545
43.1846 	EXP 	grating: color = -576807.8319483838
43.2175 	EXP 	grating: phase = -0.9683602547907812
43.2175 	EXP 	grating: color = -576807.8319487083
43.2512 	EXP 	grating: phase = -0.8938629155934448
43.2512 	EXP 	grating: color = -576807.8319510336
43.2540 	DATA 	Keypress: up
43.2678 	EXP 	fixation: autoDraw = False
43.2678 	EXP 	grating: autoDraw = False
43.2678 	EXP 	grating: color = '[0.16917766 0.16917766 0.16917766] (rgb)'
43.2678 	EXP 	grating: size = array([3.5, 3.5])
43.2678 	EXP 	grating: ori = 90.0
43.2678 	EXP 	grating: sf = array([1.2, 1.2])
43.4014 	EXP 	fixation: autoDraw = True
44.0021 	EXP 	fixation: autoDraw = False
44.2519 	EXP 	grating: phase = -0.8926781212798247
44.2519 	EXP 	grating: color = -477635.8374322944
44.2849 	EXP 	grating: phase = -0.7802689587559416
44.2849 	EXP 	grating: color = -477635.8374191219
44.3188 	EXP 	grating: phase = -0.6306555077310589
44.3188 	EXP 	grating: color = -477635.8374241031
44.3519 	EXP 	grating: phase = -0.4573024854006563
44.3519 	EXP 	grating: color = -477635.837423285
44.3848 	EXP 	grating: phase = -0.2640901666790916
44.3848 	EXP 	grating: color = -477635.8374242057
44.4193 	EXP 	grating: phase = -0.0545927654911291
44.4193 	EXP 	grating: color = -477635.8374239408
44.4522 	EXP 	grating: phase = 0.15513077713483983
44.4522 	EXP 	grating: color = -477635.8374244716
44.4853 	EXP 	grating: phase = 0.35488101701406194
44.4853 	EXP 	grating: color = -477635.8374238365
44.5185 	EXP 	grating: phase = 0.5403104363211945
44.5185 	EXP 	grating: color = -477635.8374237632
44.5526 	EXP 	grating: phase = 0.7074109496350238
44.5526 	EXP 	grating: color = -477635.83742363966
44.5858 	EXP 	grating: phase = 0.8386451807127131
44.5858 	EXP 	grating: color = -477635.8374232668
44.6187 	EXP 	grating: phase = 0.9325457484657028
44.6187 	EXP 	grating: color = -477635.8374230881
44.6517 	EXP 	grating: phase = 0.9880151748963353
44.6517 	EXP 	grating: color = -477635.8374239499
44.6859 	EXP 	grating: phase = 0.998610908564307
44.6859 	EXP 	grating: color = -477635.83742342645
44.7188 	EXP 	grating: phase = 0.9663075168692512
44.7188 	EXP 	grating: color = -477635.8374264432
44.7381 	DATA 	Keypress: right
44.7520 	EXP 	grating: phase = 0.8900078611133061
44.7520 	EXP 	grating: color = -477635.83742399485
44.7685 	EXP 	fixation: autoDraw = False
44.7685 	EXP 	grating: autoDraw = False
44.7685 	EXP 	grating: color = '[0.13843365 0.13843365 0.13843365] (rgb)'
44.7685 	EXP 	grating: size = array([3.5, 3.5])
44.7685 	EXP 	grating: ori = 90.0
44.7685 	EXP 	grating: sf = array([1.2, 1.2])
44.9028 	EXP 	fixation: autoDraw = True
45.5029 	EXP 	fixation: autoDraw = False
45.7529 	EXP 	grating: phase = 0.8903686594612082
45.7529 	EXP 	grating: color = -390837.31371356844
45.7861 	EXP 	grating: phase = 0.7720854008036706
45.7861 	EXP 	grating: color = -390837.3137097779
45.8202 	EXP 	grating: phase = 0.6247077498698248
45.8202 	EXP 	grating: color = -390837.31371386914
45.8533 	EXP 	grating: phase = 0.4499552125714413
45.8533 	EXP 	grating: color = -390837.3137141776
45.8862 	EXP 	grating: phase = 0.2555298660195373
45.8862 	EXP 	grating: color = -390837.3137136285
45.9200 	EXP 	grating: phase = 0.046215650166262216
45.9200 	EXP 	grating: color = -390837.3137138049
45.9533 	EXP 	grating: phase = -0.15989618588647636
45.9533 	EXP 	grating: color = -390837.31371463963
45.9862 	EXP 	grating: phase = -0.36138306999048125
45.9862 	EXP 	grating: color = -390837.3137135568
46.0196 	EXP 	grating: phase = -0.5503039560092998
46.0196 	EXP 	grating: color = -390837.31371428445
46.0225 	DATA 	Keypress: up
46.0364 	EXP 	fixation: autoDraw = False
46.0364 	EXP 	grating: autoDraw = False
46.0364 	EXP 	grating: color = '[0.25414509 0.25414509 0.25414509] (rgb)'
46.0364 	EXP 	grating: size = array([3.5, 3.5])
46.0364 	EXP 	grating: ori = 90.0
46.0364 	EXP 	grating: sf = array([1.2, 1.2])
46.1701 	EXP 	fixation: autoDraw = True
46.7706 	EXP 	fixation: autoDraw = False
47.0206 	EXP 	grating: phase = -0.5566603080318718
47.0206 	EXP 	grating: color = -717524.0581049458
47.0547 	EXP 	grating: phase = -0.7166567872051526
47.0547 	EXP 	grating: color = -717524.0580971664
47.0872 	EXP 	grating: phase = -0.8465128613580821
47.0872 	EXP 	grating: color = -717524.058106095
47.1213 	EXP 	grating: phase = -0.9383367240635924
47.1213 	EXP 	grating: color = -717524.058105331
47.1544 	EXP 	grating: phase = -0.9895014547409133
47.1544 	EXP 	grating: color = -717524.0581059791
47.1875 	EXP 	grating: phase = -0.9980664990108258
47.1875 	EXP 	grating: color = -717524.0581053525
47.2215 	EXP 	grating: phase = -0.961974134386262
47.2215 	EXP 	grating: color = -717524.0581061677
47.2547 	EXP 	grating: phase = -0.8848678555426945
47.2547 	EXP 	grating: color = -717524.0581048105
47.2879 	EXP 	grating: phase = -0.7688985379353757
47.2879 	EXP 	grating: color = -717524.0581058032
47.3215 	EXP 	grating: phase = -0.6200245408867542
47.3215 	EXP 	grating: color = -717524.0581061164
47.3243 	DATA 	Keypress: right
47.3383 	EXP 	fixation: autoDraw = False
47.3383 	EXP 	grating: autoDraw = False
47.3383 	EXP 	grating: color = '[0.23039282 0.23039282 0.23039282] (rgb)'
47.3383 	EXP 	grating: size = array([3.5, 3.5])
47.3383 	EXP 	grating: ori = 90.0
47.3383 	EXP 	grating: sf = array([1.2, 1.2])
47.4710 	EXP 	fixation: autoDraw = True
48.0723 	EXP 	fixation: autoDraw = False
48.2568 	DATA 	Keypress: escape
48.3223 	EXP 	grating: phase = -0.6148640623573679
48.3223 	EXP 	grating: color = -650465.2389293215
48.3555 	EXP 	grating: phase = -0.4370407479927446
48.3555 	EXP 	grating: color = -650465.2389218545
48.3889 	EXP 	grating: phase = -0.24265076795491414
48.3889 	EXP 	grating: color = -650465.2389302938
48.4221 	EXP 	grating: phase = -0.03408599673676577
48.4221 	EXP 	grating: color = -650465.2389285234
48.4555 	EXP 	grating: phase = 0.1751054762058858
48.4555 	EXP 	grating: color = -650465.2389279715
48.4886 	EXP 	grating: phase = 0.3741435562102254
48.4886 	EXP 	grating: color = -650465.2389355975
48.5216 	EXP 	grating: phase = 0.5633563082488684
48.5216 	EXP 	grating: color = -650465.2389280944
48.5558 	EXP 	grating: phase = 0.7212591267347603
48.5558 	EXP 	grating: color = -650465.2389285741
48.5890 	EXP 	grating: phase = 0.8493502497564446
48.5890 	EXP 	grating: color = -650465.2389302988
48.6223 	EXP 	grating: phase = 0.9400566681464676
48.6223 	EXP 	grating: color = -650465.2389286286
48.6554 	EXP 	grating: phase = 0.990426079630855
48.6554 	EXP 	grating: color = -650465.2389288746
48.6885 	EXP 	grating: phase = 0.9971790046199845
48.6885 	EXP 	grating: color = -650465.2389271951
48.7226 	EXP 	grating: phase = 0.961642896456015
48.7226 	EXP 	grating: color = -650465.238932259
48.7557 	EXP 	grating: phase = 0.881741186651826
48.7557 	EXP 	grating: color = -650465.2389281911
48.7888 	EXP 	grating: phase = 0.7654675632388213
48.7888 	EXP 	grating: color = -650465.2389285819
48.8225 	EXP 	grating: phase = 0.6107707243602133
48.8225 	EXP 	grating: color = -650465.2389304013
48.8555 	EXP 	grating: phase = 0.43705573899023853
48.8555 	EXP 	grating: color = -650465.238928845
48.8886 	EXP 	grating: phase = 0.23583728924039718
48.8886 	EXP 	grating: color = -650465.2389287659
48.9228 	EXP 	grating: phase = 0.03002492852467717
48.9228 	EXP 	grating: color = -650465.23894572
48.9556 	EXP 	grating: phase = -0.17672838545515235
48.9556 	EXP 	grating: color = -650465.2389277194
48.9885 	EXP 	grating: phase = -0.3802324706411196
48.9885 	EXP 	grating: color = -650465.2389284931
49.0230 	EXP 	grating: phase = -0.5604792292888716
49.0230 	EXP 	grating: color = -650465.2389284621
49.0564 	EXP 	grating: phase = -0.7213954831458954
49.0564 	EXP 	grating: color = -650465.2389281612
49.0894 	EXP 	grating: phase = -0.8493694551481503
49.0894 	EXP 	grating: color = -650465.2389346376
49.1224 	EXP 	grating: phase = -0.9400715136508904
49.1224 	EXP 	grating: color = -650465.238942319
49.1556 	EXP 	grating: phase = -0.9912102842355612
49.1556 	EXP 	grating: color = -650465.2389284369
49.1897 	EXP 	grating: phase = -0.9972381424873399
49.1897 	EXP 	grating: color = -650465.2389275623
49.2232 	EXP 	grating: phase = -0.9604705198958361
49.2232 	EXP 	grating: color = -650465.238928716
49.2564 	EXP 	grating: phase = -0.8812239362709031
49.2564 	EXP 	grating: color = -650465.2389281129
49.2895 	EXP 	grating: phase = -0.7646010587401157
49.2895 	EXP 	grating: color = -650465.2389330083
49.3224 	EXP 	grating: phase = -0.6096993157622369
49.3224 	EXP 	grating: color = -650465.2389350611
49.3556 	EXP 	grating: phase = -0.43503944803635186
49.3556 	EXP 	grating: color = -650465.238928563
49.3890 	EXP 	grating: phase = -0.23655785970855142
49.3890 	EXP 	grating: color = -650465.2389293603
49.3908 	DATA 	Keypress: escape
49.4226 	EXP 	grating: phase = -0.031424505360394234
49.4226 	EXP 	grating: color = -650465.2389270688
49.4567 	EXP 	grating: phase = 0.18203127950285344
49.4567 	EXP 	grating: color = -650465.2389286414
49.4898 	EXP 	grating: phase = 0.3813271331701374
49.4898 	EXP 	grating: color = -650465.2389278557
49.5235 	EXP 	grating: phase = 0.5617233282901256
49.5235 	EXP 	grating: color = -650465.2389281106
49.5566 	EXP 	grating: phase = 0.7234591901779719
49.5566 	EXP 	grating: color = -650465.2389272826
49.8268 	EXP 	window1: mouseVisible = True
