12.2092 	WARNING 	User requested fullscreen with size [800 600], but screen is actually [2560, 1440]. Using actual size
14.3904 	EXP 	Created window1 = Window(allowGUI=False, allowStencil=False, args=UNKNOWN, autoLog=True, bitsMode=UNKNOWN, blendMode='avg', color=array([0., 0., 0.]), colorSpace='rgb', fullscr=<method-wrapper '__getattribute__' of attributeSetter object at 0x13608ecc0>, gamma=None, gammaErrorPolicy='raise', kwargs=UNKNOWN, lms=UNKNOWN, monitor=<psychopy.monitors.calibTools.Monitor object at 0x135e09780>, multiSample=False, name='window1', numSamples=2, pos=[0.0, 0.0], screen=0, size=array([2560, 1440]), stereo=False, units='deg', useFBO=True, useRetina=False, viewOri=0.0, viewPos=None, viewScale=None, waitBlanking=True, winType='pyglet')
14.3905 	EXP 	window1: recordFrameIntervals = False
14.5560 	EXP 	window1: recordFrameIntervals = True
14.8061 	EXP 	window1: recordFrameIntervals = False
17.7041 	EXP 	Created instrText = TextStim(__class__=<class 'psychopy.visual.text.TextStim'>, alignHoriz='center', alignVert='center', antialias=True, autoLog=True, bold=False, color='white', colorSpace='named', contrast=1.0, depth=0.0, flipHoriz=False, flipVert=False, font='Arial', fontFiles=[], height=1, italic=False, languageStyle='LTR', name='instrText', opacity=1.0, ori=0, pos=array([0., 0.]), rgb=array([255., 255., 255.]), text=str(...), units='deg', win=Window(...), wrapWidth=15.0)
17.7148 	EXP 	Created fixation = GratingStim(__class__=<class 'psychopy.visual.grating.GratingStim'>, autoDraw=False, autoLog=True, blendmode='avg', color='black', colorSpace='named', contrast=1.0, depth=-1.0, interpolate=True, mask='gauss', maskParams=None, name='fixation', opacity=1.0, ori=0.0, phase=array([0., 0.]), pos=array([0., 0.]), rgbPedestal=array([0., 0., 0.]), sf=array([1., 1.]), size=array([1., 1.]), tex=None, texRes=128, units='deg', win=Window(...))
17.7171 	EXP 	Created grating = GratingStim(__class__=<class 'psychopy.visual.grating.GratingStim'>, autoDraw=False, autoLog=True, blendmode='avg', color='white', colorSpace='named', contrast=1.0, depth=-2.0, interpolate=True, mask='gauss', maskParams=None, name='grating', opacity=1.0, ori=1.0, phase=array([0., 0.]), pos=array([0., 0.]), rgbPedestal=array([0., 0., 0.]), sf=array([1., 1.]), size=array([1., 1.]), tex='sin', texRes=128, units='deg', win=Window(...))
17.7287 	EXP 	Created fd_instructions = TextStim(__class__=<class 'psychopy.visual.text.TextStim'>, alignHoriz='center', alignVert='center', antialias=True, autoLog=True, bold=False, color='white', colorSpace='named', contrast=1.0, depth=-1.0, flipHoriz=False, flipVert=False, font='Arial', fontFiles=[], height=1, italic=False, languageStyle='LTR', name='fd_instructions', opacity=1.0, ori=0, pos=array([0., 0.]), rgb=array([255., 255., 255.]), text='default text', units='deg', win=Window(...), wrapWidth=15.0)
17.7719 	EXP 	Created text = TextStim(__class__=<class 'psychopy.visual.text.TextStim'>, alignHoriz='center', alignVert='center', antialias=True, autoLog=True, bold=False, color='white', colorSpace='named', contrast=1.0, depth=0.0, flipHoriz=False, flipVert=False, font='Arial', fontFiles=[], height=1, italic=False, languageStyle='LTR', name='text', opacity=1.0, ori=0, pos=array([0., 0.]), rgb=array([255., 255., 255.]), text=str(...), units='deg', win=Window(...), wrapWidth=15.0)
17.7809 	EXP 	Created fixation = GratingStim(__class__=<class 'psychopy.visual.grating.GratingStim'>, autoDraw=False, autoLog=True, blendmode='avg', color='black', colorSpace='named', contrast=1.0, depth=-1.0, interpolate=True, mask='gauss', maskParams=None, name='fixation', opacity=1.0, ori=0.0, phase=array([0., 0.]), pos=array([0., 0.]), rgbPedestal=array([0., 0., 0.]), sf=array([1., 1.]), size=array([1., 1.]), tex=None, texRes=128, units='deg', win=Window(...))
17.7850 	EXP 	Created grating = GratingStim(__class__=<class 'psychopy.visual.grating.GratingStim'>, autoDraw=False, autoLog=True, blendmode='avg', color='white', colorSpace='named', contrast=1.0, depth=-2.0, interpolate=True, mask='gauss', maskParams=None, name='grating', opacity=1.0, ori=1.0, phase=array([0., 0.]), pos=array([0., 0.]), rgbPedestal=array([0., 0., 0.]), sf=array([1., 1.]), size=array([1., 1.]), tex='sin', texRes=128, units='deg', win=Window(...))
17.8048 	EXP 	Created thanksMsg = TextStim(__class__=<class 'psychopy.visual.text.TextStim'>, alignHoriz='center', alignVert='center', antialias=True, autoLog=True, bold=False, color=array([1., 1., 1.]), colorSpace='rgb', contrast=1.0, depth=0.0, flipHoriz=False, flipVert=False, font='Arial', fontFiles=[], height=1, italic=False, languageStyle='LTR', name='thanksMsg', opacity=1.0, ori=0, pos=array([0., 0.]), rgb=array([1., 1., 1.]), text=str(...), units='deg', win=Window(...), wrapWidth=15.0)
17.8657 	EXP 	instrText: autoDraw = True
18.8209 	EXP 	Imported stairDefinitions.xlsx as conditions, 1 conditions, 15 params
19.0241 	DATA 	Keypress: space
19.0423 	EXP 	instrText: autoDraw = False
19.0423 	EXP 	grating: color = '[0.3 0.3 0.3] (rgb)'
19.0423 	EXP 	grating: size = array([3.5, 3.5])
19.0423 	EXP 	grating: ori = 90.0
19.0423 	EXP 	grating: sf = array([1.2, 1.2])
19.2921 	EXP 	fixation: autoDraw = True
19.8943 	EXP 	fixation: autoDraw = False
20.0107 	EXP 	grating: phase = 0.9934876315470254
20.0107 	EXP 	grating: color = -0.015163172408938407
20.0443 	EXP 	grating: phase = 0.995453913228594
20.0443 	EXP 	grating: color = 0.004833918577060103
20.0775 	EXP 	grating: phase = 0.9548524520339118
20.0775 	EXP 	grating: color = 0.024534452939406037
20.1111 	EXP 	grating: phase = 0.871884987519595
20.1111 	EXP 	grating: color = 0.04461782402358949
20.1443 	EXP 	grating: phase = 0.7509333531994904
20.1443 	EXP 	grating: color = 0.06461749859154224
20.1784 	EXP 	grating: phase = 0.5930840412573632
20.1784 	EXP 	grating: color = 0.08510410012677312
20.2114 	EXP 	grating: phase = 0.41751189210687195
20.2114 	EXP 	grating: color = 0.10460191313177347
20.2445 	EXP 	grating: phase = 0.218663181560789
20.2445 	EXP 	grating: color = 0.12470091772265732
20.2781 	EXP 	grating: phase = 0.00796016508555536
20.2781 	EXP 	grating: color = 0.1449842129833996
20.3114 	EXP 	grating: phase = -0.19936157239276786
20.3114 	EXP 	grating: color = 0.1648970705922693
20.3453 	EXP 	grating: phase = -0.39728578942377574
20.3453 	EXP 	grating: color = 0.18474566820077598
20.3785 	EXP 	grating: phase = -0.5830880591173364
20.3785 	EXP 	grating: color = 0.2051835689228028
20.4113 	EXP 	grating: phase = -0.7384482095007303
20.4113 	EXP 	grating: color = 0.2250627917703241
20.4451 	EXP 	grating: phase = -0.8636125598806038
20.4451 	EXP 	grating: color = 0.2452781718224287
20.4785 	EXP 	grating: phase = -0.9487671663446164
20.4785 	EXP 	grating: color = 0.2650440227240324
20.5115 	EXP 	grating: phase = -0.9938508139227751
20.5115 	EXP 	grating: color = 0.2851357013918459
20.5451 	EXP 	grating: phase = -0.9954398683278473
20.5451 	EXP 	grating: color = 0.3
20.5781 	EXP 	grating: phase = -0.9541644273505762
20.5781 	EXP 	grating: color = 0.3
20.6120 	EXP 	grating: phase = -0.868407462752391
20.6120 	EXP 	grating: color = 0.3
20.6448 	EXP 	grating: phase = -0.7465608907151169
20.6448 	EXP 	grating: color = 0.3
20.6784 	EXP 	grating: phase = -0.5951560318244129
20.6784 	EXP 	grating: color = 0.3
20.7122 	EXP 	grating: phase = -0.41128820080809825
20.7122 	EXP 	grating: color = 0.3
20.7453 	EXP 	grating: phase = -0.21448505978080853
20.7453 	EXP 	grating: color = 0.3
20.7789 	EXP 	grating: phase = -0.005971203068293827
20.7789 	EXP 	grating: color = 0.3
20.8115 	EXP 	grating: phase = 0.2037538621642262
20.8115 	EXP 	grating: color = 0.3
20.8448 	EXP 	grating: phase = 0.3988211049782357
20.8448 	EXP 	grating: color = 0.3
20.8784 	EXP 	grating: phase = 0.5832072468119869
20.8784 	EXP 	grating: color = 0.3
20.9000 	DATA 	Keypress: right
20.9114 	EXP 	grating: phase = 0.7373167289972674
20.9114 	EXP 	grating: color = 0.3
20.9282 	EXP 	fixation: autoDraw = False
20.9282 	EXP 	grating: autoDraw = False
20.9282 	EXP 	fd_instructions: text = 'Correct!'
20.9282 	EXP 	fd_instructions: autoDraw = True
22.9307 	EXP 	fd_instructions: autoDraw = False
22.9307 	EXP 	grating: color = '[0.29393288 0.29393288 0.29393288] (rgb)'
22.9307 	EXP 	grating: size = array([3.5, 3.5])
22.9307 	EXP 	grating: ori = 90.0
22.9307 	EXP 	grating: sf = array([1.2, 1.2])
23.0474 	EXP 	fixation: autoDraw = True
23.6471 	EXP 	fixation: autoDraw = False
23.8982 	EXP 	grating: phase = 0.6783527724860017
23.8982 	EXP 	grating: color = -0.01919742437410554
23.9312 	EXP 	grating: phase = 0.8157339537489222
23.9312 	EXP 	grating: color = 0.00030124058925596546
23.9644 	EXP 	grating: phase = 0.9173519343068395
23.9644 	EXP 	grating: color = 0.01971031837081427
23.9981 	EXP 	grating: phase = 0.9805936269152453
23.9981 	EXP 	grating: color = 0.03956043365389297
24.0307 	EXP 	grating: phase = 0.9999351438773603
24.0307 	EXP 	grating: color = 0.059081441108277226
24.0649 	EXP 	grating: phase = 0.9754590917636786
24.0649 	EXP 	grating: color = 0.0787863683188844
24.0983 	EXP 	grating: phase = 0.9091401544691318
24.0983 	EXP 	grating: color = 0.0982138381581889
24.1310 	EXP 	grating: phase = 0.8013967787802408
24.1310 	EXP 	grating: color = 0.11800533490793945
24.1640 	EXP 	grating: phase = 0.6584253828203179
24.1640 	EXP 	grating: color = 0.13773634918560637
24.1973 	EXP 	grating: phase = 0.492985393505728
24.1973 	EXP 	grating: color = 0.15675083094101105
24.2307 	EXP 	grating: phase = 0.2982719107366416
24.2307 	EXP 	grating: color = 0.1766447170302689
24.2650 	EXP 	grating: phase = 0.08933221548425532
24.2650 	EXP 	grating: color = 0.19661280986382437
24.2983 	EXP 	grating: phase = -0.11364744192249414
24.2983 	EXP 	grating: color = 0.2156385568281679
24.3311 	EXP 	grating: phase = -0.3203459368783793
24.3311 	EXP 	grating: color = 0.23549809747110698
24.3646 	EXP 	grating: phase = -0.5100822895440503
24.3646 	EXP 	grating: color = 0.25506417890107047
24.3982 	EXP 	grating: phase = -0.6807219341183114
24.3982 	EXP 	grating: color = 0.27503637272838355
24.4005 	DATA 	Keypress: right
24.4144 	EXP 	fixation: autoDraw = False
24.4144 	EXP 	grating: autoDraw = False
24.4144 	EXP 	fd_instructions: text = 'Correct!'
24.4144 	EXP 	fd_instructions: autoDraw = True
26.4169 	EXP 	fd_instructions: autoDraw = False
26.4169 	EXP 	grating: color = '[0.25430437 0.25430437 0.25430437] (rgb)'
26.4169 	EXP 	grating: size = array([3.5, 3.5])
26.4169 	EXP 	grating: ori = 90.0
26.4169 	EXP 	grating: sf = array([1.2, 1.2])
26.5503 	EXP 	fixation: autoDraw = True
27.1507 	EXP 	fixation: autoDraw = False
27.3838 	EXP 	grating: phase = -0.6137487659834453
27.3838 	EXP 	grating: color = -0.016821522724748586
27.4177 	EXP 	grating: phase = -0.7641540173205547
27.4177 	EXP 	grating: color = 8.672490514004503e-05
27.4502 	EXP 	grating: phase = -0.8805279131900013
27.4502 	EXP 	grating: color = 0.016877911581309062
27.4843 	EXP 	grating: phase = -0.9601626145470512
27.4843 	EXP 	grating: color = 0.03391602275567217
27.5175 	EXP 	grating: phase = -0.9972101669949642
27.5175 	EXP 	grating: color = 0.05079544549079045
27.5509 	EXP 	grating: phase = -0.9910080132195618
27.5509 	EXP 	grating: color = 0.06770445195412549
27.5840 	EXP 	grating: phase = -0.9406401944552196
27.5840 	EXP 	grating: color = 0.08487124212069022
27.6178 	EXP 	grating: phase = -0.852947318393537
27.6178 	EXP 	grating: color = 0.10129705096609679
27.6504 	EXP 	grating: phase = -0.722434080195905
27.6504 	EXP 	grating: color = 0.11864382913149384
27.6842 	EXP 	grating: phase = -0.5626708734996312
27.6842 	EXP 	grating: color = 0.1356184033992822
27.7174 	EXP 	grating: phase = -0.3812246016981417
27.7174 	EXP 	grating: color = 0.15233355764040724
27.7502 	EXP 	grating: phase = -0.18203332523574878
27.7502 	EXP 	grating: color = 0.16917544144860994
27.7844 	EXP 	grating: phase = 0.027534111132973434
27.7844 	EXP 	grating: color = 0.18622204840760864
27.8176 	EXP 	grating: phase = 0.23529413434211327
27.8176 	EXP 	grating: color = 0.2032197776348656
27.8361 	DATA 	Keypress: right
27.8505 	EXP 	grating: phase = 0.4333918318319992
27.8505 	EXP 	grating: color = 0.22028429166584687
27.8675 	EXP 	fixation: autoDraw = False
27.8675 	EXP 	grating: autoDraw = False
27.8675 	EXP 	fd_instructions: text = 'Correct!'
27.8675 	EXP 	fd_instructions: autoDraw = True
29.8694 	EXP 	fd_instructions: autoDraw = False
29.8694 	EXP 	grating: color = '[0.21917766 0.21917766 0.21917766] (rgb)'
29.8694 	EXP 	grating: size = array([3.5, 3.5])
29.8694 	EXP 	grating: ori = 0.0
29.8694 	EXP 	grating: sf = array([1.2, 1.2])
30.0028 	EXP 	fixation: autoDraw = True
30.6038 	EXP 	fixation: autoDraw = False
30.8365 	EXP 	grating: phase = 0.3511965919666328
30.8365 	EXP 	grating: color = -0.014508880508664558
30.8697 	EXP 	grating: phase = 0.541365123758935
30.8697 	EXP 	grating: color = 0.00035940581930565585
30.9038 	EXP 	grating: phase = 0.7035300626039264
30.9038 	EXP 	grating: color = 0.014901737736987272
30.9367 	EXP 	grating: phase = 0.834980395623053
30.9367 	EXP 	grating: color = 0.029387946581104628
30.9705 	EXP 	grating: phase = 0.9322778707584589
30.9705 	EXP 	grating: color = 0.044219092857437754
31.0031 	EXP 	grating: phase = 0.9865564059813033
31.0031 	EXP 	grating: color = 0.0585889021189538
31.0371 	EXP 	grating: phase = 0.9988964661028851
31.0371 	EXP 	grating: color = 0.0733222389958578
31.0701 	EXP 	grating: phase = 0.9664062232184468
31.0701 	EXP 	grating: color = 0.0881766856420462
31.1039 	EXP 	grating: phase = 0.8924739709014297
31.1039 	EXP 	grating: color = 0.10269604072815608
31.1374 	EXP 	grating: phase = 0.782177849824891
31.1374 	EXP 	grating: color = 0.11697061593456747
31.1706 	EXP 	grating: phase = 0.6325129806324677
31.1706 	EXP 	grating: color = 0.13185470807728294
31.2036 	EXP 	grating: phase = 0.46051017262374133
31.2036 	EXP 	grating: color = 0.14624237114067282
31.2374 	EXP 	grating: phase = 0.2648799233505542
31.2374 	EXP 	grating: color = 0.16093512121156323
31.2705 	EXP 	grating: phase = 0.057980315135810194
31.2705 	EXP 	grating: color = 0.17560217530042443
31.3043 	EXP 	grating: phase = -0.15420494670419788
31.3043 	EXP 	grating: color = 0.19043253161262044
31.3373 	EXP 	grating: phase = -0.35453597536486325
31.3373 	EXP 	grating: color = 0.20491677493614965
31.3704 	EXP 	grating: phase = -0.5392721084405069
31.3704 	EXP 	grating: color = 0.21917765722672616
31.4035 	EXP 	grating: phase = -0.7038667028876162
31.4035 	EXP 	grating: color = 0.21917765722672616
31.4378 	EXP 	grating: phase = -0.8376750668671963
31.4378 	EXP 	grating: color = 0.21917765722672616
31.4558 	DATA 	Keypress: up
31.4707 	EXP 	grating: phase = -0.9318337576238167
31.4707 	EXP 	grating: color = 0.21917765722672616
31.4874 	EXP 	fixation: autoDraw = False
31.4874 	EXP 	grating: autoDraw = False
31.4874 	EXP 	fd_instructions: text = 'Correct!'
31.4874 	EXP 	fd_instructions: autoDraw = True
33.4892 	EXP 	fd_instructions: autoDraw = False
33.4892 	EXP 	grating: color = '[0.18843365 0.18843365 0.18843365] (rgb)'
33.4892 	EXP 	grating: size = array([3.5, 3.5])
33.4892 	EXP 	grating: ori = 0.0
33.4892 	EXP 	grating: sf = array([1.2, 1.2])
33.6219 	EXP 	fixation: autoDraw = True
34.2232 	EXP 	fixation: autoDraw = False
34.4566 	EXP 	grating: phase = -0.897004297115894
34.4566 	EXP 	grating: color = -0.012625854365485628
34.4897 	EXP 	grating: phase = -0.9688513099155194
34.4897 	EXP 	grating: color = -0.0001772301481050362
34.5228 	EXP 	grating: phase = -0.9991034833723085
34.5228 	EXP 	grating: color = 0.012296102712576508
34.5563 	EXP 	grating: phase = -0.9855278812412303
34.5563 	EXP 	grating: color = 0.025055026729926915
34.5902 	EXP 	grating: phase = -0.9283209822879258
34.5902 	EXP 	grating: color = 0.03768466374869836
34.6234 	EXP 	grating: phase = -0.830925949482039
34.6234 	EXP 	grating: color = 0.05022645079688352
34.6560 	EXP 	grating: phase = -0.6983695758370994
34.6560 	EXP 	grating: color = 0.06268270025152758
34.6898 	EXP 	grating: phase = -0.5341494291019464
34.6898 	EXP 	grating: color = 0.07525357570956148
34.7231 	EXP 	grating: phase = -0.3420648418654418
34.7231 	EXP 	grating: color = 0.08811284818624482
34.7571 	EXP 	grating: phase = -0.1397644683022322
34.7571 	EXP 	grating: color = 0.10064150321772575
34.7902 	EXP 	grating: phase = 0.06942384551923945
34.7902 	EXP 	grating: color = 0.11322048142814019
34.8232 	EXP 	grating: phase = 0.27108182037832923
34.8232 	EXP 	grating: color = 0.12551838214921793
34.8573 	EXP 	grating: phase = 0.4678465854971065
34.8573 	EXP 	grating: color = 0.13825174629685236
34.8903 	EXP 	grating: phase = 0.6418704991012981
34.8903 	EXP 	grating: color = 0.1508551435001816
34.9232 	EXP 	grating: phase = 0.7858383869377508
34.9232 	EXP 	grating: color = 0.16328745244223672
34.9255 	DATA 	Keypress: up
34.9404 	EXP 	fixation: autoDraw = False
34.9404 	EXP 	grating: autoDraw = False
34.9404 	EXP 	fd_instructions: text = 'Correct!'
34.9404 	EXP 	fd_instructions: autoDraw = True
36.9420 	EXP 	fd_instructions: autoDraw = False
36.9420 	EXP 	text: autoDraw = True
37.6150 	EXP 	Imported stairDefinitions.xlsx as conditions, 1 conditions, 15 params
37.6343 	DATA 	Keypress: space
37.6427 	EXP 	text: autoDraw = False
37.6427 	EXP 	grating: color = '[0.3 0.3 0.3] (rgb)'
37.6427 	EXP 	grating: size = array([3.5, 3.5])
37.6427 	EXP 	grating: ori = 90.0
37.6427 	EXP 	grating: sf = array([1.2, 1.2])
37.7761 	EXP 	fixation: autoDraw = True
38.3762 	EXP 	fixation: autoDraw = False
38.6259 	EXP 	grating: phase = -0.8189117567046975
38.6259 	EXP 	grating: color = -0.013346348516643047
38.6592 	EXP 	grating: phase = -0.6825895555124791
38.6592 	EXP 	grating: color = 0.006532559869810939
38.6937 	EXP 	grating: phase = -0.5180610411643709
38.6937 	EXP 	grating: color = 0.026289728935807943
38.7272 	EXP 	grating: phase = -0.3257964770119344
38.7272 	EXP 	grating: color = 0.046590304188430305
38.7596 	EXP 	grating: phase = -0.12161426417969033
38.7596 	EXP 	grating: color = 0.06665070648305117
38.7935 	EXP 	grating: phase = 0.0879304596979377
38.7935 	EXP 	grating: color = 0.08669875734485685
38.8270 	EXP 	grating: phase = 0.2937135879194576
38.8270 	EXP 	grating: color = 0.10674889669753611
38.8599 	EXP 	grating: phase = 0.4849047673719982
38.8599 	EXP 	grating: color = 0.12662412654608488
38.8933 	EXP 	grating: phase = 0.6559442981970431
38.8933 	EXP 	grating: color = 0.14661763734184205
38.9271 	EXP 	grating: phase = 0.7961129962986259
38.9271 	EXP 	grating: color = 0.16621507611125708
38.9596 	EXP 	grating: phase = 0.9072566598412531
38.9596 	EXP 	grating: color = 0.1868289018049836
38.9929 	EXP 	grating: phase = 0.9753154859531147
38.9929 	EXP 	grating: color = 0.20701971715316175
39.0270 	EXP 	grating: phase = 0.9998690783918788
39.0270 	EXP 	grating: color = 0.22673730771057307
39.0601 	EXP 	grating: phase = 0.9815204882599804
39.0601 	EXP 	grating: color = 0.24669493488036096
39.0932 	EXP 	grating: phase = 0.9209313297722584
39.0932 	EXP 	grating: color = 0.26650993488728997
39.1269 	EXP 	grating: phase = 0.8165209935552802
39.1269 	EXP 	grating: color = 0.28704971820116043
39.1603 	EXP 	grating: phase = 0.6831523623314847
39.1603 	EXP 	grating: color = 0.3
39.1933 	EXP 	grating: phase = 0.5153236034803469
39.1933 	EXP 	grating: color = 0.3
39.2267 	EXP 	grating: phase = 0.3255598141330286
39.2267 	EXP 	grating: color = 0.3
39.2603 	EXP 	grating: phase = 0.12179317628922363
39.2603 	EXP 	grating: color = 0.3
39.2935 	EXP 	grating: phase = -0.08923798132486446
39.2935 	EXP 	grating: color = 0.3
39.3268 	EXP 	grating: phase = -0.291353205659388
39.3268 	EXP 	grating: color = 0.3
39.3611 	EXP 	grating: phase = -0.48962679031008927
39.3611 	EXP 	grating: color = 0.3
39.3938 	EXP 	grating: phase = -0.6562974902395511
39.3938 	EXP 	grating: color = 0.3
39.4270 	EXP 	grating: phase = -0.8003259009450286
39.4270 	EXP 	grating: color = 0.3
39.4302 	DATA 	Keypress: right
39.4434 	EXP 	fixation: autoDraw = False
39.4434 	EXP 	grating: autoDraw = False
39.4434 	EXP 	grating: color = '[0.29393288 0.29393288 0.29393288] (rgb)'
39.4434 	EXP 	grating: size = array([3.5, 3.5])
39.4434 	EXP 	grating: ori = 90.0
39.4434 	EXP 	grating: sf = array([1.2, 1.2])
39.5778 	EXP 	fixation: autoDraw = True
40.1780 	EXP 	fixation: autoDraw = False
40.4277 	EXP 	grating: phase = -0.8054448665788965
40.4277 	EXP 	grating: color = -0.00978977507998961
40.4610 	EXP 	grating: phase = -0.911132114037805
40.4610 	EXP 	grating: color = 0.00981344483008944
40.4952 	EXP 	grating: phase = -0.9757149022929731
40.4952 	EXP 	grating: color = 0.028910450017018856
40.5281 	EXP 	grating: phase = -0.9999601973260432
40.5281 	EXP 	grating: color = 0.04872773353410603
40.5609 	EXP 	grating: phase = -0.9802198311762809
40.5609 	EXP 	grating: color = 0.06821114986881945
40.5947 	EXP 	grating: phase = -0.9167279339220464
40.5947 	EXP 	grating: color = 0.08803494759042922
40.6285 	EXP 	grating: phase = -0.8125352879965296
40.6285 	EXP 	grating: color = 0.10778467667276445
40.6619 	EXP 	grating: phase = -0.6733623420873808
40.6619 	EXP 	grating: color = 0.12740946587735946
40.6952 	EXP 	grating: phase = -0.503957323793692
40.6952 	EXP 	grating: color = 0.1471115907467947
40.7281 	EXP 	grating: phase = -0.31448452906644164
40.7281 	EXP 	grating: color = 0.16660463638238374
40.7612 	EXP 	grating: phase = -0.11479902889081171
40.7612 	EXP 	grating: color = 0.18576393884268616
40.7946 	EXP 	grating: phase = 0.09486607172417133
40.7946 	EXP 	grating: color = 0.20541801904137774
40.8279 	EXP 	grating: phase = 0.3042218520577697
40.8279 	EXP 	grating: color = 0.22545052849238678
40.8615 	EXP 	grating: phase = 0.49804775038415955
40.8615 	EXP 	grating: color = 0.24530841776059503
40.8956 	EXP 	grating: phase = 0.6664290039129042
40.8956 	EXP 	grating: color = 0.2647849555344217
40.9284 	EXP 	grating: phase = 0.8033489332748983
40.9284 	EXP 	grating: color = 0.28381716318588046
40.9614 	EXP 	grating: phase = 0.9094071487611897
40.9614 	EXP 	grating: color = 0.29393288281885754
40.9949 	EXP 	grating: phase = 0.9772822933640387
40.9949 	EXP 	grating: color = 0.29393288281885754
41.0279 	EXP 	grating: phase = 0.9999620693126716
41.0279 	EXP 	grating: color = 0.29393288281885754
41.0308 	DATA 	Keypress: right
41.0446 	EXP 	fixation: autoDraw = False
41.0446 	EXP 	grating: autoDraw = False
41.0446 	EXP 	grating: color = '[0.25430437 0.25430437 0.25430437] (rgb)'
41.0446 	EXP 	grating: size = array([3.5, 3.5])
41.0446 	EXP 	grating: ori = 0.0
41.0446 	EXP 	grating: sf = array([1.2, 1.2])
41.1782 	EXP 	fixation: autoDraw = True
41.7142 	DATA 	Keypress: escape
41.7793 	EXP 	fixation: autoDraw = False
42.0647 	EXP 	window1: mouseVisible = True
