13.2706 	WARNING 	User requested fullscreen with size [800 600], but screen is actually [2560, 1440]. Using actual size
14.6868 	EXP 	Created window1 = Window(allowGUI=False, allowStencil=False, args=UNKNOWN, autoLog=True, bitsMode=UNKNOWN, blendMode='avg', color=array([0., 0., 0.]), colorSpace='rgb', fullscr=<method-wrapper '__getattribute__' of attributeSetter object at 0x135e006a0>, gamma=None, gammaErrorPolicy='raise', kwargs=UNKNOWN, lms=UNKNOWN, monitor=<psychopy.monitors.calibTools.Monitor object at 0x1358c80f0>, multiSample=False, name='window1', numSamples=2, pos=[0.0, 0.0], screen=0, size=array([2560, 1440]), stereo=False, units='deg', useFBO=True, useRetina=False, viewOri=0.0, viewPos=None, viewScale=None, waitBlanking=True, winType='pyglet')
14.6868 	EXP 	window1: recordFrameIntervals = False
14.8510 	EXP 	window1: recordFrameIntervals = True
15.0352 	EXP 	window1: recordFrameIntervals = False
17.6919 	EXP 	Created instrText = TextStim(__class__=<class 'psychopy.visual.text.TextStim'>, alignHoriz='center', alignVert='center', antialias=True, autoLog=True, bold=False, color='white', colorSpace='named', contrast=1.0, depth=0.0, flipHoriz=False, flipVert=False, font='Arial', fontFiles=[], height=1, italic=False, languageStyle='LTR', name='instrText', opacity=1.0, ori=0, pos=array([0., 0.]), rgb=array([255., 255., 255.]), text=str(...), units='deg', win=Window(...), wrapWidth=15.0)
17.7031 	EXP 	Created fixation = GratingStim(__class__=<class 'psychopy.visual.grating.GratingStim'>, autoDraw=False, autoLog=True, blendmode='avg', color='black', colorSpace='named', contrast=1.0, depth=-1.0, interpolate=True, mask='gauss', maskParams=None, name='fixation', opacity=1.0, ori=0.0, phase=array([0., 0.]), pos=array([0., 0.]), rgbPedestal=array([0., 0., 0.]), sf=array([1., 1.]), size=array([1., 1.]), tex=None, texRes=128, units='deg', win=Window(...))
17.7054 	EXP 	Created grating = GratingStim(__class__=<class 'psychopy.visual.grating.GratingStim'>, autoDraw=False, autoLog=True, blendmode='avg', color='white', colorSpace='named', contrast=1.0, depth=-2.0, interpolate=True, mask='gauss', maskParams=None, name='grating', opacity=1.0, ori=1.0, phase=array([0., 0.]), pos=array([0., 0.]), rgbPedestal=array([0., 0., 0.]), sf=array([1., 1.]), size=array([1., 1.]), tex='sin', texRes=128, units='deg', win=Window(...))
17.7169 	EXP 	Created fd_instructions = TextStim(__class__=<class 'psychopy.visual.text.TextStim'>, alignHoriz='center', alignVert='center', antialias=True, autoLog=True, bold=False, color='white', colorSpace='named', contrast=1.0, depth=-1.0, flipHoriz=False, flipVert=False, font='Arial', fontFiles=[], height=1, italic=False, languageStyle='LTR', name='fd_instructions', opacity=1.0, ori=0, pos=array([0., 0.]), rgb=array([255., 255., 255.]), text='default text', units='deg', win=Window(...), wrapWidth=15.0)
17.9074 	EXP 	Sound beep set volume 1.000
18.0028 	EXP 	Created text = TextStim(__class__=<class 'psychopy.visual.text.TextStim'>, alignHoriz='center', alignVert='center', antialias=True, autoLog=True, bold=False, color='white', colorSpace='named', contrast=1.0, depth=0.0, flipHoriz=False, flipVert=False, font='Arial', fontFiles=[], height=1, italic=False, languageStyle='LTR', name='text', opacity=1.0, ori=0, pos=array([0., 0.]), rgb=array([255., 255., 255.]), text=str(...), units='deg', win=Window(...), wrapWidth=15.0)
18.0388 	EXP 	Created fixation = GratingStim(__class__=<class 'psychopy.visual.grating.GratingStim'>, autoDraw=False, autoLog=True, blendmode='avg', color='black', colorSpace='named', contrast=1.0, depth=-1.0, interpolate=True, mask='gauss', maskParams=None, name='fixation', opacity=1.0, ori=0.0, phase=array([0., 0.]), pos=array([0., 0.]), rgbPedestal=array([0., 0., 0.]), sf=array([1., 1.]), size=array([1., 1.]), tex=None, texRes=128, units='deg', win=Window(...))
18.0428 	EXP 	Created grating = GratingStim(__class__=<class 'psychopy.visual.grating.GratingStim'>, autoDraw=False, autoLog=True, blendmode='avg', color='white', colorSpace='named', contrast=1.0, depth=-2.0, interpolate=True, mask='gauss', maskParams=None, name='grating', opacity=1.0, ori=1.0, phase=array([0., 0.]), pos=array([0., 0.]), rgbPedestal=array([0., 0., 0.]), sf=array([1., 1.]), size=array([1., 1.]), tex='sin', texRes=128, units='deg', win=Window(...))
18.0624 	EXP 	Created thanksMsg = TextStim(__class__=<class 'psychopy.visual.text.TextStim'>, alignHoriz='center', alignVert='center', antialias=True, autoLog=True, bold=False, color=array([1., 1., 1.]), colorSpace='rgb', contrast=1.0, depth=0.0, flipHoriz=False, flipVert=False, font='Arial', fontFiles=[], height=1, italic=False, languageStyle='LTR', name='thanksMsg', opacity=1.0, ori=0, pos=array([0., 0.]), rgb=array([1., 1., 1.]), text=str(...), units='deg', win=Window(...), wrapWidth=15.0)
18.1078 	EXP 	instrText: autoDraw = True
18.7753 	DATA 	Keypress: space
18.7877 	EXP 	instrText: autoDraw = False
18.7877 	EXP 	grating: color = '[1. 1. 1.] (rgb)'
18.7877 	EXP 	grating: size = array([3.5, 3.5])
18.7877 	EXP 	grating: ori = 90.0
18.7877 	EXP 	grating: sf = array([12., 12.])
18.9211 	EXP 	fixation: autoDraw = True
19.5217 	EXP 	fixation: autoDraw = False
19.7572 	EXP 	grating: contrast = -0.9938375456289843
19.7572 	EXP 	grating: color = -0.06487424600345548
19.7905 	EXP 	grating: contrast = -0.994870266196917
19.7905 	EXP 	grating: color = 0.0027174200004083104
19.8233 	EXP 	grating: contrast = -0.9528854063143385
19.8233 	EXP 	grating: color = 0.06857872999535175
19.8571 	EXP 	grating: contrast = -0.8684731150098065
19.8571 	EXP 	grating: color = 0.13557906799542252
19.8904 	EXP 	grating: contrast = -0.7467814612673112
19.8904 	EXP 	grating: color = 0.20206817000143928
19.9239 	EXP 	grating: contrast = -0.5919784895791862
19.9239 	EXP 	grating: color = 0.2688206780003384
19.9571 	EXP 	grating: contrast = -0.41081209702397586
19.9571 	EXP 	grating: color = 0.33572838400141336
19.9899 	EXP 	grating: contrast = -0.21363169573231722
19.9899 	EXP 	grating: color = 0.40194564199919114
20.0242 	EXP 	grating: contrast = -0.000512733036384354
20.0242 	EXP 	grating: color = 0.4703168479973101
20.0569 	EXP 	grating: contrast = 0.2065042206178712
20.0569 	EXP 	grating: color = 0.5366852619990823
20.0903 	EXP 	grating: contrast = 0.40129892855385463
20.0903 	EXP 	grating: color = 0.6019132639994496
20.1239 	EXP 	grating: contrast = 0.5852242722946217
20.1239 	EXP 	grating: color = 0.6694673979945946
20.1569 	EXP 	grating: contrast = 0.7404220198206203
20.1569 	EXP 	grating: color = 0.7358457619993715
20.1905 	EXP 	grating: contrast = 0.8651547547464014
20.1905 	EXP 	grating: color = 0.8032546219983487
20.2233 	EXP 	grating: contrast = 0.9496061779808029
20.2233 	EXP 	grating: color = 0.8689864299958572
20.2577 	EXP 	grating: contrast = 0.9944782009328019
20.2577 	EXP 	grating: color = 0.9370091179953306
20.2902 	EXP 	grating: contrast = 0.9948565821512857
20.2902 	EXP 	grating: color = 1
20.3234 	EXP 	grating: contrast = 0.9508453950879668
20.3234 	EXP 	grating: color = 1
20.3570 	EXP 	grating: contrast = 0.8685315239972546
20.3570 	EXP 	grating: color = 1
20.3768 	DATA 	Keypress: right
20.3908 	EXP 	grating: contrast = 0.7431375043940938
20.3908 	EXP 	grating: color = 1
20.7805 	EXP 	window1: mouseVisible = True
