7.4879 	WARNING 	User requested fullscreen with size [800 600], but screen is actually [2560, 1440]. Using actual size
8.2689 	EXP 	Created window1 = Window(allowGUI=False, allowStencil=False, args=UNKNOWN, autoLog=True, bitsMode=UNKNOWN, blendMode='avg', color=array([0., 0., 0.]), colorSpace='rgb', fullscr=<method-wrapper '__getattribute__' of attributeSetter object at 0x135e50b70>, gamma=None, gammaErrorPolicy='raise', kwargs=UNKNOWN, lms=UNKNOWN, monitor=<psychopy.monitors.calibTools.Monitor object at 0x135a4b630>, multiSample=False, name='window1', numSamples=2, pos=[0.0, 0.0], screen=0, size=array([2560, 1440]), stereo=False, units='deg', useFBO=True, useRetina=False, viewOri=0.0, viewPos=None, viewScale=None, waitBlanking=True, winType='pyglet')
8.2689 	EXP 	window1: recordFrameIntervals = False
8.4348 	EXP 	window1: recordFrameIntervals = True
8.6182 	EXP 	window1: recordFrameIntervals = False
9.0232 	EXP 	Created instrText = TextStim(__class__=<class 'psychopy.visual.text.TextStim'>, alignHoriz='center', alignVert='center', antialias=True, autoLog=True, bold=False, color='white', colorSpace='named', contrast=1.0, depth=0.0, flipHoriz=False, flipVert=False, font='Arial', fontFiles=[], height=1, italic=False, languageStyle='LTR', name='instrText', opacity=1.0, ori=0, pos=array([0., 0.]), rgb=array([255., 255., 255.]), text=str(...), units='deg', win=Window(...), wrapWidth=15.0)
9.0336 	EXP 	Created fixation = GratingStim(__class__=<class 'psychopy.visual.grating.GratingStim'>, autoDraw=False, autoLog=True, blendmode='avg', color='black', colorSpace='named', contrast=1.0, depth=-1.0, interpolate=True, mask='gauss', maskParams=None, name='fixation', opacity=1.0, ori=0.0, phase=array([0., 0.]), pos=array([0., 0.]), rgbPedestal=array([0., 0., 0.]), sf=array([1., 1.]), size=array([1., 1.]), tex=None, texRes=128, units='deg', win=Window(...))
9.0358 	EXP 	Created grating = GratingStim(__class__=<class 'psychopy.visual.grating.GratingStim'>, autoDraw=False, autoLog=True, blendmode='avg', color='white', colorSpace='named', contrast=1.0, depth=-2.0, interpolate=True, mask='gauss', maskParams=None, name='grating', opacity=1.0, ori=1.0, phase=array([0., 0.]), pos=array([0., 0.]), rgbPedestal=array([0., 0., 0.]), sf=array([1., 1.]), size=array([1., 1.]), tex='sin', texRes=128, units='deg', win=Window(...))
9.0473 	EXP 	Created fd_instructions = TextStim(__class__=<class 'psychopy.visual.text.TextStim'>, alignHoriz='center', alignVert='center', antialias=True, autoLog=True, bold=False, color='white', colorSpace='named', contrast=1.0, depth=-1.0, flipHoriz=False, flipVert=False, font='Arial', fontFiles=[], height=1, italic=False, languageStyle='LTR', name='fd_instructions', opacity=1.0, ori=0, pos=array([0., 0.]), rgb=array([255., 255., 255.]), text='default text', units='deg', win=Window(...), wrapWidth=15.0)
9.0829 	EXP 	Created text = TextStim(__class__=<class 'psychopy.visual.text.TextStim'>, alignHoriz='center', alignVert='center', antialias=True, autoLog=True, bold=False, color='white', colorSpace='named', contrast=1.0, depth=0.0, flipHoriz=False, flipVert=False, font='Arial', fontFiles=[], height=1, italic=False, languageStyle='LTR', name='text', opacity=1.0, ori=0, pos=array([0., 0.]), rgb=array([255., 255., 255.]), text=str(...), units='deg', win=Window(...), wrapWidth=15.0)
9.0921 	EXP 	Created fixation = GratingStim(__class__=<class 'psychopy.visual.grating.GratingStim'>, autoDraw=False, autoLog=True, blendmode='avg', color='black', colorSpace='named', contrast=1.0, depth=-1.0, interpolate=True, mask='gauss', maskParams=None, name='fixation', opacity=1.0, ori=0.0, phase=array([0., 0.]), pos=array([0., 0.]), rgbPedestal=array([0., 0., 0.]), sf=array([1., 1.]), size=array([1., 1.]), tex=None, texRes=128, units='deg', win=Window(...))
9.0961 	EXP 	Created grating = GratingStim(__class__=<class 'psychopy.visual.grating.GratingStim'>, autoDraw=False, autoLog=True, blendmode='avg', color='white', colorSpace='named', contrast=1.0, depth=-2.0, interpolate=True, mask='gauss', maskParams=None, name='grating', opacity=1.0, ori=1.0, phase=array([0., 0.]), pos=array([0., 0.]), rgbPedestal=array([0., 0., 0.]), sf=array([1., 1.]), size=array([1., 1.]), tex='sin', texRes=128, units='deg', win=Window(...))
9.1179 	EXP 	Created thanksMsg = TextStim(__class__=<class 'psychopy.visual.text.TextStim'>, alignHoriz='center', alignVert='center', antialias=True, autoLog=True, bold=False, color=array([1., 1., 1.]), colorSpace='rgb', contrast=1.0, depth=0.0, flipHoriz=False, flipVert=False, font='Arial', fontFiles=[], height=1, italic=False, languageStyle='LTR', name='thanksMsg', opacity=1.0, ori=0, pos=array([0., 0.]), rgb=array([1., 1., 1.]), text=str(...), units='deg', win=Window(...), wrapWidth=15.0)
9.1477 	EXP 	instrText: autoDraw = True
9.5701 	EXP 	Imported stairDefinitions.xlsx as conditions, 1 conditions, 9 params
9.6835 	DATA 	Keypress: space
9.6996 	EXP 	instrText: autoDraw = False
9.6996 	EXP 	grating: color = '[0.25 0.25 0.25] (rgb)'
9.6996 	EXP 	grating: size = array([3.5, 3.5])
9.6996 	EXP 	grating: ori = 90.0
9.6996 	EXP 	grating: sf = array([1.2, 1.2])
9.8335 	EXP 	fixation: autoDraw = True
10.4341 	EXP 	fixation: autoDraw = False
10.6844 	EXP 	grating: phase = -0.5134872964767047
10.6844 	EXP 	grating: color = -705280.7974199143
10.7179 	EXP 	grating: phase = -0.6860113041089013
10.7179 	EXP 	grating: color = -705280.7974070534
10.7500 	EXP 	grating: phase = -0.8216191483960478
10.7500 	EXP 	grating: color = -705280.7974131549
10.7842 	EXP 	grating: phase = -0.9217803011867283
10.7842 	EXP 	grating: color = -705280.7974137553
10.8175 	EXP 	grating: phase = -0.9833518480430635
10.8175 	EXP 	grating: color = -705280.7974129278
10.8510 	EXP 	grating: phase = -0.9997699611639246
10.8510 	EXP 	grating: color = -705280.7974133344
10.8847 	EXP 	grating: phase = -0.973240225336086
10.8847 	EXP 	grating: color = -705280.7974228149
10.9180 	EXP 	grating: phase = -0.9064928589893412
10.9180 	EXP 	grating: color = -705280.7974131524
10.9513 	EXP 	grating: phase = -0.7985929029407688
10.9513 	EXP 	grating: color = -705280.7974129134
10.9845 	EXP 	grating: phase = -0.6532627070188901
10.9845 	EXP 	grating: color = -705280.7974128674
11.0179 	EXP 	grating: phase = -0.4792742737865344
11.0179 	EXP 	grating: color = -705280.7974133838
11.0512 	EXP 	grating: phase = -0.2933021286773153
11.0512 	EXP 	grating: color = -705280.7974133253
11.0850 	EXP 	grating: phase = -0.08751263698070312
11.0850 	EXP 	grating: color = -705280.7974137104
11.1078 	DATA 	Keypress: right
11.1177 	EXP 	fixation: autoDraw = False
11.1177 	EXP 	grating: autoDraw = False
11.1177 	EXP 	fd_instructions: text = 'Correct!'
11.1177 	EXP 	fd_instructions: autoDraw = True
13.1191 	EXP 	fd_instructions: autoDraw = False
13.1191 	EXP 	grating: color = '[0.24393288 0.24393288 0.24393288] (rgb)'
13.1191 	EXP 	grating: size = array([3.5, 3.5])
13.1191 	EXP 	grating: ori = 0.0
13.1191 	EXP 	grating: sf = array([1.2, 1.2])
13.2531 	EXP 	fixation: autoDraw = True
13.8536 	EXP 	fixation: autoDraw = False
14.1030 	EXP 	grating: phase = 0.035304150923621866
14.1030 	EXP 	grating: color = -688166.3774012991
14.1372 	EXP 	grating: phase = 0.24333264966416576
14.1372 	EXP 	grating: color = -688166.3773956404
14.1706 	EXP 	grating: phase = 0.44297939390652874
14.1706 	EXP 	grating: color = -688166.3774004716
14.2038 	EXP 	grating: phase = 0.6193244476028447
14.2038 	EXP 	grating: color = -688166.3774019264
14.2374 	EXP 	grating: phase = 0.7692137689559162
14.2374 	EXP 	grating: color = -688166.3773997097
14.2706 	EXP 	grating: phase = 0.8859493802000376
14.2706 	EXP 	grating: color = -688166.3774005756
14.3039 	EXP 	grating: phase = 0.9621705810608174
14.3039 	EXP 	grating: color = -688166.3773997048
14.3376 	EXP 	grating: phase = 0.997897080955938
14.3376 	EXP 	grating: color = -688166.3774127694
14.3705 	EXP 	grating: phase = 0.9899383734380423
14.3705 	EXP 	grating: color = -688166.3774000736
14.4038 	EXP 	grating: phase = 0.9404519081892203
14.4038 	EXP 	grating: color = -688166.37740086
14.4377 	EXP 	grating: phase = 0.8454652371358841
14.4377 	EXP 	grating: color = -688166.377400238
14.4706 	EXP 	grating: phase = 0.7163985352861391
14.4706 	EXP 	grating: color = -688166.3774003179
14.5040 	EXP 	grating: phase = 0.5541097724261946
14.5040 	EXP 	grating: color = -688166.3774000985
14.5372 	EXP 	grating: phase = 0.3692928409847491
14.5372 	EXP 	grating: color = -688166.3774004803
14.5705 	EXP 	grating: phase = 0.17405800745823102
14.5705 	EXP 	grating: color = -688166.3774054464
14.6043 	EXP 	grating: phase = -0.041072803655428265
14.6043 	EXP 	grating: color = -688166.3774190134
14.6379 	EXP 	grating: phase = -0.2459719842334911
14.6379 	EXP 	grating: color = -688166.3774006814
14.6707 	EXP 	grating: phase = -0.44300819468949887
14.6707 	EXP 	grating: color = -688166.3774053658
14.7039 	EXP 	grating: phase = -0.620324480701195
14.7039 	EXP 	grating: color = -688166.3774007277
14.7374 	EXP 	grating: phase = -0.7681630277320609
14.7374 	EXP 	grating: color = -688166.3774006376
14.7708 	EXP 	grating: phase = -0.8861201062923819
14.7708 	EXP 	grating: color = -688166.3774004555
14.8042 	EXP 	grating: phase = -0.9635046527722526
14.8042 	EXP 	grating: color = -688166.3774006795
14.8374 	EXP 	grating: phase = -0.9980207349992775
14.8374 	EXP 	grating: color = -688166.3774020972
14.8709 	EXP 	grating: phase = -0.9891791281431834
14.8709 	EXP 	grating: color = -688166.3773999331
14.9043 	EXP 	grating: phase = -0.936921862184933
14.9043 	EXP 	grating: color = -688166.3774002476
14.9379 	EXP 	grating: phase = -0.8432167521795827
14.9379 	EXP 	grating: color = -688166.3774193758
14.9709 	EXP 	grating: phase = -0.7186579166971243
14.9709 	EXP 	grating: color = -688166.3774001023
15.0041 	EXP 	grating: phase = -0.5530245381046455
15.0041 	EXP 	grating: color = -688166.3774004555
15.0373 	EXP 	grating: phase = -0.36924090245115043
15.0373 	EXP 	grating: color = -688166.3774001315
15.0703 	EXP 	grating: phase = -0.1682123727295863
15.0703 	EXP 	grating: color = -688166.3774003834
15.1048 	EXP 	grating: phase = 0.04601331372165189
15.1048 	EXP 	grating: color = -688166.3774030661
15.1380 	EXP 	grating: phase = 0.24946370051641925
15.1380 	EXP 	grating: color = -688166.377414592
15.1710 	EXP 	grating: phase = 0.440317339291723
15.1710 	EXP 	grating: color = -688166.3774168605
15.2049 	EXP 	grating: phase = 0.620000084906863
15.2049 	EXP 	grating: color = -688166.3774127673
15.2379 	EXP 	grating: phase = 0.7719288527405385
15.2379 	EXP 	grating: color = -688166.377408455
15.2715 	EXP 	grating: phase = 0.887732609634609
15.2715 	EXP 	grating: color = -688166.3773997179
15.3047 	EXP 	grating: phase = 0.9639392857553507
15.3047 	EXP 	grating: color = -688166.3773995647
15.3380 	EXP 	grating: phase = 0.9981985827050893
15.3380 	EXP 	grating: color = -688166.3774099108
15.3707 	EXP 	grating: phase = 0.9885548853735984
15.3707 	EXP 	grating: color = -688166.3774058635
15.4050 	EXP 	grating: phase = 0.9374360679480014
15.4050 	EXP 	grating: color = -688166.3773998095
15.4379 	EXP 	grating: phase = 0.8460828079470504
15.4379 	EXP 	grating: color = -688166.3774010991
15.4710 	EXP 	grating: phase = 0.7126672272140564
15.4710 	EXP 	grating: color = -688166.3773996334
15.5049 	EXP 	grating: phase = 0.5500165710918209
15.5049 	EXP 	grating: color = -688166.3774066583
15.5383 	EXP 	grating: phase = 0.3634560971984517
15.5383 	EXP 	grating: color = -688166.3774057659
15.5712 	EXP 	grating: phase = 0.16491268367349196
15.5712 	EXP 	grating: color = -688166.3774006376
15.6043 	EXP 	grating: phase = -0.04443459730920755
15.6043 	EXP 	grating: color = -688166.377399332
15.6377 	EXP 	grating: phase = -0.2513111011788241
15.6377 	EXP 	grating: color = -688166.3774003707
15.6713 	EXP 	grating: phase = -0.4485942599250067
15.6713 	EXP 	grating: color = -688166.377424423
15.7051 	EXP 	grating: phase = -0.6263415667697623
15.7051 	EXP 	grating: color = -688166.3773995037
15.7388 	EXP 	grating: phase = -0.7745759004950449
15.7388 	EXP 	grating: color = -688166.3773998911
15.7573 	DATA 	Keypress: up
15.7720 	EXP 	grating: phase = -0.8887807901515928
15.7720 	EXP 	grating: color = -688166.3774000364
15.7886 	EXP 	fixation: autoDraw = False
15.7886 	EXP 	grating: autoDraw = False
15.7886 	EXP 	fd_instructions: text = 'Correct!'
15.7886 	EXP 	fd_instructions: autoDraw = True
17.7893 	EXP 	fd_instructions: autoDraw = False
17.7893 	EXP 	grating: color = '[0.20430437 0.20430437 0.20430437] (rgb)'
17.7893 	EXP 	grating: size = array([3.5, 3.5])
17.7893 	EXP 	grating: ori = 0.0
17.7893 	EXP 	grating: sf = array([1.2, 1.2])
17.9237 	EXP 	fixation: autoDraw = True
18.5242 	EXP 	fixation: autoDraw = False
18.7743 	EXP 	grating: phase = -0.8955734982339987
18.7743 	EXP 	grating: color = -576371.1052602686
18.8079 	EXP 	grating: phase = -0.9689661247317454
18.8079 	EXP 	grating: color = -576371.1052561257
18.8415 	EXP 	grating: phase = -0.9988549075820686
18.8415 	EXP 	grating: color = -576371.1052668267
18.8742 	EXP 	grating: phase = -0.9863474902294331
18.8742 	EXP 	grating: color = -576371.1052760467
18.9082 	EXP 	grating: phase = -0.928833464374722
18.9082 	EXP 	grating: color = -576371.1052607765
18.9400 	EXP 	grating: phase = -0.8340157202505201
18.9400 	EXP 	grating: color = -576371.1052807763
18.9739 	EXP 	grating: phase = -0.6985975853326706
18.9739 	EXP 	grating: color = -576371.1052630957
19.0078 	EXP 	grating: phase = -0.539869495128083
19.0078 	EXP 	grating: color = -576371.105260012
19.0408 	EXP 	grating: phase = -0.3555026831951836
19.0408 	EXP 	grating: color = -576371.105261498
19.0745 	EXP 	grating: phase = -0.15129605790083595
19.0745 	EXP 	grating: color = -576371.1052677252
19.1081 	EXP 	grating: phase = 0.06042201814701523
19.1081 	EXP 	grating: color = -576371.1052608995
19.1411 	EXP 	grating: phase = 0.26493310028152167
19.1411 	EXP 	grating: color = -576371.1052612113
19.1746 	EXP 	grating: phase = 0.4662713949234612
19.1746 	EXP 	grating: color = -576371.1052604488
19.2083 	EXP 	grating: phase = 0.6396938882971314
19.2083 	EXP 	grating: color = -576371.1052610049
19.2414 	EXP 	grating: phase = 0.7823341021555471
19.2414 	EXP 	grating: color = -576371.1052660308
19.2748 	EXP 	grating: phase = 0.8973379586621076
19.2748 	EXP 	grating: color = -576371.1052616808
19.3080 	EXP 	grating: phase = 0.9687011348727963
19.3080 	EXP 	grating: color = -576371.1052618597
19.3413 	EXP 	grating: phase = 0.9992594492578817
19.3413 	EXP 	grating: color = -576371.1052606363
19.3751 	EXP 	grating: phase = 0.9852122653323375
19.3751 	EXP 	grating: color = -576371.1052604545
19.4072 	EXP 	grating: phase = 0.9316817953815836
19.4072 	EXP 	grating: color = -576371.1052603438
19.4415 	EXP 	grating: phase = 0.8303877271450449
19.4415 	EXP 	grating: color = -576371.1052615254
19.4753 	EXP 	grating: phase = 0.6966614216101622
19.4753 	EXP 	grating: color = -576371.1052602783
19.5086 	EXP 	grating: phase = 0.5366706383722686
19.5086 	EXP 	grating: color = -576371.105261856
19.5419 	EXP 	grating: phase = 0.3480374195061479
19.5419 	EXP 	grating: color = -576371.1052608276
19.5750 	EXP 	grating: phase = 0.1476587709708184
19.5750 	EXP 	grating: color = -576371.1052608488
19.6080 	EXP 	grating: phase = -0.0585662815252494
19.6080 	EXP 	grating: color = -576371.1052610311
19.6416 	EXP 	grating: phase = -0.2731546412690379
19.6416 	EXP 	grating: color = -576371.105256048
19.6749 	EXP 	grating: phase = -0.4674113010969365
19.6749 	EXP 	grating: color = -576371.1052600438
19.7090 	EXP 	grating: phase = -0.641068379813579
19.7090 	EXP 	grating: color = -576371.1052608325
19.7410 	EXP 	grating: phase = -0.7867900621838861
19.7410 	EXP 	grating: color = -576371.1052607642
19.7749 	EXP 	grating: phase = -0.8970242928388128
19.7749 	EXP 	grating: color = -576371.1052688902
19.8084 	EXP 	grating: phase = -0.9697692997458003
19.8084 	EXP 	grating: color = -576371.1052610967
19.8421 	EXP 	grating: phase = -0.9993589594377809
19.8421 	EXP 	grating: color = -576371.1052614319
19.8747 	EXP 	grating: phase = -0.9856155970493037
19.8747 	EXP 	grating: color = -576371.1052604341
19.9075 	EXP 	grating: phase = -0.9282865554715825
19.9075 	EXP 	grating: color = -576371.1052606314
19.9419 	EXP 	grating: phase = -0.8295161896592447
19.9419 	EXP 	grating: color = -576371.1052612087
19.9742 	EXP 	grating: phase = -0.6985998458473716
19.9742 	EXP 	grating: color = -576371.1052611634
20.0081 	EXP 	grating: phase = -0.535352787575049
20.0081 	EXP 	grating: color = -576371.105260636
20.0423 	EXP 	grating: phase = -0.3459000426176971
20.0423 	EXP 	grating: color = -576371.1052610833
20.0753 	EXP 	grating: phase = -0.13879388186213987
20.0753 	EXP 	grating: color = -576371.105261237
20.1087 	EXP 	grating: phase = 0.070181327695882
20.1087 	EXP 	grating: color = -576371.1052682389
20.1422 	EXP 	grating: phase = 0.277150280246763
20.1422 	EXP 	grating: color = -576371.1052629151
20.1752 	EXP 	grating: phase = 0.4715551431831476
20.1752 	EXP 	grating: color = -576371.1052708528
20.2089 	EXP 	grating: phase = 0.6443712664228863
20.2089 	EXP 	grating: color = -576371.1052727826
20.2422 	EXP 	grating: phase = 0.7889900022726808
20.2422 	EXP 	grating: color = -576371.1052605815
20.2750 	EXP 	grating: phase = 0.8994318385949269
20.2750 	EXP 	grating: color = -576371.1052601795
20.3083 	EXP 	grating: phase = 0.9700771205038824
20.3083 	EXP 	grating: color = -576371.1052662012
20.3413 	EXP 	grating: phase = 0.9993479149091944
20.3413 	EXP 	grating: color = -576371.1052614454
20.3754 	EXP 	grating: phase = 0.9858804149602131
20.3754 	EXP 	grating: color = -576371.105264438
20.4089 	EXP 	grating: phase = 0.9260209442174497
20.4089 	EXP 	grating: color = -576371.105267803
20.4427 	EXP 	grating: phase = 0.8273949475386166
20.4427 	EXP 	grating: color = -576371.1052791819
20.4755 	EXP 	grating: phase = 0.6957049716718663
20.4755 	EXP 	grating: color = -576371.1052747867
20.5088 	EXP 	grating: phase = 0.5280346743157557
20.5088 	EXP 	grating: color = -576371.1052690459
20.5425 	EXP 	grating: phase = 0.3397430519218617
20.5425 	EXP 	grating: color = -576371.1052608684
20.5762 	EXP 	grating: phase = 0.13578099399636118
20.5762 	EXP 	grating: color = -576371.1052606106
20.6093 	EXP 	grating: phase = -0.07488997898650059
20.6093 	EXP 	grating: color = -576371.1052769402
20.6424 	EXP 	grating: phase = -0.2717505113157396
20.6424 	EXP 	grating: color = -576371.1052600826
20.6761 	EXP 	grating: phase = -0.47399712946624906
20.6761 	EXP 	grating: color = -576371.1052602003
20.7091 	EXP 	grating: phase = -0.6432790927719594
20.7091 	EXP 	grating: color = -576371.1052730812
20.7425 	EXP 	grating: phase = -0.7901111313550842
20.7425 	EXP 	grating: color = -576371.1052608181
20.7751 	EXP 	grating: phase = -0.9010650179087917
20.7751 	EXP 	grating: color = -576371.1052605795
20.8098 	EXP 	grating: phase = -0.9696320364795498
20.8098 	EXP 	grating: color = -576371.1052611867
20.8428 	EXP 	grating: phase = -0.9995441490332022
20.8428 	EXP 	grating: color = -576371.1052606383
20.8750 	EXP 	grating: phase = -0.9852743443073713
20.8750 	EXP 	grating: color = -576371.1052600389
20.9093 	EXP 	grating: phase = -0.9254205770480782
20.9093 	EXP 	grating: color = -576371.1052621166
20.9428 	EXP 	grating: phase = -0.8256913005984675
20.9428 	EXP 	grating: color = -576371.1052609411
20.9764 	EXP 	grating: phase = -0.6903208502790469
20.9764 	EXP 	grating: color = -576371.105260287
21.0094 	EXP 	grating: phase = -0.5310068814187973
21.0094 	EXP 	grating: color = -576371.1052596973
21.0421 	EXP 	grating: phase = -0.3394480777920875
21.0421 	EXP 	grating: color = -576371.1052888683
21.0763 	EXP 	grating: phase = -0.13890205700263902
21.0763 	EXP 	grating: color = -576371.1052608525
21.1095 	EXP 	grating: phase = 0.076424671137936
21.1095 	EXP 	grating: color = -576371.1052597248
21.1429 	EXP 	grating: phase = 0.280686405858743
21.1429 	EXP 	grating: color = -576371.1052763821
21.1754 	EXP 	grating: phase = 0.46859065657538923
21.1754 	EXP 	grating: color = -576371.1052607332
21.2097 	EXP 	grating: phase = 0.6483582701524461
21.2097 	EXP 	grating: color = -576371.1052617318
21.2423 	EXP 	grating: phase = 0.7865277136787922
21.2423 	EXP 	grating: color = -576371.1052607564
21.2767 	EXP 	grating: phase = 0.8990142991456977
21.2767 	EXP 	grating: color = -576371.1052602523
21.3098 	EXP 	grating: phase = 0.9719084954188127
21.3098 	EXP 	grating: color = -576371.1052865784
21.3432 	EXP 	grating: phase = 0.9996149848551804
21.3432 	EXP 	grating: color = -576371.105261659
21.3761 	EXP 	grating: phase = 0.9838919240775097
21.3761 	EXP 	grating: color = -576371.1052606746
21.4098 	EXP 	grating: phase = 0.9250928717587905
21.4098 	EXP 	grating: color = -576371.1052706088
21.4430 	EXP 	grating: phase = 0.8293700451716215
21.4430 	EXP 	grating: color = -576371.1052603307
21.4769 	EXP 	grating: phase = 0.6890538373295065
21.4769 	EXP 	grating: color = -576371.1052606453
21.5098 	EXP 	grating: phase = 0.522148668406833
21.5098 	EXP 	grating: color = -576371.1052759968
21.5433 	EXP 	grating: phase = 0.33403107133561794
21.5433 	EXP 	grating: color = -576371.1052622307
21.5765 	EXP 	grating: phase = 0.13775307646782184
21.5765 	EXP 	grating: color = -576371.1052624073
21.6105 	EXP 	grating: phase = -0.07608682568174813
21.6105 	EXP 	grating: color = -576371.1052640702
21.6427 	EXP 	grating: phase = -0.2816632956851293
21.6427 	EXP 	grating: color = -576371.1052768332
21.6769 	EXP 	grating: phase = -0.4735713854320828
21.6769 	EXP 	grating: color = -576371.1052664648
21.7105 	EXP 	grating: phase = -0.6470029901546689
21.7105 	EXP 	grating: color = -576371.1052764384
21.7439 	EXP 	grating: phase = -0.7915084221437383
21.7439 	EXP 	grating: color = -576371.1052613946
21.7768 	EXP 	grating: phase = -0.901728598994872
21.7768 	EXP 	grating: color = -576371.1052661102
21.8100 	EXP 	grating: phase = -0.9705992764753538
21.8100 	EXP 	grating: color = -576371.1052717962
21.8441 	EXP 	grating: phase = -0.9996701089156252
21.8441 	EXP 	grating: color = -576371.1052604165
21.8772 	EXP 	grating: phase = -0.9833158507473629
21.8772 	EXP 	grating: color = -576371.1052672762
21.9105 	EXP 	grating: phase = -0.9253418143446512
21.9105 	EXP 	grating: color = -576371.1052603446
21.9439 	EXP 	grating: phase = -0.8272141723474091
21.9439 	EXP 	grating: color = -576371.1052603793
21.9769 	EXP 	grating: phase = -0.6924326588836422
21.9769 	EXP 	grating: color = -576371.1052604266
22.0104 	EXP 	grating: phase = -0.520787552704128
22.0104 	EXP 	grating: color = -576371.1052601292
22.0440 	EXP 	grating: phase = -0.33121811827965214
22.0440 	EXP 	grating: color = -576371.1052608978
22.0769 	EXP 	grating: phase = -0.13602771760574617
22.0769 	EXP 	grating: color = -576371.1052600896
22.1105 	EXP 	grating: phase = 0.08129861239916047
22.1105 	EXP 	grating: color = -576371.1052772903
22.1440 	EXP 	grating: phase = 0.28789027448363436
22.1440 	EXP 	grating: color = -576371.105260521
22.1776 	EXP 	grating: phase = 0.4707035491032537
22.1776 	EXP 	grating: color = -576371.1052609759
22.2096 	EXP 	grating: phase = 0.6496141552073635
22.2096 	EXP 	grating: color = -576371.1052600046
22.2439 	EXP 	grating: phase = 0.7956867036766564
22.2439 	EXP 	grating: color = -576371.1052606821
22.2773 	EXP 	grating: phase = 0.9012653285014768
22.2773 	EXP 	grating: color = -576371.1052615345
22.3104 	EXP 	grating: phase = 0.9713409427859983
22.3104 	EXP 	grating: color = -576371.1052688444
22.3438 	EXP 	grating: phase = 0.9997260192025215
22.3438 	EXP 	grating: color = -576371.105260604
22.3771 	EXP 	grating: phase = 0.9825198460023654
22.3771 	EXP 	grating: color = -576371.1052608014
22.4108 	EXP 	grating: phase = 0.9221151402856395
22.4108 	EXP 	grating: color = -576371.1052753184
22.4442 	EXP 	grating: phase = 0.8211103744030963
22.4442 	EXP 	grating: color = -576371.1052606531
22.4762 	EXP 	grating: phase = 0.6885524928239213
22.4762 	EXP 	grating: color = -576371.105260119
22.5107 	EXP 	grating: phase = 0.5187385011106264
22.5107 	EXP 	grating: color = -576371.1052758782
22.5441 	EXP 	grating: phase = 0.33656187420767253
22.5441 	EXP 	grating: color = -576371.1052609064
22.5771 	EXP 	grating: phase = 0.13377697722276932
22.5771 	EXP 	grating: color = -576371.1052683635
22.6104 	EXP 	grating: phase = -0.08202939718729124
22.6104 	EXP 	grating: color = -576371.1052604859
22.6433 	EXP 	grating: phase = -0.2866028018243986
22.6433 	EXP 	grating: color = -576371.1052767542
22.6773 	EXP 	grating: phase = -0.4738918257818395
22.6773 	EXP 	grating: color = -576371.1052605318
22.7111 	EXP 	grating: phase = -0.649516146950921
22.7111 	EXP 	grating: color = -576371.1052604864
22.7442 	EXP 	grating: phase = -0.7931317108099085
22.7442 	EXP 	grating: color = -576371.1052605811
22.7777 	EXP 	grating: phase = -0.905112124543725
22.7777 	EXP 	grating: color = -576371.1052688505
22.8112 	EXP 	grating: phase = -0.973945687667971
22.8112 	EXP 	grating: color = -576371.1052607005
22.8435 	EXP 	grating: phase = -0.9995716001951036
22.8435 	EXP 	grating: color = -576371.1052746004
22.8775 	EXP 	grating: phase = -0.9834307744343932
22.8775 	EXP 	grating: color = -576371.1052616774
22.9109 	EXP 	grating: phase = -0.922052662098209
22.9109 	EXP 	grating: color = -576371.1052786739
22.9446 	EXP 	grating: phase = -0.8201961603593174
22.9446 	EXP 	grating: color = -576371.1052609489
22.9777 	EXP 	grating: phase = -0.6877795592529801
22.9777 	EXP 	grating: color = -576371.1052600712
23.0111 	EXP 	grating: phase = -0.5168884084727344
23.0111 	EXP 	grating: color = -576371.10526438
23.0448 	EXP 	grating: phase = -0.3272496424513497
23.0448 	EXP 	grating: color = -576371.1052641651
23.0773 	EXP 	grating: phase = -0.12432764657290765
23.0773 	EXP 	grating: color = -576371.1052687647
23.1102 	EXP 	grating: phase = 0.08229400270410253
23.1102 	EXP 	grating: color = -576371.1052608888
23.1439 	EXP 	grating: phase = 0.2834242788531745
23.1439 	EXP 	grating: color = -576371.105276885
23.1782 	EXP 	grating: phase = 0.48037421185493745
23.1782 	EXP 	grating: color = -576371.1052737216
23.2114 	EXP 	grating: phase = 0.6562772944424752
23.2114 	EXP 	grating: color = -576371.105268587
23.2439 	EXP 	grating: phase = 0.793213385862257
23.2439 	EXP 	grating: color = -576371.1052601505
23.2626 	DATA 	Keypress: up
23.2781 	EXP 	grating: phase = 0.9033970101534855
23.2781 	EXP 	grating: color = -576371.1052720333
23.2951 	EXP 	fixation: autoDraw = False
23.2951 	EXP 	grating: autoDraw = False
23.2951 	EXP 	fd_instructions: text = 'Correct!'
23.2951 	EXP 	fd_instructions: autoDraw = True
24.5144 	DATA 	Keypress: escape
24.8977 	EXP 	window1: mouseVisible = True
