14.0730 	WARNING 	User requested fullscreen with size [800 600], but screen is actually [2560, 1440]. Using actual size
15.0036 	EXP 	Created window1 = Window(allowGUI=False, allowStencil=False, args=UNKNOWN, autoLog=True, bitsMode=UNKNOWN, blendMode='avg', color=array([0., 0., 0.]), colorSpace='rgb', fullscr=<method-wrapper '__getattribute__' of attributeSetter object at 0x135ecec18>, gamma=None, gammaErrorPolicy='raise', kwargs=UNKNOWN, lms=UNKNOWN, monitor=<psychopy.monitors.calibTools.Monitor object at 0x135d1ab70>, multiSample=False, name='window1', numSamples=2, pos=[0.0, 0.0], screen=0, size=array([2560, 1440]), stereo=False, units='deg', useFBO=True, useRetina=False, viewOri=0.0, viewPos=None, viewScale=None, waitBlanking=True, winType='pyglet')
15.0037 	EXP 	window1: recordFrameIntervals = False
15.1698 	EXP 	window1: recordFrameIntervals = True
15.3537 	EXP 	window1: recordFrameIntervals = False
15.8877 	EXP 	Created instrText = TextStim(__class__=<class 'psychopy.visual.text.TextStim'>, alignHoriz='center', alignVert='center', antialias=True, autoLog=True, bold=False, color='white', colorSpace='named', contrast=1.0, depth=0.0, flipHoriz=False, flipVert=False, font='Arial', fontFiles=[], height=1, italic=False, languageStyle='LTR', name='instrText', opacity=1.0, ori=0, pos=array([0., 0.]), rgb=array([255., 255., 255.]), text=str(...), units='deg', win=Window(...), wrapWidth=15.0)
15.8978 	EXP 	Created fixation = GratingStim(__class__=<class 'psychopy.visual.grating.GratingStim'>, autoDraw=False, autoLog=True, blendmode='avg', color='black', colorSpace='named', contrast=1.0, depth=-1.0, interpolate=True, mask='gauss', maskParams=None, name='fixation', opacity=1.0, ori=0.0, phase=array([0., 0.]), pos=array([0., 0.]), rgbPedestal=array([0., 0., 0.]), sf=array([1., 1.]), size=array([1., 1.]), tex=None, texRes=128, units='deg', win=Window(...))
15.9000 	EXP 	Created grating = GratingStim(__class__=<class 'psychopy.visual.grating.GratingStim'>, autoDraw=False, autoLog=True, blendmode='avg', color='white', colorSpace='named', contrast=1.0, depth=-2.0, interpolate=True, mask='gauss', maskParams=None, name='grating', opacity=1.0, ori=1.0, phase=array([0., 0.]), pos=array([0., 0.]), rgbPedestal=array([0., 0., 0.]), sf=array([1., 1.]), size=array([1., 1.]), tex='sin', texRes=128, units='deg', win=Window(...))
15.9116 	EXP 	Created fd_instructions = TextStim(__class__=<class 'psychopy.visual.text.TextStim'>, alignHoriz='center', alignVert='center', antialias=True, autoLog=True, bold=False, color='white', colorSpace='named', contrast=1.0, depth=-1.0, flipHoriz=False, flipVert=False, font='Arial', fontFiles=[], height=1, italic=False, languageStyle='LTR', name='fd_instructions', opacity=1.0, ori=0, pos=array([0., 0.]), rgb=array([255., 255., 255.]), text='default text', units='deg', win=Window(...), wrapWidth=15.0)
15.9563 	EXP 	Created text = TextStim(__class__=<class 'psychopy.visual.text.TextStim'>, alignHoriz='center', alignVert='center', antialias=True, autoLog=True, bold=False, color='white', colorSpace='named', contrast=1.0, depth=0.0, flipHoriz=False, flipVert=False, font='Arial', fontFiles=[], height=1, italic=False, languageStyle='LTR', name='text', opacity=1.0, ori=0, pos=array([0., 0.]), rgb=array([255., 255., 255.]), text=str(...), units='deg', win=Window(...), wrapWidth=15.0)
15.9654 	EXP 	Created fixation = GratingStim(__class__=<class 'psychopy.visual.grating.GratingStim'>, autoDraw=False, autoLog=True, blendmode='avg', color='black', colorSpace='named', contrast=1.0, depth=-1.0, interpolate=True, mask='gauss', maskParams=None, name='fixation', opacity=1.0, ori=0.0, phase=array([0., 0.]), pos=array([0., 0.]), rgbPedestal=array([0., 0., 0.]), sf=array([1., 1.]), size=array([1., 1.]), tex=None, texRes=128, units='deg', win=Window(...))
15.9695 	EXP 	Created grating = GratingStim(__class__=<class 'psychopy.visual.grating.GratingStim'>, autoDraw=False, autoLog=True, blendmode='avg', color='white', colorSpace='named', contrast=1.0, depth=-2.0, interpolate=True, mask='gauss', maskParams=None, name='grating', opacity=1.0, ori=1.0, phase=array([0., 0.]), pos=array([0., 0.]), rgbPedestal=array([0., 0., 0.]), sf=array([1., 1.]), size=array([1., 1.]), tex='sin', texRes=128, units='deg', win=Window(...))
15.9900 	EXP 	Created thanksMsg = TextStim(__class__=<class 'psychopy.visual.text.TextStim'>, alignHoriz='center', alignVert='center', antialias=True, autoLog=True, bold=False, color=array([1., 1., 1.]), colorSpace='rgb', contrast=1.0, depth=0.0, flipHoriz=False, flipVert=False, font='Arial', fontFiles=[], height=1, italic=False, languageStyle='LTR', name='thanksMsg', opacity=1.0, ori=0, pos=array([0., 0.]), rgb=array([1., 1., 1.]), text=str(...), units='deg', win=Window(...), wrapWidth=15.0)
16.0200 	EXP 	instrText: autoDraw = True
16.6402 	EXP 	Imported stairDefinitions.xlsx as conditions, 1 conditions, 14 params
16.8309 	DATA 	Keypress: space
16.8387 	EXP 	instrText: autoDraw = False
16.8387 	EXP 	grating: color = '[1. 1. 1.] (rgb)'
16.8387 	EXP 	grating: size = array([3.5, 3.5])
16.8387 	EXP 	grating: ori = 90.0
16.8387 	EXP 	grating: sf = array([12., 12.])
16.9721 	EXP 	fixation: autoDraw = True
17.5722 	EXP 	fixation: autoDraw = False
17.8226 	EXP 	grating: contrast = -0.9020473463355867
17.8226 	EXP 	grating: color = -0.044510619998618495
17.8557 	EXP 	grating: contrast = -0.9732882022817431
17.8557 	EXP 	grating: color = 0.0238309880005545
17.8892 	EXP 	grating: contrast = -0.9996011372804795
17.8892 	EXP 	grating: color = 0.08856124200246995
17.9228 	EXP 	grating: contrast = -0.9830129548936035
17.9228 	EXP 	grating: color = 0.15630799400241813
17.9569 	EXP 	grating: contrast = -0.9245246416962516
17.9569 	EXP 	grating: color = 0.22202139000000898
17.9900 	EXP 	grating: contrast = -0.8228670165771622
17.9900 	EXP 	grating: color = 0.28992712999752257
18.0235 	EXP 	grating: contrast = -0.6885215395470877
18.0235 	EXP 	grating: color = 0.3558156919971225
18.0560 	EXP 	grating: contrast = -0.5193042099224929
18.0560 	EXP 	grating: color = 0.4237447940031416
18.0893 	EXP 	grating: contrast = -0.3297598681755507
18.0893 	EXP 	grating: color = 0.4905842739972286
18.1235 	EXP 	grating: contrast = -0.12560106982720023
18.1235 	EXP 	grating: color = 0.5574722200035467
18.1560 	EXP 	grating: contrast = 0.08218092575204959
18.1560 	EXP 	grating: color = 0.6237886620001518
18.1894 	EXP 	grating: contrast = 0.28862924854625427
18.1894 	EXP 	grating: color = 0.6907541320033488
18.2233 	EXP 	grating: contrast = 0.4811199345771452
18.2233 	EXP 	grating: color = 0.7573214860021835
18.2563 	EXP 	grating: contrast = 0.6507065537190699
18.2563 	EXP 	grating: color = 0.8230790300003719
18.2894 	EXP 	grating: contrast = 0.7970904591016479
18.2894 	EXP 	grating: color = 0.8911831880031968
18.3236 	EXP 	grating: contrast = 0.905375445679031
18.3236 	EXP 	grating: color = 0.957961867999984
18.3568 	EXP 	grating: contrast = 0.9735614556117257
18.3568 	EXP 	grating: color = 1.0
18.3903 	EXP 	grating: contrast = 0.9997922914178423
18.3903 	EXP 	grating: color = 1.0
18.4229 	EXP 	grating: contrast = 0.9829849520395737
18.4229 	EXP 	grating: color = 1.0
18.4565 	EXP 	grating: contrast = 0.9229171665031141
18.4565 	EXP 	grating: color = 1.0
18.4906 	EXP 	grating: contrast = 0.8193923632139103
18.4906 	EXP 	grating: color = 1.0
18.5232 	EXP 	grating: contrast = 0.6832708915648029
18.5232 	EXP 	grating: color = 1.0
18.5573 	EXP 	grating: contrast = 0.515655108976016
18.5573 	EXP 	grating: color = 1.0
18.5900 	EXP 	grating: contrast = 0.32775345782285287
18.5900 	EXP 	grating: color = 1.0
18.6240 	EXP 	grating: contrast = 0.12169181471213746
18.6240 	EXP 	grating: color = 1.0
18.6571 	EXP 	grating: contrast = -0.08440578388661368
18.6571 	EXP 	grating: color = 1.0
18.6907 	EXP 	grating: contrast = -0.2883417655356031
18.6907 	EXP 	grating: color = 1.0
18.7232 	EXP 	grating: contrast = -0.4836121834958231
18.7232 	EXP 	grating: color = 1.0
18.7574 	EXP 	grating: contrast = -0.6527553236039985
18.7574 	EXP 	grating: color = 1.0
18.7903 	EXP 	grating: contrast = -0.797331199906669
18.7903 	EXP 	grating: color = 1.0
18.8243 	EXP 	grating: contrast = -0.9043663543200364
18.8243 	EXP 	grating: color = 1.0
18.8569 	EXP 	grating: contrast = -0.9744231508721442
18.8569 	EXP 	grating: color = 1.0
18.8899 	EXP 	grating: contrast = -0.9998735714475375
18.8899 	EXP 	grating: color = 1.0
18.9239 	EXP 	grating: contrast = -0.9816088545789352
18.9239 	EXP 	grating: color = 1.0
18.9574 	EXP 	grating: contrast = -0.9207901403456179
18.9574 	EXP 	grating: color = 1.0
18.9907 	EXP 	grating: contrast = -0.8202498515992637
18.9907 	EXP 	grating: color = 1.0
19.0238 	EXP 	grating: contrast = -0.6834349234952412
19.0238 	EXP 	grating: color = 1.0
19.0579 	EXP 	grating: contrast = -0.5129450823037649
19.0579 	EXP 	grating: color = 1.0
19.0906 	EXP 	grating: contrast = -0.32449081184157086
19.0906 	EXP 	grating: color = 1.0
19.1243 	EXP 	grating: contrast = -0.12573650234467385
19.1243 	EXP 	grating: color = 1.0
19.1570 	EXP 	grating: contrast = 0.08763520011990626
19.1570 	EXP 	grating: color = 1.0
19.1902 	EXP 	grating: contrast = 0.29498174889678963
19.1902 	EXP 	grating: color = 1.0
19.2237 	EXP 	grating: contrast = 0.4829010517335606
19.2237 	EXP 	grating: color = 1.0
19.2578 	EXP 	grating: contrast = 0.6566998231459651
19.2578 	EXP 	grating: color = 1.0
19.2911 	EXP 	grating: contrast = 0.7965358187980582
19.2911 	EXP 	grating: color = 1.0
19.3238 	EXP 	grating: contrast = 0.9074132670801751
19.3238 	EXP 	grating: color = 1.0
19.3571 	EXP 	grating: contrast = 0.97498884947579
19.3571 	EXP 	grating: color = 0.9737890440010233
19.3913 	EXP 	grating: contrast = 0.9998347161237954
19.3913 	EXP 	grating: color = 0.9082326819989248
19.4239 	EXP 	grating: contrast = 0.9818900992341743
19.4239 	EXP 	grating: color = 0.8417732200032333
19.4581 	EXP 	grating: contrast = 0.9191922383181829
19.4581 	EXP 	grating: color = 0.7736013359972276
19.4909 	EXP 	grating: contrast = 0.8183569415310743
19.4909 	EXP 	grating: color = 0.7075581419994705
19.5243 	EXP 	grating: contrast = 0.6802000040200077
19.5243 	EXP 	grating: color = 0.6405524520014296
19.5574 	EXP 	grating: contrast = 0.5160532048662057
19.5574 	EXP 	grating: color = 0.575043580000056
19.5912 	EXP 	grating: contrast = 0.3217042259649003
19.5912 	EXP 	grating: color = 0.5067015379972872
19.6242 	EXP 	grating: contrast = 0.12083790099805695
19.6242 	EXP 	grating: color = 0.4410019380011363
19.6578 	EXP 	grating: contrast = -0.0861296956686865
19.6578 	EXP 	grating: color = 0.37497941400215495
19.6913 	EXP 	grating: contrast = -0.29212186015936387
19.6913 	EXP 	grating: color = 0.30808771600277396
19.7249 	EXP 	grating: contrast = -0.48926716207639814
19.7249 	EXP 	grating: color = 0.23966534400096862
19.7576 	EXP 	grating: contrast = -0.6578432385769397
19.7576 	EXP 	grating: color = 0.1738779439983773
19.7914 	EXP 	grating: contrast = -0.7999420842189603
19.7914 	EXP 	grating: color = 0.10731054200005019
19.8248 	EXP 	grating: contrast = -0.9069890491836917
19.8248 	EXP 	grating: color = 0.04082409200054826
19.8580 	EXP 	grating: contrast = -0.9754314290689915
19.8580 	EXP 	grating: color = 0
19.8909 	EXP 	grating: contrast = -0.9999300106056911
19.8909 	EXP 	grating: color = 0
19.9241 	EXP 	grating: contrast = -0.9807662821622722
19.9241 	EXP 	grating: color = 0
19.9577 	EXP 	grating: contrast = -0.9198509275324052
19.9577 	EXP 	grating: color = 0
19.9914 	EXP 	grating: contrast = -0.8160486245339246
19.9914 	EXP 	grating: color = 0
20.0247 	EXP 	grating: contrast = -0.6814813851585692
20.0247 	EXP 	grating: color = 0
20.0585 	EXP 	grating: contrast = -0.510142265511059
20.0585 	EXP 	grating: color = 0
20.0914 	EXP 	grating: contrast = -0.3230798104412388
20.0914 	EXP 	grating: color = 0
20.1247 	EXP 	grating: contrast = -0.12011243909497357
20.1247 	EXP 	grating: color = 0
20.1581 	EXP 	grating: contrast = 0.0953906277491464
20.1581 	EXP 	grating: color = 0
20.1919 	EXP 	grating: contrast = 0.294645613021539
20.1919 	EXP 	grating: color = 0
20.2252 	EXP 	grating: contrast = 0.4899498254194323
20.2252 	EXP 	grating: color = 0
20.2584 	EXP 	grating: contrast = 0.6602632135137703
20.2584 	EXP 	grating: color = 0
20.2918 	EXP 	grating: contrast = 0.8016809162343265
20.2918 	EXP 	grating: color = 0
20.3244 	EXP 	grating: contrast = 0.9089538617948208
20.3244 	EXP 	grating: color = 0
20.3584 	EXP 	grating: contrast = 0.9755380037615666
20.3584 	EXP 	grating: color = 0
20.3917 	EXP 	grating: contrast = 0.9999419056607958
20.3917 	EXP 	grating: color = 0
20.4251 	EXP 	grating: contrast = 0.980318587228906
20.4251 	EXP 	grating: color = 0
20.4588 	EXP 	grating: contrast = 0.9189584856640594
20.4588 	EXP 	grating: color = 0
20.4921 	EXP 	grating: contrast = 0.8138122731829103
20.4921 	EXP 	grating: color = 0
20.5257 	EXP 	grating: contrast = 0.6751762540729223
20.5257 	EXP 	grating: color = 0
20.5588 	EXP 	grating: contrast = 0.5074282035214229
20.5588 	EXP 	grating: color = 0
20.5923 	EXP 	grating: contrast = 0.320444835232964
20.5923 	EXP 	grating: color = 0
20.6257 	EXP 	grating: contrast = 0.11228249300098594
20.6257 	EXP 	grating: color = 0
20.6586 	EXP 	grating: contrast = -0.0942373218376029
20.6586 	EXP 	grating: color = 0
20.6924 	EXP 	grating: contrast = -0.29991735061214575
20.6924 	EXP 	grating: color = 0
20.7256 	EXP 	grating: contrast = -0.49211358773334524
20.7256 	EXP 	grating: color = 0
20.7584 	EXP 	grating: contrast = -0.6621611255864784
20.7584 	EXP 	grating: color = 0
20.7920 	EXP 	grating: contrast = -0.8047590977007812
20.7920 	EXP 	grating: color = 0
20.8257 	EXP 	grating: contrast = -0.9109764600749163
20.8257 	EXP 	grating: color = 0
20.8592 	EXP 	grating: contrast = -0.9756715987820468
20.8592 	EXP 	grating: color = 0
20.8925 	EXP 	grating: contrast = -0.9999834789793364
20.8925 	EXP 	grating: color = 0
20.9253 	EXP 	grating: contrast = -0.980128957768771
20.9253 	EXP 	grating: color = 0
20.9592 	EXP 	grating: contrast = -0.9183156579389897
20.9592 	EXP 	grating: color = 0
20.9921 	EXP 	grating: contrast = -0.813673491980122
20.9921 	EXP 	grating: color = 0
21.0257 	EXP 	grating: contrast = -0.6778622216303214
21.0257 	EXP 	grating: color = 0
21.0592 	EXP 	grating: contrast = -0.5056316518491243
21.0592 	EXP 	grating: color = 0
21.0924 	EXP 	grating: contrast = -0.31516736434808396
21.0924 	EXP 	grating: color = 0
21.1258 	EXP 	grating: contrast = -0.11627058179154592
21.1258 	EXP 	grating: color = 0
21.1587 	EXP 	grating: contrast = 0.09544059509954618
21.1587 	EXP 	grating: color = 0
21.1918 	EXP 	grating: contrast = 0.30014360141904506
21.1918 	EXP 	grating: color = 0
21.2256 	EXP 	grating: contrast = 0.49543285293451333
21.2256 	EXP 	grating: color = 0
21.2586 	EXP 	grating: contrast = 0.6614636367465985
21.2586 	EXP 	grating: color = 0
21.2925 	EXP 	grating: contrast = 0.8057490114333143
21.2925 	EXP 	grating: color = 0
21.3262 	EXP 	grating: contrast = 0.9122355405544935
21.3262 	EXP 	grating: color = 0
21.3451 	DATA 	Keypress: right
21.3589 	EXP 	grating: contrast = 0.9772685471671883
21.3589 	EXP 	grating: color = 0
21.3761 	EXP 	fixation: autoDraw = False
21.3761 	EXP 	grating: autoDraw = False
21.3761 	EXP 	fd_instructions: text = 'Correct!'
21.3761 	EXP 	fd_instructions: autoDraw = True
23.3770 	EXP 	fd_instructions: autoDraw = False
23.3770 	EXP 	grating: color = '[0.98786577 0.98786577 0.98786577] (rgb)'
23.3770 	EXP 	grating: size = array([3.5, 3.5])
23.3770 	EXP 	grating: ori = 90.0
23.3770 	EXP 	grating: sf = array([12., 12.])
23.5109 	EXP 	fixation: autoDraw = True
24.1117 	EXP 	fixation: autoDraw = False
24.3616 	EXP 	grating: contrast = 0.980043491369831
24.3616 	EXP 	grating: color = -0.033379936805144936
24.3953 	EXP 	grating: contrast = 0.9999376775024788
24.3953 	EXP 	grating: color = 0.03301752638994983
24.4283 	EXP 	grating: contrast = 0.9759416202791308
24.4283 	EXP 	grating: color = 0.09863707888875982
24.4616 	EXP 	grating: contrast = 0.9105109517761587
24.4616 	EXP 	grating: color = 0.16356305477403094
24.4949 	EXP 	grating: contrast = 0.8035852781226069
24.4949 	EXP 	grating: color = 0.23003847243460598
24.5288 	EXP 	grating: contrast = 0.6596747073148185
24.5288 	EXP 	grating: color = 0.2969309650437038
24.5623 	EXP 	grating: contrast = 0.49032993027877986
24.5623 	EXP 	grating: color = 0.36230897052744226
24.5952 	EXP 	grating: contrast = 0.29868130473025545
24.5952 	EXP 	grating: color = 0.4280840723652985
24.6287 	EXP 	grating: contrast = 0.09452684714425366
24.6287 	EXP 	grating: color = 0.49369249358639167
24.6618 	EXP 	grating: contrast = -0.11300334489308914
24.6618 	EXP 	grating: color = 0.5590691575491307
24.6952 	EXP 	grating: contrast = -0.3144893539730603
24.6952 	EXP 	grating: color = 0.6240785369727113
24.7288 	EXP 	grating: contrast = -0.5122779038109218
24.7288 	EXP 	grating: color = 0.6925796267247434
24.7620 	EXP 	grating: contrast = -0.6764398566802708
24.7620 	EXP 	grating: color = 0.7570617288456846
24.7949 	EXP 	grating: contrast = -0.8149528270211257
24.7949 	EXP 	grating: color = 0.8230175785037935
24.8291 	EXP 	grating: contrast = -0.9189947072348069
24.8291 	EXP 	grating: color = 0.8899526876459543
24.8619 	EXP 	grating: contrast = -0.9805575621468486
24.8619 	EXP 	grating: color = 0.9552875747607373
24.8949 	EXP 	grating: contrast = -0.9998973624479651
24.8949 	EXP 	grating: color = 0.9878657656377151
24.9290 	EXP 	grating: contrast = -0.9753973701010314
24.9290 	EXP 	grating: color = 0.9878657656377151
24.9619 	EXP 	grating: contrast = -0.9088995531085782
24.9619 	EXP 	grating: color = 0.9878657656377151
24.9960 	EXP 	grating: contrast = -0.8003428119149884
24.9960 	EXP 	grating: color = 0.9878657656377151
25.0285 	EXP 	grating: contrast = -0.6598664989739321
25.0285 	EXP 	grating: color = 0.9878657656377151
25.0625 	EXP 	grating: contrast = -0.4869201325621347
25.0625 	EXP 	grating: color = 0.9878657656377151
25.0953 	EXP 	grating: contrast = -0.29780654798541656
25.0953 	EXP 	grating: color = 0.9878657656377151
25.1294 	EXP 	grating: contrast = -0.08880922941880708
25.1294 	EXP 	grating: color = 0.9878657656377151
25.1626 	EXP 	grating: contrast = 0.11849157015867777
25.1626 	EXP 	grating: color = 0.9878657656377151
25.1953 	EXP 	grating: contrast = 0.32111541585416153
25.1953 	EXP 	grating: color = 0.9878657656377151
25.2293 	EXP 	grating: contrast = 0.5126722902275288
25.2293 	EXP 	grating: color = 0.9878657656377151
25.2627 	EXP 	grating: contrast = 0.67861013694683
25.2627 	EXP 	grating: color = 0.9878657656377151
25.2960 	EXP 	grating: contrast = 0.817769552157259
25.2960 	EXP 	grating: color = 0.9878657656377151
25.3295 	EXP 	grating: contrast = 0.9196035805738155
25.3295 	EXP 	grating: color = 0.9878657656377151
25.3621 	EXP 	grating: contrast = 0.9809305514670134
25.3621 	EXP 	grating: color = 0.9878657656377151
25.3954 	EXP 	grating: contrast = 0.9998989317455158
25.3954 	EXP 	grating: color = 0.9878657656377151
25.4291 	EXP 	grating: contrast = 0.9746051401053025
25.4291 	EXP 	grating: color = 0.9878657656377151
25.4625 	EXP 	grating: contrast = 0.9069735630734683
25.4625 	EXP 	grating: color = 0.9878657656377151
25.4959 	EXP 	grating: contrast = 0.7996351108559806
25.4959 	EXP 	grating: color = 0.9878657656377151
25.5288 	EXP 	grating: contrast = 0.6581183443968155
25.5288 	EXP 	grating: color = 0.9878657656377151
25.5620 	EXP 	grating: contrast = 0.48845578980409304
25.5620 	EXP 	grating: color = 0.9878657656377151
25.5960 	EXP 	grating: contrast = 0.29777115901304013
25.5960 	EXP 	grating: color = 0.9878657656377151
25.6290 	EXP 	grating: contrast = 0.09049987123945183
25.6290 	EXP 	grating: color = 0.9878657656377151
25.6632 	EXP 	grating: contrast = -0.11717507910614931
25.6632 	EXP 	grating: color = 0.9878657656377151
25.6960 	EXP 	grating: contrast = -0.32497433151336863
25.6960 	EXP 	grating: color = 0.9878657656377151
25.7298 	EXP 	grating: contrast = -0.5166232816269836
25.7298 	EXP 	grating: color = 0.9878657656377151
25.7629 	EXP 	grating: contrast = -0.6818464663339059
25.7629 	EXP 	grating: color = 0.9878657656377151
25.7963 	EXP 	grating: contrast = -0.8187958087977776
25.7963 	EXP 	grating: color = 0.9878657656377151
25.8291 	EXP 	grating: contrast = -0.9194937852659971
25.8291 	EXP 	grating: color = 0.9878657656377151
25.8625 	EXP 	grating: contrast = -0.9818772137106757
25.8625 	EXP 	grating: color = 0.9878657656377151
25.8964 	EXP 	grating: contrast = -0.9998111420974497
25.8964 	EXP 	grating: color = 0.9522266193414197
25.9291 	EXP 	grating: contrast = -0.9750831581577272
25.9291 	EXP 	grating: color = 0.8879961029300107
25.9632 	EXP 	grating: contrast = -0.9061705657504471
25.9632 	EXP 	grating: color = 0.8210390750258334
25.9959 	EXP 	grating: contrast = -0.8003600796742862
25.9959 	EXP 	grating: color = 0.7561964532708322
26.0296 	EXP 	grating: contrast = -0.6556059289925579
26.0296 	EXP 	grating: color = 0.6892353691850984
26.0634 	EXP 	grating: contrast = -0.4870805064255681
26.0634 	EXP 	grating: color = 0.6243831967496407
26.0961 	EXP 	grating: contrast = -0.292702539634739
26.0961 	EXP 	grating: color = 0.5578177588338387
26.1299 	EXP 	grating: contrast = -0.08469485858710392
26.1299 	EXP 	grating: color = 0.491074287751153
26.1627 	EXP 	grating: contrast = 0.12010527195637975
26.1627 	EXP 	grating: color = 0.4265520170376683
26.1967 	EXP 	grating: contrast = 0.327831736342634
26.1967 	EXP 	grating: color = 0.35938174842570114
26.2296 	EXP 	grating: contrast = 0.5155298476729087
26.2296 	EXP 	grating: color = 0.29409199886872306
26.2630 	EXP 	grating: contrast = 0.6852440571090033
26.2630 	EXP 	grating: color = 0.22702312085158524
26.2969 	EXP 	grating: contrast = 0.817819334156908
26.2969 	EXP 	grating: color = 0.16324818639332297
26.3301 	EXP 	grating: contrast = 0.9214870734174051
26.3301 	EXP 	grating: color = 0.09591245422390819
26.3633 	EXP 	grating: contrast = 0.9819155437994572
26.3633 	EXP 	grating: color = 0.030369621356156506
26.3965 	EXP 	grating: contrast = 0.999855587316242
26.3965 	EXP 	grating: color = 0
26.4302 	EXP 	grating: contrast = 0.9737651278319537
26.4302 	EXP 	grating: color = 0
26.4631 	EXP 	grating: contrast = 0.9055243716899899
26.4631 	EXP 	grating: color = 0
26.4972 	EXP 	grating: contrast = 0.795123603652338
26.4972 	EXP 	grating: color = 0
26.5303 	EXP 	grating: contrast = 0.6569245257496967
26.5303 	EXP 	grating: color = 0
26.5635 	EXP 	grating: contrast = 0.48517029936355
26.5635 	EXP 	grating: color = 0
26.5967 	EXP 	grating: contrast = 0.2890068605890854
26.5967 	EXP 	grating: color = 0
26.6294 	EXP 	grating: contrast = 0.08624992146948603
26.6294 	EXP 	grating: color = 0
26.6628 	EXP 	grating: contrast = -0.12348935045253126
26.6628 	EXP 	grating: color = 0
26.6969 	EXP 	grating: contrast = -0.3299150200989455
26.6969 	EXP 	grating: color = 0
26.7299 	EXP 	grating: contrast = -0.5173641208401709
26.7299 	EXP 	grating: color = 0
26.7637 	EXP 	grating: contrast = -0.6859783372193878
26.7637 	EXP 	grating: color = 0
26.7970 	EXP 	grating: contrast = -0.8229307523144184
26.7970 	EXP 	grating: color = 0
26.7994 	DATA 	Keypress: right
26.8134 	EXP 	fixation: autoDraw = False
26.8134 	EXP 	grating: autoDraw = False
26.8134 	EXP 	fd_instructions: text = 'Correct!'
26.8134 	EXP 	fd_instructions: autoDraw = True
28.8155 	EXP 	fd_instructions: autoDraw = False
28.8155 	EXP 	grating: color = '[0.90860874 0.90860874 0.90860874] (rgb)'
28.8155 	EXP 	grating: size = array([3.5, 3.5])
28.8155 	EXP 	grating: ori = 90.0
28.8155 	EXP 	grating: sf = array([12., 12.])
28.9489 	EXP 	fixation: autoDraw = True
29.5495 	EXP 	fixation: autoDraw = False
29.7821 	EXP 	grating: contrast = -0.7685143988314159
29.7821 	EXP 	grating: color = -0.05939865209819803
29.8164 	EXP 	grating: contrast = -0.8836325053057514
29.8164 	EXP 	grating: color = 0.00046118617248812387
29.8498 	EXP 	grating: contrast = -0.9615989280784176
29.8498 	EXP 	grating: color = 0.06099065273425825
29.8833 	EXP 	grating: contrast = -0.9978941997694863
29.8833 	EXP 	grating: color = 0.12262744440517921
29.9164 	EXP 	grating: contrast = -0.9897489127348238
29.9164 	EXP 	grating: color = 0.18284724802554675
29.9492 	EXP 	grating: contrast = -0.9391299945769385
29.9492 	EXP 	grating: color = 0.24282989748391343
29.9827 	EXP 	grating: contrast = -0.8451361888345665
29.9827 	EXP 	grating: color = 0.3045127647086987
30.0157 	EXP 	grating: contrast = -0.7189016640008348
30.0157 	EXP 	grating: color = 0.3637033399525908
30.0494 	EXP 	grating: contrast = -0.5577327038802509
30.0494 	EXP 	grating: color = 0.42459108184155314
30.0824 	EXP 	grating: contrast = -0.37357760185489963
30.0824 	EXP 	grating: color = 0.4849755562571989
30.1164 	EXP 	grating: contrast = -0.16857525946122426
30.1164 	EXP 	grating: color = 0.5467155531611885
30.1495 	EXP 	grating: contrast = 0.037504200020819445
30.1495 	EXP 	grating: color = 0.6065543789476203
30.1832 	EXP 	grating: contrast = 0.24512760313331566
30.1832 	EXP 	grating: color = 0.6673629955515055
30.2160 	EXP 	grating: contrast = 0.4400031600396131
30.2160 	EXP 	grating: color = 0.7275116387519359
30.2503 	EXP 	grating: contrast = 0.6164688757921827
30.2503 	EXP 	grating: color = 0.7878161028945506
30.2828 	EXP 	grating: contrast = 0.7697070432601152
30.2828 	EXP 	grating: color = 0.8497498478949023
30.3167 	EXP 	grating: contrast = 0.8857758031671341
30.3167 	EXP 	grating: color = 0.9086087445998587
30.3496 	EXP 	grating: contrast = 0.9621955856127018
30.3496 	EXP 	grating: color = 0.9086087445998587
30.3832 	EXP 	grating: contrast = 0.9976579124189634
30.3832 	EXP 	grating: color = 0.9086087445998587
30.4166 	EXP 	grating: contrast = 0.9896631183154259
30.4166 	EXP 	grating: color = 0.9086087445998587
30.4498 	EXP 	grating: contrast = 0.9381235798487819
30.4498 	EXP 	grating: color = 0.9086087445998587
30.4832 	EXP 	grating: contrast = 0.8431053080916995
30.4832 	EXP 	grating: color = 0.9086087445998587
30.5164 	EXP 	grating: contrast = 0.7167747300373344
30.5164 	EXP 	grating: color = 0.9086087445998587
30.5501 	EXP 	grating: contrast = 0.5518715608142676
30.5501 	EXP 	grating: color = 0.9086087445998587
30.5829 	EXP 	grating: contrast = 0.3700713122465587
30.5829 	EXP 	grating: color = 0.9086087445998587
30.6173 	EXP 	grating: contrast = 0.16413470945639663
30.6173 	EXP 	grating: color = 0.9086087445998587
30.6502 	EXP 	grating: contrast = -0.04294558579017895
30.6502 	EXP 	grating: color = 0.9086087445998587
30.6829 	EXP 	grating: contrast = -0.24529885546156444
30.6829 	EXP 	grating: color = 0.9086087445998587
30.7173 	EXP 	grating: contrast = -0.44091143715912606
30.7173 	EXP 	grating: color = 0.9086087445998587
30.7501 	EXP 	grating: contrast = -0.6212143780051564
30.7501 	EXP 	grating: color = 0.9086087445998587
30.7833 	EXP 	grating: contrast = -0.7712272560281719
30.7833 	EXP 	grating: color = 0.9086087445998587
30.8166 	EXP 	grating: contrast = -0.888427735546294
30.8166 	EXP 	grating: color = 0.9086087445998587
30.8499 	EXP 	grating: contrast = -0.9641258950486924
30.8499 	EXP 	grating: color = 0.9086087445998587
30.8837 	EXP 	grating: contrast = -0.9981416965501925
30.8837 	EXP 	grating: color = 0.9086087445998587
30.9165 	EXP 	grating: contrast = -0.9887418347238857
30.9165 	EXP 	grating: color = 0.9086087445998587
30.9498 	EXP 	grating: contrast = -0.9371747435226775
30.9498 	EXP 	grating: color = 0.9086087445998587
30.9836 	EXP 	grating: contrast = -0.8434323321679184
30.9836 	EXP 	grating: color = 0.9086087445998587
31.0173 	EXP 	grating: contrast = -0.7142847917916038
31.0173 	EXP 	grating: color = 0.9086087445998587
31.0503 	EXP 	grating: contrast = -0.5518105898261882
31.0503 	EXP 	grating: color = 0.9086087445998587
31.0843 	EXP 	grating: contrast = -0.3689738488438884
31.0843 	EXP 	grating: color = 0.9086087445998587
31.1165 	EXP 	grating: contrast = -0.1682665912472627
31.1165 	EXP 	grating: color = 0.9086087445998587
31.1511 	EXP 	grating: contrast = 0.0455237642466323
31.1511 	EXP 	grating: color = 0.9086087445998587
31.1842 	EXP 	grating: contrast = 0.25391340229330395
31.1842 	EXP 	grating: color = 0.9086087445998587
31.2173 	EXP 	grating: contrast = 0.44764817737235774
31.2173 	EXP 	grating: color = 0.9086087445998587
31.2503 	EXP 	grating: contrast = 0.6255429205262856
31.2503 	EXP 	grating: color = 0.9086087445998587
31.2841 	EXP 	grating: contrast = 0.7732813279384209
31.2841 	EXP 	grating: color = 0.9086087445998587
31.3173 	EXP 	grating: contrast = 0.886745639957802
31.3173 	EXP 	grating: color = 0.9061910076016342
31.3509 	EXP 	grating: contrast = 0.9631126276794993
31.3509 	EXP 	grating: color = 0.846007108573109
31.3836 	EXP 	grating: contrast = 0.9981427102523082
31.3836 	EXP 	grating: color = 0.7848344015348422
31.4169 	EXP 	grating: contrast = 0.9883989195560452
31.4169 	EXP 	grating: color = 0.7230754365120076
31.4503 	EXP 	grating: contrast = 0.9353964763104308
31.4503 	EXP 	grating: color = 0.6626649468181631
31.4837 	EXP 	grating: contrast = 0.842552738430226
31.4837 	EXP 	grating: color = 0.6027197920026055
31.5175 	EXP 	grating: contrast = 0.7109289136784896
31.5175 	EXP 	grating: color = 0.5416239696166769
31.5511 	EXP 	grating: contrast = 0.5530640562261486
31.5511 	EXP 	grating: color = 0.4823967919834171
31.5842 	EXP 	grating: contrast = 0.3649993067517929
31.5842 	EXP 	grating: color = 0.42096880405272163
31.6173 	EXP 	grating: contrast = 0.1641809399592246
31.6173 	EXP 	grating: color = 0.3606060690138607
31.6503 	EXP 	grating: contrast = -0.04933941298682109
31.6503 	EXP 	grating: color = 0.29858812142192076
31.6841 	EXP 	grating: contrast = -0.25273080780101814
31.6841 	EXP 	grating: color = 0.23900861620512545
31.7179 	EXP 	grating: contrast = -0.445865128321445
31.7179 	EXP 	grating: color = 0.17924193032420005
31.7504 	EXP 	grating: contrast = -0.6235463804529432
31.7504 	EXP 	grating: color = 0.11818180899729648
31.7848 	EXP 	grating: contrast = -0.7756709632885308
31.7848 	EXP 	grating: color = 0.056141820375311444
31.8175 	EXP 	grating: contrast = -0.8888062691256496
31.8175 	EXP 	grating: color = 0
31.8515 	EXP 	grating: contrast = -0.9654190830153366
31.8515 	EXP 	grating: color = 0
31.8850 	EXP 	grating: contrast = -0.9984099939046522
31.8850 	EXP 	grating: color = 0
31.9179 	EXP 	grating: contrast = -0.9882208128345908
31.9179 	EXP 	grating: color = 0
31.9517 	EXP 	grating: contrast = -0.9358132712681639
31.9517 	EXP 	grating: color = 0
31.9848 	EXP 	grating: contrast = -0.8396665695368467
31.9848 	EXP 	grating: color = 0
32.0184 	EXP 	grating: contrast = -0.7080322756434689
32.0184 	EXP 	grating: color = 0
32.0507 	EXP 	grating: contrast = -0.5485551251486478
32.0507 	EXP 	grating: color = 0
32.0847 	EXP 	grating: contrast = -0.36066107683796955
32.0847 	EXP 	grating: color = 0
32.1180 	EXP 	grating: contrast = -0.16289822793297684
32.1180 	EXP 	grating: color = 0
32.1516 	EXP 	grating: contrast = 0.04661444034053214
32.1516 	EXP 	grating: color = 0
32.1704 	DATA 	Keypress: right
32.1842 	EXP 	grating: contrast = 0.2576557184664756
32.1842 	EXP 	grating: color = 0
32.2009 	EXP 	fixation: autoDraw = False
32.2009 	EXP 	grating: autoDraw = False
32.2009 	EXP 	fd_instructions: text = 'Correct!'
32.2009 	EXP 	fd_instructions: autoDraw = True
34.0044 	DATA 	Keypress: escape
34.3716 	EXP 	window1: mouseVisible = True
