8.3825 	WARNING 	User requested fullscreen with size [800 600], but screen is actually [2560, 1440]. Using actual size
9.2484 	EXP 	Created window1 = Window(allowGUI=False, allowStencil=False, args=UNKNOWN, autoLog=True, bitsMode=UNKNOWN, blendMode='avg', color=array([0., 0., 0.]), colorSpace='rgb', fullscr=<method-wrapper '__getattribute__' of attributeSetter object at 0x135f90be0>, gamma=None, gammaErrorPolicy='raise', kwargs=UNKNOWN, lms=UNKNOWN, monitor=<psychopy.monitors.calibTools.Monitor object at 0x135c8b6a0>, multiSample=False, name='window1', numSamples=2, pos=[0.0, 0.0], screen=0, size=array([2560, 1440]), stereo=False, units='deg', useFBO=True, useRetina=False, viewOri=0.0, viewPos=None, viewScale=None, waitBlanking=True, winType='pyglet')
9.2484 	EXP 	window1: recordFrameIntervals = False
9.4147 	EXP 	window1: recordFrameIntervals = True
9.5974 	EXP 	window1: recordFrameIntervals = False
10.0238 	EXP 	Created instrText = TextStim(__class__=<class 'psychopy.visual.text.TextStim'>, alignHoriz='center', alignVert='center', antialias=True, autoLog=True, bold=False, color='white', colorSpace='named', contrast=1.0, depth=0.0, flipHoriz=False, flipVert=False, font='Arial', fontFiles=[], height=1, italic=False, languageStyle='LTR', name='instrText', opacity=1.0, ori=0, pos=array([0., 0.]), rgb=array([255., 255., 255.]), text=str(...), units='deg', win=Window(...), wrapWidth=15.0)
10.0349 	EXP 	Created fixation = GratingStim(__class__=<class 'psychopy.visual.grating.GratingStim'>, autoDraw=False, autoLog=True, blendmode='avg', color='black', colorSpace='named', contrast=1.0, depth=-1.0, interpolate=True, mask='gauss', maskParams=None, name='fixation', opacity=1.0, ori=0.0, phase=array([0., 0.]), pos=array([0., 0.]), rgbPedestal=array([0., 0., 0.]), sf=array([1., 1.]), size=array([1., 1.]), tex=None, texRes=128, units='deg', win=Window(...))
10.0375 	EXP 	Created grating = GratingStim(__class__=<class 'psychopy.visual.grating.GratingStim'>, autoDraw=False, autoLog=True, blendmode='avg', color='white', colorSpace='named', contrast=1.0, depth=-2.0, interpolate=True, mask='gauss', maskParams=None, name='grating', opacity=1.0, ori=1.0, phase=array([0., 0.]), pos=array([0., 0.]), rgbPedestal=array([0., 0., 0.]), sf=array([1., 1.]), size=array([1., 1.]), tex='sin', texRes=128, units='deg', win=Window(...))
10.0501 	EXP 	Created fd_instructions = TextStim(__class__=<class 'psychopy.visual.text.TextStim'>, alignHoriz='center', alignVert='center', antialias=True, autoLog=True, bold=False, color='white', colorSpace='named', contrast=1.0, depth=-1.0, flipHoriz=False, flipVert=False, font='Arial', fontFiles=[], height=1, italic=False, languageStyle='LTR', name='fd_instructions', opacity=1.0, ori=0, pos=array([0., 0.]), rgb=array([255., 255., 255.]), text='default text', units='deg', win=Window(...), wrapWidth=15.0)
10.0865 	EXP 	Created text = TextStim(__class__=<class 'psychopy.visual.text.TextStim'>, alignHoriz='center', alignVert='center', antialias=True, autoLog=True, bold=False, color='white', colorSpace='named', contrast=1.0, depth=0.0, flipHoriz=False, flipVert=False, font='Arial', fontFiles=[], height=1, italic=False, languageStyle='LTR', name='text', opacity=1.0, ori=0, pos=array([0., 0.]), rgb=array([255., 255., 255.]), text=str(...), units='deg', win=Window(...), wrapWidth=15.0)
10.0955 	EXP 	Created fixation = GratingStim(__class__=<class 'psychopy.visual.grating.GratingStim'>, autoDraw=False, autoLog=True, blendmode='avg', color='black', colorSpace='named', contrast=1.0, depth=-1.0, interpolate=True, mask='gauss', maskParams=None, name='fixation', opacity=1.0, ori=0.0, phase=array([0., 0.]), pos=array([0., 0.]), rgbPedestal=array([0., 0., 0.]), sf=array([1., 1.]), size=array([1., 1.]), tex=None, texRes=128, units='deg', win=Window(...))
10.0996 	EXP 	Created grating = GratingStim(__class__=<class 'psychopy.visual.grating.GratingStim'>, autoDraw=False, autoLog=True, blendmode='avg', color='white', colorSpace='named', contrast=1.0, depth=-2.0, interpolate=True, mask='gauss', maskParams=None, name='grating', opacity=1.0, ori=1.0, phase=array([0., 0.]), pos=array([0., 0.]), rgbPedestal=array([0., 0., 0.]), sf=array([1., 1.]), size=array([1., 1.]), tex='sin', texRes=128, units='deg', win=Window(...))
10.1197 	EXP 	Created thanksMsg = TextStim(__class__=<class 'psychopy.visual.text.TextStim'>, alignHoriz='center', alignVert='center', antialias=True, autoLog=True, bold=False, color=array([1., 1., 1.]), colorSpace='rgb', contrast=1.0, depth=0.0, flipHoriz=False, flipVert=False, font='Arial', fontFiles=[], height=1, italic=False, languageStyle='LTR', name='thanksMsg', opacity=1.0, ori=0, pos=array([0., 0.]), rgb=array([1., 1., 1.]), text=str(...), units='deg', win=Window(...), wrapWidth=15.0)
10.1492 	EXP 	instrText: autoDraw = True
10.6702 	EXP 	Imported stairDefinitions.xlsx as conditions, 1 conditions, 9 params
10.7964 	DATA 	Keypress: space
10.8170 	EXP 	instrText: autoDraw = False
10.8170 	EXP 	grating: color = '[0.25 0.25 0.25] (rgb)'
10.8170 	EXP 	grating: size = array([3.5, 3.5])
10.8170 	EXP 	grating: ori = 0.0
10.8170 	EXP 	grating: sf = array([1.2, 1.2])
10.9499 	EXP 	fixation: autoDraw = True
11.5507 	EXP 	fixation: autoDraw = False
11.8006 	EXP 	grating: phase = 0.9917489390850416
11.8006 	EXP 	grating: color = 0
11.8344 	EXP 	grating: phase = 0.9427770309303583
11.8344 	EXP 	grating: color = 0
11.8681 	EXP 	grating: phase = 0.8537905055884708
11.8681 	EXP 	grating: color = 0
11.9013 	EXP 	grating: phase = 0.7266161119824395
11.9013 	EXP 	grating: color = 0
11.9347 	EXP 	grating: phase = 0.5658980650030861
11.9347 	EXP 	grating: color = 0
11.9682 	EXP 	grating: phase = 0.38279364232038626
11.9682 	EXP 	grating: color = 0
12.0009 	EXP 	grating: phase = 0.18472109465100908
12.0009 	EXP 	grating: color = 0
12.0339 	EXP 	grating: phase = -0.023594066882263787
12.0339 	EXP 	grating: color = 0
12.0680 	EXP 	grating: phase = -0.24011760799713883
12.0680 	EXP 	grating: color = 0
12.1017 	EXP 	grating: phase = -0.43175596945024436
12.1017 	EXP 	grating: color = 0
12.1348 	EXP 	grating: phase = -0.6087251994931492
12.1348 	EXP 	grating: color = 0
12.1684 	EXP 	grating: phase = -0.7582620843033528
12.1684 	EXP 	grating: color = 0
12.2008 	EXP 	grating: phase = -0.8777786547353515
12.2008 	EXP 	grating: color = 0
12.2352 	EXP 	grating: phase = -0.9622249744707715
12.2352 	EXP 	grating: color = 0
12.2685 	EXP 	grating: phase = -0.997090275370184
12.2685 	EXP 	grating: color = 0
12.3019 	EXP 	grating: phase = -0.9908923077333552
12.3019 	EXP 	grating: color = 0
12.3349 	EXP 	grating: phase = -0.9412059762878393
12.3349 	EXP 	grating: color = 0
12.3683 	EXP 	grating: phase = -0.8502900882014959
12.3683 	EXP 	grating: color = 0
12.4015 	EXP 	grating: phase = -0.7242714051490868
12.4015 	EXP 	grating: color = 0
12.4345 	EXP 	grating: phase = -0.5660099590182363
12.4345 	EXP 	grating: color = 0
12.4681 	EXP 	grating: phase = -0.38143154885365027
12.4681 	EXP 	grating: color = 0
12.5013 	EXP 	grating: phase = -0.18294927611510042
12.5013 	EXP 	grating: color = 0
12.5342 	EXP 	grating: phase = 0.025543365587903332
12.5342 	EXP 	grating: color = 0
12.5682 	EXP 	grating: phase = 0.23661740083161334
12.5682 	EXP 	grating: color = 0
12.6020 	EXP 	grating: phase = 0.4323406265310135
12.6020 	EXP 	grating: color = 0
12.6352 	EXP 	grating: phase = 0.6084847472414441
12.6352 	EXP 	grating: color = 0
12.6688 	EXP 	grating: phase = 0.7621024267278032
12.6688 	EXP 	grating: color = 0
12.7016 	EXP 	grating: phase = 0.8810091672373607
12.7016 	EXP 	grating: color = 0
12.7350 	EXP 	grating: phase = 0.9590458848423427
12.7350 	EXP 	grating: color = 0
12.7680 	EXP 	grating: phase = 0.9970339731379645
12.7680 	EXP 	grating: color = 0
12.8017 	EXP 	grating: phase = 0.9905526459329471
12.8017 	EXP 	grating: color = 0
12.8346 	EXP 	grating: phase = 0.9425046729658956
12.8346 	EXP 	grating: color = 0
12.8685 	EXP 	grating: phase = 0.8500047579674398
12.8685 	EXP 	grating: color = 0
12.9016 	EXP 	grating: phase = 0.7243922885917368
12.9016 	EXP 	grating: color = 0
12.9355 	EXP 	grating: phase = 0.5613087100595437
12.9355 	EXP 	grating: color = 0
12.9688 	EXP 	grating: phase = 0.3780814130417323
12.9688 	EXP 	grating: color = 0
13.0021 	EXP 	grating: phase = 0.1757302338091258
13.0021 	EXP 	grating: color = 0
13.0353 	EXP 	grating: phase = -0.03141999040723949
13.0353 	EXP 	grating: color = 0
13.0683 	EXP 	grating: phase = -0.24094533900177936
13.0683 	EXP 	grating: color = 0
13.1015 	EXP 	grating: phase = -0.4326359415476494
13.1015 	EXP 	grating: color = 0
13.1358 	EXP 	grating: phase = -0.6153964332915637
13.1358 	EXP 	grating: color = 0
13.1691 	EXP 	grating: phase = -0.7646552636259867
13.1691 	EXP 	grating: color = 0
13.2024 	EXP 	grating: phase = -0.8809786788047491
13.2024 	EXP 	grating: color = 0
13.2351 	EXP 	grating: phase = -0.9609199170188532
13.2351 	EXP 	grating: color = 0
13.2547 	DATA 	Keypress: up
13.2683 	EXP 	grating: phase = -0.9972427035699357
13.2683 	EXP 	grating: color = 0
13.2859 	EXP 	fixation: autoDraw = False
13.2859 	EXP 	grating: autoDraw = False
13.2859 	EXP 	fd_instructions: text = 'Correct!'
13.2859 	EXP 	fd_instructions: autoDraw = True
15.2877 	EXP 	fd_instructions: autoDraw = False
15.2877 	EXP 	grating: color = '[0.24393288 0.24393288 0.24393288] (rgb)'
15.2877 	EXP 	grating: size = array([3.5, 3.5])
15.2877 	EXP 	grating: ori = 0.0
15.2877 	EXP 	grating: sf = array([1.2, 1.2])
15.4203 	EXP 	fixation: autoDraw = True
16.0207 	EXP 	fixation: autoDraw = False
16.2709 	EXP 	grating: phase = -0.9982479487769941
16.2709 	EXP 	grating: color = 0
16.3048 	EXP 	grating: phase = -0.9888134750934894
16.3048 	EXP 	grating: color = 0
16.3379 	EXP 	grating: phase = -0.9350625102639492
16.3379 	EXP 	grating: color = 0
16.3718 	EXP 	grating: phase = -0.8415322865919117
16.3718 	EXP 	grating: color = 0
16.4045 	EXP 	grating: phase = -0.711744625282523
16.4045 	EXP 	grating: color = 0
16.4385 	EXP 	grating: phase = -0.5456599031302864
16.4385 	EXP 	grating: color = 0
16.4714 	EXP 	grating: phase = -0.3611604590551278
16.4714 	EXP 	grating: color = 0
16.5052 	EXP 	grating: phase = -0.15938345603051235
16.5052 	EXP 	grating: color = 0
16.5383 	EXP 	grating: phase = 0.051132948285999985
16.5383 	EXP 	grating: color = 0
16.5713 	EXP 	grating: phase = 0.25946281598995996
16.5713 	EXP 	grating: color = 0
16.6051 	EXP 	grating: phase = 0.4483310514172183
16.6051 	EXP 	grating: color = 0
16.6381 	EXP 	grating: phase = 0.6270636183194644
16.6381 	EXP 	grating: color = 0
16.6710 	EXP 	grating: phase = 0.7739722285063392
16.6710 	EXP 	grating: color = 0
16.7050 	EXP 	grating: phase = 0.8903905744476741
16.7050 	EXP 	grating: color = 0
16.7378 	EXP 	grating: phase = 0.965817580533488
16.7378 	EXP 	grating: color = 0
16.7716 	EXP 	grating: phase = 0.9985957767333239
16.7716 	EXP 	grating: color = 0
16.7789 	DATA 	Keypress: right
16.7880 	EXP 	fixation: autoDraw = False
16.7880 	EXP 	grating: autoDraw = False
16.7880 	EXP 	fd_instructions: text = 'Oops! That was wrong'
16.7880 	EXP 	fd_instructions: autoDraw = True
18.7895 	EXP 	fd_instructions: autoDraw = False
18.7895 	EXP 	grating: color = '[0.39223026 0.39223026 0.39223026] (rgb)'
18.7895 	EXP 	grating: size = array([3.5, 3.5])
18.7895 	EXP 	grating: ori = 0.0
18.7895 	EXP 	grating: sf = array([1.2, 1.2])
18.9240 	EXP 	fixation: autoDraw = True
19.5242 	EXP 	fixation: autoDraw = False
19.7737 	EXP 	grating: phase = 0.9991305830051616
19.7737 	EXP 	grating: color = 0
19.8079 	EXP 	grating: phase = 0.9850787392296595
19.8079 	EXP 	grating: color = 0
19.8403 	EXP 	grating: phase = 0.9274853459034884
19.8403 	EXP 	grating: color = 0
19.8738 	EXP 	grating: phase = 0.8317060080661616
19.8738 	EXP 	grating: color = 0
19.9069 	EXP 	grating: phase = 0.6948012478467811
19.9069 	EXP 	grating: color = 0
19.9413 	EXP 	grating: phase = 0.5311722338472539
19.9413 	EXP 	grating: color = 0
19.9738 	EXP 	grating: phase = 0.3477226672883641
19.9738 	EXP 	grating: color = 0
20.0080 	EXP 	grating: phase = 0.1418747037967226
20.0080 	EXP 	grating: color = 0
20.0408 	EXP 	grating: phase = -0.07104916250515605
20.0408 	EXP 	grating: color = 0
20.0743 	EXP 	grating: phase = -0.27577310535428806
20.0743 	EXP 	grating: color = 0
20.1074 	EXP 	grating: phase = -0.4651300975116199
20.1074 	EXP 	grating: color = 0
20.1406 	EXP 	grating: phase = -0.6439214232459336
20.1406 	EXP 	grating: color = 0
20.1743 	EXP 	grating: phase = -0.7870042030565976
20.1743 	EXP 	grating: color = 0
20.2074 	EXP 	grating: phase = -0.8999963479643501
20.2074 	EXP 	grating: color = 0
20.2409 	EXP 	grating: phase = -0.9691919462298934
20.2409 	EXP 	grating: color = 0
20.2748 	EXP 	grating: phase = -0.9994350235041219
20.2748 	EXP 	grating: color = 0
20.3077 	EXP 	grating: phase = -0.9849897165937618
20.3077 	EXP 	grating: color = 0
20.3417 	EXP 	grating: phase = -0.9285571726828739
20.3417 	EXP 	grating: color = 0
20.3749 	EXP 	grating: phase = -0.8294878601340242
20.3749 	EXP 	grating: color = 0
20.4078 	EXP 	grating: phase = -0.6954501783560576
20.4078 	EXP 	grating: color = 0
20.4410 	EXP 	grating: phase = -0.5321079178457043
20.4410 	EXP 	grating: color = 0
20.4466 	DATA 	Keypress: up
20.4585 	EXP 	fixation: autoDraw = False
20.4585 	EXP 	grating: autoDraw = False
20.4585 	EXP 	fd_instructions: text = 'Correct!'
20.4585 	EXP 	fd_instructions: autoDraw = True
21.1439 	DATA 	Keypress: escape
21.4918 	EXP 	window1: mouseVisible = True
