12.1850 	WARNING 	User requested fullscreen with size [800 600], but screen is actually [2560, 1440]. Using actual size
13.3672 	EXP 	Created window1 = Window(allowGUI=False, allowStencil=False, args=UNKNOWN, autoLog=True, bitsMode=UNKNOWN, blendMode='avg', color=array([0., 0., 0.]), colorSpace='rgb', fullscr=<method-wrapper '__getattribute__' of attributeSetter object at 0x13618ecc0>, gamma=None, gammaErrorPolicy='raise', kwargs=UNKNOWN, lms=UNKNOWN, monitor=<psychopy.monitors.calibTools.Monitor object at 0x135f09780>, multiSample=False, name='window1', numSamples=2, pos=[0.0, 0.0], screen=0, size=array([2560, 1440]), stereo=False, units='deg', useFBO=True, useRetina=False, viewOri=0.0, viewPos=None, viewScale=None, waitBlanking=True, winType='pyglet')
13.3672 	EXP 	window1: recordFrameIntervals = False
13.5333 	EXP 	window1: recordFrameIntervals = True
13.7174 	EXP 	window1: recordFrameIntervals = False
16.0347 	EXP 	Created instrText = TextStim(__class__=<class 'psychopy.visual.text.TextStim'>, alignHoriz='center', alignVert='center', antialias=True, autoLog=True, bold=False, color='white', colorSpace='named', contrast=1.0, depth=0.0, flipHoriz=False, flipVert=False, font='Arial', fontFiles=[], height=1, italic=False, languageStyle='LTR', name='instrText', opacity=1.0, ori=0, pos=array([0., 0.]), rgb=array([255., 255., 255.]), text=str(...), units='deg', win=Window(...), wrapWidth=15.0)
16.0448 	EXP 	Created fixation = GratingStim(__class__=<class 'psychopy.visual.grating.GratingStim'>, autoDraw=False, autoLog=True, blendmode='avg', color='black', colorSpace='named', contrast=1.0, depth=-1.0, interpolate=True, mask='gauss', maskParams=None, name='fixation', opacity=1.0, ori=0.0, phase=array([0., 0.]), pos=array([0., 0.]), rgbPedestal=array([0., 0., 0.]), sf=array([1., 1.]), size=array([1., 1.]), tex=None, texRes=128, units='deg', win=Window(...))
16.0474 	EXP 	Created grating = GratingStim(__class__=<class 'psychopy.visual.grating.GratingStim'>, autoDraw=False, autoLog=True, blendmode='avg', color='white', colorSpace='named', contrast=1.0, depth=-2.0, interpolate=True, mask='gauss', maskParams=None, name='grating', opacity=1.0, ori=1.0, phase=array([0., 0.]), pos=array([0., 0.]), rgbPedestal=array([0., 0., 0.]), sf=array([1., 1.]), size=array([1., 1.]), tex='sin', texRes=128, units='deg', win=Window(...))
16.0593 	EXP 	Created fd_instructions = TextStim(__class__=<class 'psychopy.visual.text.TextStim'>, alignHoriz='center', alignVert='center', antialias=True, autoLog=True, bold=False, color='white', colorSpace='named', contrast=1.0, depth=-1.0, flipHoriz=False, flipVert=False, font='Arial', fontFiles=[], height=1, italic=False, languageStyle='LTR', name='fd_instructions', opacity=1.0, ori=0, pos=array([0., 0.]), rgb=array([255., 255., 255.]), text='default text', units='deg', win=Window(...), wrapWidth=15.0)
16.1272 	EXP 	Created text = TextStim(__class__=<class 'psychopy.visual.text.TextStim'>, alignHoriz='center', alignVert='center', antialias=True, autoLog=True, bold=False, color='white', colorSpace='named', contrast=1.0, depth=0.0, flipHoriz=False, flipVert=False, font='Arial', fontFiles=[], height=1, italic=False, languageStyle='LTR', name='text', opacity=1.0, ori=0, pos=array([0., 0.]), rgb=array([255., 255., 255.]), text=str(...), units='deg', win=Window(...), wrapWidth=15.0)
16.1361 	EXP 	Created fixation = GratingStim(__class__=<class 'psychopy.visual.grating.GratingStim'>, autoDraw=False, autoLog=True, blendmode='avg', color='black', colorSpace='named', contrast=1.0, depth=-1.0, interpolate=True, mask='gauss', maskParams=None, name='fixation', opacity=1.0, ori=0.0, phase=array([0., 0.]), pos=array([0., 0.]), rgbPedestal=array([0., 0., 0.]), sf=array([1., 1.]), size=array([1., 1.]), tex=None, texRes=128, units='deg', win=Window(...))
16.1403 	EXP 	Created grating = GratingStim(__class__=<class 'psychopy.visual.grating.GratingStim'>, autoDraw=False, autoLog=True, blendmode='avg', color='white', colorSpace='named', contrast=1.0, depth=-2.0, interpolate=True, mask='gauss', maskParams=None, name='grating', opacity=1.0, ori=1.0, phase=array([0., 0.]), pos=array([0., 0.]), rgbPedestal=array([0., 0., 0.]), sf=array([1., 1.]), size=array([1., 1.]), tex='sin', texRes=128, units='deg', win=Window(...))
16.1601 	EXP 	Created thanksMsg = TextStim(__class__=<class 'psychopy.visual.text.TextStim'>, alignHoriz='center', alignVert='center', antialias=True, autoLog=True, bold=False, color=array([1., 1., 1.]), colorSpace='rgb', contrast=1.0, depth=0.0, flipHoriz=False, flipVert=False, font='Arial', fontFiles=[], height=1, italic=False, languageStyle='LTR', name='thanksMsg', opacity=1.0, ori=0, pos=array([0., 0.]), rgb=array([1., 1., 1.]), text=str(...), units='deg', win=Window(...), wrapWidth=15.0)
16.2266 	EXP 	instrText: autoDraw = True
16.9018 	DATA 	Keypress: space
16.9199 	EXP 	instrText: autoDraw = False
16.9199 	EXP 	grating: color = '[1. 1. 1.] (rgb)'
16.9199 	EXP 	grating: size = array([3.5, 3.5])
16.9199 	EXP 	grating: ori = 0.0
16.9199 	EXP 	grating: sf = array([12., 12.])
17.0535 	EXP 	fixation: autoDraw = True
17.6533 	EXP 	fixation: autoDraw = False
17.9035 	EXP 	grating: phase = 39822.425152908
17.9035 	EXP 	grating: color = -0.023171204004029278
17.9369 	EXP 	grating: phase = 39822.4927342
17.9369 	EXP 	grating: color = 0.04438900799868861
17.9708 	EXP 	grating: phase = 39822.559252244
17.9708 	EXP 	grating: color = 0.11092992199701257
18.0042 	EXP 	grating: phase = 39822.625292552
18.0042 	EXP 	grating: color = 0.1769718279974768
18.0375 	EXP 	grating: phase = 39822.69363617
18.0375 	EXP 	grating: color = 0.24535496599855833
18.0708 	EXP 	grating: phase = 39822.758941152
18.0708 	EXP 	grating: color = 0.3106343539984664
18.1035 	EXP 	grating: phase = 39822.826633906
18.1035 	EXP 	grating: color = 0.37834590599959483
18.1392 	EXP 	grating: phase = 39822.896188802
18.1392 	EXP 	grating: color = 0.4478720159968361
18.1718 	EXP 	grating: phase = 39822.962658488
18.1718 	EXP 	grating: color = 0.5143459839964635
18.2050 	EXP 	grating: phase = 39823.029877272
18.2050 	EXP 	grating: color = 0.581560829996306
18.2392 	EXP 	grating: phase = 39823.096418982
18.2392 	EXP 	grating: color = 0.6481042739978875
18.2725 	EXP 	grating: phase = 39823.163579148
18.2725 	EXP 	grating: color = 0.7152639139967505
18.3055 	EXP 	grating: phase = 39823.229349568
18.3055 	EXP 	grating: color = 0.781031726000947
18.3391 	EXP 	grating: phase = 39823.296091828
18.3391 	EXP 	grating: color = 0.8477754080013256
18.3726 	EXP 	grating: phase = 39823.362637278
18.3726 	EXP 	grating: color = 0.9143182879997767
18.4055 	EXP 	grating: phase = 39823.428928414
18.4055 	EXP 	grating: color = 0.9806117299958714
18.4386 	EXP 	grating: phase = 39823.497163588
18.4386 	EXP 	grating: color = 1
18.4719 	EXP 	grating: phase = 39823.563262216
18.4719 	EXP 	grating: color = 1
18.5056 	EXP 	grating: phase = 39823.62920103
18.5056 	EXP 	grating: color = 1
18.5388 	EXP 	grating: phase = 39823.695597408
18.5388 	EXP 	grating: color = 1
18.5725 	EXP 	grating: phase = 39823.763313026
18.5725 	EXP 	grating: color = 1
18.6065 	EXP 	grating: phase = 39823.829027842
18.6065 	EXP 	grating: color = 1
18.6131 	DATA 	Keypress: up
18.6219 	EXP 	fixation: autoDraw = False
18.6219 	EXP 	grating: autoDraw = False
18.6219 	EXP 	fd_instructions: text = 'Correct!'
18.6219 	EXP 	fd_instructions: autoDraw = True
20.6243 	EXP 	fd_instructions: autoDraw = False
20.6243 	EXP 	grating: color = '[1. 1. 1.] (rgb)'
20.6243 	EXP 	grating: size = array([3.5, 3.5])
20.6243 	EXP 	grating: ori = 0.0
20.6243 	EXP 	grating: sf = array([12., 12.])
20.7578 	EXP 	fixation: autoDraw = True
21.3580 	EXP 	fixation: autoDraw = False
21.6079 	EXP 	grating: phase = 39829.833609728
21.6079 	EXP 	grating: color = -0.03500989399617538
21.6419 	EXP 	grating: phase = 39829.901911574
21.6419 	EXP 	grating: color = 0.033308712001598906
21.6746 	EXP 	grating: phase = 39829.967014294
21.6746 	EXP 	grating: color = 0.09839567800372606
21.7080 	EXP 	grating: phase = 39830.036054404
21.7080 	EXP 	grating: color = 0.1674307339999359
21.7419 	EXP 	grating: phase = 39830.10179937
21.7419 	EXP 	grating: color = 0.2331822500054841
21.7749 	EXP 	grating: phase = 39830.167655902
21.7749 	EXP 	grating: color = 0.29909641799895326
21.8089 	EXP 	grating: phase = 39830.23390997
21.8089 	EXP 	grating: color = 0.36529100200277753
21.8423 	EXP 	grating: phase = 39830.3007771
21.8423 	EXP 	grating: color = 0.4321796380027081
21.8757 	EXP 	grating: phase = 39830.367627624
21.8757 	EXP 	grating: color = 0.4990065800011507
21.9081 	EXP 	grating: phase = 39830.435431942
21.9081 	EXP 	grating: color = 0.5668107160017826
21.9422 	EXP 	grating: phase = 39830.501901564
21.9422 	EXP 	grating: color = 0.6332888520046254
21.9756 	EXP 	grating: phase = 39830.568063854
21.9756 	EXP 	grating: color = 0.6994559759987169
22.0090 	EXP 	grating: phase = 39830.63419669
22.0090 	EXP 	grating: color = 0.7655836660051136
22.0419 	EXP 	grating: phase = 39830.70205181
22.0419 	EXP 	grating: color = 0.8334361759989406
22.0755 	EXP 	grating: phase = 39830.768741722
22.0755 	EXP 	grating: color = 0.900114920004853
22.1083 	EXP 	grating: phase = 39830.836615802
22.1083 	EXP 	grating: color = 0.9680616080004256
22.1420 	EXP 	grating: phase = 39830.902196562
22.1420 	EXP 	grating: color = 1
22.1751 	EXP 	grating: phase = 39830.967613128
22.1751 	EXP 	grating: color = 1
22.2091 	EXP 	grating: phase = 39831.036210238
22.2091 	EXP 	grating: color = 1
22.2420 	EXP 	grating: phase = 39831.102247604
22.2420 	EXP 	grating: color = 1
22.2759 	EXP 	grating: phase = 39831.170084962
22.2759 	EXP 	grating: color = 1
22.3088 	EXP 	grating: phase = 39831.235827634
22.3088 	EXP 	grating: color = 1
22.3428 	EXP 	grating: phase = 39831.301560108
22.3428 	EXP 	grating: color = 1
22.3756 	EXP 	grating: phase = 39831.369579764
22.3756 	EXP 	grating: color = 1
22.4088 	EXP 	grating: phase = 39831.435439816
22.4088 	EXP 	grating: color = 1
22.4419 	EXP 	grating: phase = 39831.501612462
22.4419 	EXP 	grating: color = 1
22.4751 	EXP 	grating: phase = 39831.568483546
22.4751 	EXP 	grating: color = 1
22.5087 	EXP 	grating: phase = 39831.636358272
22.5087 	EXP 	grating: color = 1
22.5429 	EXP 	grating: phase = 39831.70243229
22.5429 	EXP 	grating: color = 1
22.5756 	EXP 	grating: phase = 39831.769565032
22.5756 	EXP 	grating: color = 1
22.6095 	EXP 	grating: phase = 39831.835027818
22.6095 	EXP 	grating: color = 1
22.6419 	EXP 	grating: phase = 39831.90321941
22.6419 	EXP 	grating: color = 1
22.6755 	EXP 	grating: phase = 39831.968715322
22.6755 	EXP 	grating: color = 1
22.7087 	EXP 	grating: phase = 39832.036786132
22.7087 	EXP 	grating: color = 1
22.7424 	EXP 	grating: phase = 39832.103762742
22.7424 	EXP 	grating: color = 1
22.7761 	EXP 	grating: phase = 39832.170349906
22.7761 	EXP 	grating: color = 1
22.8093 	EXP 	grating: phase = 39832.236564274
22.8093 	EXP 	grating: color = 1
22.8423 	EXP 	grating: phase = 39832.30281143
22.8423 	EXP 	grating: color = 1
22.8765 	EXP 	grating: phase = 39832.370830356
22.8765 	EXP 	grating: color = 1
22.9099 	EXP 	grating: phase = 39832.437763466
22.9099 	EXP 	grating: color = 1
22.9428 	EXP 	grating: phase = 39832.50357558
22.9428 	EXP 	grating: color = 1
22.9760 	EXP 	grating: phase = 39832.569640928
22.9760 	EXP 	grating: color = 1
23.0094 	EXP 	grating: phase = 39832.63687863
23.0094 	EXP 	grating: color = 1
23.0434 	EXP 	grating: phase = 39832.704487212
23.0434 	EXP 	grating: color = 1
23.0764 	EXP 	grating: phase = 39832.770903584
23.0764 	EXP 	grating: color = 1
23.1099 	EXP 	grating: phase = 39832.837947052
23.1099 	EXP 	grating: color = 1
23.1433 	EXP 	grating: phase = 39832.903869246
23.1433 	EXP 	grating: color = 0.9647521500010043
23.1763 	EXP 	grating: phase = 39832.97055474
23.1763 	EXP 	grating: color = 0.8980668059957679
23.2091 	EXP 	grating: phase = 39833.03668945
23.2091 	EXP 	grating: color = 0.8319302179952501
23.2431 	EXP 	grating: phase = 39833.103572586
23.2431 	EXP 	grating: color = 0.765057391996379
23.2765 	EXP 	grating: phase = 39833.171165716
23.2765 	EXP 	grating: color = 0.6974608480013558
23.3093 	EXP 	grating: phase = 39833.23663699
23.3093 	EXP 	grating: color = 0.6319809179985896
23.3434 	EXP 	grating: phase = 39833.30487515
23.3434 	EXP 	grating: color = 0.5637059859946021
23.3770 	EXP 	grating: phase = 39833.370754296
23.3770 	EXP 	grating: color = 0.49788814399653347
23.4099 	EXP 	grating: phase = 39833.438003604
23.4099 	EXP 	grating: color = 0.4306160220003221
23.4431 	EXP 	grating: phase = 39833.50374505
23.4431 	EXP 	grating: color = 0.3648755199974403
23.4766 	EXP 	grating: phase = 39833.57120016
23.4766 	EXP 	grating: color = 0.297419570000784
23.5105 	EXP 	grating: phase = 39833.63895601
23.5105 	EXP 	grating: color = 0.229664321996097
23.5435 	EXP 	grating: phase = 39833.704951052
23.5435 	EXP 	grating: color = 0.1636683280012221
23.5766 	EXP 	grating: phase = 39833.77120886
23.5766 	EXP 	grating: color = 0.09740931000123965
23.6095 	EXP 	grating: phase = 39833.83723416
23.6095 	EXP 	grating: color = 0.03138916999887442
23.6434 	EXP 	grating: phase = 39833.904956666
23.6434 	EXP 	grating: color = 0
23.6765 	EXP 	grating: phase = 39833.970883348
23.6765 	EXP 	grating: color = 0
23.7094 	EXP 	grating: phase = 39834.039210706
23.7094 	EXP 	grating: color = 0
23.7428 	EXP 	grating: phase = 39834.104399802
23.7428 	EXP 	grating: color = 0
23.7767 	EXP 	grating: phase = 39834.171267678
23.7767 	EXP 	grating: color = 0
23.8108 	EXP 	grating: phase = 39834.23933866
23.8108 	EXP 	grating: color = 0
23.8441 	EXP 	grating: phase = 39834.306094176
23.8441 	EXP 	grating: color = 0
23.8769 	EXP 	grating: phase = 39834.372075776
23.8769 	EXP 	grating: color = 0
23.9100 	EXP 	grating: phase = 39834.438009528
23.9100 	EXP 	grating: color = 0
23.9441 	EXP 	grating: phase = 39834.506203576
23.9441 	EXP 	grating: color = 0
23.9766 	EXP 	grating: phase = 39834.57260978
23.9766 	EXP 	grating: color = 0
24.0108 	EXP 	grating: phase = 39834.639409334
24.0108 	EXP 	grating: color = 0
24.0440 	EXP 	grating: phase = 39834.70581592
24.0440 	EXP 	grating: color = 0
24.0771 	EXP 	grating: phase = 39834.772085946
24.0771 	EXP 	grating: color = 0
24.1106 	EXP 	grating: phase = 39834.839453866
24.1106 	EXP 	grating: color = 0
24.1433 	EXP 	grating: phase = 39834.906663914
24.1433 	EXP 	grating: color = 0
24.1776 	EXP 	grating: phase = 39834.97294174
24.1776 	EXP 	grating: color = 0
24.2101 	EXP 	grating: phase = 39835.03928884
24.2101 	EXP 	grating: color = 0
24.2438 	EXP 	grating: phase = 39835.106494108
24.2438 	EXP 	grating: color = 0
24.2769 	EXP 	grating: phase = 39835.171598336
24.2769 	EXP 	grating: color = 0
24.3112 	EXP 	grating: phase = 39835.239528876
24.3112 	EXP 	grating: color = 0
24.3434 	EXP 	grating: phase = 39835.306401514
24.3434 	EXP 	grating: color = 0
24.3777 	EXP 	grating: phase = 39835.372606508
24.3777 	EXP 	grating: color = 0
24.4111 	EXP 	grating: phase = 39835.439186918
24.4111 	EXP 	grating: color = 0
24.4443 	EXP 	grating: phase = 39835.506077652
24.4443 	EXP 	grating: color = 0
24.4775 	EXP 	grating: phase = 39835.573214344
24.4775 	EXP 	grating: color = 0
24.5107 	EXP 	grating: phase = 39835.639633608
24.5107 	EXP 	grating: color = 0
24.5441 	EXP 	grating: phase = 39835.706862894
24.5441 	EXP 	grating: color = 0
24.5770 	EXP 	grating: phase = 39835.7731523
24.5770 	EXP 	grating: color = 0
24.6107 	EXP 	grating: phase = 39835.839051716
24.6107 	EXP 	grating: color = 0
24.6442 	EXP 	grating: phase = 39835.907620758
24.6442 	EXP 	grating: color = 0
24.6774 	EXP 	grating: phase = 39835.972872724
24.6774 	EXP 	grating: color = 0
24.7105 	EXP 	grating: phase = 39836.039165306
24.7105 	EXP 	grating: color = 0
24.7442 	EXP 	grating: phase = 39836.106618662
24.7442 	EXP 	grating: color = 0
24.7779 	EXP 	grating: phase = 39836.173214396
24.7779 	EXP 	grating: color = 0
24.8107 	EXP 	grating: phase = 39836.239483336
24.8107 	EXP 	grating: color = 0
24.8442 	EXP 	grating: phase = 39836.30591218
24.8442 	EXP 	grating: color = 0
24.8772 	EXP 	grating: phase = 39836.372893538
24.8772 	EXP 	grating: color = 0
24.9110 	EXP 	grating: phase = 39836.440382984
24.9110 	EXP 	grating: color = 0
24.9449 	EXP 	grating: phase = 39836.505634136
24.9449 	EXP 	grating: color = 0
24.9773 	EXP 	grating: phase = 39836.57427678
24.9773 	EXP 	grating: color = 0
25.0116 	EXP 	grating: phase = 39836.63928583
25.0116 	EXP 	grating: color = 0
25.0449 	EXP 	grating: phase = 39836.706933828
25.0449 	EXP 	grating: color = 0
25.0778 	EXP 	grating: phase = 39836.773800584
25.0778 	EXP 	grating: color = 0
25.1115 	EXP 	grating: phase = 39836.839399792
25.1115 	EXP 	grating: color = 0
25.1442 	EXP 	grating: phase = 39836.908039936
25.1442 	EXP 	grating: color = 0
25.1779 	EXP 	grating: phase = 39836.974099026
25.1779 	EXP 	grating: color = 0
25.2112 	EXP 	grating: phase = 39837.040378018
25.2112 	EXP 	grating: color = 0
25.2451 	EXP 	grating: phase = 39837.108373164
25.2451 	EXP 	grating: color = 0
25.2785 	EXP 	grating: phase = 39837.17474054
25.2785 	EXP 	grating: color = 0
25.3114 	EXP 	grating: phase = 39837.241138712
25.3114 	EXP 	grating: color = 0
25.3453 	EXP 	grating: phase = 39837.306802004
25.3453 	EXP 	grating: color = 0
25.3780 	EXP 	grating: phase = 39837.374287334
25.3780 	EXP 	grating: color = 0
25.4110 	EXP 	grating: phase = 39837.441733022
25.4110 	EXP 	grating: color = 0
25.4447 	EXP 	grating: phase = 39837.5078917
25.4447 	EXP 	grating: color = 0
25.4784 	EXP 	grating: phase = 39837.575083178
25.4784 	EXP 	grating: color = 0
25.5121 	EXP 	grating: phase = 39837.640825902
25.5121 	EXP 	grating: color = 0
25.5451 	EXP 	grating: phase = 39837.708283282
25.5451 	EXP 	grating: color = 0
25.5780 	EXP 	grating: phase = 39837.774175458
25.5780 	EXP 	grating: color = 0
25.6113 	EXP 	grating: phase = 39837.840729834
25.6113 	EXP 	grating: color = 0
25.6452 	EXP 	grating: phase = 39837.908418204
25.6452 	EXP 	grating: color = 0
25.6780 	EXP 	grating: phase = 39837.97433401
25.6780 	EXP 	grating: color = 0
25.7118 	EXP 	grating: phase = 39838.040250768
25.7118 	EXP 	grating: color = 0
25.7452 	EXP 	grating: phase = 39838.107122332
25.7452 	EXP 	grating: color = 0
25.7783 	EXP 	grating: phase = 39838.174757386
25.7783 	EXP 	grating: color = 0
25.8123 	EXP 	grating: phase = 39838.24272334
25.8123 	EXP 	grating: color = 0
25.8453 	EXP 	grating: phase = 39838.308518052
25.8453 	EXP 	grating: color = 0
25.8784 	EXP 	grating: phase = 39838.37454656
25.8784 	EXP 	grating: color = 0
25.9113 	EXP 	grating: phase = 39838.44279193
25.9113 	EXP 	grating: color = 0
25.9307 	DATA 	Keypress: escape
25.9447 	EXP 	grating: phase = 39838.508567116
25.9447 	EXP 	grating: color = 0
25.9782 	EXP 	grating: phase = 39838.574124936
25.9782 	EXP 	grating: color = 0
26.0119 	EXP 	grating: phase = 39838.64181803
26.0119 	EXP 	grating: color = 0
26.0454 	EXP 	grating: phase = 39838.708261694
26.0454 	EXP 	grating: color = 0
26.0786 	EXP 	grating: phase = 39838.775044078
26.0786 	EXP 	grating: color = 0
26.1124 	EXP 	grating: phase = 39838.841439142
26.1124 	EXP 	grating: color = 0
26.3784 	EXP 	window1: mouseVisible = True
