11.4068 	WARNING 	User requested fullscreen with size [800 600], but screen is actually [2560, 1440]. Using actual size
12.1329 	EXP 	Created window1 = Window(allowGUI=False, allowStencil=False, args=UNKNOWN, autoLog=True, bitsMode=UNKNOWN, blendMode='avg', color=array([0., 0., 0.]), colorSpace='rgb', fullscr=<method-wrapper '__getattribute__' of attributeSetter object at 0x135f51c50>, gamma=None, gammaErrorPolicy='raise', kwargs=UNKNOWN, lms=UNKNOWN, monitor=<psychopy.monitors.calibTools.Monitor object at 0x135d9dba8>, multiSample=False, name='window1', numSamples=2, pos=[0.0, 0.0], screen=0, size=array([2560, 1440]), stereo=False, units='deg', useFBO=True, useRetina=False, viewOri=0.0, viewPos=None, viewScale=None, waitBlanking=True, winType='pyglet')
12.1330 	EXP 	window1: recordFrameIntervals = False
12.2986 	EXP 	window1: recordFrameIntervals = True
12.4819 	EXP 	window1: recordFrameIntervals = False
12.9913 	EXP 	Created instrText = TextStim(__class__=<class 'psychopy.visual.text.TextStim'>, alignHoriz='center', alignVert='center', antialias=True, autoLog=True, bold=False, color='white', colorSpace='named', contrast=1.0, depth=0.0, flipHoriz=False, flipVert=False, font='Arial', fontFiles=[], height=1, italic=False, languageStyle='LTR', name='instrText', opacity=1.0, ori=0, pos=array([0., 0.]), rgb=array([255., 255., 255.]), text=str(...), units='deg', win=Window(...), wrapWidth=15.0)
13.0015 	EXP 	Created fixation = GratingStim(__class__=<class 'psychopy.visual.grating.GratingStim'>, autoDraw=False, autoLog=True, blendmode='avg', color='black', colorSpace='named', contrast=1.0, depth=-1.0, interpolate=True, mask='gauss', maskParams=None, name='fixation', opacity=1.0, ori=0.0, phase=array([0., 0.]), pos=array([0., 0.]), rgbPedestal=array([0., 0., 0.]), sf=array([1., 1.]), size=array([1., 1.]), tex=None, texRes=128, units='deg', win=Window(...))
13.0036 	EXP 	Created grating = GratingStim(__class__=<class 'psychopy.visual.grating.GratingStim'>, autoDraw=False, autoLog=True, blendmode='avg', color='white', colorSpace='named', contrast=1.0, depth=-2.0, interpolate=True, mask='gauss', maskParams=None, name='grating', opacity=1.0, ori=1.0, phase=array([0., 0.]), pos=array([0., 0.]), rgbPedestal=array([0., 0., 0.]), sf=array([1., 1.]), size=array([1., 1.]), tex='sin', texRes=128, units='deg', win=Window(...))
13.0156 	EXP 	Created fd_instructions = TextStim(__class__=<class 'psychopy.visual.text.TextStim'>, alignHoriz='center', alignVert='center', antialias=True, autoLog=True, bold=False, color='white', colorSpace='named', contrast=1.0, depth=-1.0, flipHoriz=False, flipVert=False, font='Arial', fontFiles=[], height=1, italic=False, languageStyle='LTR', name='fd_instructions', opacity=1.0, ori=0, pos=array([0., 0.]), rgb=array([255., 255., 255.]), text='default text', units='deg', win=Window(...), wrapWidth=15.0)
13.0676 	EXP 	Created text = TextStim(__class__=<class 'psychopy.visual.text.TextStim'>, alignHoriz='center', alignVert='center', antialias=True, autoLog=True, bold=False, color='white', colorSpace='named', contrast=1.0, depth=0.0, flipHoriz=False, flipVert=False, font='Arial', fontFiles=[], height=1, italic=False, languageStyle='LTR', name='text', opacity=1.0, ori=0, pos=array([0., 0.]), rgb=array([255., 255., 255.]), text=str(...), units='deg', win=Window(...), wrapWidth=15.0)
13.0766 	EXP 	Created fixation = GratingStim(__class__=<class 'psychopy.visual.grating.GratingStim'>, autoDraw=False, autoLog=True, blendmode='avg', color='black', colorSpace='named', contrast=1.0, depth=-1.0, interpolate=True, mask='gauss', maskParams=None, name='fixation', opacity=1.0, ori=0.0, phase=array([0., 0.]), pos=array([0., 0.]), rgbPedestal=array([0., 0., 0.]), sf=array([1., 1.]), size=array([1., 1.]), tex=None, texRes=128, units='deg', win=Window(...))
13.0805 	EXP 	Created grating = GratingStim(__class__=<class 'psychopy.visual.grating.GratingStim'>, autoDraw=False, autoLog=True, blendmode='avg', color='white', colorSpace='named', contrast=1.0, depth=-2.0, interpolate=True, mask='gauss', maskParams=None, name='grating', opacity=1.0, ori=1.0, phase=array([0., 0.]), pos=array([0., 0.]), rgbPedestal=array([0., 0., 0.]), sf=array([1., 1.]), size=array([1., 1.]), tex='sin', texRes=128, units='deg', win=Window(...))
13.1011 	EXP 	Created thanksMsg = TextStim(__class__=<class 'psychopy.visual.text.TextStim'>, alignHoriz='center', alignVert='center', antialias=True, autoLog=True, bold=False, color=array([1., 1., 1.]), colorSpace='rgb', contrast=1.0, depth=0.0, flipHoriz=False, flipVert=False, font='Arial', fontFiles=[], height=1, italic=False, languageStyle='LTR', name='thanksMsg', opacity=1.0, ori=0, pos=array([0., 0.]), rgb=array([1., 1., 1.]), text=str(...), units='deg', win=Window(...), wrapWidth=15.0)
13.1672 	EXP 	instrText: autoDraw = True
14.0037 	DATA 	Keypress: space
14.0182 	EXP 	instrText: autoDraw = False
14.0182 	EXP 	grating: color = '[1. 1. 1.] (rgb)'
14.0182 	EXP 	grating: size = array([3.5, 3.5])
14.0182 	EXP 	grating: ori = 0.0
14.0182 	EXP 	grating: sf = array([12., 12.])
14.1519 	EXP 	fixation: autoDraw = True
14.7517 	EXP 	fixation: autoDraw = False
15.0018 	EXP 	grating: contrast = -0.27803034676612154
15.0018 	EXP 	grating: color = -0.029366365997702815
15.0357 	EXP 	grating: contrast = -0.07575760286672548
15.0357 	EXP 	grating: color = 0.03616398599842796
15.0687 	EXP 	grating: contrast = 0.13329146539939637
15.0687 	EXP 	grating: color = 0.10287028799939435
15.1020 	EXP 	grating: contrast = 0.33968658021675674
15.1020 	EXP 	grating: color = 0.17068170200218447
15.1351 	EXP 	grating: contrast = 0.5284168209367819
15.1351 	EXP 	grating: color = 0.23752819200308295
15.1689 	EXP 	grating: contrast = 0.6918767224053135
15.1689 	EXP 	grating: color = 0.30353106999973534
15.2022 	EXP 	grating: contrast = 0.8259781058030622
15.2022 	EXP 	grating: color = 0.369700292001653
15.2354 	EXP 	grating: contrast = 0.9244667808038308
15.2354 	EXP 	grating: color = 0.4358623959997203
15.2689 	EXP 	grating: contrast = 0.9840822134266388
15.2689 	EXP 	grating: color = 0.5034450060047675
15.3020 	EXP 	grating: contrast = 0.9994276200668628
15.3020 	EXP 	grating: color = 0.5710852080010227
15.3361 	EXP 	grating: contrast = 0.9706783512083024
15.3361 	EXP 	grating: color = 0.6375877320024301
15.3689 	EXP 	grating: contrast = 0.9007951261160807
15.3689 	EXP 	grating: color = 0.703300704000867
15.4021 	EXP 	grating: contrast = 0.7910318007224915
15.4021 	EXP 	grating: color = 0.7698584640020272
15.4364 	EXP 	grating: contrast = 0.646982940784433
15.4364 	EXP 	grating: color = 0.8363472000055481
15.4697 	EXP 	grating: contrast = 0.4697611964871003
15.4697 	EXP 	grating: color = 0.9046564540039981
15.5021 	EXP 	grating: contrast = 0.27759419019101467
15.5021 	EXP 	grating: color = 0.9707777360017644
15.5360 	EXP 	grating: contrast = 0.07240499870798765
15.5360 	EXP 	grating: color = 1
15.5693 	EXP 	grating: contrast = -0.13584247108968983
15.5693 	EXP 	grating: color = 1
15.6028 	EXP 	grating: contrast = -0.33829592799067426
15.6028 	EXP 	grating: color = 1
15.6222 	DATA 	Keypress: up
15.6361 	EXP 	grating: contrast = -0.5286046831247632
15.6361 	EXP 	grating: color = 1
15.6528 	EXP 	fixation: autoDraw = False
15.6528 	EXP 	grating: autoDraw = False
15.6528 	EXP 	fd_instructions: text = 'Correct!'
15.6528 	EXP 	fd_instructions: autoDraw = True
17.6549 	EXP 	fd_instructions: autoDraw = False
17.6549 	EXP 	grating: color = '[1. 1. 1.] (rgb)'
17.6549 	EXP 	grating: size = array([3.5, 3.5])
17.6549 	EXP 	grating: ori = 0.0
17.6549 	EXP 	grating: sf = array([12., 12.])
17.7880 	EXP 	fixation: autoDraw = True
18.3889 	EXP 	fixation: autoDraw = False
18.6214 	EXP 	grating: contrast = -0.45089272536083896
18.6214 	EXP 	grating: color = -0.06603290200291667
18.6557 	EXP 	grating: contrast = -0.6275233038221935
18.6557 	EXP 	grating: color = 0.0009902679958031513
18.6887 	EXP 	grating: contrast = -0.7750830789002413
18.6887 	EXP 	grating: color = 0.06737113800045336
18.7214 	EXP 	grating: contrast = -0.8884866991125998
18.7214 	EXP 	grating: color = 0.1333164579991717
18.7554 	EXP 	grating: contrast = -0.9652875794306082
18.7554 	EXP 	grating: color = 0.20095859799766913
18.7889 	EXP 	grating: contrast = -0.9983435524902278
18.7889 	EXP 	grating: color = 0.2667485379934078
18.8222 	EXP 	grating: contrast = -0.9883978106453927
18.8222 	EXP 	grating: color = 0.33360733399604214
18.8553 	EXP 	grating: contrast = -0.9347994611829628
18.8553 	EXP 	grating: color = 0.4006513319982332
18.8892 	EXP 	grating: contrast = -0.8387034376700777
18.8892 	EXP 	grating: color = 0.468387533997884
18.9219 	EXP 	grating: contrast = -0.709163047086678
18.9219 	EXP 	grating: color = 0.5341457719987375
18.9555 	EXP 	grating: contrast = -0.5479761305434342
18.9555 	EXP 	grating: color = 0.6004703799990239
18.9893 	EXP 	grating: contrast = -0.3630354036809694
18.9893 	EXP 	grating: color = 0.6668133679995663
19.0225 	EXP 	grating: contrast = -0.1584719200497497
19.0225 	EXP 	grating: color = 0.7344145079987356
19.0551 	EXP 	grating: contrast = 0.0498182367230442
19.0551 	EXP 	grating: color = 0.8009606619962142
19.0887 	EXP 	grating: contrast = 0.25617743999451664
19.0887 	EXP 	grating: color = 0.8675362119975034
19.1223 	EXP 	grating: contrast = 0.44983629541738085
19.1223 	EXP 	grating: color = 0.9335903159953887
19.1562 	EXP 	grating: contrast = 0.6260564049390664
19.1562 	EXP 	grating: color = 1
19.1891 	EXP 	grating: contrast = 0.7771224548929143
19.1891 	EXP 	grating: color = 1
19.2220 	EXP 	grating: contrast = 0.8894507390962989
19.2220 	EXP 	grating: color = 1
19.2558 	EXP 	grating: contrast = 0.9661481286820826
19.2558 	EXP 	grating: color = 1
19.2889 	EXP 	grating: contrast = 0.9984832984020188
19.2889 	EXP 	grating: color = 1
19.3230 	EXP 	grating: contrast = 0.9872537757701757
19.3230 	EXP 	grating: color = 1
19.3561 	EXP 	grating: contrast = 0.9333474052627453
19.3561 	EXP 	grating: color = 1
19.3888 	EXP 	grating: contrast = 0.8390175891286324
19.3888 	EXP 	grating: color = 1
19.4227 	EXP 	grating: contrast = 0.7060043151510484
19.4227 	EXP 	grating: color = 1
19.4560 	EXP 	grating: contrast = 0.5464401440923611
19.4560 	EXP 	grating: color = 1
19.4896 	EXP 	grating: contrast = 0.35511749521942004
19.4896 	EXP 	grating: color = 1
19.5231 	EXP 	grating: contrast = 0.15531735328626822
19.5231 	EXP 	grating: color = 1
19.5562 	EXP 	grating: contrast = -0.054253071553183624
19.5562 	EXP 	grating: color = 1
19.5888 	EXP 	grating: contrast = -0.25784889395454735
19.5888 	EXP 	grating: color = 1
19.6227 	EXP 	grating: contrast = -0.4554161554650119
19.6227 	EXP 	grating: color = 1
19.6565 	EXP 	grating: contrast = -0.6300286490055063
19.6565 	EXP 	grating: color = 1
19.6895 	EXP 	grating: contrast = -0.7792541172117201
19.6895 	EXP 	grating: color = 1
19.7224 	EXP 	grating: contrast = -0.8908365493900943
19.7224 	EXP 	grating: color = 1
19.7567 	EXP 	grating: contrast = -0.9667872743568601
19.7567 	EXP 	grating: color = 1
19.7897 	EXP 	grating: contrast = -0.9988256021543627
19.7897 	EXP 	grating: color = 1
19.8231 	EXP 	grating: contrast = -0.9871798610663021
19.8231 	EXP 	grating: color = 1
19.8561 	EXP 	grating: contrast = -0.9330641105571121
19.8561 	EXP 	grating: color = 1
19.8901 	EXP 	grating: contrast = -0.8357962775987541
19.8901 	EXP 	grating: color = 1
19.9230 	EXP 	grating: contrast = -0.7047234989854431
19.9230 	EXP 	grating: color = 1
19.9561 	EXP 	grating: contrast = -0.54391689468452
19.9561 	EXP 	grating: color = 1
19.9900 	EXP 	grating: contrast = -0.35342106343676044
19.9900 	EXP 	grating: color = 1
20.0235 	EXP 	grating: contrast = -0.15167732360598005
20.0235 	EXP 	grating: color = 1
20.0565 	EXP 	grating: contrast = 0.055809743074018425
20.0565 	EXP 	grating: color = 1
20.0894 	EXP 	grating: contrast = 0.2604712506463488
20.0894 	EXP 	grating: color = 1
20.1233 	EXP 	grating: contrast = 0.45866959112128536
20.1233 	EXP 	grating: color = 1
20.1565 	EXP 	grating: contrast = 0.6317743998284984
20.1565 	EXP 	grating: color = 0.997249466003268
20.1904 	EXP 	grating: contrast = 0.7779069523604324
20.1904 	EXP 	grating: color = 0.9312108540034387
20.2236 	EXP 	grating: contrast = 0.8935184202242308
20.2236 	EXP 	grating: color = 0.8631561040019733
20.2567 	EXP 	grating: contrast = 0.9673032592758615
20.2567 	EXP 	grating: color = 0.7965266259998316
20.2895 	EXP 	grating: contrast = 0.998781467684178
20.2895 	EXP 	grating: color = 0.7306436680009938
20.3229 	EXP 	grating: contrast = 0.9867893146792097
20.3229 	EXP 	grating: color = 0.6631300880035269
20.3569 	EXP 	grating: contrast = 0.9310948451674882
20.3569 	EXP 	grating: color = 0.5960645660015871
20.3902 	EXP 	grating: contrast = 0.8349763988393458
20.3902 	EXP 	grating: color = 0.529436604003422
20.4238 	EXP 	grating: contrast = 0.7059336265713003
20.4238 	EXP 	grating: color = 0.46439998999994714
20.4572 	EXP 	grating: contrast = 0.5428050927936602
20.4572 	EXP 	grating: color = 0.3975660480064107
20.4902 	EXP 	grating: contrast = 0.35249857554262565
20.4902 	EXP 	grating: color = 0.3295946840007673
20.5230 	EXP 	grating: contrast = 0.15336003995556252
20.5230 	EXP 	grating: color = 0.2639373840065673
20.5569 	EXP 	grating: contrast = -0.05886287547015679
20.5569 	EXP 	grating: color = 0.19617908600048395
20.5906 	EXP 	grating: contrast = -0.2643584741278806
20.5906 	EXP 	grating: color = 0.1297571600007359
20.6238 	EXP 	grating: contrast = -0.46140200583428004
20.6238 	EXP 	grating: color = 0.062264234002213925
20.6574 	EXP 	grating: contrast = -0.6370210696285614
20.6574 	EXP 	grating: color = 0
20.6906 	EXP 	grating: contrast = -0.7787904302359324
20.6906 	EXP 	grating: color = 0
20.7235 	EXP 	grating: contrast = -0.8936869450421674
20.7235 	EXP 	grating: color = 0
20.7565 	EXP 	grating: contrast = -0.9669980444119648
20.7565 	EXP 	grating: color = 0
20.7904 	EXP 	grating: contrast = -0.999008300178009
20.7904 	EXP 	grating: color = 0
20.8235 	EXP 	grating: contrast = -0.9866735203852673
20.8235 	EXP 	grating: color = 0
20.8573 	EXP 	grating: contrast = -0.930168417133535
20.8573 	EXP 	grating: color = 0
20.8907 	EXP 	grating: contrast = -0.8331602086625858
20.8907 	EXP 	grating: color = 0
20.9241 	EXP 	grating: contrast = -0.700739534611272
20.9241 	EXP 	grating: color = 0
20.9265 	DATA 	Keypress: up
20.9405 	EXP 	fixation: autoDraw = False
20.9405 	EXP 	grating: autoDraw = False
20.9405 	EXP 	fd_instructions: text = 'Correct!'
20.9405 	EXP 	fd_instructions: autoDraw = True
22.9419 	EXP 	fd_instructions: autoDraw = False
22.9419 	EXP 	grating: color = '[0.98823145 0.98823145 0.98823145] (rgb)'
22.9419 	EXP 	grating: size = array([3.5, 3.5])
22.9419 	EXP 	grating: ori = 0.0
22.9419 	EXP 	grating: sf = array([12., 12.])
23.0758 	EXP 	fixation: autoDraw = True
23.6760 	EXP 	fixation: autoDraw = False
23.9264 	EXP 	grating: contrast = -0.6907925230676364
23.9264 	EXP 	grating: color = -0.03322982213936334
23.9598 	EXP 	grating: contrast = -0.5258108296695253
23.9598 	EXP 	grating: color = 0.03245614364277669
23.9933 	EXP 	grating: contrast = -0.33951275006928505
23.9933 	EXP 	grating: color = 0.09766919718982164
24.0267 	EXP 	grating: contrast = -0.13197417525508331
24.0267 	EXP 	grating: color = 0.16499653438038586
24.0593 	EXP 	grating: contrast = 0.07649229389904096
24.0593 	EXP 	grating: color = 0.2307190054327771
24.0933 	EXP 	grating: contrast = 0.28261321824881364
24.0933 	EXP 	grating: color = 0.2967709390163677
24.1260 	EXP 	grating: contrast = 0.4753315455656998
24.1260 	EXP 	grating: color = 0.36244921241073874
24.1599 	EXP 	grating: contrast = 0.6492001287085533
24.1599 	EXP 	grating: color = 0.4288830717556766
24.1937 	EXP 	grating: contrast = 0.7916189599640242
24.1937 	EXP 	grating: color = 0.4939716931304879
24.2262 	EXP 	grating: contrast = 0.9007849542560821
24.2262 	EXP 	grating: color = 0.5594412658762457
24.2599 	EXP 	grating: contrast = 0.9724880138174311
24.2599 	EXP 	grating: color = 0.6267900378005219
24.2929 	EXP 	grating: contrast = 0.9995899321231695
24.2929 	EXP 	grating: color = 0.6917475584176802
24.3261 	EXP 	grating: contrast = 0.9829498415067692
24.3261 	EXP 	grating: color = 0.7589247358163437
24.3602 	EXP 	grating: contrast = 0.9235684813453776
24.3602 	EXP 	grating: color = 0.824541608407373
24.3930 	EXP 	grating: contrast = 0.8251334531123338
24.3930 	EXP 	grating: color = 0.8896462114629802
24.4269 	EXP 	grating: contrast = 0.6875345443539997
24.4269 	EXP 	grating: color = 0.9563972614804042
24.4597 	EXP 	grating: contrast = 0.5230562063439764
24.4597 	EXP 	grating: color = 0.9882314517821313
24.4931 	EXP 	grating: contrast = 0.3297497664090436
24.4931 	EXP 	grating: color = 0.9882314517821313
24.5272 	EXP 	grating: contrast = 0.12882274711960828
24.5272 	EXP 	grating: color = 0.9882314517821313
24.5604 	EXP 	grating: contrast = -0.08018948744524126
24.5604 	EXP 	grating: color = 0.9882314517821313
24.5935 	EXP 	grating: contrast = -0.286739402407048
24.5935 	EXP 	grating: color = 0.9882314517821313
24.6265 	EXP 	grating: contrast = -0.4760329845888306
24.6265 	EXP 	grating: color = 0.9882314517821313
24.6602 	EXP 	grating: contrast = -0.6513807169288934
24.6602 	EXP 	grating: color = 0.9882314517821313
24.6950 	EXP 	grating: contrast = -0.792346751556132
24.6950 	EXP 	grating: color = 0.9882314517821313
24.7263 	EXP 	grating: contrast = -0.9142785741059156
24.7263 	EXP 	grating: color = 0.9882314517821313
24.7601 	EXP 	grating: contrast = -0.9725332555716899
24.7601 	EXP 	grating: color = 0.9882314517821313
24.7935 	EXP 	grating: contrast = -0.9997620658987932
24.7935 	EXP 	grating: color = 0.9882314517821313
24.8272 	EXP 	grating: contrast = -0.9825515494317069
24.8272 	EXP 	grating: color = 0.9882314517821313
24.8609 	EXP 	grating: contrast = -0.9223878411157371
24.8609 	EXP 	grating: color = 0.9882314517821313
24.8939 	EXP 	grating: contrast = -0.8218133009268438
24.8939 	EXP 	grating: color = 0.9882314517821313
24.9270 	EXP 	grating: contrast = -0.6856474383576898
24.9270 	EXP 	grating: color = 0.9882314517821313
24.9608 	EXP 	grating: contrast = -0.5171360076389067
24.9608 	EXP 	grating: color = 0.9882314517821313
24.9935 	EXP 	grating: contrast = -0.32962770589841633
24.9935 	EXP 	grating: color = 0.9882314517821313
25.0276 	EXP 	grating: contrast = -0.12524780729965262
25.0276 	EXP 	grating: color = 0.9882314517821313
25.0604 	EXP 	grating: contrast = 0.0814015093315718
25.0604 	EXP 	grating: color = 0.9882314517821313
25.0935 	EXP 	grating: contrast = 0.2908062180418502
25.0935 	EXP 	grating: color = 0.9882314517821313
25.1276 	EXP 	grating: contrast = 0.482619069787352
25.1276 	EXP 	grating: color = 0.9882314517821313
25.1607 	EXP 	grating: contrast = 0.6529792076828359
25.1607 	EXP 	grating: color = 0.9882314517821313
25.1935 	EXP 	grating: contrast = 0.7941268311688542
25.1935 	EXP 	grating: color = 0.9882314517821313
25.2275 	EXP 	grating: contrast = 0.9045132651605446
25.2275 	EXP 	grating: color = 0.9882314517821313
25.2612 	EXP 	grating: contrast = 0.9728950317005837
25.2612 	EXP 	grating: color = 0.9882314517821313
25.2935 	EXP 	grating: contrast = 0.9998193666816109
25.2935 	EXP 	grating: color = 0.9882314517821313
25.3275 	EXP 	grating: contrast = 0.9823983595912731
25.3275 	EXP 	grating: color = 0.9882314517821313
25.3604 	EXP 	grating: contrast = 0.9229361401494578
25.3604 	EXP 	grating: color = 0.9882314517821313
25.3947 	EXP 	grating: contrast = 0.8197693913387364
25.3947 	EXP 	grating: color = 0.9882314517821313
25.4279 	EXP 	grating: contrast = 0.6835969490374998
25.4279 	EXP 	grating: color = 0.9882314517821313
25.4613 	EXP 	grating: contrast = 0.5209937882062312
25.4613 	EXP 	grating: color = 0.9539802469758655
25.4946 	EXP 	grating: contrast = 0.32725910016528326
25.4946 	EXP 	grating: color = 0.8864741742983391
25.5277 	EXP 	grating: contrast = 0.12450616055504256
25.5277 	EXP 	grating: color = 0.8208567601532134
25.5612 	EXP 	grating: contrast = -0.08540840226424111
25.5612 	EXP 	grating: color = 0.7546986806293324
25.5947 	EXP 	grating: contrast = -0.290024259354145
25.5947 	EXP 	grating: color = 0.6890375411949261
25.6276 	EXP 	grating: contrast = -0.48233218877968126
25.6276 	EXP 	grating: color = 0.6232741198101811
25.6606 	EXP 	grating: contrast = -0.6555617854688002
25.6606 	EXP 	grating: color = 0.5567104997406601
25.6945 	EXP 	grating: contrast = -0.7979753033958645
25.6945 	EXP 	grating: color = 0.4909588145925543
25.7274 	EXP 	grating: contrast = -0.9046901613353147
25.7274 	EXP 	grating: color = 0.4259372407671146
25.7611 	EXP 	grating: contrast = -0.9741868080532553
25.7611 	EXP 	grating: color = 0.35911107725332736
25.8109 	EXP 	grating: contrast = -0.9982173913035188
25.8109 	EXP 	grating: color = 0.2686909253771812
25.8447 	EXP 	grating: contrast = -0.957767220213352
25.8447 	EXP 	grating: color = 0.19573848779719918
25.8776 	EXP 	grating: contrast = -0.8761210116725122
25.8776 	EXP 	grating: color = 0.12924577926700148
25.9117 	EXP 	grating: contrast = -0.7536490616333674
25.9117 	EXP 	grating: color = 0.06187986152590605
25.9302 	DATA 	Keypress: up
25.9452 	EXP 	grating: contrast = -0.6014626537068071
25.9452 	EXP 	grating: color = 0
25.9616 	EXP 	fixation: autoDraw = False
25.9616 	EXP 	grating: autoDraw = False
25.9616 	EXP 	fd_instructions: text = 'Correct!'
25.9616 	EXP 	fd_instructions: autoDraw = True
27.9632 	EXP 	fd_instructions: autoDraw = False
27.9632 	EXP 	grating: color = '[0.97474204 0.97474204 0.97474204] (rgb)'
27.9632 	EXP 	grating: size = array([3.5, 3.5])
27.9632 	EXP 	grating: ori = 90.0
27.9632 	EXP 	grating: sf = array([12., 12.])
28.0964 	EXP 	fixation: autoDraw = True
28.6968 	EXP 	fixation: autoDraw = False
28.9305 	EXP 	grating: contrast = -0.6706954474257593
28.9305 	EXP 	grating: color = -0.0642755290461824
28.9639 	EXP 	grating: contrast = -0.5043537969996489
28.9639 	EXP 	grating: color = -0.00021462065381755758
28.9967 	EXP 	grating: contrast = -0.3123792992272445
28.9967 	EXP 	grating: color = 0.06524708757751632
29.0307 	EXP 	grating: contrast = -0.10515314627243268
29.0307 	EXP 	grating: color = 0.1311811070568319
29.0636 	EXP 	grating: contrast = 0.1017384839690204
29.0636 	EXP 	grating: color = 0.19544178103188298
29.0976 	EXP 	grating: contrast = 0.3036003038416562
29.0976 	EXP 	grating: color = 0.2595279138041057
29.1303 	EXP 	grating: contrast = 0.5010008049337707
29.1303 	EXP 	grating: color = 0.3266350684640657
29.1643 	EXP 	grating: contrast = 0.6701079232859543
29.1643 	EXP 	grating: color = 0.391666548950389
29.1974 	EXP 	grating: contrast = 0.8081129727349066
29.1974 	EXP 	grating: color = 0.4557650492464546
29.2302 	EXP 	grating: contrast = 0.9121510859958686
29.2302 	EXP 	grating: color = 0.5201657663643553
29.2642 	EXP 	grating: contrast = 0.9779771506924344
29.2642 	EXP 	grating: color = 0.5859528200860432
29.2979 	EXP 	grating: contrast = 0.9999971253952887
29.2979 	EXP 	grating: color = 0.651932874683066
29.3310 	EXP 	grating: contrast = 0.9781716105395432
29.3310 	EXP 	grating: color = 0.7161346898403446
29.3644 	EXP 	grating: contrast = 0.9140736094289097
29.3644 	EXP 	grating: color = 0.7807530259099122
29.3971 	EXP 	grating: contrast = 0.809677407672188
29.3971 	EXP 	grating: color = 0.8457895964976316
29.4305 	EXP 	grating: contrast = 0.6712034695502542
29.4305 	EXP 	grating: color = 0.9102546387891274
29.4638 	EXP 	grating: contrast = 0.4985472644250468
29.4638 	EXP 	grating: color = 0.9747420377651584
29.4970 	EXP 	grating: contrast = 0.3058426153737456
29.4970 	EXP 	grating: color = 0.9747420377651584
29.5315 	EXP 	grating: contrast = 0.10383531446217602
29.5315 	EXP 	grating: color = 0.9747420377651584
29.5644 	EXP 	grating: contrast = -0.10617695771631448
29.5644 	EXP 	grating: color = 0.9747420377651584
29.5975 	EXP 	grating: contrast = -0.30777110243933187
29.5975 	EXP 	grating: color = 0.9747420377651584
29.6304 	EXP 	grating: contrast = -0.498008613598444
29.6304 	EXP 	grating: color = 0.9747420377651584
29.6639 	EXP 	grating: contrast = -0.6689473168839217
29.6639 	EXP 	grating: color = 0.9747420377651584
29.6980 	EXP 	grating: contrast = -0.8107265233263409
29.6980 	EXP 	grating: color = 0.9747420377651584
29.7308 	EXP 	grating: contrast = -0.9142147538333332
29.7308 	EXP 	grating: color = 0.9747420377651584
29.7639 	EXP 	grating: contrast = -0.9778038127597382
29.7639 	EXP 	grating: color = 0.9747420377651584
29.7977 	EXP 	grating: contrast = -0.9999998034439732
29.7977 	EXP 	grating: color = 0.9747420377651584
29.8314 	EXP 	grating: contrast = -0.9773689418565359
29.8314 	EXP 	grating: color = 0.9747420377651584
29.8647 	EXP 	grating: contrast = -0.9126885396222424
29.8647 	EXP 	grating: color = 0.9747420377651584
29.8974 	EXP 	grating: contrast = -0.8089407163516281
29.8974 	EXP 	grating: color = 0.9747420377651584
29.9313 	EXP 	grating: contrast = -0.6670161265989457
29.9313 	EXP 	grating: color = 0.9747420377651584
29.9644 	EXP 	grating: contrast = -0.4993321520105658
29.9644 	EXP 	grating: color = 0.9747420377651584
29.9975 	EXP 	grating: contrast = -0.30405146904030234
29.9975 	EXP 	grating: color = 0.9747420377651584
30.0316 	EXP 	grating: contrast = -0.10067802747478485
30.0316 	EXP 	grating: color = 0.9747420377651584
30.0647 	EXP 	grating: contrast = 0.10915784444560475
30.0647 	EXP 	grating: color = 0.9747420377651584
30.0975 	EXP 	grating: contrast = 0.3099718451970425
30.0975 	EXP 	grating: color = 0.9747420377651584
30.1314 	EXP 	grating: contrast = 0.5033631630561591
30.1314 	EXP 	grating: color = 0.9747420377651584
30.1642 	EXP 	grating: contrast = 0.6699834049325241
30.1642 	EXP 	grating: color = 0.9747420377651584
30.1981 	EXP 	grating: contrast = 0.8108400435446463
30.1981 	EXP 	grating: color = 0.9747420377651584
30.2315 	EXP 	grating: contrast = 0.915057716174873
30.2315 	EXP 	grating: color = 0.9747420377651584
30.2652 	EXP 	grating: contrast = 0.9784312583190904
30.2652 	EXP 	grating: color = 0.9747420377651584
30.2987 	EXP 	grating: contrast = 0.9999907757590974
30.2987 	EXP 	grating: color = 0.9747420377651584
30.3315 	EXP 	grating: contrast = 0.9773180507692427
30.3315 	EXP 	grating: color = 0.9747420377651584
30.3653 	EXP 	grating: contrast = 0.9130108458214767
30.3653 	EXP 	grating: color = 0.9747420377651584
30.3982 	EXP 	grating: contrast = 0.8063341097271635
30.3982 	EXP 	grating: color = 0.9747420377651584
30.4313 	EXP 	grating: contrast = 0.6634549308000502
30.4313 	EXP 	grating: color = 0.9747420377651584
30.4651 	EXP 	grating: contrast = 0.49469723903738516
30.4651 	EXP 	grating: color = 0.9714841165105145
30.4980 	EXP 	grating: contrast = 0.3057527148968326
30.4980 	EXP 	grating: color = 0.90733186699448
30.5320 	EXP 	grating: contrast = 0.09676297518303169
30.5320 	EXP 	grating: color = 0.8409925419734239
30.5650 	EXP 	grating: contrast = -0.10919615510769173
30.5650 	EXP 	grating: color = 0.7769754053495274
30.5986 	EXP 	grating: contrast = -0.31610650874404805
30.5986 	EXP 	grating: color = 0.7111322220730938
30.6312 	EXP 	grating: contrast = -0.5027932270615925
30.6312 	EXP 	grating: color = 0.6474600174108024
30.6649 	EXP 	grating: contrast = -0.6738605587542986
30.6649 	EXP 	grating: color = 0.5815007111758904
30.6979 	EXP 	grating: contrast = -0.8139443282025388
30.6979 	EXP 	grating: color = 0.5158818491898288
30.7315 	EXP 	grating: contrast = -0.9159205883939343
30.7315 	EXP 	grating: color = 0.4516919297844631
30.7653 	EXP 	grating: contrast = -0.9794069694989742
30.7653 	EXP 	grating: color = 0.38662247724640497
30.7990 	EXP 	grating: contrast = -0.999986546036357
30.7990 	EXP 	grating: color = 0.32193557782181026
30.8324 	EXP 	grating: contrast = -0.9765135387825489
30.8324 	EXP 	grating: color = 0.2561663248380223
30.8656 	EXP 	grating: contrast = -0.910674694777431
30.8656 	EXP 	grating: color = 0.1914003718776204
30.8985 	EXP 	grating: contrast = -0.8051287756496488
30.8985 	EXP 	grating: color = 0.126559153244763
30.9316 	EXP 	grating: contrast = -0.6655721452870926
30.9316 	EXP 	grating: color = 0.062105971613064775
30.9652 	EXP 	grating: contrast = -0.4926122075446105
30.9652 	EXP 	grating: color = 0
30.9987 	EXP 	grating: contrast = -0.3019967549594135
30.9987 	EXP 	grating: color = 0
31.0319 	EXP 	grating: contrast = -0.09851805011334355
31.0319 	EXP 	grating: color = 0
31.0658 	EXP 	grating: contrast = 0.10938137311467691
31.0658 	EXP 	grating: color = 0
31.0989 	EXP 	grating: contrast = 0.31767775333848935
31.0989 	EXP 	grating: color = 0
31.1329 	EXP 	grating: contrast = 0.5082013122972765
31.1329 	EXP 	grating: color = 0
31.1656 	EXP 	grating: contrast = 0.676483789462191
31.1656 	EXP 	grating: color = 0
31.1993 	EXP 	grating: contrast = 0.8127547850549628
31.1993 	EXP 	grating: color = 0
31.2326 	EXP 	grating: contrast = 0.9154656282627502
31.2326 	EXP 	grating: color = 0
31.2658 	EXP 	grating: contrast = 0.9799184689308068
31.2658 	EXP 	grating: color = 0
31.2988 	EXP 	grating: contrast = 0.9999632165724234
31.2988 	EXP 	grating: color = 0
31.3318 	EXP 	grating: contrast = 0.9758245559592696
31.3318 	EXP 	grating: color = 0
31.3657 	EXP 	grating: contrast = 0.909944504581039
31.3657 	EXP 	grating: color = 0
31.3988 	EXP 	grating: contrast = 0.8045723039080229
31.3988 	EXP 	grating: color = 0
31.4325 	EXP 	grating: contrast = 0.6613032214789704
31.4325 	EXP 	grating: color = 0
31.4662 	EXP 	grating: contrast = 0.4896325655886359
31.4662 	EXP 	grating: color = 0
31.4991 	EXP 	grating: contrast = 0.2991356402627839
31.4991 	EXP 	grating: color = 0
31.5326 	EXP 	grating: contrast = 0.09532506753147098
31.5326 	EXP 	grating: color = 0
31.5657 	EXP 	grating: contrast = -0.11873422318566226
31.5657 	EXP 	grating: color = 0
31.5987 	EXP 	grating: contrast = -0.3211017655354957
31.5987 	EXP 	grating: color = 0
31.6323 	EXP 	grating: contrast = -0.5113308374615307
31.6323 	EXP 	grating: color = 0
31.6655 	EXP 	grating: contrast = -0.6785481967455126
31.6655 	EXP 	grating: color = 0
31.6995 	EXP 	grating: contrast = -0.8164131412845915
31.6995 	EXP 	grating: color = 0
31.7329 	EXP 	grating: contrast = -0.9180515279546869
31.7329 	EXP 	grating: color = 0
31.7655 	EXP 	grating: contrast = -0.9810921859033631
31.7655 	EXP 	grating: color = 0
31.7991 	EXP 	grating: contrast = -0.9999358179810597
31.7991 	EXP 	grating: color = 0
31.8323 	EXP 	grating: contrast = -0.9761704716788326
31.8323 	EXP 	grating: color = 0
31.8658 	EXP 	grating: contrast = -0.9076173506222339
31.8658 	EXP 	grating: color = 0
31.8997 	EXP 	grating: contrast = -0.8003518677738382
31.8997 	EXP 	grating: color = 0
31.9329 	EXP 	grating: contrast = -0.659113377912416
31.9329 	EXP 	grating: color = 0
31.9662 	EXP 	grating: contrast = -0.49001329042621095
31.9662 	EXP 	grating: color = 0
31.9994 	EXP 	grating: contrast = -0.29703086628330516
31.9994 	EXP 	grating: color = 0
32.0330 	EXP 	grating: contrast = -0.09267645958458193
32.0330 	EXP 	grating: color = 0
32.0666 	EXP 	grating: contrast = 0.11472326046956396
32.0666 	EXP 	grating: color = 0
32.1000 	EXP 	grating: contrast = 0.3188054952585112
32.1000 	EXP 	grating: color = 0
32.1175 	DATA 	Keypress: right
32.1327 	EXP 	grating: contrast = 0.507735355778785
32.1327 	EXP 	grating: color = 0
32.1497 	EXP 	fixation: autoDraw = False
32.1497 	EXP 	grating: autoDraw = False
32.1497 	EXP 	fd_instructions: text = 'Correct!'
32.1497 	EXP 	fd_instructions: autoDraw = True
34.1515 	EXP 	fd_instructions: autoDraw = False
34.1515 	EXP 	grating: color = '[0.96161665 0.96161665 0.96161665] (rgb)'
34.1515 	EXP 	grating: size = array([3.5, 3.5])
34.1515 	EXP 	grating: ori = 90.0
34.1515 	EXP 	grating: sf = array([12., 12.])
34.2851 	EXP 	fixation: autoDraw = True
34.8854 	EXP 	fixation: autoDraw = False
35.1357 	EXP 	grating: contrast = 0.5254171251614659
35.1357 	EXP 	grating: color = -0.03301598627411342
35.1693 	EXP 	grating: contrast = 0.6899294696461479
35.1693 	EXP 	grating: color = 0.030697163131822962
35.2022 	EXP 	grating: contrast = 0.826439281861925
35.2022 	EXP 	grating: color = 0.0954067570185135
35.2356 	EXP 	grating: contrast = 0.9256079648415938
35.2356 	EXP 	grating: color = 0.15964833593659064
35.2691 	EXP 	grating: contrast = 0.9831426122622636
35.2691 	EXP 	grating: color = 0.22217047120381117
35.3019 	EXP 	grating: contrast = 0.9996142571762565
35.3019 	EXP 	grating: color = 0.2869639526763757
35.3358 	EXP 	grating: contrast = 0.9710010072189064
35.3358 	EXP 	grating: color = 0.3523548923515096
35.3687 	EXP 	grating: contrast = 0.9011661997206677
35.3687 	EXP 	grating: color = 0.4156948806521536
35.4026 	EXP 	grating: contrast = 0.7925028705524348
35.4026 	EXP 	grating: color = 0.47922452283297545
35.4355 	EXP 	grating: contrast = 0.6475639485428549
35.4355 	EXP 	grating: color = 0.5436682239493627
35.4695 	EXP 	grating: contrast = 0.47610282121994024
35.4695 	EXP 	grating: color = 0.6073820907250997
35.5025 	EXP 	grating: contrast = 0.27888620844993167
35.5025 	EXP 	grating: color = 0.6727577599249722
35.5356 	EXP 	grating: contrast = 0.07590378005363589
35.5356 	EXP 	grating: color = 0.7360148434076829
35.5689 	EXP 	grating: contrast = -0.13700937910006608
35.5689 	EXP 	grating: color = 0.8013400527332114
35.6030 	EXP 	grating: contrast = -0.33513345440729286
35.6030 	EXP 	grating: color = 0.8638789720539071
35.6361 	EXP 	grating: contrast = -0.5275773927224444
35.6361 	EXP 	grating: color = 0.929369558284517
35.6691 	EXP 	grating: contrast = -0.6911288539990653
35.6691 	EXP 	grating: color = 0.9616166455106905
35.7026 	EXP 	grating: contrast = -0.8288967578706163
35.7026 	EXP 	grating: color = 0.9616166455106905
35.7359 	EXP 	grating: contrast = -0.9252203501973364
35.7359 	EXP 	grating: color = 0.9616166455106905
35.7698 	EXP 	grating: contrast = -0.9838238684188396
35.7698 	EXP 	grating: color = 0.9616166455106905
35.8026 	EXP 	grating: contrast = -0.9994813239864794
35.8026 	EXP 	grating: color = 0.9616166455106905
35.8366 	EXP 	grating: contrast = -0.9715015699244617
35.8366 	EXP 	grating: color = 0.9616166455106905
35.8695 	EXP 	grating: contrast = -0.8993094025429659
35.8695 	EXP 	grating: color = 0.9616166455106905
35.9026 	EXP 	grating: contrast = -0.7907394821448661
35.9026 	EXP 	grating: color = 0.9616166455106905
35.9365 	EXP 	grating: contrast = -0.6463585198640487
35.9365 	EXP 	grating: color = 0.9616166455106905
35.9695 	EXP 	grating: contrast = -0.47077119128908546
35.9695 	EXP 	grating: color = 0.9616166455106905
36.0026 	EXP 	grating: contrast = -0.2754340538441713
36.0026 	EXP 	grating: color = 0.9616166455106905
36.0356 	EXP 	grating: contrast = -0.07434322436499873
36.0356 	EXP 	grating: color = 0.9616166455106905
36.0694 	EXP 	grating: contrast = 0.13638512876826922
36.0694 	EXP 	grating: color = 0.9616166455106905
36.1032 	EXP 	grating: contrast = 0.3438272378394654
36.1032 	EXP 	grating: color = 0.9616166455106905
36.1363 	EXP 	grating: contrast = 0.5286473032081908
36.1363 	EXP 	grating: color = 0.9616166455106905
36.1701 	EXP 	grating: contrast = 0.6923490975645061
36.1701 	EXP 	grating: color = 0.9616166455106905
36.2026 	EXP 	grating: contrast = 0.828275684704125
36.2026 	EXP 	grating: color = 0.9616166455106905
36.2363 	EXP 	grating: contrast = 0.9273356478703729
36.2363 	EXP 	grating: color = 0.9616166455106905
36.2700 	EXP 	grating: contrast = 0.9840485031866343
36.2700 	EXP 	grating: color = 0.9616166455106905
36.3028 	EXP 	grating: contrast = 0.9994258261722838
36.3028 	EXP 	grating: color = 0.9616166455106905
36.3371 	EXP 	grating: contrast = 0.969783486808772
36.3371 	EXP 	grating: color = 0.9616166455106905
36.3701 	EXP 	grating: contrast = 0.8984193511303517
36.3701 	EXP 	grating: color = 0.9616166455106905
36.4027 	EXP 	grating: contrast = 0.7885785866447785
36.4027 	EXP 	grating: color = 0.9616166455106905
36.4360 	EXP 	grating: contrast = 0.6405238364285166
36.4360 	EXP 	grating: color = 0.9616166455106905
36.4700 	EXP 	grating: contrast = 0.4678645057628554
36.4700 	EXP 	grating: color = 0.9616166455106905
36.5031 	EXP 	grating: contrast = 0.2739537036233798
36.5031 	EXP 	grating: color = 0.9616166455106905
36.5371 	EXP 	grating: contrast = 0.070417192522427
36.5371 	EXP 	grating: color = 0.9616166455106905
36.5701 	EXP 	grating: contrast = -0.1410465537867065
36.5701 	EXP 	grating: color = 0.9616166455106905
36.6032 	EXP 	grating: contrast = -0.3439143397830911
36.6032 	EXP 	grating: color = 0.9616166455106905
36.6369 	EXP 	grating: contrast = -0.5329221142741224
36.6369 	EXP 	grating: color = 0.9616166455106905
36.6703 	EXP 	grating: contrast = -0.6967476004001397
36.6703 	EXP 	grating: color = 0.9280114651718941
36.7034 	EXP 	grating: contrast = -0.8297359640952566
36.7034 	EXP 	grating: color = 0.864401912648065
36.7369 	EXP 	grating: contrast = -0.9286868730025141
36.7369 	EXP 	grating: color = 0.7994563841879538
36.7704 	EXP 	grating: contrast = -0.984872077454601
36.7704 	EXP 	grating: color = 0.7364650665487392
36.7727 	DATA 	Keypress: right
36.7865 	EXP 	fixation: autoDraw = False
36.7865 	EXP 	grating: autoDraw = False
36.7865 	EXP 	fd_instructions: text = 'Correct!'
36.7865 	EXP 	fd_instructions: autoDraw = True
38.7888 	EXP 	fd_instructions: autoDraw = False
38.7888 	EXP 	text: autoDraw = True
39.7314 	EXP 	Imported stairDefinitions.xlsx as conditions, 1 conditions, 14 params
39.7353 	DATA 	Keypress: space
39.7564 	EXP 	text: autoDraw = False
39.7564 	EXP 	grating: color = '[0.5 0.5 0.5] (rgb)'
39.7564 	EXP 	grating: size = array([3.5, 3.5])
39.7564 	EXP 	grating: ori = 90.0
39.7564 	EXP 	grating: sf = array([12., 12.])
39.8894 	EXP 	fixation: autoDraw = True
40.4897 	EXP 	fixation: autoDraw = False
40.7405 	EXP 	grating: phase = -0.9359757180450465
40.7405 	EXP 	grating: color = -0.009653862001869129
40.7737 	EXP 	grating: phase = -0.9886068893287554
40.7737 	EXP 	grating: color = 0.023547971999505535
40.8072 	EXP 	grating: phase = -0.9983633708606164
40.8072 	EXP 	grating: color = 0.05671286600045278
40.8397 	EXP 	grating: phase = -0.9643319558665762
40.8397 	EXP 	grating: color = 0.09024431799844024
40.8735 	EXP 	grating: phase = -0.887402620118634
40.8735 	EXP 	grating: color = 0.12386069599961047
40.9073 	EXP 	grating: phase = -0.7755363706183827
40.9073 	EXP 	grating: color = 0.1563623699985328
40.9403 	EXP 	grating: phase = -0.6239493459053327
40.9403 	EXP 	grating: color = 0.19036892999793054
40.9732 	EXP 	grating: phase = -0.45000111675066434
40.9732 	EXP 	grating: color = 0.22331956799826003
41.0071 	EXP 	grating: phase = -0.2508407134170758
41.0071 	EXP 	grating: color = 0.25725385999976425
41.0408 	EXP 	grating: phase = -0.045808158374607034
41.0408 	EXP 	grating: color = 0.2903140109992819
41.0737 	EXP 	grating: phase = 0.16611007555892401
41.0737 	EXP 	grating: color = 0.32416682400071295
41.1071 	EXP 	grating: phase = 0.3649347954355501
41.1071 	EXP 	grating: color = 0.3570915079981205
41.1400 	EXP 	grating: phase = 0.5486607416081566
41.1400 	EXP 	grating: color = 0.39006960299957427
41.1732 	EXP 	grating: phase = 0.7134752474309046
41.1732 	EXP 	grating: color = 0.4240462319976359
41.2075 	EXP 	grating: phase = 0.8412503631605871
41.2075 	EXP 	grating: color = 0.45669730499867
41.2411 	EXP 	grating: phase = 0.9370791369701168
41.2411 	EXP 	grating: color = 0.4908469750007498
41.2740 	EXP 	grating: phase = 0.9893800792138293
41.2740 	EXP 	grating: color = 0.5
41.3068 	EXP 	grating: phase = 0.9982686283351163
41.3068 	EXP 	grating: color = 0.5
41.3401 	EXP 	grating: phase = 0.9643810465951284
41.3401 	EXP 	grating: color = 0.5
41.3739 	EXP 	grating: phase = 0.8867660660914354
41.3739 	EXP 	grating: color = 0.5
41.4072 	EXP 	grating: phase = 0.7729565477530098
41.4072 	EXP 	grating: color = 0.5
41.4403 	EXP 	grating: phase = 0.6203340615115347
41.4403 	EXP 	grating: color = 0.5
41.4738 	EXP 	grating: phase = 0.4487802070655843
41.4738 	EXP 	grating: color = 0.5
41.5077 	EXP 	grating: phase = 0.2510245403653212
41.5077 	EXP 	grating: color = 0.5
41.5411 	EXP 	grating: phase = 0.0430997767702228
41.5411 	EXP 	grating: color = 0.5
41.5741 	EXP 	grating: phase = -0.16663415040549592
41.5741 	EXP 	grating: color = 0.5
41.6074 	EXP 	grating: phase = -0.3675879601682643
41.6074 	EXP 	grating: color = 0.5
41.6412 	EXP 	grating: phase = -0.5504913843386056
41.6412 	EXP 	grating: color = 0.5
41.6742 	EXP 	grating: phase = -0.7126120051795715
41.6742 	EXP 	grating: color = 0.5
41.7076 	EXP 	grating: phase = -0.8437014836905434
41.7076 	EXP 	grating: color = 0.5
41.7407 	EXP 	grating: phase = -0.9364931454104958
41.7407 	EXP 	grating: color = 0.5
41.7739 	EXP 	grating: phase = -0.9888273327772873
41.7739 	EXP 	grating: color = 0.5
41.8077 	EXP 	grating: phase = -0.997945406289087
41.8077 	EXP 	grating: color = 0.5
41.8413 	EXP 	grating: phase = -0.9628256629656996
41.8413 	EXP 	grating: color = 0.5
41.8739 	EXP 	grating: phase = -0.88743899473511
41.8739 	EXP 	grating: color = 0.5
41.9072 	EXP 	grating: phase = -0.7715521649357578
41.9072 	EXP 	grating: color = 0.5
41.9406 	EXP 	grating: phase = -0.6203219973414279
41.9406 	EXP 	grating: color = 0.5
41.9741 	EXP 	grating: phase = -0.44532113000667395
41.9741 	EXP 	grating: color = 0.5
42.0074 	EXP 	grating: phase = -0.24978325924432987
42.0074 	EXP 	grating: color = 0.5
42.0414 	EXP 	grating: phase = -0.03867548388460663
42.0414 	EXP 	grating: color = 0.5
42.0743 	EXP 	grating: phase = 0.1700265483903093
42.0743 	EXP 	grating: color = 0.5
42.1077 	EXP 	grating: phase = 0.37142761097991706
42.1077 	EXP 	grating: color = 0.5
42.1408 	EXP 	grating: phase = 0.5534358107832273
42.1408 	EXP 	grating: color = 0.5
42.1745 	EXP 	grating: phase = 0.7141790940707629
42.1745 	EXP 	grating: color = 0.5
42.2076 	EXP 	grating: phase = 0.8441100707398753
42.2076 	EXP 	grating: color = 0.5
42.2418 	EXP 	grating: phase = 0.9393479597849046
42.2418 	EXP 	grating: color = 0.5
42.2747 	EXP 	grating: phase = 0.9898477702105865
42.2747 	EXP 	grating: color = 0.4750916220000363
42.3080 	EXP 	grating: phase = 0.997958215988254
42.3080 	EXP 	grating: color = 0.44221248800022295
42.3411 	EXP 	grating: phase = 0.9627822148378312
42.3411 	EXP 	grating: color = 0.40883649900206365
42.3743 	EXP 	grating: phase = 0.8835190456758245
42.3743 	EXP 	grating: color = 0.3748002339998493
42.4079 	EXP 	grating: phase = 0.7681137292167232
42.4079 	EXP 	grating: color = 0.341800518999662
42.4420 	EXP 	grating: phase = 0.6167034222910888
42.4420 	EXP 	grating: color = 0.30816016800235957
42.4747 	EXP 	grating: phase = 0.44312373523521004
42.4747 	EXP 	grating: color = 0.27545732100043097
42.5085 	EXP 	grating: phase = 0.24289985456891472
42.5085 	EXP 	grating: color = 0.2414241160004167
42.5410 	EXP 	grating: phase = 0.034239299100241205
42.5410 	EXP 	grating: color = 0.2078364530025283
42.5755 	EXP 	grating: phase = -0.16844017655384697
42.5755 	EXP 	grating: color = 0.1754806440003449
42.6083 	EXP 	grating: phase = -0.3715259358789301
42.6083 	EXP 	grating: color = 0.14180149100138806
42.6412 	EXP 	grating: phase = -0.5550510405555126
42.6412 	EXP 	grating: color = 0.1087416000009398
42.6753 	EXP 	grating: phase = -0.7191701645290316
42.6753 	EXP 	grating: color = 0.074654610001744
42.7084 	EXP 	grating: phase = -0.846837333364717
42.7084 	EXP 	grating: color = 0.0416457690007519
42.7418 	EXP 	grating: phase = -0.9386639569449754
42.7418 	EXP 	grating: color = 0.008424228999501793
42.7750 	EXP 	grating: phase = -0.9900683406939521
42.7750 	EXP 	grating: color = 0
42.8081 	EXP 	grating: phase = -0.9977303857091869
42.8081 	EXP 	grating: color = 0
42.8423 	EXP 	grating: phase = -0.9622365155221818
42.8423 	EXP 	grating: color = 0
42.8755 	EXP 	grating: phase = -0.8831966001288408
42.8755 	EXP 	grating: color = 0
42.9084 	EXP 	grating: phase = -0.767530669635903
42.9084 	EXP 	grating: color = 0
42.9417 	EXP 	grating: phase = -0.6133580008569387
42.9417 	EXP 	grating: color = 0
42.9748 	EXP 	grating: phase = -0.43681466127033103
42.9748 	EXP 	grating: color = 0
43.0088 	EXP 	grating: phase = -0.24087921056086598
43.0088 	EXP 	grating: color = 0
43.0423 	EXP 	grating: phase = -0.03545131783707749
43.0423 	EXP 	grating: color = 0
43.0757 	EXP 	grating: phase = 0.17225908427365802
43.0757 	EXP 	grating: color = 0
43.1091 	EXP 	grating: phase = 0.37427843274304845
43.1091 	EXP 	grating: color = 0
43.1420 	EXP 	grating: phase = 0.5588930712032244
43.1420 	EXP 	grating: color = 0
43.1752 	EXP 	grating: phase = 0.7213223604989365
43.1752 	EXP 	grating: color = 0
43.2093 	EXP 	grating: phase = 0.8468017320854994
43.2093 	EXP 	grating: color = 0
43.2422 	EXP 	grating: phase = 0.9401714926051294
43.2422 	EXP 	grating: color = 0
43.2760 	EXP 	grating: phase = 0.9905726381648726
43.2760 	EXP 	grating: color = 0
43.3087 	EXP 	grating: phase = 0.9974766591967966
43.3087 	EXP 	grating: color = 0
43.3278 	DATA 	Keypress: right
43.3426 	EXP 	grating: phase = 0.9603866772561693
43.3426 	EXP 	grating: color = 0
43.3594 	EXP 	fixation: autoDraw = False
43.3594 	EXP 	grating: autoDraw = False
43.3594 	EXP 	grating: color = '[0.49393288 0.49393288 0.49393288] (rgb)'
43.3594 	EXP 	grating: size = array([3.5, 3.5])
43.3594 	EXP 	grating: ori = 90.0
43.3594 	EXP 	grating: sf = array([12., 12.])
43.4924 	EXP 	fixation: autoDraw = True
43.8783 	DATA 	Keypress: escape
44.2470 	EXP 	window1: mouseVisible = True
