17.7482 	WARNING 	User requested fullscreen with size [800 600], but screen is actually [2560, 1440]. Using actual size
18.3679 	EXP 	Created window1 = Window(allowGUI=False, allowStencil=False, args=UNKNOWN, autoLog=True, bitsMode=UNKNOWN, blendMode='avg', color=array([0., 0., 0.]), colorSpace='rgb', fullscr=<method-wrapper '__getattribute__' of attributeSetter object at 0x135f0fd30>, gamma=None, gammaErrorPolicy='raise', kwargs=UNKNOWN, lms=UNKNOWN, monitor=<psychopy.monitors.calibTools.Monitor object at 0x135d5ac88>, multiSample=False, name='window1', numSamples=2, pos=[0.0, 0.0], screen=0, size=array([2560, 1440]), stereo=False, units='deg', useFBO=True, useRetina=False, viewOri=0.0, viewPos=None, viewScale=None, waitBlanking=True, winType='pyglet')
18.3680 	EXP 	window1: recordFrameIntervals = False
18.5338 	EXP 	window1: recordFrameIntervals = True
18.7175 	EXP 	window1: recordFrameIntervals = False
19.0225 	EXP 	Created instrText = TextStim(__class__=<class 'psychopy.visual.text.TextStim'>, alignHoriz='center', alignVert='center', antialias=True, autoLog=True, bold=False, color='white', colorSpace='named', contrast=1.0, depth=0.0, flipHoriz=False, flipVert=False, font='Arial', fontFiles=[], height=1, italic=False, languageStyle='LTR', name='instrText', opacity=1.0, ori=0, pos=array([0., 0.]), rgb=array([255., 255., 255.]), text=str(...), units='deg', win=Window(...), wrapWidth=15.0)
19.0325 	EXP 	Created fixation = GratingStim(__class__=<class 'psychopy.visual.grating.GratingStim'>, autoDraw=False, autoLog=True, blendmode='avg', color='black', colorSpace='named', contrast=1.0, depth=-1.0, interpolate=True, mask='gauss', maskParams=None, name='fixation', opacity=1.0, ori=0.0, phase=array([0., 0.]), pos=array([0., 0.]), rgbPedestal=array([0., 0., 0.]), sf=array([1., 1.]), size=array([1., 1.]), tex=None, texRes=128, units='deg', win=Window(...))
19.0347 	EXP 	Created grating = GratingStim(__class__=<class 'psychopy.visual.grating.GratingStim'>, autoDraw=False, autoLog=True, blendmode='avg', color='white', colorSpace='named', contrast=1.0, depth=-2.0, interpolate=True, mask='gauss', maskParams=None, name='grating', opacity=1.0, ori=1.0, phase=array([0., 0.]), pos=array([0., 0.]), rgbPedestal=array([0., 0., 0.]), sf=array([1., 1.]), size=array([1., 1.]), tex='sin', texRes=128, units='deg', win=Window(...))
19.0462 	EXP 	Created fd_instructions = TextStim(__class__=<class 'psychopy.visual.text.TextStim'>, alignHoriz='center', alignVert='center', antialias=True, autoLog=True, bold=False, color='white', colorSpace='named', contrast=1.0, depth=-1.0, flipHoriz=False, flipVert=False, font='Arial', fontFiles=[], height=1, italic=False, languageStyle='LTR', name='fd_instructions', opacity=1.0, ori=0, pos=array([0., 0.]), rgb=array([255., 255., 255.]), text='default text', units='deg', win=Window(...), wrapWidth=15.0)
19.0895 	EXP 	Created text = TextStim(__class__=<class 'psychopy.visual.text.TextStim'>, alignHoriz='center', alignVert='center', antialias=True, autoLog=True, bold=False, color='white', colorSpace='named', contrast=1.0, depth=0.0, flipHoriz=False, flipVert=False, font='Arial', fontFiles=[], height=1, italic=False, languageStyle='LTR', name='text', opacity=1.0, ori=0, pos=array([0., 0.]), rgb=array([255., 255., 255.]), text=str(...), units='deg', win=Window(...), wrapWidth=15.0)
19.0992 	EXP 	Created fixation = GratingStim(__class__=<class 'psychopy.visual.grating.GratingStim'>, autoDraw=False, autoLog=True, blendmode='avg', color='black', colorSpace='named', contrast=1.0, depth=-1.0, interpolate=True, mask='gauss', maskParams=None, name='fixation', opacity=1.0, ori=0.0, phase=array([0., 0.]), pos=array([0., 0.]), rgbPedestal=array([0., 0., 0.]), sf=array([1., 1.]), size=array([1., 1.]), tex=None, texRes=128, units='deg', win=Window(...))
19.1032 	EXP 	Created grating = GratingStim(__class__=<class 'psychopy.visual.grating.GratingStim'>, autoDraw=False, autoLog=True, blendmode='avg', color='white', colorSpace='named', contrast=1.0, depth=-2.0, interpolate=True, mask='gauss', maskParams=None, name='grating', opacity=1.0, ori=1.0, phase=array([0., 0.]), pos=array([0., 0.]), rgbPedestal=array([0., 0., 0.]), sf=array([1., 1.]), size=array([1., 1.]), tex='sin', texRes=128, units='deg', win=Window(...))
19.1240 	EXP 	Created thanksMsg = TextStim(__class__=<class 'psychopy.visual.text.TextStim'>, alignHoriz='center', alignVert='center', antialias=True, autoLog=True, bold=False, color=array([1., 1., 1.]), colorSpace='rgb', contrast=1.0, depth=0.0, flipHoriz=False, flipVert=False, font='Arial', fontFiles=[], height=1, italic=False, languageStyle='LTR', name='thanksMsg', opacity=1.0, ori=0, pos=array([0., 0.]), rgb=array([1., 1., 1.]), text=str(...), units='deg', win=Window(...), wrapWidth=15.0)
19.1519 	EXP 	instrText: autoDraw = True
22.1187 	DATA 	Keypress: space
22.1383 	EXP 	instrText: autoDraw = False
22.1383 	EXP 	grating: color = '[1. 1. 1.] (rgb)'
22.1383 	EXP 	grating: size = array([3.5, 3.5])
22.1383 	EXP 	grating: ori = 0.0
22.1383 	EXP 	grating: sf = array([1.2, 1.2])
22.2712 	EXP 	fixation: autoDraw = True
22.8722 	EXP 	fixation: autoDraw = False
23.1226 	EXP 	grating: contrast = 0.441471024369746
23.1226 	EXP 	grating: color = -0.021110711997607723
23.1552 	EXP 	grating: contrast = 0.6181122429185031
23.1552 	EXP 	grating: color = 0.04543384999851696
23.1887 	EXP 	grating: contrast = 0.7670387546524297
23.1887 	EXP 	grating: color = 0.11161644400272053
23.2225 	EXP 	grating: contrast = 0.8839589860091086
23.2225 	EXP 	grating: color = 0.1784759000001941
23.2561 	EXP 	grating: contrast = 0.9623866408078977
23.2561 	EXP 	grating: color = 0.24576380600046832
23.2893 	EXP 	grating: contrast = 0.9980940778706855
23.2893 	EXP 	grating: color = 0.3136898820011993
23.3227 	EXP 	grating: contrast = 0.9892652452562888
23.3227 	EXP 	grating: color = 0.3800249199994141
23.3555 	EXP 	grating: contrast = 0.9377167997276493
23.3555 	EXP 	grating: color = 0.4462779719979153
23.3894 	EXP 	grating: contrast = 0.8471885842820334
23.3894 	EXP 	grating: color = 0.5116373940036283
23.4219 	EXP 	grating: contrast = 0.7136117951951264
23.4219 	EXP 	grating: color = 0.5804025520046707
23.4553 	EXP 	grating: contrast = 0.5559593599342416
23.4553 	EXP 	grating: color = 0.6456960340001388
23.4894 	EXP 	grating: contrast = 0.365857553216009
23.4894 	EXP 	grating: color = 0.7141247780018602
23.5222 	EXP 	grating: contrast = 0.16726856193237086
23.5222 	EXP 	grating: color = 0.7798583399999188
23.5560 	EXP 	grating: contrast = -0.04436457704409862
23.5560 	EXP 	grating: color = 0.8474711340022623
23.5890 	EXP 	grating: contrast = -0.2492079894201946
23.5890 	EXP 	grating: color = 0.9135158400022192
23.6219 	EXP 	grating: contrast = -0.4477339639799982
23.6219 	EXP 	grating: color = 0.9811138139994
23.6561 	EXP 	grating: contrast = -0.6230523042079067
23.6561 	EXP 	grating: color = 1
23.6888 	EXP 	grating: contrast = -0.7701877799148117
23.6888 	EXP 	grating: color = 1
23.7221 	EXP 	grating: contrast = -0.8873194002752038
23.7221 	EXP 	grating: color = 1
23.7558 	EXP 	grating: contrast = -0.9642243780820668
23.7558 	EXP 	grating: color = 1
23.7895 	EXP 	grating: contrast = -0.9981631851124674
23.7895 	EXP 	grating: color = 1
23.8224 	EXP 	grating: contrast = -0.9892427880451319
23.8224 	EXP 	grating: color = 1
23.8564 	EXP 	grating: contrast = -0.9380274246113558
23.8564 	EXP 	grating: color = 1
23.8893 	EXP 	grating: contrast = -0.8434940316462121
23.8893 	EXP 	grating: color = 1
23.9222 	EXP 	grating: contrast = -0.7121519279805912
23.9222 	EXP 	grating: color = 1
23.9565 	EXP 	grating: contrast = -0.5517331090212343
23.9565 	EXP 	grating: color = 1
23.9900 	EXP 	grating: contrast = -0.3694032539025289
23.9900 	EXP 	grating: color = 1
24.0226 	EXP 	grating: contrast = -0.16176136794388773
24.0226 	EXP 	grating: color = 1
24.0565 	EXP 	grating: contrast = 0.046170822975924966
24.0565 	EXP 	grating: color = 1
24.0896 	EXP 	grating: contrast = 0.25227848076552345
24.0896 	EXP 	grating: color = 1
24.1229 	EXP 	grating: contrast = 0.4479727671272859
24.1229 	EXP 	grating: color = 1
24.1566 	EXP 	grating: contrast = 0.6206925631350877
24.1566 	EXP 	grating: color = 1
24.1891 	EXP 	grating: contrast = 0.7726403603686697
24.1891 	EXP 	grating: color = 1
24.2229 	EXP 	grating: contrast = 0.8877264864443901
24.2229 	EXP 	grating: color = 1
24.2568 	EXP 	grating: contrast = 0.9641971005578038
24.2568 	EXP 	grating: color = 1
24.2898 	EXP 	grating: contrast = 0.9982125847171816
24.2898 	EXP 	grating: color = 1
24.3233 	EXP 	grating: contrast = 0.9883895064407486
24.3233 	EXP 	grating: color = 1
24.3568 	EXP 	grating: contrast = 0.9362103294963884
24.3568 	EXP 	grating: color = 1
24.3897 	EXP 	grating: contrast = 0.8419378445795724
24.3897 	EXP 	grating: color = 1
24.4236 	EXP 	grating: contrast = 0.7094056852505757
24.4236 	EXP 	grating: color = 1
24.4571 	EXP 	grating: contrast = 0.547249261027105
24.4571 	EXP 	grating: color = 1
24.4895 	EXP 	grating: contrast = 0.35974020591038297
24.4895 	EXP 	grating: color = 1
24.5233 	EXP 	grating: contrast = 0.16239233453621257
24.5233 	EXP 	grating: color = 1
24.5564 	EXP 	grating: contrast = -0.04520510791103404
24.5564 	EXP 	grating: color = 1
24.5903 	EXP 	grating: contrast = -0.25631506928447817
24.5903 	EXP 	grating: color = 1
24.6236 	EXP 	grating: contrast = -0.4518191531182729
24.6236 	EXP 	grating: color = 1
24.6568 	EXP 	grating: contrast = -0.6256933438222523
24.6568 	EXP 	grating: color = 0.9514720520019182
24.6896 	EXP 	grating: contrast = -0.7730860385751839
24.6896 	EXP 	grating: color = 0.8853693900018698
24.7238 	EXP 	grating: contrast = -0.8899281978118131
24.7238 	EXP 	grating: color = 0.8174097039955086
24.7566 	EXP 	grating: contrast = -0.9646891442608811
24.7566 	EXP 	grating: color = 0.7515073999966262
24.7904 	EXP 	grating: contrast = -0.9985389368864154
24.7904 	EXP 	grating: color = 0.6838641779977479
24.8239 	EXP 	grating: contrast = -0.9881686031459788
24.8239 	EXP 	grating: color = 0.6176382199992076
24.8570 	EXP 	grating: contrast = -0.9346057524542368
24.8570 	EXP 	grating: color = 0.5509035619979841
24.8899 	EXP 	grating: contrast = -0.8421855286019653
24.8899 	EXP 	grating: color = 0.4853983899956802
24.9231 	EXP 	grating: contrast = -0.7068910463316769
24.9231 	EXP 	grating: color = 0.4165594520018203
24.9569 	EXP 	grating: contrast = -0.5473628363220591
24.9569 	EXP 	grating: color = 0.3510238960006973
24.9907 	EXP 	grating: contrast = -0.3641942992946846
24.9907 	EXP 	grating: color = 0.2852826879970962
25.0234 	EXP 	grating: contrast = -0.1588687201243761
25.0234 	EXP 	grating: color = 0.21744598999794107
25.0572 	EXP 	grating: contrast = 0.050636843663169506
25.0572 	EXP 	grating: color = 0.15052499000012176
25.0902 	EXP 	grating: contrast = 0.2546285784300762
25.0902 	EXP 	grating: color = 0.08469578599761007
25.1242 	EXP 	grating: contrast = 0.45543479388154967
25.1242 	EXP 	grating: color = 0.016140594001626596
25.1568 	EXP 	grating: contrast = 0.6268453084265168
25.1568 	EXP 	grating: color = 0
25.1907 	EXP 	grating: contrast = 0.7758986069956392
25.1907 	EXP 	grating: color = 0
25.2233 	EXP 	grating: contrast = 0.8894702135528684
25.2233 	EXP 	grating: color = 0
25.2577 	EXP 	grating: contrast = 0.9658760898603401
25.2577 	EXP 	grating: color = 0
25.2907 	EXP 	grating: contrast = 0.9986499908879162
25.2907 	EXP 	grating: color = 0
25.3242 	EXP 	grating: contrast = 0.9876701530996131
25.3242 	EXP 	grating: color = 0
25.3571 	EXP 	grating: contrast = 0.934486576521033
25.3571 	EXP 	grating: color = 0
25.3909 	EXP 	grating: contrast = 0.840761316773483
25.3909 	EXP 	grating: color = 0
25.4242 	EXP 	grating: contrast = 0.7080446904403797
25.4242 	EXP 	grating: color = 0
25.4571 	EXP 	grating: contrast = 0.5459253862822809
25.4571 	EXP 	grating: color = 0
25.4911 	EXP 	grating: contrast = 0.3567213140926445
25.4911 	EXP 	grating: color = 0
25.5239 	EXP 	grating: contrast = 0.1571937205141661
25.5239 	EXP 	grating: color = 0
25.5578 	EXP 	grating: contrast = -0.055078614479207054
25.5578 	EXP 	grating: color = 0
25.5906 	EXP 	grating: contrast = -0.2593588158927183
25.5906 	EXP 	grating: color = 0
25.6247 	EXP 	grating: contrast = -0.4564790301432762
25.6247 	EXP 	grating: color = 0
25.6573 	EXP 	grating: contrast = -0.6312189946680834
25.6573 	EXP 	grating: color = 0
25.6912 	EXP 	grating: contrast = -0.7750354038524149
25.6912 	EXP 	grating: color = 0
25.7243 	EXP 	grating: contrast = -0.8915971070344358
25.7243 	EXP 	grating: color = 0
25.7582 	EXP 	grating: contrast = -0.9660455996803472
25.7582 	EXP 	grating: color = 0
25.7913 	EXP 	grating: contrast = -0.9987907991403876
25.7913 	EXP 	grating: color = 0
25.8244 	EXP 	grating: contrast = -0.987437446414971
25.8244 	EXP 	grating: color = 0
25.8576 	EXP 	grating: contrast = -0.933969126506592
25.8576 	EXP 	grating: color = 0
25.8915 	EXP 	grating: contrast = -0.8392523215307773
25.8915 	EXP 	grating: color = 0
25.9242 	EXP 	grating: contrast = -0.705453145240849
25.9242 	EXP 	grating: color = 0
25.9582 	EXP 	grating: contrast = -0.5403562074360422
25.9582 	EXP 	grating: color = 0
25.9911 	EXP 	grating: contrast = -0.35586994245725745
25.9911 	EXP 	grating: color = 0
26.0241 	EXP 	grating: contrast = -0.15445994939030305
26.0241 	EXP 	grating: color = 0
26.0582 	EXP 	grating: contrast = 0.05765918039690177
26.0582 	EXP 	grating: color = 0
26.0910 	EXP 	grating: contrast = 0.26015475173813934
26.0910 	EXP 	grating: color = 0
26.1244 	EXP 	grating: contrast = 0.45757219958894707
26.1244 	EXP 	grating: color = 0
26.1578 	EXP 	grating: contrast = 0.6283052345128411
26.1578 	EXP 	grating: color = 0
26.1916 	EXP 	grating: contrast = 0.7797290385534185
26.1916 	EXP 	grating: color = 0
26.2242 	EXP 	grating: contrast = 0.8920250149631298
26.2242 	EXP 	grating: color = 0
26.2581 	EXP 	grating: contrast = 0.9672615986083279
26.2581 	EXP 	grating: color = 0
26.2913 	EXP 	grating: contrast = 0.9988876774187789
26.2913 	EXP 	grating: color = 0
26.3244 	EXP 	grating: contrast = 0.9873556680025375
26.3244 	EXP 	grating: color = 0
26.3583 	EXP 	grating: contrast = 0.9314930238526957
26.3583 	EXP 	grating: color = 0
26.3911 	EXP 	grating: contrast = 0.8373001366387874
26.3911 	EXP 	grating: color = 0
26.4245 	EXP 	grating: contrast = 0.7028247936031577
26.4245 	EXP 	grating: color = 0
26.4577 	EXP 	grating: contrast = 0.5425744151967066
26.4577 	EXP 	grating: color = 0
26.4916 	EXP 	grating: contrast = 0.3541487033237849
26.4916 	EXP 	grating: color = 0
26.5245 	EXP 	grating: contrast = 0.153601472992039
26.5245 	EXP 	grating: color = 0
26.5577 	EXP 	grating: contrast = -0.05406255636052762
26.5577 	EXP 	grating: color = 0
26.5921 	EXP 	grating: contrast = -0.26631501614284564
26.5921 	EXP 	grating: color = 0
26.6246 	EXP 	grating: contrast = -0.4591081132059845
26.6246 	EXP 	grating: color = 0
26.6589 	EXP 	grating: contrast = -0.6353961698357308
26.6589 	EXP 	grating: color = 0
26.6922 	EXP 	grating: contrast = -0.78189867931249
26.6922 	EXP 	grating: color = 0
26.7255 	EXP 	grating: contrast = -0.8936299926360339
26.7255 	EXP 	grating: color = 0
26.7579 	EXP 	grating: contrast = -0.9678551410674883
26.7579 	EXP 	grating: color = 0
26.7912 	EXP 	grating: contrast = -0.9988872593403664
26.7912 	EXP 	grating: color = 0
26.8246 	EXP 	grating: contrast = -0.9869728047995738
26.8246 	EXP 	grating: color = 0
26.8582 	EXP 	grating: contrast = -0.9318784926672975
26.8582 	EXP 	grating: color = 0
26.8914 	EXP 	grating: contrast = -0.8372316716029861
26.8914 	EXP 	grating: color = 0
26.9251 	EXP 	grating: contrast = -0.7026426199247023
26.9251 	EXP 	grating: color = 0
26.9580 	EXP 	grating: contrast = -0.5361770213344481
26.9580 	EXP 	grating: color = 0
26.9924 	EXP 	grating: contrast = -0.3502458916567426
26.9924 	EXP 	grating: color = 0
27.0252 	EXP 	grating: contrast = -0.1509110341640268
27.0252 	EXP 	grating: color = 0
27.0585 	EXP 	grating: contrast = 0.05903981589029929
27.0585 	EXP 	grating: color = 0
27.0921 	EXP 	grating: contrast = 0.2629375798320099
27.0921 	EXP 	grating: color = 0
27.1251 	EXP 	grating: contrast = 0.457677888109638
27.1251 	EXP 	grating: color = 0
27.1593 	EXP 	grating: contrast = 0.63738959666095
27.1593 	EXP 	grating: color = 0
27.1917 	EXP 	grating: contrast = 0.7812363134215745
27.1917 	EXP 	grating: color = 0
27.2249 	EXP 	grating: contrast = 0.8960250782169883
27.2249 	EXP 	grating: color = 0
27.2592 	EXP 	grating: contrast = 0.9687628291322291
27.2592 	EXP 	grating: color = 0
27.2920 	EXP 	grating: contrast = 0.9991754171256909
27.2920 	EXP 	grating: color = 0
27.3260 	EXP 	grating: contrast = 0.9867608615303217
27.3260 	EXP 	grating: color = 0
27.3590 	EXP 	grating: contrast = 0.929871981273143
27.3590 	EXP 	grating: color = 0
27.3920 	EXP 	grating: contrast = 0.8344984449493626
27.3920 	EXP 	grating: color = 0
27.4252 	EXP 	grating: contrast = 0.6974325990163479
27.4252 	EXP 	grating: color = 0
27.4590 	EXP 	grating: contrast = 0.5353317665611751
27.4590 	EXP 	grating: color = 0
27.4923 	EXP 	grating: contrast = 0.34945552084389614
27.4923 	EXP 	grating: color = 0
27.5259 	EXP 	grating: contrast = 0.14649807242573792
27.5259 	EXP 	grating: color = 0
27.5590 	EXP 	grating: contrast = -0.06337459490340681
27.5590 	EXP 	grating: color = 0
27.5921 	EXP 	grating: contrast = -0.26704140874840654
27.5921 	EXP 	grating: color = 0
27.6262 	EXP 	grating: contrast = -0.46577258055433013
27.6262 	EXP 	grating: color = 0
27.6589 	EXP 	grating: contrast = -0.6381986347094124
27.6589 	EXP 	grating: color = 0
27.6927 	EXP 	grating: contrast = -0.7838714026414169
27.6927 	EXP 	grating: color = 0
27.7255 	EXP 	grating: contrast = -0.8953875099217886
27.7255 	EXP 	grating: color = 0
27.7596 	EXP 	grating: contrast = -0.9680663466966442
27.7596 	EXP 	grating: color = 0
27.7930 	EXP 	grating: contrast = -0.9992236386704062
27.7930 	EXP 	grating: color = 0
27.8262 	EXP 	grating: contrast = -0.9854728679917806
27.8262 	EXP 	grating: color = 0
27.8593 	EXP 	grating: contrast = -0.9306970501757182
27.8593 	EXP 	grating: color = 0
27.8922 	EXP 	grating: contrast = -0.8339468092613319
27.8922 	EXP 	grating: color = 0
27.9260 	EXP 	grating: contrast = -0.6974832453027823
27.9260 	EXP 	grating: color = 0
27.9450 	DATA 	Keypress: escape
27.9599 	EXP 	grating: contrast = -0.5343859819542195
27.9599 	EXP 	grating: color = 0
27.9923 	EXP 	grating: contrast = -0.3485856472260951
27.9923 	EXP 	grating: color = 0
28.0261 	EXP 	grating: contrast = -0.14650767521343588
28.0261 	EXP 	grating: color = 0
28.0598 	EXP 	grating: contrast = 0.06460170683144814
28.0598 	EXP 	grating: color = 0
28.3261 	EXP 	window1: mouseVisible = True
