20.9108 	WARNING 	User requested fullscreen with size [800 600], but screen is actually [2560, 1440]. Using actual size
21.5275 	EXP 	Created window1 = Window(allowGUI=False, allowStencil=False, args=UNKNOWN, autoLog=True, bitsMode=UNKNOWN, blendMode='avg', color=array([0., 0., 0.]), colorSpace='rgb', fullscr=<method-wrapper '__getattribute__' of attributeSetter object at 0x136008d30>, gamma=None, gammaErrorPolicy='raise', kwargs=UNKNOWN, lms=UNKNOWN, monitor=<psychopy.monitors.calibTools.Monitor object at 0x135e53c88>, multiSample=False, name='window1', numSamples=2, pos=[0.0, 0.0], screen=0, size=array([2560, 1440]), stereo=False, units='deg', useFBO=True, useRetina=False, viewOri=0.0, viewPos=None, viewScale=None, waitBlanking=True, winType='pyglet')
21.5275 	EXP 	window1: recordFrameIntervals = False
21.6949 	EXP 	window1: recordFrameIntervals = True
21.8786 	EXP 	window1: recordFrameIntervals = False
22.2585 	EXP 	Created instrText = TextStim(__class__=<class 'psychopy.visual.text.TextStim'>, alignHoriz='center', alignVert='center', antialias=True, autoLog=True, bold=False, color='white', colorSpace='named', contrast=1.0, depth=0.0, flipHoriz=False, flipVert=False, font='Arial', fontFiles=[], height=1, italic=False, languageStyle='LTR', name='instrText', opacity=1.0, ori=0, pos=array([0., 0.]), rgb=array([255., 255., 255.]), text=str(...), units='deg', win=Window(...), wrapWidth=15.0)
22.2692 	EXP 	Created fixation = GratingStim(__class__=<class 'psychopy.visual.grating.GratingStim'>, autoDraw=False, autoLog=True, blendmode='avg', color='black', colorSpace='named', contrast=1.0, depth=-1.0, interpolate=True, mask='gauss', maskParams=None, name='fixation', opacity=1.0, ori=0.0, phase=array([0., 0.]), pos=array([0., 0.]), rgbPedestal=array([0., 0., 0.]), sf=array([1., 1.]), size=array([1., 1.]), tex=None, texRes=128, units='deg', win=Window(...))
22.2712 	EXP 	Created grating = GratingStim(__class__=<class 'psychopy.visual.grating.GratingStim'>, autoDraw=False, autoLog=True, blendmode='avg', color='white', colorSpace='named', contrast=1.0, depth=-2.0, interpolate=True, mask='gauss', maskParams=None, name='grating', opacity=1.0, ori=1.0, phase=array([0., 0.]), pos=array([0., 0.]), rgbPedestal=array([0., 0., 0.]), sf=array([1., 1.]), size=array([1., 1.]), tex='sin', texRes=128, units='deg', win=Window(...))
22.2828 	EXP 	Created fd_instructions = TextStim(__class__=<class 'psychopy.visual.text.TextStim'>, alignHoriz='center', alignVert='center', antialias=True, autoLog=True, bold=False, color='white', colorSpace='named', contrast=1.0, depth=-1.0, flipHoriz=False, flipVert=False, font='Arial', fontFiles=[], height=1, italic=False, languageStyle='LTR', name='fd_instructions', opacity=1.0, ori=0, pos=array([0., 0.]), rgb=array([255., 255., 255.]), text='default text', units='deg', win=Window(...), wrapWidth=15.0)
22.3255 	EXP 	Created text = TextStim(__class__=<class 'psychopy.visual.text.TextStim'>, alignHoriz='center', alignVert='center', antialias=True, autoLog=True, bold=False, color='white', colorSpace='named', contrast=1.0, depth=0.0, flipHoriz=False, flipVert=False, font='Arial', fontFiles=[], height=1, italic=False, languageStyle='LTR', name='text', opacity=1.0, ori=0, pos=array([0., 0.]), rgb=array([255., 255., 255.]), text=str(...), units='deg', win=Window(...), wrapWidth=15.0)
22.3348 	EXP 	Created fixation = GratingStim(__class__=<class 'psychopy.visual.grating.GratingStim'>, autoDraw=False, autoLog=True, blendmode='avg', color='black', colorSpace='named', contrast=1.0, depth=-1.0, interpolate=True, mask='gauss', maskParams=None, name='fixation', opacity=1.0, ori=0.0, phase=array([0., 0.]), pos=array([0., 0.]), rgbPedestal=array([0., 0., 0.]), sf=array([1., 1.]), size=array([1., 1.]), tex=None, texRes=128, units='deg', win=Window(...))
22.3388 	EXP 	Created grating = GratingStim(__class__=<class 'psychopy.visual.grating.GratingStim'>, autoDraw=False, autoLog=True, blendmode='avg', color='white', colorSpace='named', contrast=1.0, depth=-2.0, interpolate=True, mask='gauss', maskParams=None, name='grating', opacity=1.0, ori=1.0, phase=array([0., 0.]), pos=array([0., 0.]), rgbPedestal=array([0., 0., 0.]), sf=array([1., 1.]), size=array([1., 1.]), tex='sin', texRes=128, units='deg', win=Window(...))
22.3601 	EXP 	Created thanksMsg = TextStim(__class__=<class 'psychopy.visual.text.TextStim'>, alignHoriz='center', alignVert='center', antialias=True, autoLog=True, bold=False, color=array([1., 1., 1.]), colorSpace='rgb', contrast=1.0, depth=0.0, flipHoriz=False, flipVert=False, font='Arial', fontFiles=[], height=1, italic=False, languageStyle='LTR', name='thanksMsg', opacity=1.0, ori=0, pos=array([0., 0.]), rgb=array([1., 1., 1.]), text=str(...), units='deg', win=Window(...), wrapWidth=15.0)
22.3790 	EXP 	instrText: autoDraw = True
23.0771 	DATA 	Keypress: space
23.0963 	EXP 	instrText: autoDraw = False
23.0963 	EXP 	grating: color = '[1. 1. 1.] (rgb)'
23.0963 	EXP 	grating: size = array([3.5, 3.5])
23.0963 	EXP 	grating: ori = 0.0
23.0963 	EXP 	grating: sf = array([1.2, 1.2])
23.2298 	EXP 	fixation: autoDraw = True
23.8310 	EXP 	fixation: autoDraw = False
24.0808 	EXP 	grating: contrast = 0.999604164933208
24.0808 	EXP 	grating: color = -0.019262011999671813
24.1137 	EXP 	grating: contrast = 0.9842008896861824
24.1137 	EXP 	grating: color = 0.046333876001881436
24.1479 	EXP 	grating: contrast = 0.9253871761843322
24.1479 	EXP 	grating: color = 0.11342824800522067
24.1811 	EXP 	grating: contrast = 0.8260421334973499
24.1811 	EXP 	grating: color = 0.18032162199961022
24.2144 	EXP 	grating: contrast = 0.6923481454869204
24.2144 	EXP 	grating: color = 0.24626273000467336
24.2474 	EXP 	grating: contrast = 0.527243393751132
24.2474 	EXP 	grating: color = 0.31291325599886477
24.2807 	EXP 	grating: contrast = 0.3352393758745626
24.2807 	EXP 	grating: color = 0.38087184200412594
24.3145 	EXP 	grating: contrast = 0.13524023258245157
24.3145 	EXP 	grating: color = 0.4465158360035275
24.3481 	EXP 	grating: contrast = -0.07488553066149883
24.3481 	EXP 	grating: color = 0.5135487340012332
24.3806 	EXP 	grating: contrast = -0.2815569281253937
24.3806 	EXP 	grating: color = 0.5805414420028683
24.4141 	EXP 	grating: contrast = -0.47224380220849266
24.4141 	EXP 	grating: color = 0.6462432679982157
24.4480 	EXP 	grating: contrast = -0.6486847400674902
24.4480 	EXP 	grating: color = 0.714368976005062
24.4812 	EXP 	grating: contrast = -0.7919257517509812
24.4812 	EXP 	grating: color = 0.7806075740008964
24.5150 	EXP 	grating: contrast = -0.9004914548177001
24.5150 	EXP 	grating: color = 0.8465005040052347
24.5475 	EXP 	grating: contrast = -0.9720949524787644
24.5475 	EXP 	grating: color = 0.9143153820041334
24.5814 	EXP 	grating: contrast = -0.9995250716421648
24.5814 	EXP 	grating: color = 0.9798922320042038
24.6140 	EXP 	grating: contrast = -0.9833749944137399
24.6140 	EXP 	grating: color = 1
24.6484 	EXP 	grating: contrast = -0.9238310389406936
24.6484 	EXP 	grating: color = 1
24.6814 	EXP 	grating: contrast = -0.824427510007532
24.6814 	EXP 	grating: color = 1
24.7142 	EXP 	grating: contrast = -0.6902025748487264
24.7142 	EXP 	grating: color = 1
24.7483 	EXP 	grating: contrast = -0.5221075182375072
24.7483 	EXP 	grating: color = 1
24.7810 	EXP 	grating: contrast = -0.33776812844834336
24.7810 	EXP 	grating: color = 1
24.8147 	EXP 	grating: contrast = -0.13073638069112625
24.8147 	EXP 	grating: color = 1
24.8487 	EXP 	grating: contrast = 0.08143390434602435
24.8487 	EXP 	grating: color = 1
24.8815 	EXP 	grating: contrast = 0.2855242033411804
24.8815 	EXP 	grating: color = 1
24.9151 	EXP 	grating: contrast = 0.4768041206668473
24.9151 	EXP 	grating: color = 1
24.9486 	EXP 	grating: contrast = 0.6492845714192981
24.9486 	EXP 	grating: color = 1
24.9816 	EXP 	grating: contrast = 0.7936461091596776
24.9816 	EXP 	grating: color = 1
25.0145 	EXP 	grating: contrast = 0.9038190537113981
25.0145 	EXP 	grating: color = 1
25.0480 	EXP 	grating: contrast = 0.9721812546488606
25.0480 	EXP 	grating: color = 1
25.0814 	EXP 	grating: contrast = 0.999593937200778
25.0814 	EXP 	grating: color = 1
25.1150 	EXP 	grating: contrast = 0.9833308234893585
25.1150 	EXP 	grating: color = 1
25.1482 	EXP 	grating: contrast = 0.9237826195585838
25.1482 	EXP 	grating: color = 1
25.1817 	EXP 	grating: contrast = 0.8242991072242318
25.1817 	EXP 	grating: color = 1
25.2152 	EXP 	grating: contrast = 0.6881225038445452
25.2152 	EXP 	grating: color = 1
25.2490 	EXP 	grating: contrast = 0.5175723487480988
25.2490 	EXP 	grating: color = 1
25.2820 	EXP 	grating: contrast = 0.33119653127399024
25.2820 	EXP 	grating: color = 1
25.3152 	EXP 	grating: contrast = 0.12903463605678947
25.3152 	EXP 	grating: color = 1
25.3485 	EXP 	grating: contrast = -0.08144259642308774
25.3485 	EXP 	grating: color = 1
25.3819 	EXP 	grating: contrast = -0.28465116002701296
25.3819 	EXP 	grating: color = 1
25.4153 	EXP 	grating: contrast = -0.4781271286958394
25.4153 	EXP 	grating: color = 1
25.4486 	EXP 	grating: contrast = -0.6518252198679979
25.4486 	EXP 	grating: color = 1
25.4817 	EXP 	grating: contrast = -0.7943401666488781
25.4817 	EXP 	grating: color = 1
25.5150 	EXP 	grating: contrast = -0.9049981899707621
25.5150 	EXP 	grating: color = 1
25.5486 	EXP 	grating: contrast = -0.9736168716155928
25.5486 	EXP 	grating: color = 1
25.5817 	EXP 	grating: contrast = -0.9997473706237079
25.5817 	EXP 	grating: color = 1
25.6155 	EXP 	grating: contrast = -0.9823618791496018
25.6155 	EXP 	grating: color = 0.9504397540003993
25.6487 	EXP 	grating: contrast = -0.9225470426183767
25.6487 	EXP 	grating: color = 0.8842105479998281
25.6817 	EXP 	grating: contrast = -0.8230456275565512
25.6817 	EXP 	grating: color = 0.818040159996599
25.7159 	EXP 	grating: contrast = -0.6836890273229206
25.7159 	EXP 	grating: color = 0.749918223998975
25.7489 	EXP 	grating: contrast = -0.5160759970552183
25.7489 	EXP 	grating: color = 0.6829199099956895
25.7826 	EXP 	grating: contrast = -0.32844466712047404
25.7826 	EXP 	grating: color = 0.6167975540010957
25.8157 	EXP 	grating: contrast = -0.12355195677600407
25.8157 	EXP 	grating: color = 0.5497402519977186
25.8486 	EXP 	grating: contrast = 0.08568631544472194
25.8486 	EXP 	grating: color = 0.4829849179950543
25.8826 	EXP 	grating: contrast = 0.2858161967961266
25.8826 	EXP 	grating: color = 0.4180463039956521
25.9152 	EXP 	grating: contrast = 0.4801332355763076
25.9152 	EXP 	grating: color = 0.350912565998442
25.9497 	EXP 	grating: contrast = 0.6514002629460424
25.9497 	EXP 	grating: color = 0.2844935760003864
25.9824 	EXP 	grating: contrast = 0.7958579584271115
25.9824 	EXP 	grating: color = 0.21732725799665786
26.0159 	EXP 	grating: contrast = 0.9044156456905311
26.0159 	EXP 	grating: color = 0.15061942999454914
26.0489 	EXP 	grating: contrast = 0.9736863047367746
26.0489 	EXP 	grating: color = 0.0834898359971703
26.0828 	EXP 	grating: contrast = 0.9998146914107242
26.0828 	EXP 	grating: color = 0.01639227599662263
26.1161 	EXP 	grating: contrast = 0.9818642998332551
26.1161 	EXP 	grating: color = 0
26.1493 	EXP 	grating: contrast = 0.921052472206007
26.1493 	EXP 	grating: color = 0
26.1825 	EXP 	grating: contrast = 0.8207194636129244
26.1825 	EXP 	grating: color = 0
26.2154 	EXP 	grating: contrast = 0.6820013770996352
26.2154 	EXP 	grating: color = 0
26.2493 	EXP 	grating: contrast = 0.5158595669472639
26.2493 	EXP 	grating: color = 0
26.2831 	EXP 	grating: contrast = 0.32918596538578504
26.2831 	EXP 	grating: color = 0
26.3163 	EXP 	grating: contrast = 0.12332940624092308
26.3163 	EXP 	grating: color = 0
26.3498 	EXP 	grating: contrast = -0.08507425788815497
26.3498 	EXP 	grating: color = 0
26.3830 	EXP 	grating: contrast = -0.29222686177584767
26.3830 	EXP 	grating: color = 0
26.4158 	EXP 	grating: contrast = -0.4830059169131573
26.4158 	EXP 	grating: color = 0
26.4501 	EXP 	grating: contrast = -0.6572668425609074
26.4501 	EXP 	grating: color = 0
26.4830 	EXP 	grating: contrast = -0.7997138155918776
26.4830 	EXP 	grating: color = 0
26.5162 	EXP 	grating: contrast = -0.9061888892035503
26.5162 	EXP 	grating: color = 0
26.5493 	EXP 	grating: contrast = -0.9738611888462004
26.5493 	EXP 	grating: color = 0
26.5833 	EXP 	grating: contrast = -0.9997932270909061
26.5833 	EXP 	grating: color = 0
26.6167 	EXP 	grating: contrast = -0.9809652835585106
26.6167 	EXP 	grating: color = 0
26.6496 	EXP 	grating: contrast = -0.9195720915495683
26.6496 	EXP 	grating: color = 0
26.6835 	EXP 	grating: contrast = -0.8206249190795707
26.6835 	EXP 	grating: color = 0
26.7169 	EXP 	grating: contrast = -0.6797435537861094
26.7169 	EXP 	grating: color = 0
26.7501 	EXP 	grating: contrast = -0.516208394352245
26.7501 	EXP 	grating: color = 0
26.7833 	EXP 	grating: contrast = -0.3232399615350686
26.7833 	EXP 	grating: color = 0
26.8159 	EXP 	grating: contrast = -0.11787441199259246
26.8159 	EXP 	grating: color = 0
26.8498 	EXP 	grating: contrast = 0.08859924073902793
26.8498 	EXP 	grating: color = 0
26.8828 	EXP 	grating: contrast = 0.2918160651803977
26.8828 	EXP 	grating: color = 0
26.9168 	EXP 	grating: contrast = 0.48850003406374376
26.9168 	EXP 	grating: color = 0
26.9505 	EXP 	grating: contrast = 0.6587884238354662
26.9505 	EXP 	grating: color = 0
26.9829 	EXP 	grating: contrast = 0.7976779717613014
26.9829 	EXP 	grating: color = 0
27.0169 	EXP 	grating: contrast = 0.9081380389854068
27.0169 	EXP 	grating: color = 0
27.0500 	EXP 	grating: contrast = 0.974863681203685
27.0500 	EXP 	grating: color = 0
27.0828 	EXP 	grating: contrast = 0.9999065317937927
27.0828 	EXP 	grating: color = 0
27.1166 	EXP 	grating: contrast = 0.981101002494219
27.1166 	EXP 	grating: color = 0
27.1504 	EXP 	grating: contrast = 0.9204944336771569
27.1504 	EXP 	grating: color = 0
27.1836 	EXP 	grating: contrast = 0.8193750889598109
27.1836 	EXP 	grating: color = 0
27.2172 	EXP 	grating: contrast = 0.679584760000165
27.2172 	EXP 	grating: color = 0
27.2500 	EXP 	grating: contrast = 0.5093010728039568
27.2500 	EXP 	grating: color = 0
27.2839 	EXP 	grating: contrast = 0.32420252805598326
27.2839 	EXP 	grating: color = 0
27.3170 	EXP 	grating: contrast = 0.11789314258495592
27.3170 	EXP 	grating: color = 0
27.3503 	EXP 	grating: contrast = -0.09214429248584463
27.3503 	EXP 	grating: color = 0
27.3839 	EXP 	grating: contrast = -0.2993126517072951
27.3839 	EXP 	grating: color = 0
27.4170 	EXP 	grating: contrast = -0.4893106051711231
27.4170 	EXP 	grating: color = 0
27.4499 	EXP 	grating: contrast = -0.6582043915489694
27.4499 	EXP 	grating: color = 0
27.4841 	EXP 	grating: contrast = -0.8029890387273071
27.4841 	EXP 	grating: color = 0
27.5171 	EXP 	grating: contrast = -0.9086435106593689
27.5171 	EXP 	grating: color = 0
27.5508 	EXP 	grating: contrast = -0.9758206009133011
27.5508 	EXP 	grating: color = 0
27.5837 	EXP 	grating: contrast = -0.9999247648199902
27.5837 	EXP 	grating: color = 0
27.6173 	EXP 	grating: contrast = -0.9811549907817373
27.6173 	EXP 	grating: color = 0
27.6509 	EXP 	grating: contrast = -0.9192360637180712
27.6509 	EXP 	grating: color = 0
27.6836 	EXP 	grating: contrast = -0.8172377868803862
27.6836 	EXP 	grating: color = 0
27.7169 	EXP 	grating: contrast = -0.6755226240315939
27.7169 	EXP 	grating: color = 0
27.7502 	EXP 	grating: contrast = -0.5080574723420449
27.7502 	EXP 	grating: color = 0
27.7835 	EXP 	grating: contrast = -0.32177698934025994
27.7835 	EXP 	grating: color = 0
27.8176 	EXP 	grating: contrast = -0.1123135790862931
27.8176 	EXP 	grating: color = 0
27.8513 	EXP 	grating: contrast = 0.09169548886003838
27.8513 	EXP 	grating: color = 0
27.8844 	EXP 	grating: contrast = 0.3012036107851136
27.8844 	EXP 	grating: color = 0
27.9174 	EXP 	grating: contrast = 0.49008953592056315
27.9174 	EXP 	grating: color = 0
27.9508 	EXP 	grating: contrast = 0.6620050096801657
27.9508 	EXP 	grating: color = 0
27.9847 	EXP 	grating: contrast = 0.8012811964616005
27.9847 	EXP 	grating: color = 0
28.0178 	EXP 	grating: contrast = 0.9101161791211828
28.0178 	EXP 	grating: color = 0
28.0506 	EXP 	grating: contrast = 0.9757348188252715
28.0506 	EXP 	grating: color = 0
28.0845 	EXP 	grating: contrast = 0.999973589579867
28.0845 	EXP 	grating: color = 0
28.1173 	EXP 	grating: contrast = 0.9800151480455227
28.1173 	EXP 	grating: color = 0
28.1243 	DATA 	Keypress: up
28.1346 	EXP 	fixation: autoDraw = False
28.1346 	EXP 	grating: autoDraw = False
28.1346 	EXP 	fd_instructions: text = 'Correct!'
28.1346 	EXP 	fd_instructions: autoDraw = True
30.1359 	EXP 	fd_instructions: autoDraw = False
30.1359 	EXP 	grating: color = '[1. 1. 1.] (rgb)'
30.1359 	EXP 	grating: size = array([3.5, 3.5])
30.1359 	EXP 	grating: ori = 0.0
30.1359 	EXP 	grating: sf = array([1.2, 1.2])
30.2694 	EXP 	fixation: autoDraw = True
30.8698 	EXP 	fixation: autoDraw = False
31.1205 	EXP 	grating: contrast = 0.97633788178296
31.1205 	EXP 	grating: color = -0.03360929599875817
31.1534 	EXP 	grating: contrast = 0.9103821454235969
31.1534 	EXP 	grating: color = 0.032785199997306336
31.1865 	EXP 	grating: contrast = 0.8062941395642644
31.1865 	EXP 	grating: color = 0.0984784479951486
31.2200 	EXP 	grating: contrast = 0.6645253583663169
31.2200 	EXP 	grating: color = 0.16564123599528102
31.2539 	EXP 	grating: contrast = 0.49686482990779257
31.2539 	EXP 	grating: color = 0.2314941859949613
31.2865 	EXP 	grating: contrast = 0.30259678491354186
31.2865 	EXP 	grating: color = 0.2991546759949415
31.3206 	EXP 	grating: contrast = 0.09452730374778633
31.3206 	EXP 	grating: color = 0.36687346400140086
31.3531 	EXP 	grating: contrast = -0.11091834933672891
31.3531 	EXP 	grating: color = 0.43241761999524897
31.3870 	EXP 	grating: contrast = -0.3146375829485366
31.3870 	EXP 	grating: color = 0.4989605559967458
31.4201 	EXP 	grating: contrast = -0.5059168945745388
31.4201 	EXP 	grating: color = 0.565877303997695
31.4540 	EXP 	grating: contrast = -0.6729898532571139
31.4540 	EXP 	grating: color = 0.6320000819978304
31.4876 	EXP 	grating: contrast = -0.8156302132070643
31.4876 	EXP 	grating: color = 0.7006197459995747
31.5198 	EXP 	grating: contrast = -0.9176735075512269
31.5198 	EXP 	grating: color = 0.7669461420009611
31.5536 	EXP 	grating: contrast = -0.9800671328394588
31.5536 	EXP 	grating: color = 0.8333500160006224
31.5865 	EXP 	grating: contrast = -0.9999891810983976
31.5865 	EXP 	grating: color = 0.8984823399950983
31.6203 	EXP 	grating: contrast = -0.9762882837621516
31.6203 	EXP 	grating: color = 0.9664675640015048
31.6532 	EXP 	grating: contrast = -0.9085424590216539
31.6532 	EXP 	grating: color = 1
31.6872 	EXP 	grating: contrast = -0.8036095106072192
31.6872 	EXP 	grating: color = 1
31.7200 	EXP 	grating: contrast = -0.6638392259182168
31.7200 	EXP 	grating: color = 1
31.7536 	EXP 	grating: contrast = -0.49300841774605514
31.7536 	EXP 	grating: color = 1
31.7876 	EXP 	grating: contrast = -0.29895615422274585
31.7876 	EXP 	grating: color = 1
31.8201 	EXP 	grating: contrast = -0.09629582558797573
31.8201 	EXP 	grating: color = 1
31.8534 	EXP 	grating: contrast = 0.11202060746191615
31.8534 	EXP 	grating: color = 1
31.8869 	EXP 	grating: contrast = 0.31778619943417435
31.8869 	EXP 	grating: color = 1
31.9204 	EXP 	grating: contrast = 0.5080757913406578
31.9204 	EXP 	grating: color = 1
31.9545 	EXP 	grating: contrast = 0.6733862653744994
31.9545 	EXP 	grating: color = 1
31.9874 	EXP 	grating: contrast = 0.8153887956774086
31.9874 	EXP 	grating: color = 1
32.0210 	EXP 	grating: contrast = 0.9164774615007
32.0210 	EXP 	grating: color = 1
32.0542 	EXP 	grating: contrast = 0.9804410501897471
32.0542 	EXP 	grating: color = 1
32.0876 	EXP 	grating: contrast = 0.9999393827397345
32.0876 	EXP 	grating: color = 1
32.1203 	EXP 	grating: contrast = 0.9759579567611153
32.1203 	EXP 	grating: color = 1
32.1538 	EXP 	grating: contrast = 0.9095838693716247
32.1538 	EXP 	grating: color = 1
32.1873 	EXP 	grating: contrast = 0.8012158312844406
32.1873 	EXP 	grating: color = 1
32.2212 	EXP 	grating: contrast = 0.6581484784248769
32.2212 	EXP 	grating: color = 1
32.2538 	EXP 	grating: contrast = 0.49086739124617024
32.2538 	EXP 	grating: color = 1
32.2874 	EXP 	grating: contrast = 0.2941498862528642
32.2874 	EXP 	grating: color = 1
32.3209 	EXP 	grating: contrast = 0.08874551916455094
32.3209 	EXP 	grating: color = 1
32.3540 	EXP 	grating: contrast = -0.11550403671893089
32.3540 	EXP 	grating: color = 1
32.3872 	EXP 	grating: contrast = -0.32185638974605346
32.3872 	EXP 	grating: color = 1
32.4207 	EXP 	grating: contrast = -0.5132675846159422
32.4207 	EXP 	grating: color = 1
32.4540 	EXP 	grating: contrast = -0.677458149801685
32.4540 	EXP 	grating: color = 1
32.4881 	EXP 	grating: contrast = -0.8169947159281759
32.4881 	EXP 	grating: color = 1
32.5212 	EXP 	grating: contrast = -0.9191298750051198
32.5212 	EXP 	grating: color = 1
32.5546 	EXP 	grating: contrast = -0.9810620499319334
32.5546 	EXP 	grating: color = 1
32.5876 	EXP 	grating: contrast = -0.9999210019572394
32.5876 	EXP 	grating: color = 1
32.6210 	EXP 	grating: contrast = -0.9749680337334395
32.6210 	EXP 	grating: color = 1
32.6547 	EXP 	grating: contrast = -0.9072780559201048
32.6547 	EXP 	grating: color = 0.9648372060037218
32.6881 	EXP 	grating: contrast = -0.8028725732464754
32.6881 	EXP 	grating: color = 0.8996733980020508
32.7213 	EXP 	grating: contrast = -0.6586341153986834
32.7213 	EXP 	grating: color = 0.8318515440041665
32.7540 	EXP 	grating: contrast = -0.4891320084199181
32.7540 	EXP 	grating: color = 0.7656763839986525
32.7874 	EXP 	grating: contrast = -0.2973692557353032
32.7874 	EXP 	grating: color = 0.6991090759984218
32.8208 	EXP 	grating: contrast = -0.09103908958709053
32.8208 	EXP 	grating: color = 0.6320219699991867
32.8544 	EXP 	grating: contrast = 0.11956674101016376
32.8544 	EXP 	grating: color = 0.5648587780015077
32.8882 	EXP 	grating: contrast = 0.3247798142574846
32.8882 	EXP 	grating: color = 0.49769324600492837
32.9220 	EXP 	grating: contrast = 0.5149219745535359
32.9220 	EXP 	grating: color = 0.43081222400360275
32.9546 	EXP 	grating: contrast = 0.6815688851267417
32.9546 	EXP 	grating: color = 0.36428853800316574
32.9877 	EXP 	grating: contrast = 0.8190224932939907
32.9877 	EXP 	grating: color = 0.29750794600113295
33.0215 	EXP 	grating: contrast = 0.9191571034794639
33.0215 	EXP 	grating: color = 0.2318617560013081
33.0555 	EXP 	grating: contrast = 0.9818549501141051
33.0555 	EXP 	grating: color = 0.16372065400355496
33.0880 	EXP 	grating: contrast = 0.9998675780659438
33.0880 	EXP 	grating: color = 0.09780880399921443
33.1218 	EXP 	grating: contrast = 0.9740343368067582
33.1218 	EXP 	grating: color = 0.030294317999505438
33.1553 	EXP 	grating: contrast = 0.9081252355008614
33.1553 	EXP 	grating: color = 0
33.1882 	EXP 	grating: contrast = 0.7998887601201428
33.1882 	EXP 	grating: color = 0
33.2214 	EXP 	grating: contrast = 0.6549857503521025
33.2214 	EXP 	grating: color = 0
33.2553 	EXP 	grating: contrast = 0.4830405715224193
33.2553 	EXP 	grating: color = 0
33.2883 	EXP 	grating: contrast = 0.29273026643980216
33.2883 	EXP 	grating: color = 0
33.3222 	EXP 	grating: contrast = 0.08358334761626797
33.3222 	EXP 	grating: color = 0
33.3554 	EXP 	grating: contrast = -0.12392459172097309
33.3554 	EXP 	grating: color = 0
33.3884 	EXP 	grating: contrast = -0.32546646405070423
33.3884 	EXP 	grating: color = 0
33.4219 	EXP 	grating: contrast = -0.5167233413401141
33.4219 	EXP 	grating: color = 0
33.4553 	EXP 	grating: contrast = -0.6813107896662172
33.4553 	EXP 	grating: color = 0
33.4882 	EXP 	grating: contrast = -0.8183748914629732
33.4882 	EXP 	grating: color = 0
33.5219 	EXP 	grating: contrast = -0.9203332925420085
33.5219 	EXP 	grating: color = 0
33.5557 	EXP 	grating: contrast = -0.9814253011839522
33.5557 	EXP 	grating: color = 0
33.5891 	EXP 	grating: contrast = -0.9998464213395518
33.5891 	EXP 	grating: color = 0
33.6217 	EXP 	grating: contrast = -0.9739907385873239
33.6217 	EXP 	grating: color = 0
33.6556 	EXP 	grating: contrast = -0.904872759257977
33.6556 	EXP 	grating: color = 0
33.6895 	EXP 	grating: contrast = -0.7987955213669375
33.6895 	EXP 	grating: color = 0
33.7226 	EXP 	grating: contrast = -0.6570188534102402
33.7226 	EXP 	grating: color = 0
33.7553 	EXP 	grating: contrast = -0.48319261591882
33.7553 	EXP 	grating: color = 0
33.7885 	EXP 	grating: contrast = -0.2887730344469023
33.7885 	EXP 	grating: color = 0
33.7910 	DATA 	Keypress: up
33.8059 	EXP 	fixation: autoDraw = False
33.8059 	EXP 	grating: autoDraw = False
33.8059 	EXP 	fd_instructions: text = 'Correct!'
33.8059 	EXP 	fd_instructions: autoDraw = True
34.5083 	DATA 	Keypress: escape
34.8746 	EXP 	window1: mouseVisible = True
