9.6369 	WARNING 	User requested fullscreen with size [800 600], but screen is actually [2560, 1440]. Using actual size
10.4159 	EXP 	Created window1 = Window(allowGUI=False, allowStencil=False, args=UNKNOWN, autoLog=True, bitsMode=UNKNOWN, blendMode='avg', color=array([0., 0., 0.]), colorSpace='rgb', fullscr=<method-wrapper '__getattribute__' of attributeSetter object at 0x135f4e668>, gamma=None, gammaErrorPolicy='raise', kwargs=UNKNOWN, lms=UNKNOWN, monitor=<psychopy.monitors.calibTools.Monitor object at 0x135c520b8>, multiSample=False, name='window1', numSamples=2, pos=[0.0, 0.0], screen=0, size=array([2560, 1440]), stereo=False, units='deg', useFBO=True, useRetina=False, viewOri=0.0, viewPos=None, viewScale=None, waitBlanking=True, winType='pyglet')
10.4159 	EXP 	window1: recordFrameIntervals = False
10.5811 	EXP 	window1: recordFrameIntervals = True
10.7650 	EXP 	window1: recordFrameIntervals = False
11.2616 	EXP 	Created instrText = TextStim(__class__=<class 'psychopy.visual.text.TextStim'>, alignHoriz='center', alignVert='center', antialias=True, autoLog=True, bold=False, color='white', colorSpace='named', contrast=1.0, depth=0.0, flipHoriz=False, flipVert=False, font='Arial', fontFiles=[], height=1, italic=False, languageStyle='LTR', name='instrText', opacity=1.0, ori=0, pos=array([0., 0.]), rgb=array([255., 255., 255.]), text=str(...), units='deg', win=Window(...), wrapWidth=15.0)
11.2716 	EXP 	Created fixation = GratingStim(__class__=<class 'psychopy.visual.grating.GratingStim'>, autoDraw=False, autoLog=True, blendmode='avg', color='black', colorSpace='named', contrast=1.0, depth=-1.0, interpolate=True, mask='gauss', maskParams=None, name='fixation', opacity=1.0, ori=0.0, phase=array([0., 0.]), pos=array([0., 0.]), rgbPedestal=array([0., 0., 0.]), sf=array([1., 1.]), size=array([1., 1.]), tex=None, texRes=128, units='deg', win=Window(...))
11.2738 	EXP 	Created grating = GratingStim(__class__=<class 'psychopy.visual.grating.GratingStim'>, autoDraw=False, autoLog=True, blendmode='avg', color='white', colorSpace='named', contrast=1.0, depth=-2.0, interpolate=True, mask='gauss', maskParams=None, name='grating', opacity=1.0, ori=1.0, phase=array([0., 0.]), pos=array([0., 0.]), rgbPedestal=array([0., 0., 0.]), sf=array([1., 1.]), size=array([1., 1.]), tex='sin', texRes=128, units='deg', win=Window(...))
11.2855 	EXP 	Created fd_instructions = TextStim(__class__=<class 'psychopy.visual.text.TextStim'>, alignHoriz='center', alignVert='center', antialias=True, autoLog=True, bold=False, color='white', colorSpace='named', contrast=1.0, depth=-1.0, flipHoriz=False, flipVert=False, font='Arial', fontFiles=[], height=1, italic=False, languageStyle='LTR', name='fd_instructions', opacity=1.0, ori=0, pos=array([0., 0.]), rgb=array([255., 255., 255.]), text='default text', units='deg', win=Window(...), wrapWidth=15.0)
11.3145 	EXP 	Sound beep set volume 1.000
11.3589 	EXP 	Created text = TextStim(__class__=<class 'psychopy.visual.text.TextStim'>, alignHoriz='center', alignVert='center', antialias=True, autoLog=True, bold=False, color='white', colorSpace='named', contrast=1.0, depth=0.0, flipHoriz=False, flipVert=False, font='Arial', fontFiles=[], height=1, italic=False, languageStyle='LTR', name='text', opacity=1.0, ori=0, pos=array([0., 0.]), rgb=array([255., 255., 255.]), text=str(...), units='deg', win=Window(...), wrapWidth=15.0)
11.3912 	EXP 	Created fixation = GratingStim(__class__=<class 'psychopy.visual.grating.GratingStim'>, autoDraw=False, autoLog=True, blendmode='avg', color='black', colorSpace='named', contrast=1.0, depth=-1.0, interpolate=True, mask='gauss', maskParams=None, name='fixation', opacity=1.0, ori=0.0, phase=array([0., 0.]), pos=array([0., 0.]), rgbPedestal=array([0., 0., 0.]), sf=array([1., 1.]), size=array([1., 1.]), tex=None, texRes=128, units='deg', win=Window(...))
11.3954 	EXP 	Created grating = GratingStim(__class__=<class 'psychopy.visual.grating.GratingStim'>, autoDraw=False, autoLog=True, blendmode='avg', color='white', colorSpace='named', contrast=1.0, depth=-2.0, interpolate=True, mask='gauss', maskParams=None, name='grating', opacity=1.0, ori=1.0, phase=array([0., 0.]), pos=array([0., 0.]), rgbPedestal=array([0., 0., 0.]), sf=array([1., 1.]), size=array([1., 1.]), tex='sin', texRes=128, units='deg', win=Window(...))
11.4159 	EXP 	Created thanksMsg = TextStim(__class__=<class 'psychopy.visual.text.TextStim'>, alignHoriz='center', alignVert='center', antialias=True, autoLog=True, bold=False, color=array([1., 1., 1.]), colorSpace='rgb', contrast=1.0, depth=0.0, flipHoriz=False, flipVert=False, font='Arial', fontFiles=[], height=1, italic=False, languageStyle='LTR', name='thanksMsg', opacity=1.0, ori=0, pos=array([0., 0.]), rgb=array([1., 1., 1.]), text=str(...), units='deg', win=Window(...), wrapWidth=15.0)
11.4322 	EXP 	instrText: autoDraw = True
12.0704 	DATA 	Keypress: space
12.0840 	EXP 	instrText: autoDraw = False
12.0840 	EXP 	grating: color = '[1. 1. 1.] (rgb)'
12.0840 	EXP 	grating: size = array([3.5, 3.5])
12.0840 	EXP 	grating: ori = 90.0
12.0840 	EXP 	grating: sf = array([1.2, 1.2])
12.2011 	EXP 	fixation: autoDraw = True
12.8014 	EXP 	fixation: autoDraw = False
13.0516 	EXP 	grating: contrast = -0.9230303390313895
13.0516 	EXP 	grating: color = -0.06422118599584792
13.0848 	EXP 	grating: contrast = -0.982933529224198
13.0848 	EXP 	grating: color = 0.002577876002760604
13.1179 	EXP 	grating: contrast = -0.9997392237234168
13.1179 	EXP 	grating: color = 0.06876205599837704
13.1514 	EXP 	grating: contrast = -0.971902813995109
13.1514 	EXP 	grating: color = 0.1371194480016129
13.1849 	EXP 	grating: contrast = -0.903259578219142
13.1849 	EXP 	grating: color = 0.20265130400366616
13.2181 	EXP 	grating: contrast = -0.7939420382591753
13.2181 	EXP 	grating: color = 0.2695088320033392
13.2520 	EXP 	grating: contrast = -0.6476636070397803
13.2520 	EXP 	grating: color = 0.3372386820046813
13.2849 	EXP 	grating: contrast = -0.47742137829336134
13.2849 	EXP 	grating: color = 0.4030570160030038
13.3188 	EXP 	grating: contrast = -0.2811871911235656
13.3188 	EXP 	grating: color = 0.4707640260021435
13.3511 	EXP 	grating: contrast = -0.07809937217486289
13.3511 	EXP 	grating: color = 0.5366160880003008
13.3851 	EXP 	grating: contrast = 0.13070484812890495
13.3851 	EXP 	grating: color = 0.6032083539976156
13.4187 	EXP 	grating: contrast = 0.3351397531065662
13.4187 	EXP 	grating: color = 0.6702694679988781
13.4518 	EXP 	grating: contrast = 0.5222771300441238
13.4518 	EXP 	grating: color = 0.7364082720014267
13.4852 	EXP 	grating: contrast = 0.688966095083845
13.4852 	EXP 	grating: color = 0.8034238620020915
13.5191 	EXP 	grating: contrast = 0.8230977912371651
13.5191 	EXP 	grating: color = 0.8692814280002494
13.5515 	EXP 	grating: contrast = 0.9245439965434461
13.5515 	EXP 	grating: color = 0.9370458220000728
13.5854 	EXP 	grating: contrast = 0.9837330875720744
13.5854 	EXP 	grating: color = 1
13.6183 	EXP 	grating: contrast = 0.9996445812385005
13.6183 	EXP 	grating: color = 1
13.6521 	EXP 	grating: contrast = 0.9717692297766087
13.6521 	EXP 	grating: color = 1
13.6849 	EXP 	grating: contrast = 0.9019266815800796
13.6849 	EXP 	grating: color = 1
13.7189 	EXP 	grating: contrast = 0.7916877443179533
13.7189 	EXP 	grating: color = 1
13.7522 	EXP 	grating: contrast = 0.6475639820648571
13.7522 	EXP 	grating: color = 1
13.7858 	EXP 	grating: contrast = 0.47534717311554364
13.7858 	EXP 	grating: color = 1
13.8189 	EXP 	grating: contrast = 0.28044469699422164
13.8189 	EXP 	grating: color = 1
13.8521 	EXP 	grating: contrast = 0.07695577262016749
13.8521 	EXP 	grating: color = 1
13.8852 	EXP 	grating: contrast = -0.13393050825899075
13.8852 	EXP 	grating: color = 1
13.9190 	EXP 	grating: contrast = -0.33781980374022147
13.9190 	EXP 	grating: color = 1
13.9519 	EXP 	grating: contrast = -0.5246763320015502
13.9519 	EXP 	grating: color = 1
13.9859 	EXP 	grating: contrast = -0.6925499096445695
13.9859 	EXP 	grating: color = 1
14.0194 	EXP 	grating: contrast = -0.8278450999991784
14.0194 	EXP 	grating: color = 1
14.0522 	EXP 	grating: contrast = -0.9256350726276842
14.0522 	EXP 	grating: color = 1
14.0854 	EXP 	grating: contrast = -0.9840608321805822
14.0854 	EXP 	grating: color = 1
14.1193 	EXP 	grating: contrast = -0.9995020739027761
14.1193 	EXP 	grating: color = 1
14.1521 	EXP 	grating: contrast = -0.971481786843606
14.1521 	EXP 	grating: color = 1
14.1858 	EXP 	grating: contrast = -0.9000899265586393
14.1858 	EXP 	grating: color = 1
14.2190 	EXP 	grating: contrast = -0.790583224773417
14.2190 	EXP 	grating: color = 1
14.2524 	EXP 	grating: contrast = -0.6440400091709252
14.2524 	EXP 	grating: color = 1
14.2856 	EXP 	grating: contrast = -0.47077273787978247
14.2856 	EXP 	grating: color = 1
14.3187 	EXP 	grating: contrast = -0.27699529240569143
14.3187 	EXP 	grating: color = 1
14.3521 	EXP 	grating: contrast = -0.07078411115671045
14.3521 	EXP 	grating: color = 1
14.3858 	EXP 	grating: contrast = 0.13719557807491592
14.3858 	EXP 	grating: color = 1
14.4192 	EXP 	grating: contrast = 0.33558722398047125
14.4192 	EXP 	grating: color = 1
14.4530 	EXP 	grating: contrast = 0.5302137572241736
14.4530 	EXP 	grating: color = 1
14.4856 	EXP 	grating: contrast = 0.691676125393527
14.4856 	EXP 	grating: color = 1
14.5197 	EXP 	grating: contrast = 0.8290039166706622
14.5197 	EXP 	grating: color = 1
14.5526 	EXP 	grating: contrast = 0.9261395702625204
14.5526 	EXP 	grating: color = 1
14.5858 	EXP 	grating: contrast = 0.9840273198538586
14.5858 	EXP 	grating: color = 0.9954828939953586
14.6197 	EXP 	grating: contrast = 0.9993859036102323
14.6197 	EXP 	grating: color = 0.927354095998453
14.6530 	EXP 	grating: contrast = 0.9707760594723124
14.6530 	EXP 	grating: color = 0.8613661999988835
14.6861 	EXP 	grating: contrast = 0.8991722087130769
14.6861 	EXP 	grating: color = 0.7943502119960613
14.7198 	EXP 	grating: contrast = 0.7902374899722725
14.7198 	EXP 	grating: color = 0.7285549160005758
14.7533 	EXP 	grating: contrast = 0.6411440095672973
14.7533 	EXP 	grating: color = 0.6600540919971536
14.7866 	EXP 	grating: contrast = 0.46815550622335367
14.7866 	EXP 	grating: color = 0.5935993019957095
14.8197 	EXP 	grating: contrast = 0.2742225314336048
14.8197 	EXP 	grating: color = 0.5269313759999932
14.8529 	EXP 	grating: contrast = 0.0705279278260709
14.8529 	EXP 	grating: color = 0.4609801519982284
14.8864 	EXP 	grating: contrast = -0.14185562149993122
14.8864 	EXP 	grating: color = 0.3932092079994618
14.9196 	EXP 	grating: contrast = -0.3404780951786152
14.9196 	EXP 	grating: color = 0.3279244539953652
14.9535 	EXP 	grating: contrast = -0.5328289694038043
14.9535 	EXP 	grating: color = 0.2596197359962389
14.9864 	EXP 	grating: contrast = -0.6936343061092616
14.9864 	EXP 	grating: color = 0.19452406799973687
15.0201 	EXP 	grating: contrast = -0.8272543389973213
15.0201 	EXP 	grating: color = 0.12841599999956088
15.0535 	EXP 	grating: contrast = -0.9256738451244808
15.0535 	EXP 	grating: color = 0.062019290002353955
15.0863 	EXP 	grating: contrast = -0.9846707186737939
15.0863 	EXP 	grating: color = 0
15.1200 	EXP 	grating: contrast = -0.9993074985208599
15.1200 	EXP 	grating: color = 0
15.1528 	EXP 	grating: contrast = -0.9708609618634971
15.1528 	EXP 	grating: color = 0
15.1872 	EXP 	grating: contrast = -0.8966907692909041
15.1872 	EXP 	grating: color = 0
15.2202 	EXP 	grating: contrast = -0.7857688657366758
15.2202 	EXP 	grating: color = 0
15.2532 	EXP 	grating: contrast = -0.643347631042051
15.2532 	EXP 	grating: color = 0
15.2871 	EXP 	grating: contrast = -0.4707822668989323
15.2871 	EXP 	grating: color = 0
15.3199 	EXP 	grating: contrast = -0.27501557210504385
15.3199 	EXP 	grating: color = 0
15.3538 	EXP 	grating: contrast = -0.07061650666270637
15.3538 	EXP 	grating: color = 0
15.3865 	EXP 	grating: contrast = 0.14130856334337993
15.3865 	EXP 	grating: color = 0
15.4201 	EXP 	grating: contrast = 0.346471694772308
15.4201 	EXP 	grating: color = 0
15.4537 	EXP 	grating: contrast = 0.5315410657535631
15.4537 	EXP 	grating: color = 0
15.4863 	EXP 	grating: contrast = 0.6951615724129472
15.4863 	EXP 	grating: color = 0
15.8766 	EXP 	window1: mouseVisible = True
