7.5477 	WARNING 	User requested fullscreen with size [800 600], but screen is actually [2560, 1440]. Using actual size
8.2824 	EXP 	Created window1 = Window(allowGUI=False, allowStencil=False, args=UNKNOWN, autoLog=True, bitsMode=UNKNOWN, blendMode='avg', color=array([0., 0., 0.]), colorSpace='rgb', fullscr=<method-wrapper '__getattribute__' of attributeSetter object at 0x136850b70>, gamma=None, gammaErrorPolicy='raise', kwargs=UNKNOWN, lms=UNKNOWN, monitor=<psychopy.monitors.calibTools.Monitor object at 0x135c4b630>, multiSample=False, name='window1', numSamples=2, pos=[0.0, 0.0], screen=0, size=array([2560, 1440]), stereo=False, units='deg', useFBO=True, useRetina=False, viewOri=0.0, viewPos=None, viewScale=None, waitBlanking=True, winType='pyglet')
8.2824 	EXP 	window1: recordFrameIntervals = False
8.4482 	EXP 	window1: recordFrameIntervals = True
8.6458 	WARNING 	t of last frame was 30.61ms (=1/32)
8.8322 	EXP 	window1: recordFrameIntervals = False
9.1202 	EXP 	Created instrText = TextStim(__class__=<class 'psychopy.visual.text.TextStim'>, alignHoriz='center', alignVert='center', antialias=True, autoLog=True, bold=False, color='white', colorSpace='named', contrast=1.0, depth=0.0, flipHoriz=False, flipVert=False, font='Arial', fontFiles=[], height=1, italic=False, languageStyle='LTR', name='instrText', opacity=1.0, ori=0, pos=array([0., 0.]), rgb=array([255., 255., 255.]), text=str(...), units='deg', win=Window(...), wrapWidth=15.0)
9.1306 	EXP 	Created fixation = GratingStim(__class__=<class 'psychopy.visual.grating.GratingStim'>, autoDraw=False, autoLog=True, blendmode='avg', color='black', colorSpace='named', contrast=1.0, depth=-1.0, interpolate=True, mask='gauss', maskParams=None, name='fixation', opacity=1.0, ori=0.0, phase=array([0., 0.]), pos=array([0., 0.]), rgbPedestal=array([0., 0., 0.]), sf=array([1., 1.]), size=array([1., 1.]), tex=None, texRes=128, units='deg', win=Window(...))
9.1329 	EXP 	Created grating = GratingStim(__class__=<class 'psychopy.visual.grating.GratingStim'>, autoDraw=False, autoLog=True, blendmode='avg', color='white', colorSpace='named', contrast=1.0, depth=-2.0, interpolate=True, mask='gauss', maskParams=None, name='grating', opacity=1.0, ori=1.0, phase=array([0., 0.]), pos=array([0., 0.]), rgbPedestal=array([0., 0., 0.]), sf=array([1., 1.]), size=array([1., 1.]), tex='sin', texRes=128, units='deg', win=Window(...))
9.1446 	EXP 	Created fd_instructions = TextStim(__class__=<class 'psychopy.visual.text.TextStim'>, alignHoriz='center', alignVert='center', antialias=True, autoLog=True, bold=False, color='white', colorSpace='named', contrast=1.0, depth=-1.0, flipHoriz=False, flipVert=False, font='Arial', fontFiles=[], height=1, italic=False, languageStyle='LTR', name='fd_instructions', opacity=1.0, ori=0, pos=array([0., 0.]), rgb=array([255., 255., 255.]), text='default text', units='deg', win=Window(...), wrapWidth=15.0)
9.1826 	EXP 	Created text = TextStim(__class__=<class 'psychopy.visual.text.TextStim'>, alignHoriz='center', alignVert='center', antialias=True, autoLog=True, bold=False, color='white', colorSpace='named', contrast=1.0, depth=0.0, flipHoriz=False, flipVert=False, font='Arial', fontFiles=[], height=1, italic=False, languageStyle='LTR', name='text', opacity=1.0, ori=0, pos=array([0., 0.]), rgb=array([255., 255., 255.]), text=str(...), units='deg', win=Window(...), wrapWidth=15.0)
9.1928 	EXP 	Created fixation = GratingStim(__class__=<class 'psychopy.visual.grating.GratingStim'>, autoDraw=False, autoLog=True, blendmode='avg', color='black', colorSpace='named', contrast=1.0, depth=-1.0, interpolate=True, mask='gauss', maskParams=None, name='fixation', opacity=1.0, ori=0.0, phase=array([0., 0.]), pos=array([0., 0.]), rgbPedestal=array([0., 0., 0.]), sf=array([1., 1.]), size=array([1., 1.]), tex=None, texRes=128, units='deg', win=Window(...))
9.1971 	EXP 	Created grating = GratingStim(__class__=<class 'psychopy.visual.grating.GratingStim'>, autoDraw=False, autoLog=True, blendmode='avg', color='white', colorSpace='named', contrast=1.0, depth=-2.0, interpolate=True, mask='gauss', maskParams=None, name='grating', opacity=1.0, ori=1.0, phase=array([0., 0.]), pos=array([0., 0.]), rgbPedestal=array([0., 0., 0.]), sf=array([1., 1.]), size=array([1., 1.]), tex='sin', texRes=128, units='deg', win=Window(...))
9.2186 	EXP 	Created thanksMsg = TextStim(__class__=<class 'psychopy.visual.text.TextStim'>, alignHoriz='center', alignVert='center', antialias=True, autoLog=True, bold=False, color=array([1., 1., 1.]), colorSpace='rgb', contrast=1.0, depth=0.0, flipHoriz=False, flipVert=False, font='Arial', fontFiles=[], height=1, italic=False, languageStyle='LTR', name='thanksMsg', opacity=1.0, ori=0, pos=array([0., 0.]), rgb=array([1., 1., 1.]), text=str(...), units='deg', win=Window(...), wrapWidth=15.0)
9.2487 	EXP 	instrText: autoDraw = True
9.6754 	EXP 	Imported stairDefinitions.xlsx as conditions, 1 conditions, 9 params
9.7912 	DATA 	Keypress: space
9.7998 	EXP 	instrText: autoDraw = False
9.7998 	EXP 	grating: color = '[0.25 0.25 0.25] (rgb)'
9.7998 	EXP 	grating: size = array([3.5, 3.5])
9.7998 	EXP 	grating: ori = 0.0
9.7998 	EXP 	grating: sf = array([1.2, 1.2])
9.9353 	EXP 	fixation: autoDraw = True
10.5343 	EXP 	fixation: autoDraw = False
10.7849 	EXP 	grating: phase = -0.4380499048756351
10.7849 	EXP 	grating: color = -0.010199827025644481
10.8181 	EXP 	grating: phase = -0.23980984585084258
10.8181 	EXP 	grating: color = 0.006605644943192601
10.8515 	EXP 	grating: phase = -0.028108519236775
10.8515 	EXP 	grating: color = 0.023645671899430454
10.8844 	EXP 	grating: phase = 0.17503950136060953
10.8844 	EXP 	grating: color = 0.03988422197289765
10.9183 	EXP 	grating: phase = 0.3811387860367152
10.9183 	EXP 	grating: color = 0.057000295957550406
10.9524 	EXP 	grating: phase = 0.5592946333629604
10.9524 	EXP 	grating: color = 0.07313013344537467
10.9850 	EXP 	grating: phase = 0.7214359178034673
10.9850 	EXP 	grating: color = 0.09001166594680399
11.0190 	EXP 	grating: phase = 0.8500628595389462
11.0190 	EXP 	grating: color = 0.10674034291878343
11.0515 	EXP 	grating: phase = 0.9423079961501637
11.0515 	EXP 	grating: color = 0.12371989793609828
11.0847 	EXP 	grating: phase = 0.9909518073407204
11.0847 	EXP 	grating: color = 0.14016885648015887
11.1183 	EXP 	grating: phase = 0.9970792852321427
11.1183 	EXP 	grating: color = 0.1569666409632191
11.1521 	EXP 	grating: phase = 0.9578109580660434
11.1521 	EXP 	grating: color = 0.17410001845564693
11.1850 	EXP 	grating: phase = 0.8792435159059822
11.1850 	EXP 	grating: color = 0.1904100754763931
11.2183 	EXP 	grating: phase = 0.7652338916927492
11.2183 	EXP 	grating: color = 0.20655545347835869
11.2514 	EXP 	grating: phase = 0.5995315867139942
11.2514 	EXP 	grating: color = 0.22472046094480902
11.2855 	EXP 	grating: phase = 0.43244874654142934
11.2855 	EXP 	grating: color = 0.24029424600303173
11.3183 	EXP 	grating: phase = 0.23345842028529531
11.3183 	EXP 	grating: color = 0.25
11.3529 	EXP 	grating: phase = 0.023304379600209403
11.3529 	EXP 	grating: color = 0.25
11.3850 	EXP 	grating: phase = -0.1763827052576348
11.3850 	EXP 	grating: color = 0.25
11.4192 	EXP 	grating: phase = -0.3850799155106618
11.4192 	EXP 	grating: color = 0.25
11.4516 	EXP 	grating: phase = -0.5653014422487547
11.4516 	EXP 	grating: color = 0.25
11.4849 	EXP 	grating: phase = -0.7247795356282645
11.4849 	EXP 	grating: color = 0.25
11.5184 	EXP 	grating: phase = -0.8515416219710839
11.5184 	EXP 	grating: color = 0.25
11.5533 	EXP 	grating: phase = -0.9414540340419777
11.5533 	EXP 	grating: color = 0.25
11.5851 	EXP 	grating: phase = -0.9909865042617436
11.5851 	EXP 	grating: color = 0.25
11.6185 	EXP 	grating: phase = -0.9972188057096637
11.6185 	EXP 	grating: color = 0.25
11.6522 	EXP 	grating: phase = -0.960452398268329
11.6522 	EXP 	grating: color = 0.25
11.6852 	EXP 	grating: phase = -0.8805202862804469
11.6852 	EXP 	grating: color = 0.25
11.7187 	EXP 	grating: phase = -0.7606305987832342
11.7187 	EXP 	grating: color = 0.25
11.7523 	EXP 	grating: phase = -0.6108258421933235
11.7523 	EXP 	grating: color = 0.25
11.7862 	EXP 	grating: phase = -0.4294892710615817
11.7862 	EXP 	grating: color = 0.25
11.8198 	EXP 	grating: phase = -0.23227382283892956
11.8198 	EXP 	grating: color = 0.25
11.8522 	EXP 	grating: phase = -0.020856275097164274
11.8522 	EXP 	grating: color = 0.25
11.8858 	EXP 	grating: phase = 0.17980342741446226
11.8858 	EXP 	grating: color = 0.25
11.9190 	EXP 	grating: phase = 0.38112480445533103
11.9190 	EXP 	grating: color = 0.25
11.9534 	EXP 	grating: phase = 0.5682142647918961
11.9534 	EXP 	grating: color = 0.25
11.9855 	EXP 	grating: phase = 0.7238389206939098
11.9855 	EXP 	grating: color = 0.25
12.0191 	EXP 	grating: phase = 0.8544833084684079
12.0191 	EXP 	grating: color = 0.25
12.0526 	EXP 	grating: phase = 0.9430264861004476
12.0526 	EXP 	grating: color = 0.25
12.0863 	EXP 	grating: phase = 0.9917342867477155
12.0863 	EXP 	grating: color = 0.25
12.1199 	EXP 	grating: phase = 0.9968362130681203
12.1199 	EXP 	grating: color = 0.25
12.1535 	EXP 	grating: phase = 0.958407498292981
12.1535 	EXP 	grating: color = 0.25
12.1864 	EXP 	grating: phase = 0.8751966650115762
12.1864 	EXP 	grating: color = 0.25
12.2192 	EXP 	grating: phase = 0.7596628722681746
12.2192 	EXP 	grating: color = 0.25
12.2534 	EXP 	grating: phase = 0.6095291763863461
12.2534 	EXP 	grating: color = 0.25
12.2860 	EXP 	grating: phase = 0.42408439809101917
12.2860 	EXP 	grating: color = 0.25
12.3194 	EXP 	grating: phase = 0.22554737652046522
12.3194 	EXP 	grating: color = 0.2422222865279764
12.3528 	EXP 	grating: phase = 0.02669608122544502
12.3528 	EXP 	grating: color = 0.2262377100996673
12.3866 	EXP 	grating: phase = -0.18191966944767354
12.3866 	EXP 	grating: color = 0.20954749849624932
12.4195 	EXP 	grating: phase = -0.3849608143277775
12.4195 	EXP 	grating: color = 0.1926534310914576
12.4526 	EXP 	grating: phase = -0.5668523414350637
12.4526 	EXP 	grating: color = 0.17614553403109312
12.4864 	EXP 	grating: phase = -0.7252938690870285
12.4864 	EXP 	grating: color = 0.15952129906509072
12.5191 	EXP 	grating: phase = -0.8541247071718394
12.5191 	EXP 	grating: color = 0.14264144259504974
12.5537 	EXP 	grating: phase = -0.9428951484731476
12.5537 	EXP 	grating: color = 0.1261347165564075
12.5870 	EXP 	grating: phase = -0.9923868541036706
12.5870 	EXP 	grating: color = 0.1089424550300464
12.6195 	EXP 	grating: phase = -0.9967797193161254
12.6195 	EXP 	grating: color = 0.09272922249510884
12.6532 	EXP 	grating: phase = -0.9573781552295014
12.6532 	EXP 	grating: color = 0.07579994003754109
12.6866 	EXP 	grating: phase = -0.8781570203255145
12.6866 	EXP 	grating: color = 0.059419508557766676
12.7193 	EXP 	grating: phase = -0.7575833443687168
12.7193 	EXP 	grating: color = 0.04251763049978763
12.7526 	EXP 	grating: phase = -0.6040010218767258
12.7526 	EXP 	grating: color = 0.025715249590575695
12.7868 	EXP 	grating: phase = -0.4258805707294038
12.7868 	EXP 	grating: color = 0.00912451755721122
12.8194 	EXP 	grating: phase = -0.22810649665538757
12.8194 	EXP 	grating: color = 0
12.8527 	EXP 	grating: phase = -0.019466648433627148
12.8527 	EXP 	grating: color = 0
12.8871 	EXP 	grating: phase = 0.18776071699352545
12.8871 	EXP 	grating: color = 0
12.9201 	EXP 	grating: phase = 0.3871770072927597
12.9201 	EXP 	grating: color = 0
12.9544 	EXP 	grating: phase = 0.5703230591373242
12.9544 	EXP 	grating: color = 0
12.9864 	EXP 	grating: phase = 0.7283220344166748
12.9864 	EXP 	grating: color = 0
13.0198 	EXP 	grating: phase = 0.8572325402154559
13.0198 	EXP 	grating: color = 0
13.0540 	EXP 	grating: phase = 0.9462587770185711
13.0540 	EXP 	grating: color = 0
13.0865 	EXP 	grating: phase = 0.9927417305818821
13.0865 	EXP 	grating: color = 0
13.1199 	EXP 	grating: phase = 0.9965616989287003
13.1199 	EXP 	grating: color = 0
13.1535 	EXP 	grating: phase = 0.955420161260968
13.1535 	EXP 	grating: color = 0
13.1865 	EXP 	grating: phase = 0.8738192504902875
13.1865 	EXP 	grating: color = 0
13.2201 	EXP 	grating: phase = 0.7574820696757503
13.2201 	EXP 	grating: color = 0
13.2533 	EXP 	grating: phase = 0.5998402466954423
13.2533 	EXP 	grating: color = 0
13.2873 	EXP 	grating: phase = 0.42173399860883265
13.2873 	EXP 	grating: color = 0
13.3202 	EXP 	grating: phase = 0.22633014157053016
13.3202 	EXP 	grating: color = 0
13.3538 	EXP 	grating: phase = 0.01218832382039858
13.3538 	EXP 	grating: color = 0
13.3876 	EXP 	grating: phase = -0.1914279730625899
13.3876 	EXP 	grating: color = 0
13.4200 	EXP 	grating: phase = -0.3914625618897368
13.4200 	EXP 	grating: color = 0
13.4541 	EXP 	grating: phase = -0.5719556583981779
13.4541 	EXP 	grating: color = 0
13.4871 	EXP 	grating: phase = -0.7307402883502792
13.4871 	EXP 	grating: color = 0
13.5203 	EXP 	grating: phase = -0.8559997923878124
13.5203 	EXP 	grating: color = 0
13.5538 	EXP 	grating: phase = -0.9471039613155893
13.5538 	EXP 	grating: color = 0
13.5870 	EXP 	grating: phase = -0.9921426057354387
13.5870 	EXP 	grating: color = 0
13.6205 	EXP 	grating: phase = -0.9962408442816844
13.6205 	EXP 	grating: color = 0
13.6537 	EXP 	grating: phase = -0.9566222348268393
13.6537 	EXP 	grating: color = 0
13.6871 	EXP 	grating: phase = -0.8729963588704908
13.6871 	EXP 	grating: color = 0
13.7211 	EXP 	grating: phase = -0.7509758651093551
13.7211 	EXP 	grating: color = 0
13.7537 	EXP 	grating: phase = -0.597401760572706
13.7537 	EXP 	grating: color = 0
13.7867 	EXP 	grating: phase = -0.42065792043590866
13.7867 	EXP 	grating: color = 0
13.8212 	EXP 	grating: phase = -0.22176643984773312
13.8212 	EXP 	grating: color = 0
13.8535 	EXP 	grating: phase = -0.013572193485848663
13.8535 	EXP 	grating: color = 0
13.8876 	EXP 	grating: phase = 0.19274463710610681
13.8876 	EXP 	grating: color = 0
13.9206 	EXP 	grating: phase = 0.39003544131655615
13.9206 	EXP 	grating: color = 0
13.9539 	EXP 	grating: phase = 0.5732723235240851
13.9539 	EXP 	grating: color = 0
13.9878 	EXP 	grating: phase = 0.7352682315575091
13.9878 	EXP 	grating: color = 0
14.0208 	EXP 	grating: phase = 0.8567450245383228
14.0208 	EXP 	grating: color = 0
14.0541 	EXP 	grating: phase = 0.9456357065675574
14.0541 	EXP 	grating: color = 0
14.0884 	EXP 	grating: phase = 0.9934154970944757
14.0884 	EXP 	grating: color = 0
14.0959 	DATA 	Keypress: up
14.1040 	EXP 	fixation: autoDraw = False
14.1040 	EXP 	grating: autoDraw = False
14.1040 	EXP 	fd_instructions: text = 'Correct!'
14.1040 	EXP 	fd_instructions: autoDraw = True
16.1060 	EXP 	fd_instructions: autoDraw = False
16.1060 	EXP 	grating: color = '[0.24393288 0.24393288 0.24393288] (rgb)'
16.1060 	EXP 	grating: size = array([3.5, 3.5])
16.1060 	EXP 	grating: ori = 0.0
16.1060 	EXP 	grating: sf = array([1.2, 1.2])
16.2389 	EXP 	fixation: autoDraw = True
16.8395 	EXP 	fixation: autoDraw = False
17.0903 	EXP 	grating: phase = 0.9951382979901527
17.0903 	EXP 	grating: color = -0.007862019290642114
17.1231 	EXP 	grating: phase = 0.9943973610278971
17.1231 	EXP 	grating: color = 0.008008334585158428
17.1571 	EXP 	grating: phase = 0.9486200737762241
17.1571 	EXP 	grating: color = 0.024786637304478745
17.1908 	EXP 	grating: phase = 0.8654179057564039
17.1908 	EXP 	grating: color = 0.040538833962889216
17.2233 	EXP 	grating: phase = 0.7392472454838348
17.2233 	EXP 	grating: color = 0.05715742127715917
17.2567 	EXP 	grating: phase = 0.5884521266860547
17.2567 	EXP 	grating: color = 0.07290665993576956
17.2902 	EXP 	grating: phase = 0.4067148169555511
17.2902 	EXP 	grating: color = 0.08923504998813402
17.3232 	EXP 	grating: phase = 0.20782507342856868
17.3232 	EXP 	grating: color = 0.10550028337682002
17.3581 	EXP 	grating: phase = -0.003564512126502245
17.3581 	EXP 	grating: color = 0.1220311680018825
17.3908 	EXP 	grating: phase = -0.2112956380470489
17.3908 	EXP 	grating: color = 0.138298899691233
17.4245 	EXP 	grating: phase = -0.4058253085261173
17.4245 	EXP 	grating: color = 0.15422746133722515
17.4566 	EXP 	grating: phase = -0.5875553557099432
17.4566 	EXP 	grating: color = 0.17052867484451945
17.4905 	EXP 	grating: phase = -0.745642049366547
17.4905 	EXP 	grating: color = 0.18709546927591816
17.5248 	EXP 	grating: phase = -0.8687691030218949
17.5248 	EXP 	grating: color = 0.2034945720054284
17.5569 	EXP 	grating: phase = -0.9512793303633373
17.5569 	EXP 	grating: color = 0.2194128494309259
17.5915 	EXP 	grating: phase = -0.9946061786978446
17.5915 	EXP 	grating: color = 0.2356517619487668
17.6235 	EXP 	grating: phase = -0.9944266141799516
17.6235 	EXP 	grating: color = 0.24393288281885755
17.6568 	EXP 	grating: phase = -0.9510672624908141
17.6568 	EXP 	grating: color = 0.24393288281885755
17.6908 	EXP 	grating: phase = -0.8632730310794088
17.6908 	EXP 	grating: color = 0.24393288281885755
17.7241 	EXP 	grating: phase = -0.7405800232513289
17.7241 	EXP 	grating: color = 0.24393288281885755
17.7582 	EXP 	grating: phase = -0.5832635489098074
17.7582 	EXP 	grating: color = 0.24393288281885755
17.7903 	EXP 	grating: phase = -0.4015286182848595
17.7903 	EXP 	grating: color = 0.24393288281885755
17.8247 	EXP 	grating: phase = -0.20143587308774571
17.8247 	EXP 	grating: color = 0.24393288281885755
17.8569 	EXP 	grating: phase = 0.0070788657711953655
17.8569 	EXP 	grating: color = 0.24393288281885755
17.8915 	EXP 	grating: phase = 0.21391805558333624
17.8915 	EXP 	grating: color = 0.24393288281885755
17.9239 	EXP 	grating: phase = 0.4163965929178846
17.9239 	EXP 	grating: color = 0.24393288281885755
17.9574 	EXP 	grating: phase = 0.5908610343495726
17.9574 	EXP 	grating: color = 0.24393288281885755
17.9910 	EXP 	grating: phase = 0.7510368928142832
17.9910 	EXP 	grating: color = 0.24393288281885755
18.0247 	EXP 	grating: phase = 0.8681864790652325
18.0247 	EXP 	grating: color = 0.24393288281885755
18.0570 	EXP 	grating: phase = 0.9518903376882724
18.0570 	EXP 	grating: color = 0.24393288281885755
18.0913 	EXP 	grating: phase = 0.9955110476833002
18.0913 	EXP 	grating: color = 0.24393288281885755
18.1245 	EXP 	grating: phase = 0.9936963240566448
18.1245 	EXP 	grating: color = 0.24393288281885755
18.1577 	EXP 	grating: phase = 0.9495386105378568
18.1577 	EXP 	grating: color = 0.24393288281885755
18.1915 	EXP 	grating: phase = 0.8621546918330965
18.1915 	EXP 	grating: color = 0.24393288281885755
18.2244 	EXP 	grating: phase = 0.7385415225515848
18.2244 	EXP 	grating: color = 0.24393288281885755
18.2576 	EXP 	grating: phase = 0.5831030966220929
18.2576 	EXP 	grating: color = 0.24393288281885755
18.2918 	EXP 	grating: phase = 0.40388804366816633
18.2918 	EXP 	grating: color = 0.24393288281885755
18.3250 	EXP 	grating: phase = 0.198308465351099
18.3250 	EXP 	grating: color = 0.24393288281885755
18.3577 	EXP 	grating: phase = -0.004898325133684244
18.3577 	EXP 	grating: color = 0.24393288281885755
18.3909 	EXP 	grating: phase = -0.21006462019270625
18.3909 	EXP 	grating: color = 0.24393288281885755
18.4249 	EXP 	grating: phase = -0.4157277499201252
18.4249 	EXP 	grating: color = 0.24393288281885755
18.4581 	EXP 	grating: phase = -0.5938198156302564
18.4581 	EXP 	grating: color = 0.24393288281885755
18.4916 	EXP 	grating: phase = -0.7482869568499821
18.4916 	EXP 	grating: color = 0.24393288281885755
18.5243 	EXP 	grating: phase = -0.8704539420218115
18.5243 	EXP 	grating: color = 0.24393288281885755
18.5576 	EXP 	grating: phase = -0.955649836103451
18.5576 	EXP 	grating: color = 0.24393288281885755
18.5919 	EXP 	grating: phase = -0.9956242764542297
18.5919 	EXP 	grating: color = 0.24393288281885755
18.6248 	EXP 	grating: phase = -0.9931862629999303
18.6248 	EXP 	grating: color = 0.2350751661050877
18.6575 	EXP 	grating: phase = -0.9491891199981537
18.6575 	EXP 	grating: color = 0.21926659127223003
18.6913 	EXP 	grating: phase = -0.8606698469480812
18.6913 	EXP 	grating: color = 0.20266499101667917
18.7253 	EXP 	grating: phase = -0.734116073719733
18.7253 	EXP 	grating: color = 0.18618655196320383
18.7579 	EXP 	grating: phase = -0.5820576678338686
18.7579 	EXP 	grating: color = 0.17041548071937873
18.7915 	EXP 	grating: phase = -0.39302348775514956
18.7915 	EXP 	grating: color = 0.15353962046093517
18.8096 	DATA 	Keypress: up
18.8257 	EXP 	grating: phase = -0.20224394192487494
18.8257 	EXP 	grating: color = 0.1379761810156811
18.8416 	EXP 	fixation: autoDraw = False
18.8416 	EXP 	grating: autoDraw = False
18.8416 	EXP 	fd_instructions: text = 'Correct!'
18.8416 	EXP 	fd_instructions: autoDraw = True
20.8426 	EXP 	fd_instructions: autoDraw = False
20.8426 	EXP 	grating: color = '[0.20430437 0.20430437 0.20430437] (rgb)'
20.8426 	EXP 	grating: size = array([3.5, 3.5])
20.8426 	EXP 	grating: ori = 0.0
20.8426 	EXP 	grating: sf = array([1.2, 1.2])
20.9770 	EXP 	fixation: autoDraw = True
21.5769 	EXP 	fixation: autoDraw = False
21.8271 	EXP 	grating: phase = -0.17917934854587028
21.8271 	EXP 	grating: color = -0.006934983632496276
21.8605 	EXP 	grating: phase = 0.021796164316389338
21.8605 	EXP 	grating: color = 0.006197288345803056
21.8939 	EXP 	grating: phase = 0.23668824593761895
21.8939 	EXP 	grating: color = 0.020320683628829328
21.9279 	EXP 	grating: phase = 0.4264473671685091
21.9279 	EXP 	grating: color = 0.033440831774654935
21.9605 	EXP 	grating: phase = 0.6121666431138421
21.9605 	EXP 	grating: color = 0.047623386348354946
21.9944 	EXP 	grating: phase = 0.7591046123657761
21.9944 	EXP 	grating: color = 0.06083528226904149
22.0275 	EXP 	grating: phase = 0.8809325583461728
22.0275 	EXP 	grating: color = 0.07487379807157897
22.0614 	EXP 	grating: phase = 0.9590857940837607
22.0614 	EXP 	grating: color = 0.08826922474254306
22.0939 	EXP 	grating: phase = 0.9967361411151998
22.0939 	EXP 	grating: color = 0.1017051285324984
22.1278 	EXP 	grating: phase = 0.9912013439258677
22.1278 	EXP 	grating: color = 0.11556892533035126
22.1612 	EXP 	grating: phase = 0.9428098187378396
22.1612 	EXP 	grating: color = 0.12903817203802526
22.1943 	EXP 	grating: phase = 0.8524122035261981
22.1943 	EXP 	grating: color = 0.14271624271256497
22.2273 	EXP 	grating: phase = 0.7266006969038867
22.2273 	EXP 	grating: color = 0.15621800112916012
22.2620 	EXP 	grating: phase = 0.5657463131455621
22.2620 	EXP 	grating: color = 0.16998516155605942
22.2943 	EXP 	grating: phase = 0.3827932645492481
22.2943 	EXP 	grating: color = 0.1835396808488063
22.3286 	EXP 	grating: phase = 0.18412832394373224
22.3286 	EXP 	grating: color = 0.1970432245043949
22.3605 	EXP 	grating: phase = -0.02705988984712165
22.3605 	EXP 	grating: color = 0.20430437229992937
22.3944 	EXP 	grating: phase = -0.2346026017044167
22.3944 	EXP 	grating: color = 0.20430437229992937
22.4280 	EXP 	grating: phase = -0.4332666465806451
22.4280 	EXP 	grating: color = 0.20430437229992937
22.4610 	EXP 	grating: phase = -0.6102873408730178
22.4610 	EXP 	grating: color = 0.20430437229992937
22.4944 	EXP 	grating: phase = -0.7645739794191804
22.4944 	EXP 	grating: color = 0.20430437229992937
22.5286 	EXP 	grating: phase = -0.8794644518205826
22.5286 	EXP 	grating: color = 0.20430437229992937
22.5608 	EXP 	grating: phase = -0.9591037766502212
22.5608 	EXP 	grating: color = 0.20430437229992937
22.5955 	EXP 	grating: phase = -0.996932130258718
22.5955 	EXP 	grating: color = 0.20430437229992937
22.6277 	EXP 	grating: phase = -0.9913528566126812
22.6277 	EXP 	grating: color = 0.20430437229992937
22.6609 	EXP 	grating: phase = -0.9427948136946158
22.6609 	EXP 	grating: color = 0.20430437229992937
22.6949 	EXP 	grating: phase = -0.8503452367572827
22.6949 	EXP 	grating: color = 0.20430437229992937
22.7281 	EXP 	grating: phase = -0.7232524884512062
22.7281 	EXP 	grating: color = 0.20430437229992937
22.7610 	EXP 	grating: phase = -0.5654184724366469
22.7610 	EXP 	grating: color = 0.20430437229992937
22.7950 	EXP 	grating: phase = -0.378613134531762
22.7950 	EXP 	grating: color = 0.20430437229992937
22.8277 	EXP 	grating: phase = -0.17940484064148887
22.8277 	EXP 	grating: color = 0.20430437229992937
22.8614 	EXP 	grating: phase = 0.03313402212402335
22.8614 	EXP 	grating: color = 0.20430437229992937
22.8946 	EXP 	grating: phase = 0.24203852576752105
22.8946 	EXP 	grating: color = 0.20430437229992937
22.9281 	EXP 	grating: phase = 0.435994825150014
22.9281 	EXP 	grating: color = 0.20430437229992937
22.9614 	EXP 	grating: phase = 0.6155411545267426
22.9614 	EXP 	grating: color = 0.20430437229992937
22.9949 	EXP 	grating: phase = 0.7657813109620241
22.9949 	EXP 	grating: color = 0.20430437229992937
22.9972 	DATA 	Keypress: up
23.0113 	EXP 	fixation: autoDraw = False
23.0113 	EXP 	grating: autoDraw = False
23.0113 	EXP 	fd_instructions: text = 'Correct!'
23.0113 	EXP 	fd_instructions: autoDraw = True
23.8473 	DATA 	Keypress: escape
24.1979 	EXP 	window1: mouseVisible = True
