23.8536 	WARNING 	User requested fullscreen with size [800 600], but screen is actually [2560, 1440]. Using actual size
25.0391 	EXP 	Created window1 = Window(allowGUI=False, allowStencil=False, args=UNKNOWN, autoLog=True, bitsMode=UNKNOWN, blendMode='avg', color=array([0., 0., 0.]), colorSpace='rgb', fullscr=<method-wrapper '__getattribute__' of attributeSetter object at 0x13680ec88>, gamma=None, gammaErrorPolicy='raise', kwargs=UNKNOWN, lms=UNKNOWN, monitor=<psychopy.monitors.calibTools.Monitor object at 0x13653bbe0>, multiSample=False, name='window1', numSamples=2, pos=[0.0, 0.0], screen=0, size=array([2560, 1440]), stereo=False, units='deg', useFBO=True, useRetina=False, viewOri=0.0, viewPos=None, viewScale=None, waitBlanking=True, winType='pyglet')
25.0392 	EXP 	window1: recordFrameIntervals = False
25.2054 	EXP 	window1: recordFrameIntervals = True
25.3899 	EXP 	window1: recordFrameIntervals = False
28.5742 	EXP 	Created instrText = TextStim(__class__=<class 'psychopy.visual.text.TextStim'>, alignHoriz='center', alignVert='center', antialias=True, autoLog=True, bold=False, color='white', colorSpace='named', contrast=1.0, depth=0.0, flipHoriz=False, flipVert=False, font='Arial', fontFiles=[], height=1, italic=False, languageStyle='LTR', name='instrText', opacity=1.0, ori=0, pos=array([0., 0.]), rgb=array([255., 255., 255.]), text=str(...), units='deg', win=Window(...), wrapWidth=15.0)
28.5852 	EXP 	Created fixation = GratingStim(__class__=<class 'psychopy.visual.grating.GratingStim'>, autoDraw=False, autoLog=True, blendmode='avg', color='black', colorSpace='named', contrast=1.0, depth=-1.0, interpolate=True, mask='gauss', maskParams=None, name='fixation', opacity=1.0, ori=0.0, phase=array([0., 0.]), pos=array([0., 0.]), rgbPedestal=array([0., 0., 0.]), sf=array([1., 1.]), size=array([1., 1.]), tex=None, texRes=128, units='deg', win=Window(...))
28.5876 	EXP 	Created grating = GratingStim(__class__=<class 'psychopy.visual.grating.GratingStim'>, autoDraw=False, autoLog=True, blendmode='avg', color='white', colorSpace='named', contrast=1.0, depth=-2.0, interpolate=True, mask='gauss', maskParams=None, name='grating', opacity=1.0, ori=1.0, phase=array([0., 0.]), pos=array([0., 0.]), rgbPedestal=array([0., 0., 0.]), sf=array([1., 1.]), size=array([1., 1.]), tex='sin', texRes=128, units='deg', win=Window(...))
28.5996 	EXP 	Created fd_instructions = TextStim(__class__=<class 'psychopy.visual.text.TextStim'>, alignHoriz='center', alignVert='center', antialias=True, autoLog=True, bold=False, color='white', colorSpace='named', contrast=1.0, depth=-1.0, flipHoriz=False, flipVert=False, font='Arial', fontFiles=[], height=1, italic=False, languageStyle='LTR', name='fd_instructions', opacity=1.0, ori=0, pos=array([0., 0.]), rgb=array([255., 255., 255.]), text='default text', units='deg', win=Window(...), wrapWidth=15.0)
28.6465 	EXP 	Created text = TextStim(__class__=<class 'psychopy.visual.text.TextStim'>, alignHoriz='center', alignVert='center', antialias=True, autoLog=True, bold=False, color='white', colorSpace='named', contrast=1.0, depth=0.0, flipHoriz=False, flipVert=False, font='Arial', fontFiles=[], height=1, italic=False, languageStyle='LTR', name='text', opacity=1.0, ori=0, pos=array([0., 0.]), rgb=array([255., 255., 255.]), text=str(...), units='deg', win=Window(...), wrapWidth=15.0)
28.6559 	EXP 	Created fixation = GratingStim(__class__=<class 'psychopy.visual.grating.GratingStim'>, autoDraw=False, autoLog=True, blendmode='avg', color='black', colorSpace='named', contrast=1.0, depth=-1.0, interpolate=True, mask='gauss', maskParams=None, name='fixation', opacity=1.0, ori=0.0, phase=array([0., 0.]), pos=array([0., 0.]), rgbPedestal=array([0., 0., 0.]), sf=array([1., 1.]), size=array([1., 1.]), tex=None, texRes=128, units='deg', win=Window(...))
28.6605 	EXP 	Created grating = GratingStim(__class__=<class 'psychopy.visual.grating.GratingStim'>, autoDraw=False, autoLog=True, blendmode='avg', color='white', colorSpace='named', contrast=1.0, depth=-2.0, interpolate=True, mask='gauss', maskParams=None, name='grating', opacity=1.0, ori=1.0, phase=array([0., 0.]), pos=array([0., 0.]), rgbPedestal=array([0., 0., 0.]), sf=array([1., 1.]), size=array([1., 1.]), tex='sin', texRes=128, units='deg', win=Window(...))
28.6803 	EXP 	Created thanksMsg = TextStim(__class__=<class 'psychopy.visual.text.TextStim'>, alignHoriz='center', alignVert='center', antialias=True, autoLog=True, bold=False, color=array([1., 1., 1.]), colorSpace='rgb', contrast=1.0, depth=0.0, flipHoriz=False, flipVert=False, font='Arial', fontFiles=[], height=1, italic=False, languageStyle='LTR', name='thanksMsg', opacity=1.0, ori=0, pos=array([0., 0.]), rgb=array([1., 1., 1.]), text=str(...), units='deg', win=Window(...), wrapWidth=15.0)
28.7684 	DATA 	Keypress: space
28.8491 	EXP 	instrText: autoDraw = True
29.6077 	EXP 	Imported stairDefinitions.xlsx as conditions, 1 conditions, 14 params
29.7772 	DATA 	Keypress: space
29.7931 	EXP 	instrText: autoDraw = False
29.7931 	EXP 	grating: color = '[0.3 0.3 0.3] (rgb)'
29.7931 	EXP 	grating: size = array([3.5, 3.5])
29.7931 	EXP 	grating: ori = 0.0
29.7931 	EXP 	grating: sf = array([1.2, 1.2])
29.9093 	EXP 	fixation: autoDraw = True
30.5103 	EXP 	fixation: autoDraw = False
30.7610 	EXP 	grating: phase = 0.6798827422372442
30.7610 	EXP 	grating: color = -0.017861513374373316
30.7954 	EXP 	grating: phase = 0.8176597512368786
30.7954 	EXP 	grating: color = 0.0021633077412843704
30.8282 	EXP 	grating: phase = 0.9190433443947612
30.8282 	EXP 	grating: color = 0.022060112468898295
30.8617 	EXP 	grating: phase = 0.9803059102715286
30.8617 	EXP 	grating: color = 0.04176916256546974
30.8953 	EXP 	grating: phase = 0.9998776186144793
30.8953 	EXP 	grating: color = 0.06224398976191878
30.9288 	EXP 	grating: phase = 0.9759595739527994
30.9288 	EXP 	grating: color = 0.08172103562392294
30.9619 	EXP 	grating: phase = 0.9078645225021118
30.9619 	EXP 	grating: color = 0.10206260522827505
30.9946 	EXP 	grating: phase = 0.8017662890239915
30.9946 	EXP 	grating: color = 0.12192165185697376
31.0289 	EXP 	grating: phase = 0.6577880682967895
31.0289 	EXP 	grating: color = 0.14219589186832307
31.0623 	EXP 	grating: phase = 0.4913862798743126
31.0623 	EXP 	grating: color = 0.16169488322921097
31.0953 	EXP 	grating: phase = 0.294413328948642
31.0953 	EXP 	grating: color = 0.18221065015532076
31.1289 	EXP 	grating: phase = 0.08913974729292616
31.1289 	EXP 	grating: color = 0.20222369944676757
31.1621 	EXP 	grating: phase = -0.11945918765505084
31.1621 	EXP 	grating: color = 0.22218682207167148
31.1950 	EXP 	grating: phase = -0.32145019551421544
31.1950 	EXP 	grating: color = 0.24199340818449855
31.2019 	DATA 	Keypress: up
31.2124 	EXP 	fixation: autoDraw = False
31.2124 	EXP 	grating: autoDraw = False
31.2124 	EXP 	fd_instructions: text = 'Correct!'
31.2124 	EXP 	fd_instructions: autoDraw = True
33.2134 	EXP 	fd_instructions: autoDraw = False
33.2134 	EXP 	grating: color = '[0.29393288 0.29393288 0.29393288] (rgb)'
33.2134 	EXP 	grating: size = array([3.5, 3.5])
33.2134 	EXP 	grating: ori = 90.0
33.2134 	EXP 	grating: sf = array([1.2, 1.2])
33.3472 	EXP 	fixation: autoDraw = True
33.9477 	EXP 	fixation: autoDraw = False
34.1981 	EXP 	grating: phase = -0.3378742987051882
34.1981 	EXP 	grating: color = -0.009531500893324477
34.2310 	EXP 	grating: phase = -0.5275049114664226
34.2310 	EXP 	grating: color = 0.010196949749969583
34.2648 	EXP 	grating: phase = -0.6896685146380003
34.2648 	EXP 	grating: color = 0.029417214422797506
34.2975 	EXP 	grating: phase = -0.8265015350743097
34.2975 	EXP 	grating: color = 0.049237137538863905
34.3318 	EXP 	grating: phase = -0.926144786058745
34.3318 	EXP 	grating: color = 0.06899618426187898
34.3650 	EXP 	grating: phase = -0.9846593253156024
34.3650 	EXP 	grating: color = 0.08877077813391414
34.3976 	EXP 	grating: phase = -0.9994833058900986
34.3976 	EXP 	grating: color = 0.10819316518825138
34.4313 	EXP 	grating: phase = -0.9712762747550514
34.4313 	EXP 	grating: color = 0.1276621760330106
34.4647 	EXP 	grating: phase = -0.9001108466845258
34.4647 	EXP 	grating: color = 0.14735529232137168
34.4984 	EXP 	grating: phase = -0.7882210850573879
34.4984 	EXP 	grating: color = 0.1672007622661172
34.5316 	EXP 	grating: phase = -0.6444673624583251
34.5316 	EXP 	grating: color = 0.1866235097074968
34.5646 	EXP 	grating: phase = -0.4747089640996107
34.5646 	EXP 	grating: color = 0.20587375028773697
34.5985 	EXP 	grating: phase = -0.2821303011359602
34.5985 	EXP 	grating: color = 0.22538678515402985
34.6316 	EXP 	grating: phase = -0.07201335070449531
34.6316 	EXP 	grating: color = 0.24540400067137333
34.6646 	EXP 	grating: phase = 0.13648725224860045
34.6646 	EXP 	grating: color = 0.26495704328993114
34.6986 	EXP 	grating: phase = 0.3362867485332664
34.6986 	EXP 	grating: color = 0.2842484598348961
34.7317 	EXP 	grating: phase = 0.5294464100576779
34.7317 	EXP 	grating: color = 0.29393288281885754
34.7649 	EXP 	grating: phase = 0.6935889859510521
34.7649 	EXP 	grating: color = 0.29393288281885754
34.7982 	EXP 	grating: phase = 0.828174020694983
34.7982 	EXP 	grating: color = 0.29393288281885754
34.8163 	DATA 	Keypress: right
34.8318 	EXP 	grating: phase = 0.9252662047472685
34.8318 	EXP 	grating: color = 0.29393288281885754
34.8479 	EXP 	fixation: autoDraw = False
34.8479 	EXP 	grating: autoDraw = False
34.8479 	EXP 	fd_instructions: text = 'Correct!'
34.8479 	EXP 	fd_instructions: autoDraw = True
36.8506 	EXP 	fd_instructions: autoDraw = False
36.8506 	EXP 	grating: color = '[0.25430437 0.25430437 0.25430437] (rgb)'
36.8506 	EXP 	grating: size = array([3.5, 3.5])
36.8506 	EXP 	grating: ori = 90.0
36.8506 	EXP 	grating: sf = array([1.2, 1.2])
36.9837 	EXP 	fixation: autoDraw = True
37.5843 	EXP 	fixation: autoDraw = False
37.8338 	EXP 	grating: phase = 0.9329646744107237
37.8338 	EXP 	grating: color = -0.00818733281317891
37.8673 	EXP 	grating: phase = 0.9879246579083113
37.8673 	EXP 	grating: color = 0.009023305563570887
37.9011 	EXP 	grating: phase = 0.998682320369464
37.9011 	EXP 	grating: color = 0.02577598499492618
37.9341 	EXP 	grating: phase = 0.966654624644656
37.9341 	EXP 	grating: color = 0.04258377932369457
37.9672 	EXP 	grating: phase = 0.8928057820203048
37.9672 	EXP 	grating: color = 0.05945150053444137
38.0011 	EXP 	grating: phase = 0.7805141063121805
38.0011 	EXP 	grating: color = 0.0762976479255723
38.0341 	EXP 	grating: phase = 0.6315688751369912
38.0341 	EXP 	grating: color = 0.09343832417959023
38.0673 	EXP 	grating: phase = 0.45935108584387946
38.0673 	EXP 	grating: color = 0.11013947588312642
38.1014 	EXP 	grating: phase = 0.2636816600076183
38.1014 	EXP 	grating: color = 0.12717344248636117
38.1344 	EXP 	grating: phase = 0.05276772154118715
38.1344 	EXP 	grating: color = 0.14449925882515904
38.1673 	EXP 	grating: phase = -0.15270733712323745
38.1673 	EXP 	grating: color = 0.16117443800927186
38.2004 	EXP 	grating: phase = -0.35851944080971
38.2004 	EXP 	grating: color = 0.17845949760260874
38.2347 	EXP 	grating: phase = -0.5439395018817592
38.2347 	EXP 	grating: color = 0.19532807617199346
38.2673 	EXP 	grating: phase = -0.7072891738733658
38.2673 	EXP 	grating: color = 0.21237598468192997
38.3009 	EXP 	grating: phase = -0.8400835701340899
38.3009 	EXP 	grating: color = 0.22951201627842066
38.3344 	EXP 	grating: phase = -0.9320827476672252
38.3344 	EXP 	grating: color = 0.24592537542378246
38.3685 	EXP 	grating: phase = -0.9869405175871395
38.3685 	EXP 	grating: color = 0.25430437229992936
38.4010 	EXP 	grating: phase = -0.9987724244508513
38.4010 	EXP 	grating: color = 0.25430437229992936
38.4349 	EXP 	grating: phase = -0.9653121869377573
38.4349 	EXP 	grating: color = 0.25430437229992936
38.4372 	DATA 	Keypress: right
38.4511 	EXP 	fixation: autoDraw = False
38.4511 	EXP 	grating: autoDraw = False
38.4511 	EXP 	fd_instructions: text = 'Correct!'
38.4511 	EXP 	fd_instructions: autoDraw = True
40.4530 	EXP 	fd_instructions: autoDraw = False
40.4530 	EXP 	grating: color = '[0.21917766 0.21917766 0.21917766] (rgb)'
40.4530 	EXP 	grating: size = array([3.5, 3.5])
40.4530 	EXP 	grating: ori = 0.0
40.4530 	EXP 	grating: sf = array([1.2, 1.2])
40.5868 	EXP 	fixation: autoDraw = True
41.1870 	EXP 	fixation: autoDraw = False
41.4369 	EXP 	grating: phase = -0.9620791784384544
41.4369 	EXP 	grating: color = -0.007531893265072687
41.4699 	EXP 	grating: phase = -0.8823418095064404
41.4699 	EXP 	grating: color = 0.0073774823228448284
41.5035 	EXP 	grating: phase = -0.7678625136314908
41.5035 	EXP 	grating: color = 0.021702666979743664
41.5369 	EXP 	grating: phase = -0.6173066450849243
41.5369 	EXP 	grating: color = 0.036366137550411355
41.5710 	EXP 	grating: phase = -0.43655338259161114
41.5710 	EXP 	grating: color = 0.051263903319139756
41.6035 	EXP 	grating: phase = -0.24093883291418106
41.6035 	EXP 	grating: color = 0.06580514102422268
41.6374 	EXP 	grating: phase = -0.03470012918443151
41.6374 	EXP 	grating: color = 0.08036102695060861
41.6706 	EXP 	grating: phase = 0.17378993720528021
41.6706 	EXP 	grating: color = 0.09496837220233595
41.7035 	EXP 	grating: phase = 0.37097371602559226
41.7035 	EXP 	grating: color = 0.10929734736027973
41.7373 	EXP 	grating: phase = 0.5587467732074768
41.7373 	EXP 	grating: color = 0.12415470687164551
41.7707 	EXP 	grating: phase = 0.7193768036318744
41.7707 	EXP 	grating: color = 0.13881144468207648
41.8042 	EXP 	grating: phase = 0.848357096508429
41.8042 	EXP 	grating: color = 0.15344731019071697
41.8375 	EXP 	grating: phase = 0.9400574995964092
41.8375 	EXP 	grating: color = 0.16809388257116661
41.8706 	EXP 	grating: phase = 0.9901873839122878
41.8706 	EXP 	grating: color = 0.1825903064476646
41.9044 	EXP 	grating: phase = 0.9977661365449658
41.9044 	EXP 	grating: color = 0.1970351055554276
41.9378 	EXP 	grating: phase = 0.9608895876522076
41.9378 	EXP 	grating: color = 0.21194883360079045
41.9707 	EXP 	grating: phase = 0.8808319820171325
41.9707 	EXP 	grating: color = 0.21917765722672616
42.0048 	EXP 	grating: phase = 0.7680050305380611
42.0048 	EXP 	grating: color = 0.21917765722672616
42.0377 	EXP 	grating: phase = 0.6137313159443898
42.0377 	EXP 	grating: color = 0.21917765722672616
42.0706 	EXP 	grating: phase = 0.4383246384680924
42.0706 	EXP 	grating: color = 0.21917765722672616
42.0897 	DATA 	Keypress: up
42.1044 	EXP 	grating: phase = 0.24078513864381593
42.1044 	EXP 	grating: color = 0.21917765722672616
42.1203 	EXP 	fixation: autoDraw = False
42.1203 	EXP 	grating: autoDraw = False
42.1203 	EXP 	fd_instructions: text = 'Correct!'
42.1203 	EXP 	fd_instructions: autoDraw = True
44.1228 	EXP 	fd_instructions: autoDraw = False
44.1228 	EXP 	grating: color = '[0.18843365 0.18843365 0.18843365] (rgb)'
44.1228 	EXP 	grating: size = array([3.5, 3.5])
44.1228 	EXP 	grating: ori = 90.0
44.1228 	EXP 	grating: sf = array([1.2, 1.2])
44.2559 	EXP 	fixation: autoDraw = True
44.8560 	EXP 	fixation: autoDraw = False
45.1071 	EXP 	grating: phase = 0.22297639613346365
45.1071 	EXP 	grating: color = -0.006145910698663144
45.1402 	EXP 	grating: phase = 0.017156087276691115
45.1402 	EXP 	grating: color = 0.00631993152750935
45.1736 	EXP 	grating: phase = -0.19099841113823096
45.1736 	EXP 	grating: color = 0.01886965496117649
45.2066 	EXP 	grating: phase = -0.39205189088311965
45.2066 	EXP 	grating: color = 0.03151202448795536
45.2401 	EXP 	grating: phase = -0.5712565783325587
45.2401 	EXP 	grating: color = 0.04383284137184686
45.2736 	EXP 	grating: phase = -0.7300995944958346
45.2736 	EXP 	grating: color = 0.05643263545072701
45.3068 	EXP 	grating: phase = -0.8573484259888662
45.3068 	EXP 	grating: color = 0.06912905939042006
45.3405 	EXP 	grating: phase = -0.9458278379883969
45.3405 	EXP 	grating: color = 0.08172379244083239
45.3741 	EXP 	grating: phase = -0.9925476106912555
45.3741 	EXP 	grating: color = 0.09423075317609367
45.4069 	EXP 	grating: phase = -0.996226828184398
45.4069 	EXP 	grating: color = 0.10678838438996381
45.4398 	EXP 	grating: phase = -0.9560456552763203
45.4398 	EXP 	grating: color = 0.11940653305487058
45.4731 	EXP 	grating: phase = -0.8739106193341444
45.4731 	EXP 	grating: color = 0.13200691424393968
45.5070 	EXP 	grating: phase = -0.7541324148704316
45.5070 	EXP 	grating: color = 0.14454512212240322
45.5399 	EXP 	grating: phase = -0.6028764873230985
45.5399 	EXP 	grating: color = 0.15696083956392368
45.5733 	EXP 	grating: phase = -0.42037542602284134
45.5733 	EXP 	grating: color = 0.16975083619717612
45.6067 	EXP 	grating: phase = -0.22193165603945667
45.6067 	EXP 	grating: color = 0.1823531413106217
45.6409 	EXP 	grating: phase = -0.018474386809251026
45.6409 	EXP 	grating: color = 0.1884336467408868
45.6737 	EXP 	grating: phase = 0.18995296499593253
45.6737 	EXP 	grating: color = 0.1884336467408868
45.7076 	EXP 	grating: phase = 0.3953761046066819
45.7076 	EXP 	grating: color = 0.1884336467408868
45.7410 	EXP 	grating: phase = 0.5769358643772577
45.7410 	EXP 	grating: color = 0.1884336467408868
45.7735 	EXP 	grating: phase = 0.735184786994441
45.7735 	EXP 	grating: color = 0.1884336467408868
45.7925 	DATA 	Keypress: right
45.8075 	EXP 	grating: phase = 0.8585337043011402
45.8075 	EXP 	grating: color = 0.1884336467408868
45.8236 	EXP 	fixation: autoDraw = False
45.8236 	EXP 	grating: autoDraw = False
45.8236 	EXP 	fd_instructions: text = 'Correct!'
45.8236 	EXP 	fd_instructions: autoDraw = True
47.8254 	EXP 	fd_instructions: autoDraw = False
47.8254 	EXP 	text: autoDraw = True
48.5492 	EXP 	Imported stairDefinitions.xlsx as conditions, 1 conditions, 14 params
48.5536 	DATA 	Keypress: space
48.5596 	EXP 	text: autoDraw = False
48.5596 	EXP 	grating: color = '[0.3 0.3 0.3] (rgb)'
48.5596 	EXP 	grating: size = array([3.5, 3.5])
48.5596 	EXP 	grating: ori = 0.0
48.5596 	EXP 	grating: sf = array([1.2, 1.2])
48.7091 	EXP 	fixation: autoDraw = True
49.3100 	EXP 	fixation: autoDraw = False
49.5440 	EXP 	grating: phase = -0.5827998262228131
49.5440 	EXP 	grating: color = -0.014543375931680202
49.5774 	EXP 	grating: phase = -0.40013231686474576
49.5774 	EXP 	grating: color = 0.00555243669077754
49.6107 	EXP 	grating: phase = -0.20297297902731604
49.6107 	EXP 	grating: color = 0.02535070264711976
49.6438 	EXP 	grating: phase = 0.00503247584728781
49.6438 	EXP 	grating: color = 0.04535547606647015
49.6768 	EXP 	grating: phase = 0.21138515264489757
49.6768 	EXP 	grating: color = 0.0652194534894079
49.7105 	EXP 	grating: phase = 0.41211865004204395
49.7105 	EXP 	grating: color = 0.08543266737833619
49.7435 	EXP 	grating: phase = 0.5909975182392062
49.7435 	EXP 	grating: color = 0.10524792247451842
49.7776 	EXP 	grating: phase = 0.7489622180664313
49.7776 	EXP 	grating: color = 0.1257022764533758
49.8110 	EXP 	grating: phase = 0.8702006207863595
49.8110 	EXP 	grating: color = 0.14568526321090758
49.8433 	EXP 	grating: phase = 0.9537998684645375
49.8433 	EXP 	grating: color = 0.16574258040636777
49.8773 	EXP 	grating: phase = 0.9951270172359608
49.8773 	EXP 	grating: color = 0.1854387318715453
49.9108 	EXP 	grating: phase = 0.9941295787748854
49.9108 	EXP 	grating: color = 0.20522531401365995
49.9442 	EXP 	grating: phase = 0.9488388568695637
49.9442 	EXP 	grating: color = 0.2255601167678833
49.9776 	EXP 	grating: phase = 0.8629361478326382
49.9776 	EXP 	grating: color = 0.24545620260760187
50.0113 	EXP 	grating: phase = 0.7375583481120351
50.0113 	EXP 	grating: color = 0.26566867022775115
50.0445 	EXP 	grating: phase = 0.5798243471511098
50.0445 	EXP 	grating: color = 0.28580448422580956
50.0776 	EXP 	grating: phase = 0.39996451386142035
50.0776 	EXP 	grating: color = 0.3
50.0964 	DATA 	Keypress: up
50.1113 	EXP 	grating: phase = 0.198043308673413
50.1113 	EXP 	grating: color = 0.3
50.1279 	EXP 	fixation: autoDraw = False
50.1279 	EXP 	grating: autoDraw = False
50.1279 	EXP 	grating: color = '[0.29393288 0.29393288 0.29393288] (rgb)'
50.1279 	EXP 	grating: size = array([3.5, 3.5])
50.1279 	EXP 	grating: ori = 0.0
50.1279 	EXP 	grating: sf = array([1.2, 1.2])
50.2608 	EXP 	fixation: autoDraw = True
50.8610 	EXP 	fixation: autoDraw = False
51.1118 	EXP 	grating: phase = 0.19473111788657946
51.1118 	EXP 	grating: color = -0.010287642045703729
51.1452 	EXP 	grating: phase = -0.01366187803764547
51.1452 	EXP 	grating: color = 0.009322643941497564
51.1788 	EXP 	grating: phase = -0.21906375894761482
51.1788 	EXP 	grating: color = 0.028712101091784268
51.2113 	EXP 	grating: phase = -0.41591459937365055
51.2113 	EXP 	grating: color = 0.04818175441917811
51.2452 	EXP 	grating: phase = -0.5986908657581257
51.2452 	EXP 	grating: color = 0.06810228369116347
51.2784 	EXP 	grating: phase = -0.7523012808830245
51.2784 	EXP 	grating: color = 0.08772212958454594
51.3116 	EXP 	grating: phase = -0.8747547379438813
51.3116 	EXP 	grating: color = 0.10768540201899068
51.3448 	EXP 	grating: phase = -0.9545029124020261
51.3448 	EXP 	grating: color = 0.1266868965641727
51.3779 	EXP 	grating: phase = -0.9957715478665693
51.3779 	EXP 	grating: color = 0.14642136702611883
51.4114 	EXP 	grating: phase = -0.9930577683154169
51.4114 	EXP 	grating: color = 0.16603865804501095
51.4448 	EXP 	grating: phase = -0.9455173438397221
51.4448 	EXP 	grating: color = 0.18604078534905524
51.4788 	EXP 	grating: phase = -0.8580160512439685
51.4788 	EXP 	grating: color = 0.20548289363644007
51.5116 	EXP 	grating: phase = -0.7348614285907182
51.5116 	EXP 	grating: color = 0.22476293492644178
51.5455 	EXP 	grating: phase = -0.5745641893977448
51.5455 	EXP 	grating: color = 0.2447187349073386
51.5486 	DATA 	Keypress: up
51.5616 	EXP 	fixation: autoDraw = False
51.5616 	EXP 	grating: autoDraw = False
51.5616 	EXP 	grating: color = '[0.25430437 0.25430437 0.25430437] (rgb)'
51.5616 	EXP 	grating: size = array([3.5, 3.5])
51.5616 	EXP 	grating: ori = 90.0
51.5616 	EXP 	grating: sf = array([1.2, 1.2])
51.6953 	EXP 	fixation: autoDraw = True
52.2960 	EXP 	fixation: autoDraw = False
52.5463 	EXP 	grating: phase = -0.5717915118453769
52.5463 	EXP 	grating: color = -0.008899986839151906
52.5794 	EXP 	grating: phase = -0.38804791405220346
52.5794 	EXP 	grating: color = 0.008106989901004969
52.6124 	EXP 	grating: phase = -0.18758939000868344
52.6124 	EXP 	grating: color = 0.025097907745458628
52.6463 	EXP 	grating: phase = 0.022011982980701738
52.6463 	EXP 	grating: color = 0.04215273030807951
52.6792 	EXP 	grating: phase = 0.22627398167584514
52.6792 	EXP 	grating: color = 0.05884691976211287
52.7125 	EXP 	grating: phase = 0.4279234345917616
52.7125 	EXP 	grating: color = 0.07616489695351925
52.7464 	EXP 	grating: phase = 0.6065730984680576
52.7464 	EXP 	grating: color = 0.09312762415912311
52.7798 	EXP 	grating: phase = 0.757651327005954
52.7798 	EXP 	grating: color = 0.1099642728691675
52.8134 	EXP 	grating: phase = 0.8772360047975355
52.8134 	EXP 	grating: color = 0.1269906641641054
52.8461 	EXP 	grating: phase = 0.9572442188602562
52.8461 	EXP 	grating: color = 0.143766612474682
52.8802 	EXP 	grating: phase = 0.9962542240625568
52.8802 	EXP 	grating: color = 0.16051399475595549
52.9134 	EXP 	grating: phase = 0.9918760494810854
52.9134 	EXP 	grating: color = 0.17784824281433054
52.9468 	EXP 	grating: phase = 0.9438835290289316
52.9468 	EXP 	grating: color = 0.1947771307613291
52.9801 	EXP 	grating: phase = 0.8549840473308632
52.9801 	EXP 	grating: color = 0.21166196563205925
53.0131 	EXP 	grating: phase = 0.7282048007935031
53.0131 	EXP 	grating: color = 0.2286484133696255
53.0461 	EXP 	grating: phase = 0.5711067202282711
53.0461 	EXP 	grating: color = 0.24547079866347887
53.0798 	EXP 	grating: phase = 0.3857782355271115
53.0798 	EXP 	grating: color = 0.25430437229992936
53.1129 	EXP 	grating: phase = 0.1865368504907309
53.1129 	EXP 	grating: color = 0.25430437229992936
53.1325 	DATA 	Keypress: right
53.1464 	EXP 	grating: phase = -0.02575792043524843
53.1464 	EXP 	grating: color = 0.25430437229992936
53.1636 	EXP 	fixation: autoDraw = False
53.1636 	EXP 	grating: autoDraw = False
53.1636 	EXP 	grating: color = '[0.21917766 0.21917766 0.21917766] (rgb)'
53.1636 	EXP 	grating: size = array([3.5, 3.5])
53.1636 	EXP 	grating: ori = 0.0
53.1636 	EXP 	grating: sf = array([1.2, 1.2])
53.2971 	EXP 	fixation: autoDraw = True
53.8973 	EXP 	fixation: autoDraw = False
54.1475 	EXP 	grating: phase = -0.027181443136935372
54.1475 	EXP 	grating: color = -0.007486115966015626
54.1806 	EXP 	grating: phase = -0.23491730847473655
54.1806 	EXP 	grating: color = 0.0071557826640812556
54.2138 	EXP 	grating: phase = -0.4301770933069004
54.2138 	EXP 	grating: color = 0.0216403629981506
54.2477 	EXP 	grating: phase = -0.6110194966174344
54.2477 	EXP 	grating: color = 0.0364785865978893
54.2811 	EXP 	grating: phase = -0.7613007993223991
54.2811 	EXP 	grating: color = 0.05098679379991142
54.3143 	EXP 	grating: phase = -0.8796835831087141
54.3143 	EXP 	grating: color = 0.06562875254485026
54.3472 	EXP 	grating: phase = -0.959109944195076
54.3472 	EXP 	grating: color = 0.08018555315580941
54.3804 	EXP 	grating: phase = -0.9973107082763905
54.3804 	EXP 	grating: color = 0.09508727864529068
54.4142 	EXP 	grating: phase = -0.9909665165761776
54.4142 	EXP 	grating: color = 0.10958440297706941
54.4472 	EXP 	grating: phase = -0.9410143137783531
54.4472 	EXP 	grating: color = 0.12428196917556984
54.4814 	EXP 	grating: phase = -0.8500230478708923
54.4814 	EXP 	grating: color = 0.1389093919680107
54.5141 	EXP 	grating: phase = -0.7238483546597869
54.5141 	EXP 	grating: color = 0.1533369313800035
54.5481 	EXP 	grating: phase = -0.562065500886975
54.5481 	EXP 	grating: color = 0.16815294382142065
54.5806 	EXP 	grating: phase = -0.3793714046035326
54.5806 	EXP 	grating: color = 0.18264690237702308
54.6148 	EXP 	grating: phase = -0.17675917799344745
54.6148 	EXP 	grating: color = 0.19739753763140372
54.6477 	EXP 	grating: phase = 0.03065346610576544
54.6477 	EXP 	grating: color = 0.21193528530758893
54.6813 	EXP 	grating: phase = 0.23489392904784417
54.6813 	EXP 	grating: color = 0.21917765722672616
54.7143 	EXP 	grating: phase = 0.4391390338909248
54.7143 	EXP 	grating: color = 0.21917765722672616
54.7485 	EXP 	grating: phase = 0.6146570979168078
54.7485 	EXP 	grating: color = 0.21917765722672616
54.7515 	DATA 	Keypress: up
54.7642 	EXP 	fixation: autoDraw = False
54.7642 	EXP 	grating: autoDraw = False
54.7642 	EXP 	grating: color = '[0.18843365 0.18843365 0.18843365] (rgb)'
54.7642 	EXP 	grating: size = array([3.5, 3.5])
54.7642 	EXP 	grating: ori = 0.0
54.7642 	EXP 	grating: sf = array([1.2, 1.2])
54.8983 	EXP 	fixation: autoDraw = True
55.4992 	EXP 	fixation: autoDraw = False
55.7484 	EXP 	grating: phase = 0.6182401143039751
55.7484 	EXP 	grating: color = -0.006582036697187651
55.7820 	EXP 	grating: phase = 0.7687484631343923
55.7820 	EXP 	grating: color = 0.006032647043620888
55.8155 	EXP 	grating: phase = 0.8833373710520509
55.8155 	EXP 	grating: color = 0.01839488884652193
55.8488 	EXP 	grating: phase = 0.9617185925951264
55.8488 	EXP 	grating: color = 0.031007115341219072
55.8820 	EXP 	grating: phase = 0.997658307705588
55.8820 	EXP 	grating: color = 0.04355187058195566
55.9155 	EXP 	grating: phase = 0.9895885494432075
55.9155 	EXP 	grating: color = 0.056328921834787236
55.9491 	EXP 	grating: phase = 0.9397652491773233
55.9491 	EXP 	grating: color = 0.06859058791555615
55.9823 	EXP 	grating: phase = 0.8461720133755444
55.9823 	EXP 	grating: color = 0.08136837755311946
56.0161 	EXP 	grating: phase = 0.7171468275121875
56.0161 	EXP 	grating: color = 0.09390755704585925
56.0485 	EXP 	grating: phase = 0.5536787650021625
56.0485 	EXP 	grating: color = 0.10668076878583208
56.0825 	EXP 	grating: phase = 0.37063158979137345
56.0825 	EXP 	grating: color = 0.11910090039043209
56.1163 	EXP 	grating: phase = 0.17135438913470843
56.1163 	EXP 	grating: color = 0.13154583514104914
56.1493 	EXP 	grating: phase = -0.039559215610967355
56.1493 	EXP 	grating: color = 0.14427006437711118
56.1825 	EXP 	grating: phase = -0.24595599239192592
56.1825 	EXP 	grating: color = 0.15679345121121738
56.2157 	EXP 	grating: phase = -0.4409376658162877
56.2157 	EXP 	grating: color = 0.1692641625647991
56.2486 	EXP 	grating: phase = -0.6170877187410093
56.2486 	EXP 	grating: color = 0.18176351508557026
56.2682 	DATA 	Keypress: up
56.2820 	EXP 	grating: phase = -0.7699629426776061
56.2820 	EXP 	grating: color = 0.1884336467408868
56.2987 	EXP 	fixation: autoDraw = False
56.2987 	EXP 	grating: autoDraw = False
56.2987 	EXP 	grating: color = '[0.16096817 0.16096817 0.16096817] (rgb)'
56.2987 	EXP 	grating: size = array([3.5, 3.5])
56.2987 	EXP 	grating: ori = 90.0
56.2987 	EXP 	grating: sf = array([1.2, 1.2])
56.4325 	EXP 	fixation: autoDraw = True
57.0335 	EXP 	fixation: autoDraw = False
57.2832 	EXP 	grating: phase = -0.7724594029602292
57.2832 	EXP 	grating: color = -0.00536949951673058
57.3173 	EXP 	grating: phase = -0.8865289199126993
57.3173 	EXP 	grating: color = 0.0052412355805407755
57.3499 	EXP 	grating: phase = -0.964102853534519
57.3499 	EXP 	grating: color = 0.016119751566363884
57.3830 	EXP 	grating: phase = -0.9980770757625522
57.3830 	EXP 	grating: color = 0.026711948011528854
57.4170 	EXP 	grating: phase = -0.9886432122063188
57.4170 	EXP 	grating: color = 0.03761960601639242
57.4506 	EXP 	grating: phase = -0.9363649450010206
57.4506 	EXP 	grating: color = 0.04826773338569683
57.4837 	EXP 	grating: phase = -0.8433949096274179
57.4837 	EXP 	grating: color = 0.05895338345159575
57.5166 	EXP 	grating: phase = -0.7125965557135994
57.5166 	EXP 	grating: color = 0.06973259462605688
57.5505 	EXP 	grating: phase = -0.5470239955104154
57.5505 	EXP 	grating: color = 0.08071724719669363
57.5831 	EXP 	grating: phase = -0.36655927009296974
57.5831 	EXP 	grating: color = 0.09113916770572057
57.6168 	EXP 	grating: phase = -0.15991145066256973
57.6168 	EXP 	grating: color = 0.10214524483423444
57.6501 	EXP 	grating: phase = 0.049377724597705716
57.6501 	EXP 	grating: color = 0.11290672793774305
57.6841 	EXP 	grating: phase = 0.2557441107430714
57.6841 	EXP 	grating: color = 0.12362523382459191
57.7175 	EXP 	grating: phase = 0.4495332780074381
57.7175 	EXP 	grating: color = 0.13426325756291127
57.7501 	EXP 	grating: phase = 0.6271234157081162
57.7501 	EXP 	grating: color = 0.14511981395032866
57.7833 	EXP 	grating: phase = 0.7761894158538059
57.7833 	EXP 	grating: color = 0.15590437702920865
57.8165 	EXP 	grating: phase = 0.8891558782924867
57.8165 	EXP 	grating: color = 0.16096816841978248
57.8504 	EXP 	grating: phase = 0.9649826152653485
57.8504 	EXP 	grating: color = 0.16096816841978248
57.8841 	EXP 	grating: phase = 0.9981411585213563
57.8841 	EXP 	grating: color = 0.16096816841978248
57.9168 	EXP 	grating: phase = 0.988752927802917
57.9168 	EXP 	grating: color = 0.16096816841978248
57.9512 	EXP 	grating: phase = 0.9351527924125043
57.9512 	EXP 	grating: color = 0.16096816841978248
57.9842 	EXP 	grating: phase = 0.8400309079188204
57.9842 	EXP 	grating: color = 0.16096816841978248
58.0026 	DATA 	Keypress: right
58.0174 	EXP 	grating: phase = 0.7101042301218974
58.0174 	EXP 	grating: color = 0.16096816841978248
58.0342 	EXP 	fixation: autoDraw = False
58.0342 	EXP 	grating: autoDraw = False
58.0342 	EXP 	grating: color = '[0.13587214 0.13587214 0.13587214] (rgb)'
58.0342 	EXP 	grating: size = array([3.5, 3.5])
58.0342 	EXP 	grating: ori = 0.0
58.0342 	EXP 	grating: sf = array([1.2, 1.2])
58.1675 	EXP 	fixation: autoDraw = True
58.7677 	EXP 	fixation: autoDraw = False
59.0181 	EXP 	grating: phase = 0.7066815585700448
59.0181 	EXP 	grating: color = -0.004700141442600121
59.0513 	EXP 	grating: phase = 0.544600025371719
59.0513 	EXP 	grating: color = 0.004331239355797551
59.0852 	EXP 	grating: phase = 0.3547474387366608
59.0852 	EXP 	grating: color = 0.013557977431918366
59.1184 	EXP 	grating: phase = 0.15475899694482895
59.1184 	EXP 	grating: color = 0.022521684405736157
59.1519 	EXP 	grating: phase = -0.053507099008359184
59.1519 	EXP 	grating: color = 0.03155718239854152
59.1849 	EXP 	grating: phase = -0.26014060371704395
59.1849 	EXP 	grating: color = 0.040633567934998734
59.2183 	EXP 	grating: phase = -0.452968177053071
59.2183 	EXP 	grating: color = 0.049572918717216016
59.2514 	EXP 	grating: phase = -0.6298824771105133
59.2514 	EXP 	grating: color = 0.058713225511131256
59.2851 	EXP 	grating: phase = -0.7789850666090449
59.2851 	EXP 	grating: color = 0.06786266513346954
59.3181 	EXP 	grating: phase = -0.8913697275719977
59.3181 	EXP 	grating: color = 0.07683237191229544
59.3511 	EXP 	grating: phase = -0.9671245250715423
59.3511 	EXP 	grating: color = 0.08606322148848841
59.3851 	EXP 	grating: phase = -0.998753907380052
59.3851 	EXP 	grating: color = 0.09501870331096847
59.4180 	EXP 	grating: phase = -0.9875479852946494
59.4180 	EXP 	grating: color = 0.10401047962605259
59.4520 	EXP 	grating: phase = -0.9321000273718953
59.4520 	EXP 	grating: color = 0.11320728068211985
59.4856 	EXP 	grating: phase = -0.8356608027647574
59.4856 	EXP 	grating: color = 0.12232583947992379
59.5186 	EXP 	grating: phase = -0.703639278996773
59.5186 	EXP 	grating: color = 0.13135787955583636
59.5517 	EXP 	grating: phase = -0.5434148905556045
59.5517 	EXP 	grating: color = 0.13587213846235047
59.5849 	EXP 	grating: phase = -0.35736274800842716
59.5849 	EXP 	grating: color = 0.13587213846235047
59.6191 	EXP 	grating: phase = -0.14959721583646288
59.6191 	EXP 	grating: color = 0.13587213846235047
59.6220 	DATA 	Keypress: up
59.6351 	EXP 	fixation: autoDraw = False
59.6351 	EXP 	grating: autoDraw = False
59.6351 	EXP 	grating: color = '[0.11304081 0.11304081 0.11304081] (rgb)'
59.6351 	EXP 	grating: size = array([3.5, 3.5])
59.6351 	EXP 	grating: ori = 0.0
59.6351 	EXP 	grating: sf = array([1.2, 1.2])
59.7688 	EXP 	fixation: autoDraw = True
60.3689 	EXP 	fixation: autoDraw = False
60.6197 	EXP 	grating: phase = -0.1462420937062396
60.6197 	EXP 	grating: color = -0.003965954012392423
60.6528 	EXP 	grating: phase = 0.06202853121957117
60.6528 	EXP 	grating: color = 0.0035457001229882382
60.6867 	EXP 	grating: phase = 0.2652039241531414
60.6867 	EXP 	grating: color = 0.010974713029898393
60.7197 	EXP 	grating: phase = 0.46420883926630857
60.7197 	EXP 	grating: color = 0.018684513876962742
60.7532 	EXP 	grating: phase = 0.638304892870446
60.7532 	EXP 	grating: color = 0.026225207694809554
60.7859 	EXP 	grating: phase = 0.782695464348783
60.7859 	EXP 	grating: color = 0.03366156738940204
60.8200 	EXP 	grating: phase = 0.896916541236226
60.8200 	EXP 	grating: color = 0.041353463698512186
60.8531 	EXP 	grating: phase = 0.9687912700276116
60.8531 	EXP 	grating: color = 0.048822055825159444
60.8859 	EXP 	grating: phase = 0.9992505158403931
60.8859 	EXP 	grating: color = 0.05644225081325784
60.9201 	EXP 	grating: phase = 0.9855757442842862
60.9201 	EXP 	grating: color = 0.06395512732524923
60.9526 	EXP 	grating: phase = 0.9287849590810755
60.9526 	EXP 	grating: color = 0.07149651297393726
60.9868 	EXP 	grating: phase = 0.8316070287266385
60.9868 	EXP 	grating: color = 0.07902097279659613
61.0197 	EXP 	grating: phase = 0.6993943796649167
61.0197 	EXP 	grating: color = 0.08648842682124094
61.0529 	EXP 	grating: phase = 0.5364310474683429
61.0529 	EXP 	grating: color = 0.09398673666984805
61.0865 	EXP 	grating: phase = 0.34465776872123577
61.0865 	EXP 	grating: color = 0.1016945446671964
61.1196 	EXP 	grating: phase = 0.1467147385086968
61.1196 	EXP 	grating: color = 0.10906172943667032
61.1531 	EXP 	grating: phase = -0.06319204544774984
61.1531 	EXP 	grating: color = 0.11304081402258853
61.1864 	EXP 	grating: phase = -0.26745897894878656
61.1864 	EXP 	grating: color = 0.11304081402258853
61.1894 	DATA 	Keypress: up
61.2031 	EXP 	fixation: autoDraw = False
61.2031 	EXP 	grating: autoDraw = False
61.2031 	EXP 	grating: color = '[0.0913381 0.0913381 0.0913381] (rgb)'
61.2031 	EXP 	grating: size = array([3.5, 3.5])
61.2031 	EXP 	grating: ori = 90.0
61.2031 	EXP 	grating: sf = array([1.2, 1.2])
61.3362 	EXP 	fixation: autoDraw = True
61.9373 	EXP 	fixation: autoDraw = False
62.1875 	EXP 	grating: phase = -0.2772129976375735
62.1875 	EXP 	grating: color = -0.0030612904675544612
62.2204 	EXP 	grating: phase = -0.46796445225587663
62.2204 	EXP 	grating: color = 0.002924969304411414
62.2544 	EXP 	grating: phase = -0.6404316325761251
62.2544 	EXP 	grating: color = 0.008976551860476386
62.2879 	EXP 	grating: phase = -0.7868361042315526
62.2879 	EXP 	grating: color = 0.015099809276858663
62.3205 	EXP 	grating: phase = -0.8985443471148952
62.3205 	EXP 	grating: color = 0.021228140153926954
62.3546 	EXP 	grating: phase = -0.9709835526796838
62.3546 	EXP 	grating: color = 0.027417072056618287
62.3870 	EXP 	grating: phase = -0.9993683272233965
62.3870 	EXP 	grating: color = 0.03340462864807644
62.4210 	EXP 	grating: phase = -0.9848476018526953
62.4210 	EXP 	grating: color = 0.03951242762734334
62.4537 	EXP 	grating: phase = -0.9275461050175506
62.4537 	EXP 	grating: color = 0.04557510268992144
62.4873 	EXP 	grating: phase = -0.8286996233442797
62.4873 	EXP 	grating: color = 0.051708024580201135
62.5206 	EXP 	grating: phase = -0.6955437220489546
62.5206 	EXP 	grating: color = 0.05774679405779755
62.5546 	EXP 	grating: phase = -0.5277507965912516
62.5546 	EXP 	grating: color = 0.06394547720092497
62.5876 	EXP 	grating: phase = -0.34104809168180034
62.5876 	EXP 	grating: color = 0.06998829153039791
62.6208 	EXP 	grating: phase = -0.1326513953558367
62.6208 	EXP 	grating: color = 0.07623871368813587
62.6550 	EXP 	grating: phase = 0.07466868341561728
62.6550 	EXP 	grating: color = 0.0822795146936506
62.6880 	EXP 	grating: phase = 0.2788408215400628
62.6880 	EXP 	grating: color = 0.08832251791047561
62.7211 	EXP 	grating: phase = 0.4708789845615487
62.7211 	EXP 	grating: color = 0.0913380995102597
62.7542 	EXP 	grating: phase = 0.6475037298021289
62.7542 	EXP 	grating: color = 0.0913380995102597
62.7883 	EXP 	grating: phase = 0.7910790468110882
62.7883 	EXP 	grating: color = 0.0913380995102597
62.8067 	DATA 	Keypress: right
62.8215 	EXP 	grating: phase = 0.9009462539928559
62.8215 	EXP 	grating: color = 0.0913380995102597
62.8382 	EXP 	fixation: autoDraw = False
62.8382 	EXP 	grating: autoDraw = False
62.8382 	EXP 	grating: color = '[0.07094097 0.07094097 0.07094097] (rgb)'
62.8382 	EXP 	grating: size = array([3.5, 3.5])
62.8382 	EXP 	grating: ori = 0.0
62.8382 	EXP 	grating: sf = array([1.2, 1.2])
62.9717 	EXP 	fixation: autoDraw = True
63.5721 	EXP 	fixation: autoDraw = False
63.8217 	EXP 	grating: phase = 0.9039887478725563
63.8217 	EXP 	grating: color = -0.0023794981688591405
63.8554 	EXP 	grating: phase = 0.9722325394048834
63.8554 	EXP 	grating: color = 0.0022567402197313344
63.8887 	EXP 	grating: phase = 0.9997319471653727
63.8887 	EXP 	grating: color = 0.007069340458110833
63.9218 	EXP 	grating: phase = 0.9835993883397243
63.9218 	EXP 	grating: color = 0.011687551081103061
63.9564 	EXP 	grating: phase = 0.9228643408216671
63.9564 	EXP 	grating: color = 0.016519466239914495
63.9889 	EXP 	grating: phase = 0.8233642966236943
63.9889 	EXP 	grating: color = 0.02121945532888917
64.0220 	EXP 	grating: phase = 0.6886825181171975
64.0220 	EXP 	grating: color = 0.02590836700427114
64.0553 	EXP 	grating: phase = 0.520816221759233
64.0553 	EXP 	grating: color = 0.030692430784782364
64.0885 	EXP 	grating: phase = 0.32975245407206827
64.0885 	EXP 	grating: color = 0.0354742836347241
64.1221 	EXP 	grating: phase = 0.13166485103220477
64.1221 	EXP 	grating: color = 0.04008054070408412
64.1553 	EXP 	grating: phase = -0.08107532464639011
64.1553 	EXP 	grating: color = 0.04489524120758056
64.1896 	EXP 	grating: phase = -0.28601645817753846
64.1896 	EXP 	grating: color = 0.04961247121426868
64.2221 	EXP 	grating: phase = -0.4768189610382963
64.2221 	EXP 	grating: color = 0.0542862991224002
64.2554 	EXP 	grating: phase = -0.649079801874596
64.2554 	EXP 	grating: color = 0.05901669765725158
64.2891 	EXP 	grating: phase = -0.7949575263878464
64.2891 	EXP 	grating: color = 0.06381630814998397
64.3230 	EXP 	grating: phase = -0.9051380680728855
64.3230 	EXP 	grating: color = 0.06861801355625023
64.3558 	EXP 	grating: phase = -0.97229753928639
64.3558 	EXP 	grating: color = 0.07094097006961395
64.3892 	EXP 	grating: phase = -0.9996553828429465
64.3892 	EXP 	grating: color = 0.07094097006961395
64.4225 	EXP 	grating: phase = -0.9832994189787849
64.4225 	EXP 	grating: color = 0.07094097006961395
64.4417 	DATA 	Keypress: up
64.4556 	EXP 	grating: phase = -0.9213328573591769
64.4556 	EXP 	grating: color = 0.07094097006961395
64.4729 	EXP 	fixation: autoDraw = False
64.4729 	EXP 	grating: autoDraw = False
64.4729 	EXP 	grating: color = '[0.05158608 0.05158608 0.05158608] (rgb)'
64.4729 	EXP 	grating: size = array([3.5, 3.5])
64.4729 	EXP 	grating: ori = 0.0
64.4729 	EXP 	grating: sf = array([1.2, 1.2])
64.6057 	EXP 	fixation: autoDraw = True
65.2062 	EXP 	fixation: autoDraw = False
65.4565 	EXP 	grating: phase = -0.9192000251332785
65.4565 	EXP 	grating: color = -0.0016665644961787382
65.4906 	EXP 	grating: phase = -0.8172435474288594
65.4906 	EXP 	grating: color = 0.0017711487876789808
65.5238 	EXP 	grating: phase = -0.680732419326368
65.5238 	EXP 	grating: color = 0.0051851433914885114
65.5576 	EXP 	grating: phase = -0.5151973818549161
65.5576 	EXP 	grating: color = 0.00859752016179939
65.5907 	EXP 	grating: phase = -0.3227018898587244
65.5907 	EXP 	grating: color = 0.012084719851729446
65.6239 	EXP 	grating: phase = -0.12045137730588609
65.6239 	EXP 	grating: color = 0.015499666937625644
65.6566 	EXP 	grating: phase = 0.08776437120202463
65.6566 	EXP 	grating: color = 0.01892330586996575
65.6907 	EXP 	grating: phase = 0.29546477907885604
65.6907 	EXP 	grating: color = 0.022405393706651067
65.7238 	EXP 	grating: phase = 0.48632367292571566
65.7238 	EXP 	grating: color = 0.025819588362686715
65.7567 	EXP 	grating: phase = 0.6554955798553401
65.7567 	EXP 	grating: color = 0.029218293792550774
65.7909 	EXP 	grating: phase = 0.8013371815972722
65.7909 	EXP 	grating: color = 0.032746869317777795
65.8240 	EXP 	grating: phase = 0.9075363463378587
65.8240 	EXP 	grating: color = 0.03615649376052962
65.8572 	EXP 	grating: phase = 0.974827957102873
65.8572 	EXP 	grating: color = 0.039581097474036576
65.8904 	EXP 	grating: phase = 0.9998641260991176
65.8904 	EXP 	grating: color = 0.04300242360278272
65.9234 	EXP 	grating: phase = 0.9804276220448714
65.9234 	EXP 	grating: color = 0.04652727884842722
65.9576 	EXP 	grating: phase = 0.9187370411331982
65.9576 	EXP 	grating: color = 0.04993869199061002
65.9909 	EXP 	grating: phase = 0.8175344883290839
65.9909 	EXP 	grating: color = 0.05158608121187305
65.9939 	DATA 	Keypress: up
66.0078 	EXP 	fixation: autoDraw = False
66.0078 	EXP 	grating: autoDraw = False
66.0078 	EXP 	grating: color = '[0.033063 0.033063 0.033063] (rgb)'
66.0078 	EXP 	grating: size = array([3.5, 3.5])
66.0078 	EXP 	grating: ori = 90.0
66.0078 	EXP 	grating: sf = array([1.2, 1.2])
66.1413 	EXP 	fixation: autoDraw = True
66.7411 	EXP 	fixation: autoDraw = False
66.9910 	EXP 	grating: phase = 0.8143139843097614
66.9910 	EXP 	grating: color = -0.00114899888071528
67.0250 	EXP 	grating: phase = 0.6747650999535422
67.0250 	EXP 	grating: color = 0.001069842376925065
67.0579 	EXP 	grating: phase = 0.5090762328816519
67.0579 	EXP 	grating: color = 0.0032441845469734706
67.0919 	EXP 	grating: phase = 0.3150943538836631
67.0919 	EXP 	grating: color = 0.0054916520834027436
67.1249 	EXP 	grating: phase = 0.11289413131856074
67.1249 	EXP 	grating: color = 0.007674638365400524
67.1581 	EXP 	grating: phase = -0.09462665245975552
67.1581 	EXP 	grating: color = 0.009862670014928123
67.1920 	EXP 	grating: phase = -0.30326812948214465
67.1920 	EXP 	grating: color = 0.012108172816700664
67.2251 	EXP 	grating: phase = -0.49348492504499747
67.2251 	EXP 	grating: color = 0.014296811213462747
67.2582 	EXP 	grating: phase = -0.6622280053270581
67.2582 	EXP 	grating: color = 0.016482610573880545
67.2913 	EXP 	grating: phase = -0.8029885810781912
67.2913 	EXP 	grating: color = 0.01867700790395886
67.3251 	EXP 	grating: phase = -0.9107040707727008
67.3251 	EXP 	grating: color = 0.020915510995952253
67.3582 	EXP 	grating: phase = -0.9761987499202321
67.3582 	EXP 	grating: color = 0.023095908321418224
67.3922 	EXP 	grating: phase = -0.9999883858180274
67.3922 	EXP 	grating: color = 0.025346000271733744
67.4251 	EXP 	grating: phase = -0.9796242549659804
67.4251 	EXP 	grating: color = 0.027524938657162164
67.4582 	EXP 	grating: phase = -0.9174395188194533
67.4582 	EXP 	grating: color = 0.02970355720278117
67.4920 	EXP 	grating: phase = -0.8125562590526789
67.4920 	EXP 	grating: color = 0.03194570436548654
67.5252 	EXP 	grating: phase = -0.6746047303303377
67.5252 	EXP 	grating: color = 0.033062999937241044
67.5582 	EXP 	grating: phase = -0.5073655061495056
67.5582 	EXP 	grating: color = 0.033062999937241044
67.5924 	EXP 	grating: phase = -0.3128822612396907
67.5924 	EXP 	grating: color = 0.033062999937241044
67.6257 	EXP 	grating: phase = -0.11050693430747982
67.6257 	EXP 	grating: color = 0.033062999937241044
67.6591 	EXP 	grating: phase = 0.09987068863328387
67.6591 	EXP 	grating: color = 0.033062999937241044
67.6922 	EXP 	grating: phase = 0.304391252039449
67.6922 	EXP 	grating: color = 0.033062999937241044
67.7251 	EXP 	grating: phase = 0.49371284166196305
67.7251 	EXP 	grating: color = 0.033062999937241044
67.7583 	EXP 	grating: phase = 0.666618795049014
67.7583 	EXP 	grating: color = 0.033062999937241044
67.7917 	EXP 	grating: phase = 0.8065044406359418
67.7917 	EXP 	grating: color = 0.033062999937241044
67.8255 	EXP 	grating: phase = 0.9122896199779059
67.8255 	EXP 	grating: color = 0.033062999937241044
67.8584 	EXP 	grating: phase = 0.9765501406990685
67.8584 	EXP 	grating: color = 0.033062999937241044
67.8770 	DATA 	Keypress: right
67.8921 	EXP 	grating: phase = 0.9999762252195133
67.8921 	EXP 	grating: color = 0.033062999937241044
67.9088 	EXP 	fixation: autoDraw = False
67.9088 	EXP 	grating: autoDraw = False
67.9088 	EXP 	grating: color = '[0.01520395 0.01520395 0.01520395] (rgb)'
67.9088 	EXP 	grating: size = array([3.5, 3.5])
67.9088 	EXP 	grating: ori = 0.0
67.9088 	EXP 	grating: sf = array([1.2, 1.2])
68.0424 	EXP 	fixation: autoDraw = True
68.6431 	EXP 	fixation: autoDraw = False
68.8933 	EXP 	grating: phase = 0.9999991894424645
68.8933 	EXP 	grating: color = -0.0005148040557240371
68.9266 	EXP 	grating: phase = 0.977778584790656
68.9266 	EXP 	grating: color = 0.0005008900690342767
68.9594 	EXP 	grating: phase = 0.9132076983219868
68.9594 	EXP 	grating: color = 0.0015102264426091006
68.9933 	EXP 	grating: phase = 0.807210122147731
68.9933 	EXP 	grating: color = 0.0025346284253833008
69.0262 	EXP 	grating: phase = 0.6695293593607348
69.0262 	EXP 	grating: color = 0.0035308612759638153
69.0603 	EXP 	grating: phase = 0.4963322519023521
69.0603 	EXP 	grating: color = 0.004567510128813564
69.0933 	EXP 	grating: phase = 0.3064536078218281
69.0933 	EXP 	grating: color = 0.0055736584547949886
69.1264 	EXP 	grating: phase = 0.10396117836960314
69.1264 	EXP 	grating: color = 0.0065770117097355895
69.1594 	EXP 	grating: phase = -0.1037059423839328
69.1594 	EXP 	grating: color = 0.007583781933536679
69.1929 	EXP 	grating: phase = -0.3081256719289488
69.1929 	EXP 	grating: color = 0.008596992948588731
69.2267 	EXP 	grating: phase = -0.5016557963748958
69.2267 	EXP 	grating: color = 0.009625605874847584
69.2597 	EXP 	grating: phase = -0.6694771987382908
69.2597 	EXP 	grating: color = 0.01063086333786625
69.2933 	EXP 	grating: phase = -0.8104237879251885
69.2933 	EXP 	grating: color = 0.01165374698798207
69.3262 	EXP 	grating: phase = -0.9137722290539643
69.3262 	EXP 	grating: color = 0.012658479576037638
69.3603 	EXP 	grating: phase = -0.9790111299849498
69.3603 	EXP 	grating: color = 0.013689649993360826
69.3933 	EXP 	grating: phase = -0.9999984472494907
69.3933 	EXP 	grating: color = 0.014691592841535157
69.4263 	EXP 	grating: phase = -0.9780342415557809
69.4263 	EXP 	grating: color = 0.015203954900492811
69.4602 	EXP 	grating: phase = -0.9118232565821518
69.4602 	EXP 	grating: color = 0.015203954900492811
69.4931 	EXP 	grating: phase = -0.807829859147343
69.4931 	EXP 	grating: color = 0.015203954900492811
69.5274 	EXP 	grating: phase = -0.6687724215216001
69.5274 	EXP 	grating: color = 0.015203954900492811
69.5604 	EXP 	grating: phase = -0.4954003784056027
69.5604 	EXP 	grating: color = 0.015203954900492811
69.5934 	EXP 	grating: phase = -0.3060156259104962
69.5934 	EXP 	grating: color = 0.015203954900492811
69.6264 	EXP 	grating: phase = -0.09738580638085516
69.6264 	EXP 	grating: color = 0.015203954900492811
69.6603 	EXP 	grating: phase = 0.1093467790516283
69.6603 	EXP 	grating: color = 0.015203954900492811
69.6933 	EXP 	grating: phase = 0.3120448740608562
69.6933 	EXP 	grating: color = 0.015203954900492811
69.6962 	DATA 	Keypress: up
69.7103 	EXP 	fixation: autoDraw = False
69.7103 	EXP 	grating: autoDraw = False
69.7103 	EXP 	grating: color = '[1.e-10 1.e-10 1.e-10] (rgb)'
69.7103 	EXP 	grating: size = array([3.5, 3.5])
69.7103 	EXP 	grating: ori = 0.0
69.7103 	EXP 	grating: sf = array([1.2, 1.2])
69.8433 	EXP 	fixation: autoDraw = True
70.4441 	EXP 	fixation: autoDraw = False
70.6943 	EXP 	grating: phase = 0.31783918410655176
70.6943 	EXP 	grating: color = -3.363965405151248e-12
70.7276 	EXP 	grating: phase = 0.5118516649800198
70.7276 	EXP 	grating: color = 3.4417971968650817e-12
70.7609 	EXP 	grating: phase = 0.6787776662088475
70.7609 	EXP 	grating: color = 1.00890904199332e-11
70.7943 	EXP 	grating: phase = 0.8141275223766244
70.7943 	EXP 	grating: color = 1.6618687985464933e-11
70.8283 	EXP 	grating: phase = 0.9187419907798834
70.8283 	EXP 	grating: color = 2.3419271782040598e-11
70.8614 	EXP 	grating: phase = 0.9804597505452738
70.8614 	EXP 	grating: color = 3.0037191789597275e-11
70.8943 	EXP 	grating: phase = 0.9999656072240529
70.8943 	EXP 	grating: color = 3.660507560707629e-11
70.9283 	EXP 	grating: phase = 0.9753482202603992
70.9283 	EXP 	grating: color = 4.342228737659753e-11
70.9613 	EXP 	grating: phase = 0.908902260251255
70.9613 	EXP 	grating: color = 5.003217561170459e-11
70.9943 	EXP 	grating: phase = 0.8035067188469639
70.9943 	EXP 	grating: color = 5.6636529788374905e-11
71.0277 	EXP 	grating: phase = 0.6625580001872128
71.0277 	EXP 	grating: color = 6.328687639907003e-11
71.0617 	EXP 	grating: phase = 0.48849355490710783
71.0617 	EXP 	grating: color = 7.009504018351436e-11
71.0945 	EXP 	grating: phase = 0.29806753854735035
71.0945 	EXP 	grating: color = 7.670600120909513e-11
71.1285 	EXP 	grating: phase = 0.09039102422631703
71.1285 	EXP 	grating: color = 8.34589472040534e-11
71.1612 	EXP 	grating: phase = -0.11567243967297397
71.1612 	EXP 	grating: color = 9.003029400482774e-11
71.1953 	EXP 	grating: phase = -0.32286564205716783
71.1953 	EXP 	grating: color = 9.680553921498359e-11
71.2276 	EXP 	grating: phase = -0.5109099960745087
71.2276 	EXP 	grating: color = 1e-10
71.2615 	EXP 	grating: phase = -0.6784251508399055
71.2615 	EXP 	grating: color = 1e-10
71.2945 	EXP 	grating: phase = -0.8150527787983649
71.2945 	EXP 	grating: color = 1e-10
71.3278 	EXP 	grating: phase = -0.9175452054835951
71.3278 	EXP 	grating: color = 1e-10
71.3610 	EXP 	grating: phase = -0.9808970017975305
71.3610 	EXP 	grating: color = 1e-10
71.3949 	EXP 	grating: phase = -0.9999277063317
71.3949 	EXP 	grating: color = 1e-10
71.4281 	EXP 	grating: phase = -0.975454813970688
71.4281 	EXP 	grating: color = 1e-10
71.4618 	EXP 	grating: phase = -0.9070085613310983
71.4618 	EXP 	grating: color = 1e-10
71.4948 	EXP 	grating: phase = -0.8018234333549654
71.4948 	EXP 	grating: color = 1e-10
71.5288 	EXP 	grating: phase = -0.6567447943858878
71.5288 	EXP 	grating: color = 1e-10
71.5619 	EXP 	grating: phase = -0.48758119701167635
71.5619 	EXP 	grating: color = 1e-10
71.5948 	EXP 	grating: phase = -0.2969051479096641
71.5948 	EXP 	grating: color = 1e-10
71.6289 	EXP 	grating: phase = -0.08816202840478808
71.6289 	EXP 	grating: color = 1e-10
71.6620 	EXP 	grating: phase = 0.11968148931998332
71.6620 	EXP 	grating: color = 1e-10
71.6803 	DATA 	Keypress: up
71.6952 	EXP 	grating: phase = 0.3216106369011719
71.6952 	EXP 	grating: color = 1e-10
71.7119 	EXP 	fixation: autoDraw = False
71.7119 	EXP 	grating: autoDraw = False
71.7119 	EXP 	grating: color = '[1.e-10 1.e-10 1.e-10] (rgb)'
71.7119 	EXP 	grating: size = array([3.5, 3.5])
71.7119 	EXP 	grating: ori = 90.0
71.7119 	EXP 	grating: sf = array([1.2, 1.2])
71.8452 	EXP 	fixation: autoDraw = True
72.4457 	EXP 	fixation: autoDraw = False
72.6962 	EXP 	grating: phase = 0.32696863640807966
72.6962 	EXP 	grating: color = -3.4569632261991503e-12
72.7292 	EXP 	grating: phase = 0.5163487326558514
72.7292 	EXP 	grating: color = 3.208979591727257e-12
72.7633 	EXP 	grating: phase = 0.6855598959184875
72.7633 	EXP 	grating: color = 9.99557520262897e-12
72.7963 	EXP 	grating: phase = 0.8211203905329898
72.7963 	EXP 	grating: color = 1.660460061393678e-11
72.8292 	EXP 	grating: phase = 0.9211382679238534
72.8292 	EXP 	grating: color = 2.3214129405096175e-11
72.8629 	EXP 	grating: phase = 0.9824015449735889
72.8629 	EXP 	grating: color = 2.995919580571354e-11
72.8957 	EXP 	grating: phase = 0.9998187536618451
72.8957 	EXP 	grating: color = 3.654591920785606e-11
72.9298 	EXP 	grating: phase = 0.97321988699958
72.9298 	EXP 	grating: color = 4.3328908411785964e-11
72.9630 	EXP 	grating: phase = 0.9051555839549252
72.9630 	EXP 	grating: color = 4.9917236994951964e-11
72.9967 	EXP 	grating: phase = 0.7971463516616251
72.9967 	EXP 	grating: color = 5.657399701885879e-11
73.0300 	EXP 	grating: phase = 0.6519828218952834
73.0300 	EXP 	grating: color = 6.333391680382193e-11
73.0632 	EXP 	grating: phase = 0.48144205343429247
73.0632 	EXP 	grating: color = 6.995117361657322e-11
73.0962 	EXP 	grating: phase = 0.28953686422654484
73.0962 	EXP 	grating: color = 7.658989718183875e-11
73.1303 	EXP 	grating: phase = 0.0797793570356004
73.1303 	EXP 	grating: color = 8.339757481589914e-11
73.1635 	EXP 	grating: phase = -0.1272984088734291
73.1635 	EXP 	grating: color = 9.000403857789933e-11
73.1965 	EXP 	grating: phase = -0.32983635015578716
73.1965 	EXP 	grating: color = 9.663927280344069e-11
73.2297 	EXP 	grating: phase = -0.5186754349311355
73.2297 	EXP 	grating: color = 1e-10
73.2634 	EXP 	grating: phase = -0.6871677604296081
73.2634 	EXP 	grating: color = 1e-10
73.2814 	DATA 	Keypress: right
73.2972 	EXP 	grating: phase = -0.8203640744964613
73.2972 	EXP 	grating: color = 1e-10
73.3129 	EXP 	fixation: autoDraw = False
73.3129 	EXP 	grating: autoDraw = False
73.3129 	EXP 	grating: color = '[1.e-10 1.e-10 1.e-10] (rgb)'
73.3129 	EXP 	grating: size = array([3.5, 3.5])
73.3129 	EXP 	grating: ori = 90.0
73.3129 	EXP 	grating: sf = array([1.2, 1.2])
73.4468 	EXP 	fixation: autoDraw = True
74.0467 	EXP 	fixation: autoDraw = False
74.2975 	EXP 	grating: phase = -0.8250223629429184
74.2975 	EXP 	grating: color = -3.5622924100607635e-12
74.3312 	EXP 	grating: phase = -0.9255937648645733
74.3312 	EXP 	grating: color = 3.19531480781734e-12
74.3643 	EXP 	grating: phase = -0.983660044731451
74.3643 	EXP 	grating: color = 9.792720805853606e-12
74.3973 	EXP 	grating: phase = -0.9996206110026807
74.3973 	EXP 	grating: color = 1.6430708207190038e-11
74.4307 	EXP 	grating: phase = -0.9720218885322307
74.4307 	EXP 	grating: color = 2.310138801112771e-11
74.4644 	EXP 	grating: phase = -0.9000520865878852
74.4644 	EXP 	grating: color = 2.9906601412221793e-11
74.4973 	EXP 	grating: phase = -0.7924463385296885
74.4973 	EXP 	grating: color = 3.643456781283021e-11
74.5314 	EXP 	grating: phase = -0.6448846282250713
74.5314 	EXP 	grating: color = 4.324460602365434e-11
74.5640 	EXP 	grating: phase = -0.47310614205391655
74.5640 	EXP 	grating: color = 4.9867204809561374e-11
74.5973 	EXP 	grating: phase = -0.27793986191529596
74.5973 	EXP 	grating: color = 5.659583280794323e-11
74.6313 	EXP 	grating: phase = -0.07297098306664028
74.6313 	EXP 	grating: color = 6.322907498106361e-11
74.6646 	EXP 	grating: phase = 0.13719364257246067
74.6646 	EXP 	grating: color = 6.993451318703593e-11
74.6976 	EXP 	grating: phase = 0.3371154585501703
74.6976 	EXP 	grating: color = 7.649905201978982e-11
74.7307 	EXP 	grating: phase = 0.5291801847014207
74.7307 	EXP 	grating: color = 8.330387300811708e-11
74.7646 	EXP 	grating: phase = 0.6929218269471951
74.7646 	EXP 	grating: color = 8.99214781820774e-11
74.7976 	EXP 	grating: phase = 0.8259887212351003
74.7976 	EXP 	grating: color = 9.649201738648117e-11
74.8307 	EXP 	grating: phase = 0.9245147824119085
74.8307 	EXP 	grating: color = 1e-10
74.8645 	EXP 	grating: phase = 0.9842752547973709
74.8645 	EXP 	grating: color = 1e-10
74.8980 	EXP 	grating: phase = 0.9995616656391806
74.8980 	EXP 	grating: color = 1e-10
74.9171 	DATA 	Keypress: up
74.9310 	EXP 	grating: phase = 0.9701215312481779
74.9310 	EXP 	grating: color = 1e-10
74.9476 	EXP 	fixation: autoDraw = False
74.9476 	EXP 	grating: autoDraw = False
74.9476 	EXP 	grating: color = '[0.04082641 0.04082641 0.04082641] (rgb)'
74.9476 	EXP 	grating: size = array([3.5, 3.5])
74.9476 	EXP 	grating: ori = 0.0
74.9476 	EXP 	grating: sf = array([1.2, 1.2])
75.0813 	EXP 	fixation: autoDraw = True
75.6817 	EXP 	fixation: autoDraw = False
75.9324 	EXP 	grating: phase = 0.9694688986123187
75.9324 	EXP 	grating: color = -0.0013552983188895916
75.9655 	EXP 	grating: phase = 0.8979725631375419
75.9655 	EXP 	grating: color = 0.001345836138912605
75.9984 	EXP 	grating: phase = 0.7879375267718083
75.9984 	EXP 	grating: color = 0.004045609027886575
76.0325 	EXP 	grating: phase = 0.6398940184194801
76.0325 	EXP 	grating: color = 0.006814956641026791
76.0654 	EXP 	grating: phase = 0.46718935328261735
76.0654 	EXP 	grating: color = 0.009521217091115752
76.0994 	EXP 	grating: phase = 0.270459512927748
76.0994 	EXP 	grating: color = 0.012279400900693911
76.1325 	EXP 	grating: phase = 0.06501803875108723
76.1325 	EXP 	grating: color = 0.014993012385202563
76.1656 	EXP 	grating: phase = -0.14172591006847315
76.1656 	EXP 	grating: color = 0.017686481266965346
76.1987 	EXP 	grating: phase = -0.34292802603459976
76.1987 	EXP 	grating: color = 0.020387317589882048
76.2327 	EXP 	grating: phase = -0.534662311007593
76.2327 	EXP 	grating: color = 0.023169245061739663
76.2656 	EXP 	grating: phase = -0.6969709262524526
76.2656 	EXP 	grating: color = 0.025860178371129777
76.2995 	EXP 	grating: phase = -0.8294001128361332
76.2995 	EXP 	grating: color = 0.028548421147207823
76.3324 	EXP 	grating: phase = -0.9287248711976043
76.3324 	EXP 	grating: color = 0.031315438566828065
76.3664 	EXP 	grating: phase = -0.9853335749657888
76.3664 	EXP 	grating: color = 0.03402318910199484
76.3994 	EXP 	grating: phase = -0.9991973823446109
76.3994 	EXP 	grating: color = 0.03677227791544873
76.4324 	EXP 	grating: phase = -0.9692754060375849
76.4324 	EXP 	grating: color = 0.039481431330954136
76.4664 	EXP 	grating: phase = -0.8955553656933576
76.4664 	EXP 	grating: color = 0.04082641190525432
76.4994 	EXP 	grating: phase = -0.7842621931158953
76.4994 	EXP 	grating: color = 0.04082641190525432
76.5324 	EXP 	grating: phase = -0.6402279863975674
76.5324 	EXP 	grating: color = 0.04082641190525432
76.5666 	EXP 	grating: phase = -0.46230892405083046
76.5666 	EXP 	grating: color = 0.04082641190525432
76.5694 	DATA 	Keypress: up
76.5824 	EXP 	fixation: autoDraw = False
76.5824 	EXP 	grating: autoDraw = False
76.5824 	EXP 	grating: color = '[0.02967629 0.02967629 0.02967629] (rgb)'
76.5824 	EXP 	grating: size = array([3.5, 3.5])
76.5824 	EXP 	grating: ori = 0.0
76.5824 	EXP 	grating: sf = array([1.2, 1.2])
76.7163 	EXP 	fixation: autoDraw = True
77.3171 	EXP 	fixation: autoDraw = False
77.5665 	EXP 	grating: phase = -0.46333513001607185
77.5665 	EXP 	grating: color = -0.0010823497584615828
77.6001 	EXP 	grating: phase = -0.26623114106002843
77.6001 	EXP 	grating: color = 0.0009221786303582555
77.6331 	EXP 	grating: phase = -0.055382608436245984
77.6331 	EXP 	grating: color = 0.0029449786584350027
77.6674 	EXP 	grating: phase = 0.15136032512424638
77.6674 	EXP 	grating: color = 0.004903706037028391
77.6998 	EXP 	grating: phase = 0.353352164687644
77.6998 	EXP 	grating: color = 0.00687995371051043
77.7338 	EXP 	grating: phase = 0.5403881774234346
77.7338 	EXP 	grating: color = 0.008861249611111824
77.7670 	EXP 	grating: phase = 0.7013929902559897
77.7670 	EXP 	grating: color = 0.010812899966962386
77.8001 	EXP 	grating: phase = 0.8346620269028582
77.8001 	EXP 	grating: color = 0.012796737102986106
77.8335 	EXP 	grating: phase = 0.9324988246811489
77.8335 	EXP 	grating: color = 0.014819758872312312
77.8668 	EXP 	grating: phase = 0.9869740270219363
77.8668 	EXP 	grating: color = 0.01678014176504903
77.9009 	EXP 	grating: phase = 0.9987550892747797
77.9009 	EXP 	grating: color = 0.018777893820883424
77.9340 	EXP 	grating: phase = 0.9669536892162132
77.9340 	EXP 	grating: color = 0.02074186920929861
77.9672 	EXP 	grating: phase = 0.8933334812284582
77.9672 	EXP 	grating: color = 0.02270928349411595
78.0003 	EXP 	grating: phase = 0.7813839895894238
78.0003 	EXP 	grating: color = 0.024672540303244672
78.0335 	EXP 	grating: phase = 0.6303016868432207
78.0335 	EXP 	grating: color = 0.026702901727274686
78.0669 	EXP 	grating: phase = 0.4562745010986225
78.0669 	EXP 	grating: color = 0.028669018799526408
78.1003 	EXP 	grating: phase = 0.26022477569882674
78.1003 	EXP 	grating: color = 0.029676287379966693
78.1186 	DATA 	Keypress: up
78.1336 	EXP 	grating: phase = 0.059863873369447373
78.1336 	EXP 	grating: color = 0.029676287379966693
78.1503 	EXP 	fixation: autoDraw = False
78.1503 	EXP 	grating: autoDraw = False
78.1503 	EXP 	grating: color = '[0.019318 0.019318 0.019318] (rgb)'
78.1503 	EXP 	grating: size = array([3.5, 3.5])
78.1503 	EXP 	grating: ori = 90.0
78.1503 	EXP 	grating: sf = array([1.2, 1.2])
78.2844 	EXP 	fixation: autoDraw = True
78.8842 	EXP 	fixation: autoDraw = False
79.1348 	EXP 	grating: phase = 0.05195478848752464
79.1348 	EXP 	grating: color = -0.000657063956369076
79.1678 	EXP 	grating: phase = -0.1556021580732521
79.1678 	EXP 	grating: color = 0.0006228872863571938
79.2018 	EXP 	grating: phase = -0.3615403091854752
79.2018 	EXP 	grating: color = 0.0019371954718302616
79.2351 	EXP 	grating: phase = -0.5456562593474586
79.2351 	EXP 	grating: color = 0.003211668132587726
79.2680 	EXP 	grating: phase = -0.708139111504821
79.2680 	EXP 	grating: color = 0.004500999809503211
79.3021 	EXP 	grating: phase = -0.8413121786037505
79.3021 	EXP 	grating: color = 0.005809810180317491
79.3352 	EXP 	grating: phase = -0.9346716841092972
79.3352 	EXP 	grating: color = 0.007086566223752059
79.3683 	EXP 	grating: phase = -0.9880370806916461
79.3683 	EXP 	grating: color = 0.008369426757170537
79.4014 	EXP 	grating: phase = -0.9986023995763444
79.4014 	EXP 	grating: color = 0.009646660730252478
79.4347 	EXP 	grating: phase = -0.9651465489284353
79.4347 	EXP 	grating: color = 0.010950204582443907
79.4682 	EXP 	grating: phase = -0.8883844352902006
79.4682 	EXP 	grating: color = 0.012254535454660535
79.5023 	EXP 	grating: phase = -0.7732526467562979
79.5023 	EXP 	grating: color = 0.013544989041490218
79.5354 	EXP 	grating: phase = -0.6256961280418558
79.5354 	EXP 	grating: color = 0.0148235437462422
79.5690 	EXP 	grating: phase = -0.451318282494254
79.5690 	EXP 	grating: color = 0.01610125452451583
79.6021 	EXP 	grating: phase = -0.2538644690586724
79.6021 	EXP 	grating: color = 0.01740215625668506
79.6351 	EXP 	grating: phase = -0.04949616370069525
79.6351 	EXP 	grating: color = 0.018676095583614796
79.6680 	EXP 	grating: phase = 0.1636955921131616
79.6680 	EXP 	grating: color = 0.019318001517566574
79.7016 	EXP 	grating: phase = 0.3608096019553118
79.7016 	EXP 	grating: color = 0.019318001517566574
79.7354 	EXP 	grating: phase = 0.5451756626186133
79.7354 	EXP 	grating: color = 0.019318001517566574
79.7685 	EXP 	grating: phase = 0.7094984137857459
79.7685 	EXP 	grating: color = 0.019318001517566574
79.8015 	EXP 	grating: phase = 0.839689308388714
79.8015 	EXP 	grating: color = 0.019318001517566574
79.8044 	DATA 	Keypress: right
79.8185 	EXP 	fixation: autoDraw = False
79.8185 	EXP 	grating: autoDraw = False
79.8185 	EXP 	grating: color = '[0.0096098 0.0096098 0.0096098] (rgb)'
79.8185 	EXP 	grating: size = array([3.5, 3.5])
79.8185 	EXP 	grating: ori = 0.0
79.8185 	EXP 	grating: sf = array([1.2, 1.2])
79.9517 	EXP 	fixation: autoDraw = True
80.5528 	EXP 	fixation: autoDraw = False
80.8030 	EXP 	grating: phase = 0.8435139162106668
80.8030 	EXP 	grating: color = -0.0003228668293553958
80.8362 	EXP 	grating: phase = 0.9372853638163278
80.8362 	EXP 	grating: color = 0.00032225991914646785
80.8691 	EXP 	grating: phase = 0.9889027972776289
80.8691 	EXP 	grating: color = 0.0009553936654786889
80.9031 	EXP 	grating: phase = 0.9979720152810554
80.9031 	EXP 	grating: color = 0.001606377051628839
80.9361 	EXP 	grating: phase = 0.963384587732711
80.9361 	EXP 	grating: color = 0.002241866764099508
80.9693 	EXP 	grating: phase = 0.884466174349115
80.9693 	EXP 	grating: color = 0.0028964898797115145
81.0035 	EXP 	grating: phase = 0.7687295114340165
81.0035 	EXP 	grating: color = 0.0035342298026784743
81.0362 	EXP 	grating: phase = 0.621045035353569
81.0362 	EXP 	grating: color = 0.004166740050295633
81.0691 	EXP 	grating: phase = 0.4464136334975458
81.0691 	EXP 	grating: color = 0.00480138436649157
81.1032 	EXP 	grating: phase = 0.24821254957831695
81.1032 	EXP 	grating: color = 0.005449180065565672
81.1369 	EXP 	grating: phase = 0.04239509656047201
81.1369 	EXP 	grating: color = 0.006086752796796404
81.1692 	EXP 	grating: phase = -0.16555883759941104
81.1692 	EXP 	grating: color = 0.006725216393902847
81.2030 	EXP 	grating: phase = -0.36795863554962427
81.2030 	EXP 	grating: color = 0.0073691252319154745
81.2370 	EXP 	grating: phase = -0.5570391674309734
81.2370 	EXP 	grating: color = 0.008023659690531652
81.2694 	EXP 	grating: phase = -0.716706307562379
81.2694 	EXP 	grating: color = 0.008660669459683681
81.3035 	EXP 	grating: phase = -0.8460446265253623
81.3035 	EXP 	grating: color = 0.009301390592720605
81.3365 	EXP 	grating: phase = -0.9378024037725093
81.3365 	EXP 	grating: color = 0.00960980460443911
81.3696 	EXP 	grating: phase = -0.9893627412036627
81.3696 	EXP 	grating: color = 0.00960980460443911
81.3888 	DATA 	Keypress: up
81.4038 	EXP 	grating: phase = -0.9977498770033659
81.4038 	EXP 	grating: color = 0.00960980460443911
81.4198 	EXP 	fixation: autoDraw = False
81.4198 	EXP 	grating: autoDraw = False
81.4198 	EXP 	grating: color = '[0.00047742 0.00047742 0.00047742] (rgb)'
81.4198 	EXP 	grating: size = array([3.5, 3.5])
81.4198 	EXP 	grating: ori = 0.0
81.4198 	EXP 	grating: sf = array([1.2, 1.2])
81.5533 	EXP 	fixation: autoDraw = True
82.1538 	EXP 	fixation: autoDraw = False
82.4042 	EXP 	grating: phase = -0.9974919004033975
82.4042 	EXP 	grating: color = -1.6707609442301937e-05
82.4373 	EXP 	grating: phase = -0.9615379099941644
82.4373 	EXP 	grating: color = 1.48049550388903e-05
82.4704 	EXP 	grating: phase = -0.8812645581479578
82.4704 	EXP 	grating: color = 4.733429002000842e-05
82.5046 	EXP 	grating: phase = -0.7642938469310031
82.5046 	EXP 	grating: color = 7.903128582657496e-05
82.5375 	EXP 	grating: phase = -0.6146169990338675
82.5375 	EXP 	grating: color = 0.00011064944426054715
82.5709 	EXP 	grating: phase = -0.4344258975097648
82.5709 	EXP 	grating: color = 0.0001429404888356109
82.6041 	EXP 	grating: phase = -0.24149094961665646
82.6041 	EXP 	grating: color = 0.00017417069742092003
82.6381 	EXP 	grating: phase = -0.03048254281575358
82.6381 	EXP 	grating: color = 0.00020660178814425163
82.6717 	EXP 	grating: phase = 0.1769599767838966
82.6717 	EXP 	grating: color = 0.0002382882340483404
82.7047 	EXP 	grating: phase = 0.3782178830092728
82.7047 	EXP 	grating: color = 0.0002701791979986669
82.7377 	EXP 	grating: phase = 0.5611663956847778
82.7377 	EXP 	grating: color = 0.00030177410618607224
82.7716 	EXP 	grating: phase = 0.7214518294443186
82.7716 	EXP 	grating: color = 0.0003337586395791119
82.8045 	EXP 	grating: phase = 0.8498398104282439
82.8045 	EXP 	grating: color = 0.00036558251610933917
82.8376 	EXP 	grating: phase = 0.9398655157446392
82.8376 	EXP 	grating: color = 0.0003969751187176749
82.8706 	EXP 	grating: phase = 0.9911328322762589
82.8706 	EXP 	grating: color = 0.00042968900818602534
82.9049 	EXP 	grating: phase = 0.9972962701817046
82.9049 	EXP 	grating: color = 0.0004611203643176993
82.9379 	EXP 	grating: phase = 0.9603629397761669
82.9379 	EXP 	grating: color = 0.0004774152999464376
82.9710 	EXP 	grating: phase = 0.8822740693219621
82.9710 	EXP 	grating: color = 0.0004774152999464376
83.0048 	EXP 	grating: phase = 0.7631103667805945
83.0048 	EXP 	grating: color = 0.0004774152999464376
83.0379 	EXP 	grating: phase = 0.6122012334156821
83.0379 	EXP 	grating: color = 0.0004774152999464376
83.0712 	EXP 	grating: phase = 0.43566782818710975
83.0712 	EXP 	grating: color = 0.0004774152999464376
83.0905 	DATA 	Keypress: up
83.1046 	EXP 	grating: phase = 0.23530694484847958
83.1046 	EXP 	grating: color = 0.0004774152999464376
83.1214 	EXP 	fixation: autoDraw = False
83.1214 	EXP 	grating: autoDraw = False
83.1214 	EXP 	grating: color = '[1.e-10 1.e-10 1.e-10] (rgb)'
83.1214 	EXP 	grating: size = array([3.5, 3.5])
83.1214 	EXP 	grating: ori = 0.0
83.1214 	EXP 	grating: sf = array([1.2, 1.2])
83.2546 	EXP 	fixation: autoDraw = True
83.8551 	EXP 	fixation: autoDraw = False
84.1060 	EXP 	grating: phase = 0.22945809848784837
84.1060 	EXP 	grating: color = -3.298073634505272e-12
84.1386 	EXP 	grating: phase = 0.024534952492615152
84.1386 	EXP 	grating: color = 3.2886167988181115e-12
84.1727 	EXP 	grating: phase = -0.17977324065247025
84.1727 	EXP 	grating: color = 9.82546815648675e-12
84.2059 	EXP 	grating: phase = -0.38543728661219834
84.2059 	EXP 	grating: color = 1.6670404188334944e-11
84.2388 	EXP 	grating: phase = -0.5670668248946785
84.2388 	EXP 	grating: color = 2.326384596526623e-11
84.2719 	EXP 	grating: phase = -0.7258683887701575
84.2719 	EXP 	grating: color = 2.993592219427228e-11
84.3059 	EXP 	grating: phase = -0.8542707424207641
84.3059 	EXP 	grating: color = 3.667095717974007e-11
84.3393 	EXP 	grating: phase = -0.9437635442118099
84.3393 	EXP 	grating: color = 4.334552218206227e-11
84.3722 	EXP 	grating: phase = -0.991536614741929
84.3722 	EXP 	grating: color = 4.992719739675522e-11
84.4063 	EXP 	grating: phase = -0.996516355805304
84.4063 	EXP 	grating: color = 5.6729167373850945e-11
84.4393 	EXP 	grating: phase = -0.95797280832383
84.4393 	EXP 	grating: color = 6.333241099491716e-11
84.4725 	EXP 	grating: phase = -0.8784201835491993
84.4725 	EXP 	grating: color = 6.993147497996688e-11
84.5056 	EXP 	grating: phase = -0.7594487379378209
84.5056 	EXP 	grating: color = 7.661825940012932e-11
84.5396 	EXP 	grating: phase = -0.604173954260979
84.5396 	EXP 	grating: color = 8.342214156873524e-11
84.5725 	EXP 	grating: phase = -0.4285123373235144
84.5725 	EXP 	grating: color = 8.997530797496439e-11
84.6058 	EXP 	grating: phase = -0.2314250277783609
84.6058 	EXP 	grating: color = 9.663726999424399e-11
84.6396 	EXP 	grating: phase = -0.019995834224277965
84.6396 	EXP 	grating: color = 1e-10
84.6728 	EXP 	grating: phase = 0.18560379403542898
84.6728 	EXP 	grating: color = 1e-10
84.6912 	DATA 	Keypress: right
84.7061 	EXP 	grating: phase = 0.3848160602108142
84.7061 	EXP 	grating: color = 1e-10
84.7228 	EXP 	fixation: autoDraw = False
84.7228 	EXP 	grating: autoDraw = False
84.7228 	EXP 	grating: color = '[0.03027735 0.03027735 0.03027735] (rgb)'
84.7228 	EXP 	grating: size = array([3.5, 3.5])
84.7228 	EXP 	grating: ori = 90.0
84.7228 	EXP 	grating: sf = array([1.2, 1.2])
84.8558 	EXP 	fixation: autoDraw = True
85.4572 	EXP 	fixation: autoDraw = False
85.7072 	EXP 	grating: phase = 0.3919451229922458
85.7072 	EXP 	grating: color = -0.0010266139432547122
85.7401 	EXP 	grating: phase = 0.5736403835928602
85.7401 	EXP 	grating: color = 0.000978450854518809
85.7734 	EXP 	grating: phase = 0.7309508902867734
85.7734 	EXP 	grating: color = 0.002991097270469907
85.8075 	EXP 	grating: phase = 0.859119590171598
85.8075 	EXP 	grating: color = 0.00505189794919022
85.8405 	EXP 	grating: phase = 0.9461463623275859
85.8405 	EXP 	grating: color = 0.007052419080096601
85.8734 	EXP 	grating: phase = 0.9926242457963014
85.8734 	EXP 	grating: color = 0.00905977683863769
85.9076 	EXP 	grating: phase = 0.9958286275934696
85.9076 	EXP 	grating: color = 0.011112098879246496
85.9410 	EXP 	grating: phase = 0.9553387396256047
85.9410 	EXP 	grating: color = 0.013120960760158607
85.9742 	EXP 	grating: phase = 0.8729536912989957
85.9742 	EXP 	grating: color = 0.015140774368624583
86.0074 	EXP 	grating: phase = 0.7526805816280873
86.0074 	EXP 	grating: color = 0.017155936974625332
86.0405 	EXP 	grating: phase = 0.6003885906660391
86.0405 	EXP 	grating: color = 0.019163125418415677
86.0735 	EXP 	grating: phase = 0.4223943617245137
86.0735 	EXP 	grating: color = 0.02116571255867463
86.1076 	EXP 	grating: phase = 0.22043903164911163
86.1076 	EXP 	grating: color = 0.023226374743032668
86.1406 	EXP 	grating: phase = 0.014908026834633789
86.1406 	EXP 	grating: color = 0.0252246528658871
86.1736 	EXP 	grating: phase = -0.19052330485589114
86.1736 	EXP 	grating: color = 0.027215886119049324
86.1926 	DATA 	Keypress: up
86.2076 	EXP 	grating: phase = -0.39326774920496765
86.2076 	EXP 	grating: color = 0.02926385458945052
86.2242 	EXP 	fixation: autoDraw = False
86.2242 	EXP 	grating: autoDraw = False
86.2242 	EXP 	grating: color = '[0.06503885 0.06503885 0.06503885] (rgb)'
86.2242 	EXP 	grating: size = array([3.5, 3.5])
86.2242 	EXP 	grating: ori = 0.0
86.2242 	EXP 	grating: sf = array([1.2, 1.2])
86.3575 	EXP 	fixation: autoDraw = True
86.9579 	EXP 	fixation: autoDraw = False
87.2080 	EXP 	grating: phase = -0.4007762561731043
87.2080 	EXP 	grating: color = -0.0022042727922105014
87.2416 	EXP 	grating: phase = -0.580386375738711
87.2416 	EXP 	grating: color = 0.002076354920084796
87.2745 	EXP 	grating: phase = -0.7366916462044995
87.2745 	EXP 	grating: color = 0.00640367600701162
87.3086 	EXP 	grating: phase = -0.862899696556857
87.3086 	EXP 	grating: color = 0.010809406591606532
87.3416 	EXP 	grating: phase = -0.9485574392037719
87.3416 	EXP 	grating: color = 0.015108750825764026
87.3748 	EXP 	grating: phase = -0.9935378028826956
87.3748 	EXP 	grating: color = 0.019423104051323234
87.4081 	EXP 	grating: phase = -0.9954269935427972
87.4081 	EXP 	grating: color = 0.023758665131285706
87.4412 	EXP 	grating: phase = -0.9524565230387362
87.4412 	EXP 	grating: color = 0.028187482185238772
87.4747 	EXP 	grating: phase = -0.8690576348272719
87.4747 	EXP 	grating: color = 0.032491516369562164
87.5087 	EXP 	grating: phase = -0.74678910834256
87.5087 	EXP 	grating: color = 0.03684056807883525
87.5416 	EXP 	grating: phase = -0.5943133525476589
87.5416 	EXP 	grating: color = 0.04112216125063388
87.5747 	EXP 	grating: phase = -0.41479298433855455
87.5747 	EXP 	grating: color = 0.0454426909577851
87.6087 	EXP 	grating: phase = -0.21289804245959992
87.6087 	EXP 	grating: color = 0.04985568302261394
87.6416 	EXP 	grating: phase = -0.007594016324553738
87.6416 	EXP 	grating: color = 0.054140167787722696
87.6751 	EXP 	grating: phase = 0.19884601370334212
87.6751 	EXP 	grating: color = 0.05844159028264241
87.6780 	DATA 	Keypress: up
87.6919 	EXP 	fixation: autoDraw = False
87.6919 	EXP 	grating: autoDraw = False
87.6919 	EXP 	grating: color = '[0.0573299 0.0573299 0.0573299] (rgb)'
87.6919 	EXP 	grating: size = array([3.5, 3.5])
87.6919 	EXP 	grating: ori = 0.0
87.6919 	EXP 	grating: sf = array([1.2, 1.2])
87.8253 	EXP 	fixation: autoDraw = True
88.4258 	EXP 	fixation: autoDraw = False
88.6757 	EXP 	grating: phase = 0.20593127513590442
88.6757 	EXP 	grating: color = -0.0019613167724557047
88.7098 	EXP 	grating: phase = 0.407611379646851
88.7098 	EXP 	grating: color = 0.0019125402525787425
88.7427 	EXP 	grating: phase = 0.5872624145615424
88.7427 	EXP 	grating: color = 0.005706497497629391
88.7760 	EXP 	grating: phase = 0.7417056865225934
88.7760 	EXP 	grating: color = 0.009501698016844825
88.8093 	EXP 	grating: phase = 0.8647605876925185
88.8093 	EXP 	grating: color = 0.013316096711677505
88.8427 	EXP 	grating: phase = 0.9518772111990108
88.8427 	EXP 	grating: color = 0.017232877009064666
88.8760 	EXP 	grating: phase = 0.9944710317322928
88.8760 	EXP 	grating: color = 0.020997204546142276
88.9093 	EXP 	grating: phase = 0.9947063008919309
88.9093 	EXP 	grating: color = 0.024795933624320508
88.9434 	EXP 	grating: phase = 0.9503676728269024
88.9434 	EXP 	grating: color = 0.02869083335358158
88.9763 	EXP 	grating: phase = 0.8658168412329438
88.9763 	EXP 	grating: color = 0.03247964501707092
89.0095 	EXP 	grating: phase = 0.7439620004298584
89.0095 	EXP 	grating: color = 0.03627166693933911
89.0428 	EXP 	grating: phase = 0.5880570693273511
89.0428 	EXP 	grating: color = 0.040109893671904435
89.0761 	EXP 	grating: phase = 0.40672750729454676
89.0761 	EXP 	grating: color = 0.04394152721513568
89.1097 	EXP 	grating: phase = 0.20402215856888736
89.1097 	EXP 	grating: color = 0.047832811275352584
89.1429 	EXP 	grating: phase = 0.0010277028302885188
89.1429 	EXP 	grating: color = 0.051563524038478886
89.1768 	EXP 	grating: phase = -0.2112263262043897
89.1768 	EXP 	grating: color = 0.05546603467405906
89.2097 	EXP 	grating: phase = -0.40769243188753784
89.2097 	EXP 	grating: color = 0.057329903563552304
89.2114 	DATA 	Keypress: escape
89.2433 	EXP 	grating: phase = -0.5890363374175765
89.2433 	EXP 	grating: color = 0.057329903563552304
89.2763 	EXP 	grating: phase = -0.7433980606269481
89.2763 	EXP 	grating: color = 0.057329903563552304
89.3096 	EXP 	grating: phase = -0.8684441084984847
89.3096 	EXP 	grating: color = 0.057329903563552304
89.3436 	EXP 	grating: phase = -0.9515609080055336
89.3436 	EXP 	grating: color = 0.057329903563552304
89.6225 	EXP 	window1: mouseVisible = True
