5.7494 	WARNING 	User requested fullscreen with size [800 600], but screen is actually [2560, 1440]. Using actual size
6.4743 	EXP 	Created window1 = Window(allowGUI=False, allowStencil=False, args=UNKNOWN, autoLog=True, bitsMode=UNKNOWN, blendMode='avg', color=array([0., 0., 0.]), colorSpace='rgb', fullscr=<method-wrapper '__getattribute__' of attributeSetter object at 0x13614ecc0>, gamma=None, gammaErrorPolicy='raise', kwargs=UNKNOWN, lms=UNKNOWN, monitor=<psychopy.monitors.calibTools.Monitor object at 0x135f9ac18>, multiSample=False, name='window1', numSamples=2, pos=[0.0, 0.0], screen=0, size=array([2560, 1440]), stereo=False, units='deg', useFBO=True, useRetina=False, viewOri=0.0, viewPos=None, viewScale=None, waitBlanking=True, winType='pyglet')
6.4744 	EXP 	window1: recordFrameIntervals = False
6.6416 	EXP 	window1: recordFrameIntervals = True
6.8254 	EXP 	window1: recordFrameIntervals = False
7.4238 	EXP 	Created instrText = TextStim(__class__=<class 'psychopy.visual.text.TextStim'>, alignHoriz='center', alignVert='center', antialias=True, autoLog=True, bold=False, color='white', colorSpace='named', contrast=1.0, depth=0.0, flipHoriz=False, flipVert=False, font='Arial', fontFiles=[], height=1, italic=False, languageStyle='LTR', name='instrText', opacity=1.0, ori=0, pos=array([0., 0.]), rgb=array([255., 255., 255.]), text=str(...), units='deg', win=Window(...), wrapWidth=15.0)
7.4338 	EXP 	Created fixation = GratingStim(__class__=<class 'psychopy.visual.grating.GratingStim'>, autoDraw=False, autoLog=True, blendmode='avg', color='black', colorSpace='named', contrast=1.0, depth=-1.0, interpolate=True, mask='gauss', maskParams=None, name='fixation', opacity=1.0, ori=0.0, phase=array([0., 0.]), pos=array([0., 0.]), rgbPedestal=array([0., 0., 0.]), sf=array([1., 1.]), size=array([1., 1.]), tex=None, texRes=128, units='deg', win=Window(...))
7.4360 	EXP 	Created grating = GratingStim(__class__=<class 'psychopy.visual.grating.GratingStim'>, autoDraw=False, autoLog=True, blendmode='avg', color='white', colorSpace='named', contrast=1.0, depth=-2.0, interpolate=True, mask='gauss', maskParams=None, name='grating', opacity=1.0, ori=1.0, phase=array([0., 0.]), pos=array([0., 0.]), rgbPedestal=array([0., 0., 0.]), sf=array([1., 1.]), size=array([1., 1.]), tex='sin', texRes=128, units='deg', win=Window(...))
7.4475 	EXP 	Created fd_instructions = TextStim(__class__=<class 'psychopy.visual.text.TextStim'>, alignHoriz='center', alignVert='center', antialias=True, autoLog=True, bold=False, color='white', colorSpace='named', contrast=1.0, depth=-1.0, flipHoriz=False, flipVert=False, font='Arial', fontFiles=[], height=1, italic=False, languageStyle='LTR', name='fd_instructions', opacity=1.0, ori=0, pos=array([0., 0.]), rgb=array([255., 255., 255.]), text='default text', units='deg', win=Window(...), wrapWidth=15.0)
7.4919 	EXP 	Created text = TextStim(__class__=<class 'psychopy.visual.text.TextStim'>, alignHoriz='center', alignVert='center', antialias=True, autoLog=True, bold=False, color='white', colorSpace='named', contrast=1.0, depth=0.0, flipHoriz=False, flipVert=False, font='Arial', fontFiles=[], height=1, italic=False, languageStyle='LTR', name='text', opacity=1.0, ori=0, pos=array([0., 0.]), rgb=array([255., 255., 255.]), text=str(...), units='deg', win=Window(...), wrapWidth=15.0)
7.5007 	EXP 	Created fixation = GratingStim(__class__=<class 'psychopy.visual.grating.GratingStim'>, autoDraw=False, autoLog=True, blendmode='avg', color='black', colorSpace='named', contrast=1.0, depth=-1.0, interpolate=True, mask='gauss', maskParams=None, name='fixation', opacity=1.0, ori=0.0, phase=array([0., 0.]), pos=array([0., 0.]), rgbPedestal=array([0., 0., 0.]), sf=array([1., 1.]), size=array([1., 1.]), tex=None, texRes=128, units='deg', win=Window(...))
7.5045 	EXP 	Created grating = GratingStim(__class__=<class 'psychopy.visual.grating.GratingStim'>, autoDraw=False, autoLog=True, blendmode='avg', color='white', colorSpace='named', contrast=1.0, depth=-2.0, interpolate=True, mask='gauss', maskParams=None, name='grating', opacity=1.0, ori=1.0, phase=array([0., 0.]), pos=array([0., 0.]), rgbPedestal=array([0., 0., 0.]), sf=array([1., 1.]), size=array([1., 1.]), tex='sin', texRes=128, units='deg', win=Window(...))
7.5242 	EXP 	Created thanksMsg = TextStim(__class__=<class 'psychopy.visual.text.TextStim'>, alignHoriz='center', alignVert='center', antialias=True, autoLog=True, bold=False, color=array([1., 1., 1.]), colorSpace='rgb', contrast=1.0, depth=0.0, flipHoriz=False, flipVert=False, font='Arial', fontFiles=[], height=1, italic=False, languageStyle='LTR', name='thanksMsg', opacity=1.0, ori=0, pos=array([0., 0.]), rgb=array([1., 1., 1.]), text=str(...), units='deg', win=Window(...), wrapWidth=15.0)
7.5598 	EXP 	instrText: autoDraw = True
9.0907 	DATA 	Keypress: return
9.1108 	EXP 	instrText: autoDraw = False
9.1108 	EXP 	grating: color = '[1. 1. 1.] (rgb)'
9.1108 	EXP 	grating: size = array([3.5, 3.5])
9.1108 	EXP 	grating: ori = 0.0
9.1108 	EXP 	grating: sf = array([1.2, 1.2])
9.2442 	EXP 	fixation: autoDraw = True
9.8451 	EXP 	fixation: autoDraw = False
10.0948 	EXP 	grating: phase = 0.0
10.0948 	EXP 	grating: color = -0.018752130003122147
10.1286 	EXP 	grating: phase = 0.0
10.1286 	EXP 	grating: color = 0.0473069560030126
10.1624 	EXP 	grating: phase = 0.5
10.1624 	EXP 	grating: color = 0.11351856600231258
10.1954 	EXP 	grating: phase = 0.5
10.1954 	EXP 	grating: color = 0.18149830000038492
10.2289 	EXP 	grating: phase = 0.5
10.2289 	EXP 	grating: color = 0.24737482400087174
10.2622 	EXP 	grating: phase = 0.5
10.2622 	EXP 	grating: color = 0.31451950399787165
10.2956 	EXP 	grating: phase = 0.0
10.2956 	EXP 	grating: color = 0.3816178380002384
10.3288 	EXP 	grating: phase = 0.0
10.3288 	EXP 	grating: color = 0.44807333200151334
10.3624 	EXP 	grating: phase = 0.0
10.3624 	EXP 	grating: color = 0.51534387999709
10.3955 	EXP 	grating: phase = 0.5
10.3955 	EXP 	grating: color = 0.5807990359971882
10.4294 	EXP 	grating: phase = 0.5
10.4294 	EXP 	grating: color = 0.6488151000012294
10.4626 	EXP 	grating: phase = 0.5
10.4626 	EXP 	grating: color = 0.7159295059973374
10.4961 	EXP 	grating: phase = 0.5
10.4961 	EXP 	grating: color = 0.7820117680021212
10.5289 	EXP 	grating: phase = 0.0
10.5289 	EXP 	grating: color = 0.8474459939970984
10.5626 	EXP 	grating: phase = 0.0
10.5626 	EXP 	grating: color = 0.9152884720024304
10.5957 	EXP 	grating: phase = 0.0
10.5957 	EXP 	grating: color = 0.981755738001084
10.6290 	EXP 	grating: phase = 0.0
10.6290 	EXP 	grating: color = 1
10.6629 	EXP 	grating: phase = 0.5
10.6629 	EXP 	grating: color = 1
10.6961 	EXP 	grating: phase = 0.5
10.6961 	EXP 	grating: color = 1
10.7286 	EXP 	grating: phase = 0.5
10.7286 	EXP 	grating: color = 1
10.7628 	EXP 	grating: phase = 0.5
10.7628 	EXP 	grating: color = 1
10.7963 	EXP 	grating: phase = 0.0
10.7963 	EXP 	grating: color = 1
10.8295 	EXP 	grating: phase = 0.0
10.8295 	EXP 	grating: color = 1
10.8624 	EXP 	grating: phase = 0.0
10.8624 	EXP 	grating: color = 1
10.8956 	EXP 	grating: phase = 0.5
10.8956 	EXP 	grating: color = 1
10.9296 	EXP 	grating: phase = 0.5
10.9296 	EXP 	grating: color = 1
10.9628 	EXP 	grating: phase = 0.5
10.9628 	EXP 	grating: color = 1
10.9954 	EXP 	grating: phase = 0.5
10.9954 	EXP 	grating: color = 1
11.0296 	EXP 	grating: phase = 0.0
11.0296 	EXP 	grating: color = 1
11.0624 	EXP 	grating: phase = 0.0
11.0624 	EXP 	grating: color = 1
11.0958 	EXP 	grating: phase = 0.0
11.0958 	EXP 	grating: color = 1
11.1291 	EXP 	grating: phase = 0.0
11.1291 	EXP 	grating: color = 1
11.1630 	EXP 	grating: phase = 0.5
11.1630 	EXP 	grating: color = 1
11.1960 	EXP 	grating: phase = 0.5
11.1960 	EXP 	grating: color = 1
11.2296 	EXP 	grating: phase = 0.5
11.2296 	EXP 	grating: color = 1
11.2634 	EXP 	grating: phase = 0.5
11.2634 	EXP 	grating: color = 1
11.2959 	EXP 	grating: phase = 0.0
11.2959 	EXP 	grating: color = 1
11.3299 	EXP 	grating: phase = 0.0
11.3299 	EXP 	grating: color = 1
11.3630 	EXP 	grating: phase = 0.0
11.3630 	EXP 	grating: color = 1
11.3962 	EXP 	grating: phase = 0.5
11.3962 	EXP 	grating: color = 1
11.4296 	EXP 	grating: phase = 0.5
11.4296 	EXP 	grating: color = 1
11.4634 	EXP 	grating: phase = 0.5
11.4634 	EXP 	grating: color = 1
11.4966 	EXP 	grating: phase = 0.5
11.4966 	EXP 	grating: color = 1
11.5303 	EXP 	grating: phase = 0.0
11.5303 	EXP 	grating: color = 1
11.5633 	EXP 	grating: phase = 0.0
11.5633 	EXP 	grating: color = 1
11.5964 	EXP 	grating: phase = 0.0
11.5964 	EXP 	grating: color = 1
11.6300 	EXP 	grating: phase = 0.0
11.6300 	EXP 	grating: color = 0.9504675540010794
11.6633 	EXP 	grating: phase = 0.5
11.6633 	EXP 	grating: color = 0.8834729559966945
11.6968 	EXP 	grating: phase = 0.5
11.6968 	EXP 	grating: color = 0.8167860120011028
11.7295 	EXP 	grating: phase = 0.5
11.7295 	EXP 	grating: color = 0.7494027360007749
11.7630 	EXP 	grating: phase = 0.5
11.7630 	EXP 	grating: color = 0.6822706219973043
11.7968 	EXP 	grating: phase = 0.0
11.7968 	EXP 	grating: color = 0.616426788001263
11.8298 	EXP 	grating: phase = 0.0
11.8298 	EXP 	grating: color = 0.5500564920002944
11.8629 	EXP 	grating: phase = 0.0
11.8629 	EXP 	grating: color = 0.4817879339971114
11.8969 	EXP 	grating: phase = 0.5
11.8969 	EXP 	grating: color = 0.4156690780000645
11.9307 	EXP 	grating: phase = 0.5
11.9307 	EXP 	grating: color = 0.34806495800148696
11.9636 	EXP 	grating: phase = 0.5
11.9636 	EXP 	grating: color = 0.28237985000305343
11.9968 	EXP 	grating: phase = 0.5
11.9968 	EXP 	grating: color = 0.21575550599663984
12.0300 	EXP 	grating: phase = 0.0
12.0300 	EXP 	grating: color = 0.1496350480010733
12.0639 	EXP 	grating: phase = 0.0
12.0639 	EXP 	grating: color = 0.08235349399910774
12.0972 	EXP 	grating: phase = 0.0
12.0972 	EXP 	grating: color = 0.014948609998100437
12.1305 	EXP 	grating: phase = 0.0
12.1305 	EXP 	grating: color = 0
12.1640 	EXP 	grating: phase = 0.5
12.1640 	EXP 	grating: color = 0
12.1973 	EXP 	grating: phase = 0.5
12.1973 	EXP 	grating: color = 0
12.2305 	EXP 	grating: phase = 0.5
12.2305 	EXP 	grating: color = 0
12.2638 	EXP 	grating: phase = 0.5
12.2638 	EXP 	grating: color = 0
12.2972 	EXP 	grating: phase = 0.0
12.2972 	EXP 	grating: color = 0
12.3310 	EXP 	grating: phase = 0.0
12.3310 	EXP 	grating: color = 0
12.3635 	EXP 	grating: phase = 0.0
12.3635 	EXP 	grating: color = 0
12.3966 	EXP 	grating: phase = 0.5
12.3966 	EXP 	grating: color = 0
12.4305 	EXP 	grating: phase = 0.5
12.4305 	EXP 	grating: color = 0
12.4641 	EXP 	grating: phase = 0.5
12.4641 	EXP 	grating: color = 0
12.4977 	EXP 	grating: phase = 0.5
12.4977 	EXP 	grating: color = 0
12.5305 	EXP 	grating: phase = 0.0
12.5305 	EXP 	grating: color = 0
12.5643 	EXP 	grating: phase = 0.0
12.5643 	EXP 	grating: color = 0
12.5976 	EXP 	grating: phase = 0.0
12.5976 	EXP 	grating: color = 0
12.6306 	EXP 	grating: phase = 0.0
12.6306 	EXP 	grating: color = 0
12.6641 	EXP 	grating: phase = 0.5
12.6641 	EXP 	grating: color = 0
12.6973 	EXP 	grating: phase = 0.5
12.6973 	EXP 	grating: color = 0
12.7310 	EXP 	grating: phase = 0.5
12.7310 	EXP 	grating: color = 0
12.7642 	EXP 	grating: phase = 0.5
12.7642 	EXP 	grating: color = 0
12.7980 	EXP 	grating: phase = 0.0
12.7980 	EXP 	grating: color = 0
12.8308 	EXP 	grating: phase = 0.0
12.8308 	EXP 	grating: color = 0
12.8647 	EXP 	grating: phase = 0.0
12.8647 	EXP 	grating: color = 0
12.8973 	EXP 	grating: phase = 0.5
12.8973 	EXP 	grating: color = 0
12.9315 	EXP 	grating: phase = 0.5
12.9315 	EXP 	grating: color = 0
12.9638 	EXP 	grating: phase = 0.5
12.9638 	EXP 	grating: color = 0
12.9979 	EXP 	grating: phase = 0.5
12.9979 	EXP 	grating: color = 0
13.0310 	EXP 	grating: phase = 0.0
13.0310 	EXP 	grating: color = 0
13.0642 	EXP 	grating: phase = 0.0
13.0642 	EXP 	grating: color = 0
13.0975 	EXP 	grating: phase = 0.0
13.0975 	EXP 	grating: color = 0
13.1314 	EXP 	grating: phase = 0.0
13.1314 	EXP 	grating: color = 0
13.1640 	EXP 	grating: phase = 0.5
13.1640 	EXP 	grating: color = 0
13.1974 	EXP 	grating: phase = 0.5
13.1974 	EXP 	grating: color = 0
13.2308 	EXP 	grating: phase = 0.5
13.2308 	EXP 	grating: color = 0
13.2646 	EXP 	grating: phase = 0.0
13.2646 	EXP 	grating: color = 0
13.2983 	EXP 	grating: phase = 0.0
13.2983 	EXP 	grating: color = 0
13.3307 	EXP 	grating: phase = 0.0
13.3307 	EXP 	grating: color = 0
13.3647 	EXP 	grating: phase = 0.0
13.3647 	EXP 	grating: color = 0
13.3981 	EXP 	grating: phase = 0.5
13.3981 	EXP 	grating: color = 0
13.4311 	EXP 	grating: phase = 0.5
13.4311 	EXP 	grating: color = 0
13.4652 	EXP 	grating: phase = 0.5
13.4652 	EXP 	grating: color = 0
13.4983 	EXP 	grating: phase = 0.5
13.4983 	EXP 	grating: color = 0
13.5313 	EXP 	grating: phase = 0.0
13.5313 	EXP 	grating: color = 0
13.5649 	EXP 	grating: phase = 0.0
13.5649 	EXP 	grating: color = 0
13.5977 	EXP 	grating: phase = 0.0
13.5977 	EXP 	grating: color = 0
13.6317 	EXP 	grating: phase = 0.0
13.6317 	EXP 	grating: color = 0
13.6646 	EXP 	grating: phase = 0.5
13.6646 	EXP 	grating: color = 0
13.6980 	EXP 	grating: phase = 0.5
13.6980 	EXP 	grating: color = 0
13.7311 	EXP 	grating: phase = 0.5
13.7311 	EXP 	grating: color = 0
13.7643 	EXP 	grating: phase = 0.0
13.7643 	EXP 	grating: color = 0
13.7983 	EXP 	grating: phase = 0.0
13.7983 	EXP 	grating: color = 0
13.8315 	EXP 	grating: phase = 0.0
13.8315 	EXP 	grating: color = 0
13.8645 	EXP 	grating: phase = 0.0
13.8645 	EXP 	grating: color = 0
13.8984 	EXP 	grating: phase = 0.5
13.8984 	EXP 	grating: color = 0
13.9314 	EXP 	grating: phase = 0.5
13.9314 	EXP 	grating: color = 0
13.9649 	EXP 	grating: phase = 0.5
13.9649 	EXP 	grating: color = 0
13.9985 	EXP 	grating: phase = 0.5
13.9985 	EXP 	grating: color = 0
14.0317 	EXP 	grating: phase = 0.0
14.0317 	EXP 	grating: color = 0
14.0650 	EXP 	grating: phase = 0.0
14.0650 	EXP 	grating: color = 0
14.0989 	EXP 	grating: phase = 0.0
14.0989 	EXP 	grating: color = 0
14.1320 	EXP 	grating: phase = 0.0
14.1320 	EXP 	grating: color = 0
14.1648 	EXP 	grating: phase = 0.5
14.1648 	EXP 	grating: color = 0
14.1986 	EXP 	grating: phase = 0.5
14.1986 	EXP 	grating: color = 0
14.2325 	EXP 	grating: phase = 0.5
14.2325 	EXP 	grating: color = 0
14.2661 	EXP 	grating: phase = 0.0
14.2661 	EXP 	grating: color = 0
14.2990 	EXP 	grating: phase = 0.0
14.2990 	EXP 	grating: color = 0
14.3322 	EXP 	grating: phase = 0.0
14.3322 	EXP 	grating: color = 0
14.3650 	EXP 	grating: phase = 0.0
14.3650 	EXP 	grating: color = 0
14.3992 	EXP 	grating: phase = 0.5
14.3992 	EXP 	grating: color = 0
14.4321 	EXP 	grating: phase = 0.5
14.4321 	EXP 	grating: color = 0
14.4657 	EXP 	grating: phase = 0.5
14.4657 	EXP 	grating: color = 0
14.4982 	EXP 	grating: phase = 0.5
14.4982 	EXP 	grating: color = 0
14.5322 	EXP 	grating: phase = 0.0
14.5322 	EXP 	grating: color = 0
14.5650 	EXP 	grating: phase = 0.0
14.5650 	EXP 	grating: color = 0
14.5989 	EXP 	grating: phase = 0.0
14.5989 	EXP 	grating: color = 0
14.6326 	EXP 	grating: phase = 0.0
14.6326 	EXP 	grating: color = 0
14.6653 	EXP 	grating: phase = 0.5
14.6653 	EXP 	grating: color = 0
14.6993 	EXP 	grating: phase = 0.5
14.6993 	EXP 	grating: color = 0
14.7323 	EXP 	grating: phase = 0.5
14.7323 	EXP 	grating: color = 0
14.7663 	EXP 	grating: phase = 0.0
14.7663 	EXP 	grating: color = 0
14.7987 	EXP 	grating: phase = 0.0
14.7987 	EXP 	grating: color = 0
14.8325 	EXP 	grating: phase = 0.0
14.8325 	EXP 	grating: color = 0
14.8658 	EXP 	grating: phase = 0.0
14.8658 	EXP 	grating: color = 0
14.8992 	EXP 	grating: phase = 0.5
14.8992 	EXP 	grating: color = 0
14.9324 	EXP 	grating: phase = 0.5
14.9324 	EXP 	grating: color = 0
14.9661 	EXP 	grating: phase = 0.5
14.9661 	EXP 	grating: color = 0
14.9994 	EXP 	grating: phase = 0.5
14.9994 	EXP 	grating: color = 0
15.0324 	EXP 	grating: phase = 0.0
15.0324 	EXP 	grating: color = 0
15.0657 	EXP 	grating: phase = 0.0
15.0657 	EXP 	grating: color = 0
15.0995 	EXP 	grating: phase = 0.0
15.0995 	EXP 	grating: color = 0
15.1327 	EXP 	grating: phase = 0.0
15.1327 	EXP 	grating: color = 0
15.1659 	EXP 	grating: phase = 0.5
15.1659 	EXP 	grating: color = 0
15.1993 	EXP 	grating: phase = 0.5
15.1993 	EXP 	grating: color = 0
15.2334 	EXP 	grating: phase = 0.5
15.2334 	EXP 	grating: color = 0
15.2662 	EXP 	grating: phase = 0.0
15.2662 	EXP 	grating: color = 0
15.2995 	EXP 	grating: phase = 0.0
15.2995 	EXP 	grating: color = 0
15.3326 	EXP 	grating: phase = 0.0
15.3326 	EXP 	grating: color = 0
15.3660 	EXP 	grating: phase = 0.0
15.3660 	EXP 	grating: color = 0
15.3996 	EXP 	grating: phase = 0.5
15.3996 	EXP 	grating: color = 0
15.4328 	EXP 	grating: phase = 0.5
15.4328 	EXP 	grating: color = 0
15.4663 	EXP 	grating: phase = 0.5
15.4663 	EXP 	grating: color = 0
15.4995 	EXP 	grating: phase = 0.5
15.4995 	EXP 	grating: color = 0
15.5335 	EXP 	grating: phase = 0.0
15.5335 	EXP 	grating: color = 0
15.5666 	EXP 	grating: phase = 0.0
15.5666 	EXP 	grating: color = 0
15.6002 	EXP 	grating: phase = 0.0
15.6002 	EXP 	grating: color = 0
15.6330 	EXP 	grating: phase = 0.0
15.6330 	EXP 	grating: color = 0
15.6663 	EXP 	grating: phase = 0.5
15.6663 	EXP 	grating: color = 0
15.7002 	EXP 	grating: phase = 0.5
15.7002 	EXP 	grating: color = 0
15.7327 	EXP 	grating: phase = 0.5
15.7327 	EXP 	grating: color = 0
15.7670 	EXP 	grating: phase = 0.0
15.7670 	EXP 	grating: color = 0
15.7997 	EXP 	grating: phase = 0.0
15.7997 	EXP 	grating: color = 0
15.8335 	EXP 	grating: phase = 0.0
15.8335 	EXP 	grating: color = 0
15.8661 	EXP 	grating: phase = 0.0
15.8661 	EXP 	grating: color = 0
15.8995 	EXP 	grating: phase = 0.5
15.8995 	EXP 	grating: color = 0
15.9336 	EXP 	grating: phase = 0.5
15.9336 	EXP 	grating: color = 0
15.9664 	EXP 	grating: phase = 0.5
15.9664 	EXP 	grating: color = 0
16.0002 	EXP 	grating: phase = 0.5
16.0002 	EXP 	grating: color = 0
16.0341 	EXP 	grating: phase = 0.0
16.0341 	EXP 	grating: color = 0
16.0663 	EXP 	grating: phase = 0.0
16.0663 	EXP 	grating: color = 0
16.1003 	EXP 	grating: phase = 0.0
16.1003 	EXP 	grating: color = 0
16.1339 	EXP 	grating: phase = 0.0
16.1339 	EXP 	grating: color = 0
16.1666 	EXP 	grating: phase = 0.5
16.1666 	EXP 	grating: color = 0
16.2007 	EXP 	grating: phase = 0.5
16.2007 	EXP 	grating: color = 0
16.2336 	EXP 	grating: phase = 0.5
16.2336 	EXP 	grating: color = 0
16.2670 	EXP 	grating: phase = 0.0
16.2670 	EXP 	grating: color = 0
16.3004 	EXP 	grating: phase = 0.0
16.3004 	EXP 	grating: color = 0
16.3339 	EXP 	grating: phase = 0.0
16.3339 	EXP 	grating: color = 0
16.3672 	EXP 	grating: phase = 0.0
16.3672 	EXP 	grating: color = 0
16.4002 	EXP 	grating: phase = 0.5
16.4002 	EXP 	grating: color = 0
16.4344 	EXP 	grating: phase = 0.5
16.4344 	EXP 	grating: color = 0
16.4674 	EXP 	grating: phase = 0.5
16.4674 	EXP 	grating: color = 0
16.5004 	EXP 	grating: phase = 0.5
16.5004 	EXP 	grating: color = 0
16.5342 	EXP 	grating: phase = 0.0
16.5342 	EXP 	grating: color = 0
16.5678 	EXP 	grating: phase = 0.0
16.5678 	EXP 	grating: color = 0
16.6010 	EXP 	grating: phase = 0.0
16.6010 	EXP 	grating: color = 0
16.6345 	EXP 	grating: phase = 0.0
16.6345 	EXP 	grating: color = 0
16.6670 	EXP 	grating: phase = 0.5
16.6670 	EXP 	grating: color = 0
16.7009 	EXP 	grating: phase = 0.5
16.7009 	EXP 	grating: color = 0
16.7346 	EXP 	grating: phase = 0.5
16.7346 	EXP 	grating: color = 0
16.7680 	EXP 	grating: phase = 0.0
16.7680 	EXP 	grating: color = 0
16.8009 	EXP 	grating: phase = 0.0
16.8009 	EXP 	grating: color = 0
16.8342 	EXP 	grating: phase = 0.0
16.8342 	EXP 	grating: color = 0
16.8674 	EXP 	grating: phase = 0.0
16.8674 	EXP 	grating: color = 0
16.9012 	EXP 	grating: phase = 0.5
16.9012 	EXP 	grating: color = 0
16.9337 	EXP 	grating: phase = 0.5
16.9337 	EXP 	grating: color = 0
16.9356 	DATA 	Keypress: return
16.9680 	EXP 	grating: phase = 0.5
16.9680 	EXP 	grating: color = 0
17.0014 	EXP 	grating: phase = 0.5
17.0014 	EXP 	grating: color = 0
17.0345 	EXP 	grating: phase = 0.0
17.0345 	EXP 	grating: color = 0
17.0681 	EXP 	grating: phase = 0.0
17.0681 	EXP 	grating: color = 0
17.1010 	EXP 	grating: phase = 0.0
17.1010 	EXP 	grating: color = 0
17.1348 	EXP 	grating: phase = 0.0
17.1348 	EXP 	grating: color = 0
17.1678 	EXP 	grating: phase = 0.5
17.1678 	EXP 	grating: color = 0
17.2013 	EXP 	grating: phase = 0.5
17.2013 	EXP 	grating: color = 0
17.2342 	EXP 	grating: phase = 0.5
17.2342 	EXP 	grating: color = 0
17.2675 	EXP 	grating: phase = 0.0
17.2675 	EXP 	grating: color = 0
17.3016 	EXP 	grating: phase = 0.0
17.3016 	EXP 	grating: color = 0
17.3343 	EXP 	grating: phase = 0.0
17.3343 	EXP 	grating: color = 0
17.3683 	EXP 	grating: phase = 0.0
17.3683 	EXP 	grating: color = 0
17.4012 	EXP 	grating: phase = 0.5
17.4012 	EXP 	grating: color = 0
17.4351 	EXP 	grating: phase = 0.5
17.4351 	EXP 	grating: color = 0
17.4680 	EXP 	grating: phase = 0.5
17.4680 	EXP 	grating: color = 0
17.5011 	EXP 	grating: phase = 0.5
17.5011 	EXP 	grating: color = 0
17.5347 	EXP 	grating: phase = 0.0
17.5347 	EXP 	grating: color = 0
17.5681 	EXP 	grating: phase = 0.0
17.5681 	EXP 	grating: color = 0
17.6012 	EXP 	grating: phase = 0.0
17.6012 	EXP 	grating: color = 0
17.6352 	EXP 	grating: phase = 0.0
17.6352 	EXP 	grating: color = 0
17.6688 	EXP 	grating: phase = 0.5
17.6688 	EXP 	grating: color = 0
17.7013 	EXP 	grating: phase = 0.5
17.7013 	EXP 	grating: color = 0
17.7344 	EXP 	grating: phase = 0.5
17.7344 	EXP 	grating: color = 0
17.7680 	EXP 	grating: phase = 0.0
17.7680 	EXP 	grating: color = 0
17.8015 	EXP 	grating: phase = 0.0
17.8015 	EXP 	grating: color = 0
17.8353 	EXP 	grating: phase = 0.0
17.8353 	EXP 	grating: color = 0
17.8684 	EXP 	grating: phase = 0.0
17.8684 	EXP 	grating: color = 0
17.9014 	EXP 	grating: phase = 0.5
17.9014 	EXP 	grating: color = 0
17.9345 	EXP 	grating: phase = 0.5
17.9345 	EXP 	grating: color = 0
17.9685 	EXP 	grating: phase = 0.5
17.9685 	EXP 	grating: color = 0
18.0015 	EXP 	grating: phase = 0.5
18.0015 	EXP 	grating: color = 0
18.0355 	EXP 	grating: phase = 0.0
18.0355 	EXP 	grating: color = 0
18.0686 	EXP 	grating: phase = 0.0
18.0686 	EXP 	grating: color = 0
18.1016 	EXP 	grating: phase = 0.0
18.1016 	EXP 	grating: color = 0
18.1347 	EXP 	grating: phase = 0.0
18.1347 	EXP 	grating: color = 0
18.1687 	EXP 	grating: phase = 0.5
18.1687 	EXP 	grating: color = 0
18.2025 	EXP 	grating: phase = 0.5
18.2025 	EXP 	grating: color = 0
18.2354 	EXP 	grating: phase = 0.5
18.2354 	EXP 	grating: color = 0
18.2690 	EXP 	grating: phase = 0.0
18.2690 	EXP 	grating: color = 0
18.3020 	EXP 	grating: phase = 0.0
18.3020 	EXP 	grating: color = 0
18.3359 	EXP 	grating: phase = 0.0
18.3359 	EXP 	grating: color = 0
18.3691 	EXP 	grating: phase = 0.0
18.3691 	EXP 	grating: color = 0
18.4016 	EXP 	grating: phase = 0.5
18.4016 	EXP 	grating: color = 0
18.4360 	EXP 	grating: phase = 0.5
18.4360 	EXP 	grating: color = 0
18.4685 	EXP 	grating: phase = 0.5
18.4685 	EXP 	grating: color = 0
18.5026 	EXP 	grating: phase = 0.5
18.5026 	EXP 	grating: color = 0
18.5355 	EXP 	grating: phase = 0.0
18.5355 	EXP 	grating: color = 0
18.5696 	EXP 	grating: phase = 0.0
18.5696 	EXP 	grating: color = 0
18.6027 	EXP 	grating: phase = 0.0
18.6027 	EXP 	grating: color = 0
18.6356 	EXP 	grating: phase = 0.0
18.6356 	EXP 	grating: color = 0
18.6687 	EXP 	grating: phase = 0.5
18.6687 	EXP 	grating: color = 0
18.7027 	EXP 	grating: phase = 0.5
18.7027 	EXP 	grating: color = 0
18.7350 	EXP 	grating: phase = 0.5
18.7350 	EXP 	grating: color = 0
18.7686 	EXP 	grating: phase = 0.0
18.7686 	EXP 	grating: color = 0
18.8025 	EXP 	grating: phase = 0.0
18.8025 	EXP 	grating: color = 0
18.8360 	EXP 	grating: phase = 0.0
18.8360 	EXP 	grating: color = 0
18.8688 	EXP 	grating: phase = 0.0
18.8688 	EXP 	grating: color = 0
18.9026 	EXP 	grating: phase = 0.5
18.9026 	EXP 	grating: color = 0
18.9364 	EXP 	grating: phase = 0.5
18.9364 	EXP 	grating: color = 0
18.9693 	EXP 	grating: phase = 0.5
18.9693 	EXP 	grating: color = 0
19.0029 	EXP 	grating: phase = 0.5
19.0029 	EXP 	grating: color = 0
19.0356 	EXP 	grating: phase = 0.0
19.0356 	EXP 	grating: color = 0
19.0699 	EXP 	grating: phase = 0.0
19.0699 	EXP 	grating: color = 0
19.1027 	EXP 	grating: phase = 0.0
19.1027 	EXP 	grating: color = 0
19.1364 	EXP 	grating: phase = 0.0
19.1364 	EXP 	grating: color = 0
19.1689 	EXP 	grating: phase = 0.5
19.1689 	EXP 	grating: color = 0
19.2024 	EXP 	grating: phase = 0.5
19.2024 	EXP 	grating: color = 0
19.2355 	EXP 	grating: phase = 0.5
19.2355 	EXP 	grating: color = 0
19.2700 	EXP 	grating: phase = 0.0
19.2700 	EXP 	grating: color = 0
19.3022 	EXP 	grating: phase = 0.0
19.3022 	EXP 	grating: color = 0
19.3366 	EXP 	grating: phase = 0.0
19.3366 	EXP 	grating: color = 0
19.3701 	EXP 	grating: phase = 0.0
19.3701 	EXP 	grating: color = 0
19.4025 	EXP 	grating: phase = 0.5
19.4025 	EXP 	grating: color = 0
19.4365 	EXP 	grating: phase = 0.5
19.4365 	EXP 	grating: color = 0
19.4694 	EXP 	grating: phase = 0.5
19.4694 	EXP 	grating: color = 0
19.5027 	EXP 	grating: phase = 0.5
19.5027 	EXP 	grating: color = 0
19.5368 	EXP 	grating: phase = 0.0
19.5368 	EXP 	grating: color = 0
19.5698 	EXP 	grating: phase = 0.0
19.5698 	EXP 	grating: color = 0
19.6037 	EXP 	grating: phase = 0.0
19.6037 	EXP 	grating: color = 0
19.6371 	EXP 	grating: phase = 0.0
19.6371 	EXP 	grating: color = 0
19.6699 	EXP 	grating: phase = 0.5
19.6699 	EXP 	grating: color = 0
19.7029 	EXP 	grating: phase = 0.5
19.7029 	EXP 	grating: color = 0
19.7368 	EXP 	grating: phase = 0.5
19.7368 	EXP 	grating: color = 0
19.7702 	EXP 	grating: phase = 0.0
19.7702 	EXP 	grating: color = 0
19.8030 	EXP 	grating: phase = 0.0
19.8030 	EXP 	grating: color = 0
19.8367 	EXP 	grating: phase = 0.0
19.8367 	EXP 	grating: color = 0
19.8699 	EXP 	grating: phase = 0.0
19.8699 	EXP 	grating: color = 0
19.9032 	EXP 	grating: phase = 0.5
19.9032 	EXP 	grating: color = 0
19.9369 	EXP 	grating: phase = 0.5
19.9369 	EXP 	grating: color = 0
19.9700 	EXP 	grating: phase = 0.5
19.9700 	EXP 	grating: color = 0
20.0028 	EXP 	grating: phase = 0.5
20.0028 	EXP 	grating: color = 0
20.0366 	EXP 	grating: phase = 0.0
20.0366 	EXP 	grating: color = 0
20.0703 	EXP 	grating: phase = 0.0
20.0703 	EXP 	grating: color = 0
20.1032 	EXP 	grating: phase = 0.0
20.1032 	EXP 	grating: color = 0
20.1372 	EXP 	grating: phase = 0.0
20.1372 	EXP 	grating: color = 0
20.1703 	EXP 	grating: phase = 0.5
20.1703 	EXP 	grating: color = 0
20.2031 	EXP 	grating: phase = 0.5
20.2031 	EXP 	grating: color = 0
20.2372 	EXP 	grating: phase = 0.5
20.2372 	EXP 	grating: color = 0
20.2697 	EXP 	grating: phase = 0.0
20.2697 	EXP 	grating: color = 0
20.3032 	EXP 	grating: phase = 0.0
20.3032 	EXP 	grating: color = 0
20.3374 	EXP 	grating: phase = 0.0
20.3374 	EXP 	grating: color = 0
20.3705 	EXP 	grating: phase = 0.0
20.3705 	EXP 	grating: color = 0
20.4035 	EXP 	grating: phase = 0.5
20.4035 	EXP 	grating: color = 0
20.4365 	EXP 	grating: phase = 0.5
20.4365 	EXP 	grating: color = 0
20.4701 	EXP 	grating: phase = 0.5
20.4701 	EXP 	grating: color = 0
20.5044 	EXP 	grating: phase = 0.5
20.5044 	EXP 	grating: color = 0
20.5375 	EXP 	grating: phase = 0.0
20.5375 	EXP 	grating: color = 0
20.5706 	EXP 	grating: phase = 0.0
20.5706 	EXP 	grating: color = 0
20.6039 	EXP 	grating: phase = 0.0
20.6039 	EXP 	grating: color = 0
20.6378 	EXP 	grating: phase = 0.0
20.6378 	EXP 	grating: color = 0
20.6709 	EXP 	grating: phase = 0.5
20.6709 	EXP 	grating: color = 0
20.7036 	EXP 	grating: phase = 0.5
20.7036 	EXP 	grating: color = 0
20.7375 	EXP 	grating: phase = 0.5
20.7375 	EXP 	grating: color = 0
20.7703 	EXP 	grating: phase = 0.0
20.7703 	EXP 	grating: color = 0
20.8041 	EXP 	grating: phase = 0.0
20.8041 	EXP 	grating: color = 0
20.8378 	EXP 	grating: phase = 0.0
20.8378 	EXP 	grating: color = 0
20.8712 	EXP 	grating: phase = 0.0
20.8712 	EXP 	grating: color = 0
20.9044 	EXP 	grating: phase = 0.5
20.9044 	EXP 	grating: color = 0
20.9374 	EXP 	grating: phase = 0.5
20.9374 	EXP 	grating: color = 0
20.9705 	EXP 	grating: phase = 0.5
20.9705 	EXP 	grating: color = 0
21.0038 	EXP 	grating: phase = 0.5
21.0038 	EXP 	grating: color = 0
21.0374 	EXP 	grating: phase = 0.0
21.0374 	EXP 	grating: color = 0
21.0715 	EXP 	grating: phase = 0.0
21.0715 	EXP 	grating: color = 0
21.1044 	EXP 	grating: phase = 0.0
21.1044 	EXP 	grating: color = 0
21.1378 	EXP 	grating: phase = 0.0
21.1378 	EXP 	grating: color = 0
21.1710 	EXP 	grating: phase = 0.5
21.1710 	EXP 	grating: color = 0
21.2047 	EXP 	grating: phase = 0.5
21.2047 	EXP 	grating: color = 0
21.2375 	EXP 	grating: phase = 0.5
21.2375 	EXP 	grating: color = 0
21.2714 	EXP 	grating: phase = 0.0
21.2714 	EXP 	grating: color = 0
21.3042 	EXP 	grating: phase = 0.0
21.3042 	EXP 	grating: color = 0
21.3373 	EXP 	grating: phase = 0.0
21.3373 	EXP 	grating: color = 0
21.3709 	EXP 	grating: phase = 0.0
21.3709 	EXP 	grating: color = 0
21.4045 	EXP 	grating: phase = 0.5
21.4045 	EXP 	grating: color = 0
21.4376 	EXP 	grating: phase = 0.5
21.4376 	EXP 	grating: color = 0
21.4717 	EXP 	grating: phase = 0.5
21.4717 	EXP 	grating: color = 0
21.5045 	EXP 	grating: phase = 0.5
21.5045 	EXP 	grating: color = 0
21.5377 	EXP 	grating: phase = 0.0
21.5377 	EXP 	grating: color = 0
21.5720 	EXP 	grating: phase = 0.0
21.5720 	EXP 	grating: color = 0
21.6051 	EXP 	grating: phase = 0.0
21.6051 	EXP 	grating: color = 0
21.6385 	EXP 	grating: phase = 0.0
21.6385 	EXP 	grating: color = 0
21.6715 	EXP 	grating: phase = 0.5
21.6715 	EXP 	grating: color = 0
21.7046 	EXP 	grating: phase = 0.5
21.7046 	EXP 	grating: color = 0
21.7378 	EXP 	grating: phase = 0.5
21.7378 	EXP 	grating: color = 0
21.7722 	EXP 	grating: phase = 0.0
21.7722 	EXP 	grating: color = 0
21.8047 	EXP 	grating: phase = 0.0
21.8047 	EXP 	grating: color = 0
21.8381 	EXP 	grating: phase = 0.0
21.8381 	EXP 	grating: color = 0
21.8719 	EXP 	grating: phase = 0.0
21.8719 	EXP 	grating: color = 0
21.9050 	EXP 	grating: phase = 0.5
21.9050 	EXP 	grating: color = 0
21.9381 	EXP 	grating: phase = 0.5
21.9381 	EXP 	grating: color = 0
21.9718 	EXP 	grating: phase = 0.5
21.9718 	EXP 	grating: color = 0
22.0053 	EXP 	grating: phase = 0.5
22.0053 	EXP 	grating: color = 0
22.0383 	EXP 	grating: phase = 0.0
22.0383 	EXP 	grating: color = 0
22.0715 	EXP 	grating: phase = 0.0
22.0715 	EXP 	grating: color = 0
22.1055 	EXP 	grating: phase = 0.0
22.1055 	EXP 	grating: color = 0
22.1382 	EXP 	grating: phase = 0.0
22.1382 	EXP 	grating: color = 0
22.1720 	EXP 	grating: phase = 0.5
22.1720 	EXP 	grating: color = 0
22.2054 	EXP 	grating: phase = 0.5
22.2054 	EXP 	grating: color = 0
22.2387 	EXP 	grating: phase = 0.5
22.2387 	EXP 	grating: color = 0
22.2716 	EXP 	grating: phase = 0.0
22.2716 	EXP 	grating: color = 0
22.3058 	EXP 	grating: phase = 0.0
22.3058 	EXP 	grating: color = 0
22.3391 	EXP 	grating: phase = 0.0
22.3391 	EXP 	grating: color = 0
22.3720 	EXP 	grating: phase = 0.0
22.3720 	EXP 	grating: color = 0
22.4049 	EXP 	grating: phase = 0.5
22.4049 	EXP 	grating: color = 0
22.4387 	EXP 	grating: phase = 0.5
22.4387 	EXP 	grating: color = 0
22.4724 	EXP 	grating: phase = 0.5
22.4724 	EXP 	grating: color = 0
22.5056 	EXP 	grating: phase = 0.5
22.5056 	EXP 	grating: color = 0
22.5390 	EXP 	grating: phase = 0.0
22.5390 	EXP 	grating: color = 0
22.5718 	EXP 	grating: phase = 0.0
22.5718 	EXP 	grating: color = 0
22.6058 	EXP 	grating: phase = 0.0
22.6058 	EXP 	grating: color = 0
22.6386 	EXP 	grating: phase = 0.0
22.6386 	EXP 	grating: color = 0
22.6719 	EXP 	grating: phase = 0.5
22.6719 	EXP 	grating: color = 0
22.7058 	EXP 	grating: phase = 0.5
22.7058 	EXP 	grating: color = 0
22.7393 	EXP 	grating: phase = 0.5
22.7393 	EXP 	grating: color = 0
22.7721 	EXP 	grating: phase = 0.0
22.7721 	EXP 	grating: color = 0
22.8062 	EXP 	grating: phase = 0.0
22.8062 	EXP 	grating: color = 0
22.8387 	EXP 	grating: phase = 0.0
22.8387 	EXP 	grating: color = 0
22.8467 	DATA 	Keypress: right
22.8559 	EXP 	fixation: autoDraw = False
22.8559 	EXP 	grating: autoDraw = False
22.8559 	EXP 	fd_instructions: text = 'Oops! That was wrong'
22.8559 	EXP 	fd_instructions: autoDraw = True
24.8576 	EXP 	fd_instructions: autoDraw = False
24.8576 	EXP 	grating: color = '[1. 1. 1.] (rgb)'
24.8576 	EXP 	grating: size = array([3.5, 3.5])
24.8576 	EXP 	grating: ori = 90.0
24.8576 	EXP 	grating: sf = array([1.2, 1.2])
24.9909 	EXP 	fixation: autoDraw = True
25.5913 	EXP 	fixation: autoDraw = False
25.8419 	EXP 	grating: phase = 0.0
25.8419 	EXP 	grating: color = -0.03540640400024131
25.8751 	EXP 	grating: phase = 0.0
25.8751 	EXP 	grating: color = 0.03281344399874797
25.9078 	EXP 	grating: phase = 0.5
25.9078 	EXP 	grating: color = 0.0982827499974519
25.9421 	EXP 	grating: phase = 0.5
25.9421 	EXP 	grating: color = 0.16646131600282388
25.9745 	EXP 	grating: phase = 0.5
25.9745 	EXP 	grating: color = 0.23251499600155512
26.0081 	EXP 	grating: phase = 0.5
26.0081 	EXP 	grating: color = 0.3003699039982166
26.0421 	EXP 	grating: phase = 0.0
26.0421 	EXP 	grating: color = 0.36673110599804204
26.0756 	EXP 	grating: phase = 0.0
26.0756 	EXP 	grating: color = 0.4333870760019636
26.1082 	EXP 	grating: phase = 0.0
26.1082 	EXP 	grating: color = 0.5004713279995485
26.1422 	EXP 	grating: phase = 0.5
26.1422 	EXP 	grating: color = 0.5668360819981899
26.1747 	EXP 	grating: phase = 0.5
26.1747 	EXP 	grating: color = 0.6322189080019598
26.2090 	EXP 	grating: phase = 0.5
26.2090 	EXP 	grating: color = 0.7003085480027949
26.2422 	EXP 	grating: phase = 0.5
26.2422 	EXP 	grating: color = 0.7671063140005572
26.2752 	EXP 	grating: phase = 0.0
26.2752 	EXP 	grating: color = 0.8332883120019687
26.3090 	EXP 	grating: phase = 0.0
26.3090 	EXP 	grating: color = 0.9007454000020516
26.3419 	EXP 	grating: phase = 0.0
26.3419 	EXP 	grating: color = 0.966093679999176
26.3758 	EXP 	grating: phase = 0.0
26.3758 	EXP 	grating: color = 1
26.4089 	EXP 	grating: phase = 0.5
26.4089 	EXP 	grating: color = 1
26.4418 	EXP 	grating: phase = 0.5
26.4418 	EXP 	grating: color = 1
26.4758 	EXP 	grating: phase = 0.5
26.4758 	EXP 	grating: color = 1
26.5087 	EXP 	grating: phase = 0.5
26.5087 	EXP 	grating: color = 1
26.5414 	EXP 	grating: phase = 0.0
26.5414 	EXP 	grating: color = 1
26.5759 	EXP 	grating: phase = 0.0
26.5759 	EXP 	grating: color = 1
26.6087 	EXP 	grating: phase = 0.0
26.6087 	EXP 	grating: color = 1
26.6421 	EXP 	grating: phase = 0.5
26.6421 	EXP 	grating: color = 1
26.6756 	EXP 	grating: phase = 0.5
26.6756 	EXP 	grating: color = 1
26.7090 	EXP 	grating: phase = 0.5
26.7090 	EXP 	grating: color = 1
26.7422 	EXP 	grating: phase = 0.5
26.7422 	EXP 	grating: color = 1
26.7762 	EXP 	grating: phase = 0.0
26.7762 	EXP 	grating: color = 1
26.8091 	EXP 	grating: phase = 0.0
26.8091 	EXP 	grating: color = 1
26.8421 	EXP 	grating: phase = 0.0
26.8421 	EXP 	grating: color = 1
26.8760 	EXP 	grating: phase = 0.0
26.8760 	EXP 	grating: color = 1
26.9089 	EXP 	grating: phase = 0.5
26.9089 	EXP 	grating: color = 1
26.9427 	EXP 	grating: phase = 0.5
26.9427 	EXP 	grating: color = 1
26.9758 	EXP 	grating: phase = 0.5
26.9758 	EXP 	grating: color = 1
27.0087 	EXP 	grating: phase = 0.5
27.0087 	EXP 	grating: color = 1
27.0428 	EXP 	grating: phase = 0.0
27.0428 	EXP 	grating: color = 1
27.0761 	EXP 	grating: phase = 0.0
27.0761 	EXP 	grating: color = 1
27.1091 	EXP 	grating: phase = 0.0
27.1091 	EXP 	grating: color = 1
27.1422 	EXP 	grating: phase = 0.5
27.1422 	EXP 	grating: color = 1
27.1763 	EXP 	grating: phase = 0.5
27.1763 	EXP 	grating: color = 1
27.2089 	EXP 	grating: phase = 0.5
27.2089 	EXP 	grating: color = 1
27.2425 	EXP 	grating: phase = 0.5
27.2425 	EXP 	grating: color = 1
27.2764 	EXP 	grating: phase = 0.0
27.2764 	EXP 	grating: color = 1
27.3089 	EXP 	grating: phase = 0.0
27.3089 	EXP 	grating: color = 1
27.3423 	EXP 	grating: phase = 0.0
27.3423 	EXP 	grating: color = 1
27.3768 	EXP 	grating: phase = 0.0
27.3768 	EXP 	grating: color = 0.96559590799734
27.4096 	EXP 	grating: phase = 0.5
27.4096 	EXP 	grating: color = 0.8989159600023413
27.4431 	EXP 	grating: phase = 0.5
27.4431 	EXP 	grating: color = 0.8311812800020562
27.4758 	EXP 	grating: phase = 0.5
27.4758 	EXP 	grating: color = 0.7653783920031856
27.5095 	EXP 	grating: phase = 0.5
27.5095 	EXP 	grating: color = 0.6982343999989098
27.5427 	EXP 	grating: phase = 0.0
27.5427 	EXP 	grating: color = 0.6305049919974408
27.5768 	EXP 	grating: phase = 0.0
27.5768 	EXP 	grating: color = 0.5641318220004905
27.6092 	EXP 	grating: phase = 0.0
27.6092 	EXP 	grating: color = 0.4987095460019191
27.6430 	EXP 	grating: phase = 0.5
27.6430 	EXP 	grating: color = 0.43178499399800785
27.6769 	EXP 	grating: phase = 0.5
27.6769 	EXP 	grating: color = 0.3636952719971305
27.7103 	EXP 	grating: phase = 0.5
27.7103 	EXP 	grating: color = 0.29762387400114676
27.7436 	EXP 	grating: phase = 0.5
27.7436 	EXP 	grating: color = 0.23080295600084355
27.7762 	EXP 	grating: phase = 0.0
27.7762 	EXP 	grating: color = 0.16453578200162156
27.8104 	EXP 	grating: phase = 0.0
27.8104 	EXP 	grating: color = 0.09895716000028187
27.8436 	EXP 	grating: phase = 0.0
27.8436 	EXP 	grating: color = 0.030791523997322656
27.8769 	EXP 	grating: phase = 0.0
27.8769 	EXP 	grating: color = 0
27.9103 	EXP 	grating: phase = 0.5
27.9103 	EXP 	grating: color = 0
27.9433 	EXP 	grating: phase = 0.5
27.9433 	EXP 	grating: color = 0
27.9764 	EXP 	grating: phase = 0.5
27.9764 	EXP 	grating: color = 0
28.0097 	EXP 	grating: phase = 0.5
28.0097 	EXP 	grating: color = 0
28.0433 	EXP 	grating: phase = 0.0
28.0433 	EXP 	grating: color = 0
28.0765 	EXP 	grating: phase = 0.0
28.0765 	EXP 	grating: color = 0
28.1100 	EXP 	grating: phase = 0.0
28.1100 	EXP 	grating: color = 0
28.1433 	EXP 	grating: phase = 0.5
28.1433 	EXP 	grating: color = 0
28.1763 	EXP 	grating: phase = 0.5
28.1763 	EXP 	grating: color = 0
28.2100 	EXP 	grating: phase = 0.5
28.2100 	EXP 	grating: color = 0
28.2439 	EXP 	grating: phase = 0.5
28.2439 	EXP 	grating: color = 0
28.2771 	EXP 	grating: phase = 0.0
28.2771 	EXP 	grating: color = 0
28.3104 	EXP 	grating: phase = 0.0
28.3104 	EXP 	grating: color = 0
28.3434 	EXP 	grating: phase = 0.0
28.3434 	EXP 	grating: color = 0
28.3775 	EXP 	grating: phase = 0.0
28.3775 	EXP 	grating: color = 0
28.4109 	EXP 	grating: phase = 0.5
28.4109 	EXP 	grating: color = 0
28.4437 	EXP 	grating: phase = 0.5
28.4437 	EXP 	grating: color = 0
28.4461 	DATA 	Keypress: up
28.4602 	EXP 	fixation: autoDraw = False
28.4602 	EXP 	grating: autoDraw = False
28.4602 	EXP 	fd_instructions: text = 'Oops! That was wrong'
28.4602 	EXP 	fd_instructions: autoDraw = True
30.4625 	EXP 	fd_instructions: autoDraw = False
30.4625 	EXP 	grating: color = '[1. 1. 1.] (rgb)'
30.4625 	EXP 	grating: size = array([3.5, 3.5])
30.4625 	EXP 	grating: ori = 0.0
30.4625 	EXP 	grating: sf = array([1.2, 1.2])
30.5952 	EXP 	fixation: autoDraw = True
31.1957 	EXP 	fixation: autoDraw = False
31.4298 	EXP 	grating: phase = 0.5
31.4298 	EXP 	grating: color = -0.06558361600036733
31.4624 	EXP 	grating: phase = 0.5
31.4624 	EXP 	grating: color = 0.00013251399650471285
31.4960 	EXP 	grating: phase = 0.5
31.4960 	EXP 	grating: color = 0.06695348599896533
31.5292 	EXP 	grating: phase = 0.0
31.5292 	EXP 	grating: color = 0.13286077399970964
31.5627 	EXP 	grating: phase = 0.0
31.5627 	EXP 	grating: color = 0.20056250199559145
31.5963 	EXP 	grating: phase = 0.0
31.5963 	EXP 	grating: color = 0.2672611359957955
31.6292 	EXP 	grating: phase = 0.0
31.6292 	EXP 	grating: color = 0.3335087140003452
31.6630 	EXP 	grating: phase = 0.5
31.6630 	EXP 	grating: color = 0.40101520600001095
31.6959 	EXP 	grating: phase = 0.5
31.6959 	EXP 	grating: color = 0.4668281779959216
31.7298 	EXP 	grating: phase = 0.5
31.7298 	EXP 	grating: color = 0.5339355239993893
31.7635 	EXP 	grating: phase = 0.5
31.7635 	EXP 	grating: color = 0.6015574560005916
31.7968 	EXP 	grating: phase = 0.0
31.7968 	EXP 	grating: color = 0.6679338419999112
31.8299 	EXP 	grating: phase = 0.0
31.8299 	EXP 	grating: color = 0.7342496159981238
31.8635 	EXP 	grating: phase = 0.0
31.8635 	EXP 	grating: color = 0.8017654079958447
31.8967 	EXP 	grating: phase = 0.5
31.8967 	EXP 	grating: color = 0.8675867619967903
31.9300 	EXP 	grating: phase = 0.5
31.9300 	EXP 	grating: color = 0.9345320539941895
31.9628 	EXP 	grating: phase = 0.5
31.9628 	EXP 	grating: color = 1
31.9961 	EXP 	grating: phase = 0.5
31.9961 	EXP 	grating: color = 1
32.0298 	EXP 	grating: phase = 0.0
32.0298 	EXP 	grating: color = 1
32.0635 	EXP 	grating: phase = 0.0
32.0635 	EXP 	grating: color = 1
32.0972 	EXP 	grating: phase = 0.0
32.0972 	EXP 	grating: color = 1
32.1306 	EXP 	grating: phase = 0.0
32.1306 	EXP 	grating: color = 1
32.1630 	EXP 	grating: phase = 0.5
32.1630 	EXP 	grating: color = 1
32.1971 	EXP 	grating: phase = 0.5
32.1971 	EXP 	grating: color = 1
32.2301 	EXP 	grating: phase = 0.5
32.2301 	EXP 	grating: color = 1
32.2639 	EXP 	grating: phase = 0.5
32.2639 	EXP 	grating: color = 1
32.2971 	EXP 	grating: phase = 0.0
32.2971 	EXP 	grating: color = 1
32.3299 	EXP 	grating: phase = 0.0
32.3299 	EXP 	grating: color = 1
32.3637 	EXP 	grating: phase = 0.0
32.3637 	EXP 	grating: color = 1
32.3966 	EXP 	grating: phase = 0.5
32.3966 	EXP 	grating: color = 1
32.4307 	EXP 	grating: phase = 0.5
32.4307 	EXP 	grating: color = 1
32.4639 	EXP 	grating: phase = 0.5
32.4639 	EXP 	grating: color = 1
32.4968 	EXP 	grating: phase = 0.5
32.4968 	EXP 	grating: color = 1
32.5302 	EXP 	grating: phase = 0.0
32.5302 	EXP 	grating: color = 1
32.5638 	EXP 	grating: phase = 0.0
32.5638 	EXP 	grating: color = 1
32.5967 	EXP 	grating: phase = 0.0
32.5967 	EXP 	grating: color = 1
32.6307 	EXP 	grating: phase = 0.0
32.6307 	EXP 	grating: color = 1
32.6632 	EXP 	grating: phase = 0.5
32.6632 	EXP 	grating: color = 1
32.6966 	EXP 	grating: phase = 0.5
32.6966 	EXP 	grating: color = 1
32.7304 	EXP 	grating: phase = 0.5
32.7304 	EXP 	grating: color = 1
32.7634 	EXP 	grating: phase = 0.5
32.7634 	EXP 	grating: color = 1
32.7968 	EXP 	grating: phase = 0.0
32.7968 	EXP 	grating: color = 1
32.8303 	EXP 	grating: phase = 0.0
32.8303 	EXP 	grating: color = 1
32.8643 	EXP 	grating: phase = 0.0
32.8643 	EXP 	grating: color = 1
32.8976 	EXP 	grating: phase = 0.5
32.8976 	EXP 	grating: color = 1
32.9305 	EXP 	grating: phase = 0.5
32.9305 	EXP 	grating: color = 1
32.9638 	EXP 	grating: phase = 0.5
32.9638 	EXP 	grating: color = 0.9977809800038813
32.9975 	EXP 	grating: phase = 0.5
32.9975 	EXP 	grating: color = 0.9318171260019881
33.0312 	EXP 	grating: phase = 0.0
33.0312 	EXP 	grating: color = 0.8642362020036671
33.0637 	EXP 	grating: phase = 0.0
33.0637 	EXP 	grating: color = 0.7964243220048957
33.0976 	EXP 	grating: phase = 0.0
33.0976 	EXP 	grating: color = 0.7303022440028144
33.1313 	EXP 	grating: phase = 0.0
33.1313 	EXP 	grating: color = 0.6648574680002639
33.1639 	EXP 	grating: phase = 0.5
33.1639 	EXP 	grating: color = 0.5972268039986375
33.1979 	EXP 	grating: phase = 0.5
33.1979 	EXP 	grating: color = 0.5295654220026336
33.2312 	EXP 	grating: phase = 0.5
33.2312 	EXP 	grating: color = 0.46251454199955333
33.2640 	EXP 	grating: phase = 0.5
33.2640 	EXP 	grating: color = 0.3974440099991625
33.2975 	EXP 	grating: phase = 0.0
33.2975 	EXP 	grating: color = 0.32985670999914873
33.3312 	EXP 	grating: phase = 0.0
33.3312 	EXP 	grating: color = 0.262536728005216
33.3644 	EXP 	grating: phase = 0.0
33.3644 	EXP 	grating: color = 0.1971624280049582
33.3976 	EXP 	grating: phase = 0.5
33.3976 	EXP 	grating: color = 0.1305984319988056
33.4309 	EXP 	grating: phase = 0.5
33.4309 	EXP 	grating: color = 0.06213922800088767
33.4642 	EXP 	grating: phase = 0.5
33.4642 	EXP 	grating: color = 0
33.4979 	EXP 	grating: phase = 0.5
33.4979 	EXP 	grating: color = 0
33.5309 	EXP 	grating: phase = 0.0
33.5309 	EXP 	grating: color = 0
33.5651 	EXP 	grating: phase = 0.0
33.5651 	EXP 	grating: color = 0
33.5981 	EXP 	grating: phase = 0.0
33.5981 	EXP 	grating: color = 0
33.6321 	EXP 	grating: phase = 0.0
33.6321 	EXP 	grating: color = 0
33.6647 	EXP 	grating: phase = 0.5
33.6647 	EXP 	grating: color = 0
33.6981 	EXP 	grating: phase = 0.5
33.6981 	EXP 	grating: color = 0
33.7313 	EXP 	grating: phase = 0.5
33.7313 	EXP 	grating: color = 0
33.7642 	EXP 	grating: phase = 0.0
33.7642 	EXP 	grating: color = 0
33.7982 	EXP 	grating: phase = 0.0
33.7982 	EXP 	grating: color = 0
33.8309 	EXP 	grating: phase = 0.0
33.8309 	EXP 	grating: color = 0
33.8645 	EXP 	grating: phase = 0.0
33.8645 	EXP 	grating: color = 0
33.8980 	EXP 	grating: phase = 0.5
33.8980 	EXP 	grating: color = 0
33.9314 	EXP 	grating: phase = 0.5
33.9314 	EXP 	grating: color = 0
33.9650 	EXP 	grating: phase = 0.5
33.9650 	EXP 	grating: color = 0
33.9978 	EXP 	grating: phase = 0.5
33.9978 	EXP 	grating: color = 0
34.0313 	EXP 	grating: phase = 0.0
34.0313 	EXP 	grating: color = 0
34.0648 	EXP 	grating: phase = 0.0
34.0648 	EXP 	grating: color = 0
34.0981 	EXP 	grating: phase = 0.0
34.0981 	EXP 	grating: color = 0
34.1312 	EXP 	grating: phase = 0.0
34.1312 	EXP 	grating: color = 0
34.1655 	EXP 	grating: phase = 0.5
34.1655 	EXP 	grating: color = 0
34.1986 	EXP 	grating: phase = 0.5
34.1986 	EXP 	grating: color = 0
34.2167 	DATA 	Keypress: up
34.2321 	EXP 	grating: phase = 0.5
34.2321 	EXP 	grating: color = 0
34.2483 	EXP 	fixation: autoDraw = False
34.2483 	EXP 	grating: autoDraw = False
34.2483 	EXP 	fd_instructions: text = 'Correct!'
34.2483 	EXP 	fd_instructions: autoDraw = True
36.2502 	EXP 	fd_instructions: autoDraw = False
36.2502 	EXP 	grating: color = '[1. 1. 1.] (rgb)'
36.2502 	EXP 	grating: size = array([3.5, 3.5])
36.2502 	EXP 	grating: ori = 90.0
36.2502 	EXP 	grating: sf = array([1.2, 1.2])
36.3840 	EXP 	fixation: autoDraw = True
36.9844 	EXP 	fixation: autoDraw = False
37.2349 	EXP 	grating: phase = 0.5
37.2349 	EXP 	grating: color = -0.03349449400411686
37.2674 	EXP 	grating: phase = 0.0
37.2674 	EXP 	grating: color = 0.032957734001684
37.3012 	EXP 	grating: phase = 0.0
37.3012 	EXP 	grating: color = 0.09964841799956048
37.3345 	EXP 	grating: phase = 0.0
37.3345 	EXP 	grating: color = 0.1653833339951234
37.3677 	EXP 	grating: phase = 0.0
37.3677 	EXP 	grating: color = 0.23228417999780504
37.4008 	EXP 	grating: phase = 0.5
37.4008 	EXP 	grating: color = 0.29848506599955726
37.4342 	EXP 	grating: phase = 0.5
37.4342 	EXP 	grating: color = 0.36539601199910976
37.4685 	EXP 	grating: phase = 0.5
37.4685 	EXP 	grating: color = 0.4338064280018443
37.5014 	EXP 	grating: phase = 0.5
37.5014 	EXP 	grating: color = 0.49973805400077254
37.5351 	EXP 	grating: phase = 0.0
37.5351 	EXP 	grating: color = 0.5671429939975496
37.5682 	EXP 	grating: phase = 0.0
37.5682 	EXP 	grating: color = 0.6335043540020706
37.6013 	EXP 	grating: phase = 0.0
37.6013 	EXP 	grating: color = 0.6996362560021225
37.6354 	EXP 	grating: phase = 0.0
37.6354 	EXP 	grating: color = 0.765772544000356
37.6686 	EXP 	grating: phase = 0.5
37.6686 	EXP 	grating: color = 0.8340204199994332
37.7019 	EXP 	grating: phase = 0.5
37.7019 	EXP 	grating: color = 0.9005525339962333
37.7350 	EXP 	grating: phase = 0.5
37.7350 	EXP 	grating: color = 0.9669439139979659
37.7682 	EXP 	grating: phase = 0.0
37.7682 	EXP 	grating: color = 1
37.8013 	EXP 	grating: phase = 0.0
37.8013 	EXP 	grating: color = 1
37.8352 	EXP 	grating: phase = 0.0
37.8352 	EXP 	grating: color = 1
37.8681 	EXP 	grating: phase = 0.0
37.8681 	EXP 	grating: color = 1
37.9012 	EXP 	grating: phase = 0.5
37.9012 	EXP 	grating: color = 1
37.9353 	EXP 	grating: phase = 0.5
37.9353 	EXP 	grating: color = 1
37.9683 	EXP 	grating: phase = 0.5
37.9683 	EXP 	grating: color = 1
38.0015 	EXP 	grating: phase = 0.5
38.0015 	EXP 	grating: color = 1
38.0354 	EXP 	grating: phase = 0.0
38.0354 	EXP 	grating: color = 1
38.0684 	EXP 	grating: phase = 0.0
38.0684 	EXP 	grating: color = 1
38.1014 	EXP 	grating: phase = 0.0
38.1014 	EXP 	grating: color = 1
38.1346 	EXP 	grating: phase = 0.0
38.1346 	EXP 	grating: color = 1
38.1686 	EXP 	grating: phase = 0.5
38.1686 	EXP 	grating: color = 1
38.2016 	EXP 	grating: phase = 0.5
38.2016 	EXP 	grating: color = 1
38.2356 	EXP 	grating: phase = 0.5
38.2356 	EXP 	grating: color = 1
38.2687 	EXP 	grating: phase = 0.0
38.2687 	EXP 	grating: color = 1
38.3020 	EXP 	grating: phase = 0.0
38.3020 	EXP 	grating: color = 1
38.3351 	EXP 	grating: phase = 0.0
38.3351 	EXP 	grating: color = 1
38.3684 	EXP 	grating: phase = 0.0
38.3684 	EXP 	grating: color = 1
38.4016 	EXP 	grating: phase = 0.5
38.4016 	EXP 	grating: color = 1
38.4358 	EXP 	grating: phase = 0.5
38.4358 	EXP 	grating: color = 1
38.4690 	EXP 	grating: phase = 0.5
38.4690 	EXP 	grating: color = 1
38.5022 	EXP 	grating: phase = 0.5
38.5022 	EXP 	grating: color = 1
38.5354 	EXP 	grating: phase = 0.0
38.5354 	EXP 	grating: color = 1
38.5686 	EXP 	grating: phase = 0.0
38.5686 	EXP 	grating: color = 1
38.6027 	EXP 	grating: phase = 0.0
38.6027 	EXP 	grating: color = 1
38.6358 	EXP 	grating: phase = 0.0
38.6358 	EXP 	grating: color = 1
38.6691 	EXP 	grating: phase = 0.5
38.6691 	EXP 	grating: color = 1
38.7023 	EXP 	grating: phase = 0.5
38.7023 	EXP 	grating: color = 1
38.7354 	EXP 	grating: phase = 0.5
38.7354 	EXP 	grating: color = 1
38.7693 	EXP 	grating: phase = 0.0
38.7693 	EXP 	grating: color = 0.9640453140018508
38.8026 	EXP 	grating: phase = 0.0
38.8026 	EXP 	grating: color = 0.897902802003955
38.8356 	EXP 	grating: phase = 0.0
38.8356 	EXP 	grating: color = 0.8316011040005833
38.8688 	EXP 	grating: phase = 0.0
38.8688 	EXP 	grating: color = 0.7653606899984879
38.9027 	EXP 	grating: phase = 0.5
38.9027 	EXP 	grating: color = 0.6978565800018259
38.9358 	EXP 	grating: phase = 0.5
38.9358 	EXP 	grating: color = 0.6312836080032866
38.9690 	EXP 	grating: phase = 0.5
38.9690 	EXP 	grating: color = 0.5651398859990877
39.0027 	EXP 	grating: phase = 0.5
39.0027 	EXP 	grating: color = 0.49753911799780326
39.0359 	EXP 	grating: phase = 0.0
39.0359 	EXP 	grating: color = 0.43132498399791075
39.0694 	EXP 	grating: phase = 0.0
39.0694 	EXP 	grating: color = 0.36449841799912974
39.1026 	EXP 	grating: phase = 0.0
39.1026 	EXP 	grating: color = 0.297902473997965
39.1358 	EXP 	grating: phase = 0.0
39.1358 	EXP 	grating: color = 0.23148197399859782
39.1690 	EXP 	grating: phase = 0.5
39.1690 	EXP 	grating: color = 0.1652193760019145
39.2029 	EXP 	grating: phase = 0.5
39.2029 	EXP 	grating: color = 0.09737069399852771
39.2359 	EXP 	grating: phase = 0.5
39.2359 	EXP 	grating: color = 0.030944215999625158
39.2691 	EXP 	grating: phase = 0.0
39.2691 	EXP 	grating: color = 0
39.3028 	EXP 	grating: phase = 0.0
39.3028 	EXP 	grating: color = 0
39.3358 	EXP 	grating: phase = 0.0
39.3358 	EXP 	grating: color = 0
39.3700 	EXP 	grating: phase = 0.0
39.3700 	EXP 	grating: color = 0
39.4029 	EXP 	grating: phase = 0.5
39.4029 	EXP 	grating: color = 0
39.4361 	EXP 	grating: phase = 0.5
39.4361 	EXP 	grating: color = 0
39.4693 	EXP 	grating: phase = 0.5
39.4693 	EXP 	grating: color = 0
39.5028 	EXP 	grating: phase = 0.5
39.5028 	EXP 	grating: color = 0
39.5358 	EXP 	grating: phase = 0.0
39.5358 	EXP 	grating: color = 0
39.5699 	EXP 	grating: phase = 0.0
39.5699 	EXP 	grating: color = 0
39.6029 	EXP 	grating: phase = 0.0
39.6029 	EXP 	grating: color = 0
39.6363 	EXP 	grating: phase = 0.0
39.6363 	EXP 	grating: color = 0
39.6695 	EXP 	grating: phase = 0.5
39.6695 	EXP 	grating: color = 0
39.6718 	DATA 	Keypress: right
39.6868 	EXP 	fixation: autoDraw = False
39.6868 	EXP 	grating: autoDraw = False
39.6868 	EXP 	fd_instructions: text = 'Correct!'
39.6868 	EXP 	fd_instructions: autoDraw = True
41.6880 	EXP 	fd_instructions: autoDraw = False
41.6880 	EXP 	grating: color = '[1. 1. 1.] (rgb)'
41.6880 	EXP 	grating: size = array([3.5, 3.5])
41.6880 	EXP 	grating: ori = 90.0
41.6880 	EXP 	grating: sf = array([1.2, 1.2])
41.8210 	EXP 	fixation: autoDraw = True
42.4217 	EXP 	fixation: autoDraw = False
42.6718 	EXP 	grating: phase = 0.5
42.6718 	EXP 	grating: color = -0.03287653600273188
42.7050 	EXP 	grating: phase = 0.5
42.7050 	EXP 	grating: color = 0.033633642000495456
42.7392 	EXP 	grating: phase = 0.5
42.7392 	EXP 	grating: color = 0.09971334999863757
42.7719 	EXP 	grating: phase = 0.0
42.7719 	EXP 	grating: color = 0.1658934320003027
42.8061 	EXP 	grating: phase = 0.0
42.8061 	EXP 	grating: color = 0.23358331200142857
42.8391 	EXP 	grating: phase = 0.0
42.8391 	EXP 	grating: color = 0.29969923599855974
42.8725 	EXP 	grating: phase = 0.0
42.8725 	EXP 	grating: color = 0.36658448399975896
42.9055 	EXP 	grating: phase = 0.5
42.9055 	EXP 	grating: color = 0.43245576199842617
42.9387 	EXP 	grating: phase = 0.5
42.9387 	EXP 	grating: color = 0.5008241059986176
42.9728 	EXP 	grating: phase = 0.5
42.9728 	EXP 	grating: color = 0.5671518519957317
43.0058 	EXP 	grating: phase = 0.5
43.0058 	EXP 	grating: color = 0.6331721820024541
43.0390 	EXP 	grating: phase = 0.0
43.0390 	EXP 	grating: color = 0.6995570939980098
43.0722 	EXP 	grating: phase = 0.0
43.0722 	EXP 	grating: color = 0.765650032000849
43.1064 	EXP 	grating: phase = 0.0
43.1064 	EXP 	grating: color = 0.8338911140017444
43.1395 	EXP 	grating: phase = 0.0
43.1395 	EXP 	grating: color = 0.9004757479997352
43.1727 	EXP 	grating: phase = 0.5
43.1727 	EXP 	grating: color = 0.9669882919988595
43.2054 	EXP 	grating: phase = 0.5
43.2054 	EXP 	grating: color = 1
43.2395 	EXP 	grating: phase = 0.5
43.2395 	EXP 	grating: color = 1
43.2725 	EXP 	grating: phase = 0.0
43.2725 	EXP 	grating: color = 1
43.3065 	EXP 	grating: phase = 0.0
43.3065 	EXP 	grating: color = 1
43.3396 	EXP 	grating: phase = 0.0
43.3396 	EXP 	grating: color = 1
43.3727 	EXP 	grating: phase = 0.0
43.3727 	EXP 	grating: color = 1
43.4057 	EXP 	grating: phase = 0.5
43.4057 	EXP 	grating: color = 1
43.4393 	EXP 	grating: phase = 0.5
43.4393 	EXP 	grating: color = 1
43.4730 	EXP 	grating: phase = 0.5
43.4730 	EXP 	grating: color = 1
43.5061 	EXP 	grating: phase = 0.5
43.5061 	EXP 	grating: color = 1
43.5392 	EXP 	grating: phase = 0.0
43.5392 	EXP 	grating: color = 1
43.5734 	EXP 	grating: phase = 0.0
43.5734 	EXP 	grating: color = 1
43.6066 	EXP 	grating: phase = 0.0
43.6066 	EXP 	grating: color = 1
43.6395 	EXP 	grating: phase = 0.5
43.6395 	EXP 	grating: color = 1
43.6735 	EXP 	grating: phase = 0.5
43.6735 	EXP 	grating: color = 1
43.7065 	EXP 	grating: phase = 0.5
43.7065 	EXP 	grating: color = 1
43.7397 	EXP 	grating: phase = 0.5
43.7397 	EXP 	grating: color = 1
43.7725 	EXP 	grating: phase = 0.0
43.7725 	EXP 	grating: color = 1
43.8067 	EXP 	grating: phase = 0.0
43.8067 	EXP 	grating: color = 1
43.8400 	EXP 	grating: phase = 0.0
43.8400 	EXP 	grating: color = 1
43.8733 	EXP 	grating: phase = 0.0
43.8733 	EXP 	grating: color = 1
43.9065 	EXP 	grating: phase = 0.5
43.9065 	EXP 	grating: color = 1
43.9397 	EXP 	grating: phase = 0.5
43.9397 	EXP 	grating: color = 1
43.9734 	EXP 	grating: phase = 0.5
43.9734 	EXP 	grating: color = 1
44.0067 	EXP 	grating: phase = 0.5
44.0067 	EXP 	grating: color = 1
44.0398 	EXP 	grating: phase = 0.0
44.0398 	EXP 	grating: color = 1
44.0730 	EXP 	grating: phase = 0.0
44.0730 	EXP 	grating: color = 1
44.1064 	EXP 	grating: phase = 0.0
44.1064 	EXP 	grating: color = 1
44.1406 	EXP 	grating: phase = 0.5
44.1406 	EXP 	grating: color = 1
44.1738 	EXP 	grating: phase = 0.5
44.1738 	EXP 	grating: color = 1
44.2069 	EXP 	grating: phase = 0.5
44.2069 	EXP 	grating: color = 0.9647132239988423
44.2400 	EXP 	grating: phase = 0.5
44.2400 	EXP 	grating: color = 0.8986177940023481
44.2733 	EXP 	grating: phase = 0.0
44.2733 	EXP 	grating: color = 0.830171645997325
44.3066 	EXP 	grating: phase = 0.0
44.3066 	EXP 	grating: color = 0.7635524979996262
44.3408 	EXP 	grating: phase = 0.0
44.3408 	EXP 	grating: color = 0.6968638199978159
44.3740 	EXP 	grating: phase = 0.0
44.3740 	EXP 	grating: color = 0.6305278180007008
44.4072 	EXP 	grating: phase = 0.5
44.4072 	EXP 	grating: color = 0.5642144360026577
44.4404 	EXP 	grating: phase = 0.5
44.4404 	EXP 	grating: color = 0.49792110200360185
44.4735 	EXP 	grating: phase = 0.5
44.4735 	EXP 	grating: color = 0.4315126759975101
44.5070 	EXP 	grating: phase = 0.5
44.5070 	EXP 	grating: color = 0.36462047600070946
44.5401 	EXP 	grating: phase = 0.0
44.5401 	EXP 	grating: color = 0.29845692600065377
44.5734 	EXP 	grating: phase = 0.0
44.5734 	EXP 	grating: color = 0.2298742700004368
44.6076 	EXP 	grating: phase = 0.0
44.6076 	EXP 	grating: color = 0.16350788999989163
44.6406 	EXP 	grating: phase = 0.5
44.6406 	EXP 	grating: color = 0.09713344200281426
44.6739 	EXP 	grating: phase = 0.5
44.6739 	EXP 	grating: color = 0.030888572000549175
44.7068 	EXP 	grating: phase = 0.5
44.7068 	EXP 	grating: color = 0
44.7410 	EXP 	grating: phase = 0.5
44.7410 	EXP 	grating: color = 0
44.7735 	EXP 	grating: phase = 0.0
44.7735 	EXP 	grating: color = 0
44.8078 	EXP 	grating: phase = 0.0
44.8078 	EXP 	grating: color = 0
44.8409 	EXP 	grating: phase = 0.0
44.8409 	EXP 	grating: color = 0
44.8740 	EXP 	grating: phase = 0.0
44.8740 	EXP 	grating: color = 0
44.9070 	EXP 	grating: phase = 0.5
44.9070 	EXP 	grating: color = 0
44.9413 	EXP 	grating: phase = 0.5
44.9413 	EXP 	grating: color = 0
44.9744 	EXP 	grating: phase = 0.5
44.9744 	EXP 	grating: color = 0
45.0076 	EXP 	grating: phase = 0.5
45.0076 	EXP 	grating: color = 0
45.0408 	EXP 	grating: phase = 0.0
45.0408 	EXP 	grating: color = 0
45.0747 	EXP 	grating: phase = 0.0
45.0747 	EXP 	grating: color = 0
45.0769 	DATA 	Keypress: right
45.0909 	EXP 	fixation: autoDraw = False
45.0909 	EXP 	grating: autoDraw = False
45.0909 	EXP 	fd_instructions: text = 'Correct!'
45.0909 	EXP 	fd_instructions: autoDraw = True
47.0928 	EXP 	fd_instructions: autoDraw = False
47.0928 	EXP 	text: autoDraw = True
48.0189 	EXP 	window1: mouseVisible = True
